#
# A fatal error has been detected by the Java Runtime Environment:
#
#  EXCEPTION_ACCESS_VIOLATION (0xc0000005) at pc=0x00007ffa1cbac960, pid=12516, tid=2268
#
# JRE version: OpenJDK Runtime Environment Temurin-17.0.9+9 (17.0.9+9) (build 17.0.9+9)
# Java VM: OpenJDK 64-Bit Server VM Temurin-17.0.9+9 (17.0.9+9, mixed mode, tiered, compressed oops, compressed class ptrs, parallel gc, windows-amd64)
# Problematic frame:
# V  [jvm.dll+0x2ec960]
#
# No core dump will be written. Minidumps are not enabled by default on client versions of Windows
#
# If you would like to submit a bug report, please visit:
#   https://github.com/adoptium/adoptium-support/issues
#

---------------  S U M M A R Y ------------

Command Line: --add-modules=ALL-SYSTEM --add-opens=java.base/java.util=ALL-UNNAMED --add-opens=java.base/java.lang=ALL-UNNAMED --add-opens=java.base/sun.nio.fs=ALL-UNNAMED -Declipse.application=org.eclipse.jdt.ls.core.id1 -Dosgi.bundles.defaultStartLevel=4 -Declipse.product=org.eclipse.jdt.ls.core.product -Djava.import.generatesMetadataFilesAtProjectRoot=false -DDetectVMInstallationsJob.disabled=true -Dfile.encoding=utf8 -XX:+UseParallelGC -XX:GCTimeRatio=4 -XX:AdaptiveSizePolicyWeight=90 -Dsun.zip.disableMemoryMapping=true -Xmx1G -Xms100m -Xlog:disable -javaagent:c:\Users\Giuseppe\.vscode\extensions\redhat.java-1.26.0-win32-x64\lombok\lombok-1.18.31-3454.jar -XX:+HeapDumpOnOutOfMemoryError -XX:HeapDumpPath=c:\Users\Giuseppe\AppData\Roaming\Code\User\workspaceStorage\247a95d1319fbebd4a2aead799e28cbd\redhat.java -Daether.dependencyCollector.impl=bf c:\Users\Giuseppe\.vscode\extensions\redhat.java-1.26.0-win32-x64\server\plugins\org.eclipse.equinox.launcher_1.6.700.v20231214-2017.jar -configuration c:\Users\Giuseppe\AppData\Roaming\Code\User\globalStorage\redhat.java\1.26.0\config_win -data c:\Users\Giuseppe\AppData\Roaming\Code\User\workspaceStorage\247a95d1319fbebd4a2aead799e28cbd\redhat.java\jdt_ws --stdio

Host: Intel(R) Core(TM) i5-9600K CPU @ 3.70GHz, 6 cores, 15G,  Windows 11 , 64 bit Build 22000 (10.0.22000.2538)
Time: Thu Jan 11 16:37:20 2024 W. Europe Standard Time elapsed time: 827.496549 seconds (0d 0h 13m 47s)

---------------  T H R E A D  ---------------

Current thread (0x0000023466349600):  GCTaskThread "GC Thread#1" [stack: 0x0000005d07200000,0x0000005d07300000] [id=2268]

Stack: [0x0000005d07200000,0x0000005d07300000],  sp=0x0000005d072ffc68,  free space=1023k
Native frames: (J=compiled Java code, j=interpreted, Vv=VM code, C=native code)
V  [jvm.dll+0x2ec960]
V  [jvm.dll+0x6bdd78]
V  [jvm.dll+0x6be1ef]
V  [jvm.dll+0x861e7b]
V  [jvm.dll+0x861ec6]
V  [jvm.dll+0x7e3c3a]
V  [jvm.dll+0x67be35]
C  [ucrtbase.dll+0x26c0c]
C  [KERNEL32.DLL+0x153e0]
C  [ntdll.dll+0x485b]


siginfo: EXCEPTION_ACCESS_VIOLATION (0xc0000005), writing address 0x000008d180917127


Registers:
RAX=0x0000000000001600, RBX=0x0000000000000003, RCX=0x0000023460245c60, RDX=0x0000000000000002
RSP=0x0000005d072ffc68, RBP=0x0000000000000000, RSI=0x0000000000000010, RDI=0x0000023460158700
R8 =0x0000000000000000, R9 =0x0000000000000000, R10=0x000000000000000a, R11=0x00000234602462e0
R12=0x0000000000000000, R13=0x00000234664213a0, R14=0x0000000000000000, R15=0x0000005d072ffcd0
RIP=0x00007ffa1cbac960, EFLAGS=0x0000000000010206


Register to memory mapping:

RIP=0x00007ffa1cbac960 jvm.dll
RAX=0x0000000000001600 is an unknown value
RBX=0x0000000000000003 is an unknown value
RCX=0x0000023460245c60 points into unknown readable memory: 0x0000000000000000 | 00 00 00 00 00 00 00 00
RDX=0x0000000000000002 is an unknown value
RSP=0x0000005d072ffc68 points into unknown readable memory: 0x0000005d064ff338 | 38 f3 4f 06 5d 00 00 00
RBP=0x0 is NULL
RSI=0x0000000000000010 is an unknown value
RDI=0x0000023460158700 points into unknown readable memory: 0x00007ffa1d213040 | 40 30 21 1d fa 7f 00 00
R8 =0x0 is NULL
R9 =0x0 is NULL
R10=0x000000000000000a is an unknown value
R11=0x00000234602462e0 points into unknown readable memory: 0x0000000000000000 | 00 00 00 00 00 00 00 00
R12=0x0 is NULL
R13=0x00000234664213a0 points into unknown readable memory: 0x646a002f00000002 | 02 00 00 00 2f 00 6a 64
R14=0x0 is NULL
R15=0x0000005d072ffcd0 points into unknown readable memory: 0x0000000000000000 | 00 00 00 00 00 00 00 00


Top of Stack: (sp=0x0000005d072ffc68)
0x0000005d072ffc68:   0000005d064ff338 0000000000000003
0x0000005d072ffc78:   0000000000000005 0000000000000003
0x0000005d072ffc88:   00007ffa1cf7dd78 0000023460246280
0x0000005d072ffc98:   0000023460246280 0000000000000000
0x0000005d072ffca8:   0000005d064ff390 0000005d064ff230
0x0000005d072ffcb8:   00007ffa1cf7e1ef 0000023460246280
0x0000005d072ffcc8:   0000005d072ffd59 0000000000000000
0x0000005d072ffcd8:   0000005d064ff370 0000023460246280
0x0000005d072ffce8:   0000000000000003 0000000000000006
0x0000005d072ffcf8:   0000005d064fed98 0000000300000002
0x0000005d072ffd08:   0000023460246280 00007ffa1d271dc8
0x0000005d072ffd18:   0000023460246280 0000005d064ff230
0x0000005d072ffd28:   0000023465e13ab0 00000000000003d8
0x0000005d072ffd38:   0000023465e13ac0 0000023465e13e98
0x0000005d072ffd48:   00007ffa1d271f18 0000000000000003
0x0000005d072ffd58:   0000000000000000 0000000000000000
0x0000005d072ffd68:   0000000000000000 0000000000000000
0x0000005d072ffd78:   0000858008d3274a 0000000000000000
0x0000005d072ffd88:   0000023466349600 0000000000000000
0x0000005d072ffd98:   0000000000000000 0000005d064ff230
0x0000005d072ffda8:   0000023466349600 0000000000000000
0x0000005d072ffdb8:   00007ffa1d121e7b 0000000000000004
0x0000005d072ffdc8:   0000000000000000 0000000000000004
0x0000005d072ffdd8:   0000005d064ff230 00000000000075a3
0x0000005d072ffde8:   00007ffa1d121ec6 0000023466349600
0x0000005d072ffdf8:   0000005dffffffff 000002344c3d1990
0x0000005d072ffe08:   0000000000000000 0000023466349600
0x0000005d072ffe18:   00007ffa1d0a3c3a 0000000000000000
0x0000005d072ffe28:   00000000000075a3 0000023466349600
0x0000005d072ffe38:   00007ffa9722c98b 0000000000000000
0x0000005d072ffe48:   0000000000000000 0000000000000000
0x0000005d072ffe58:   00007ffa1cf3be35 0000023466349600 

Instructions: (pc=0x00007ffa1cbac960)
0x00007ffa1cbac860:   41 00 00 69 ca ff ff ff 7f 2b c1 85 c0 8d 88 ff
0x00007ffa1cbac870:   ff ff 7f 0f 4e c1 33 d2 41 89 83 04 02 00 00 f7
0x00007ffa1cbac880:   77 08 44 8b ca 3b d3 74 b7 8b d3 0f 1f 44 00 00
0x00007ffa1cbac890:   3b d3 74 05 41 3b d1 75 44 45 8b 83 04 02 00 00
0x00007ffa1cbac8a0:   b8 5f 0b 4e 83 41 f7 e8 41 03 d0 c1 fa 10 8b c2
0x00007ffa1cbac8b0:   c1 e8 1f 03 d0 41 69 c0 a7 41 00 00 69 ca ff ff
0x00007ffa1cbac8c0:   ff 7f 2b c1 85 c0 8d 88 ff ff ff 7f 0f 4e c1 33
0x00007ffa1cbac8d0:   d2 41 89 83 04 02 00 00 f7 77 08 eb b3 41 8b c1
0x00007ffa1cbac8e0:   4c 8d 34 c5 00 00 00 00 48 8b 47 10 49 8b 0c 06
0x00007ffa1cbac8f0:   8b 81 00 01 00 00 44 8b 91 80 00 00 00 44 2b d0
0x00007ffa1cbac900:   8b c2 41 81 e2 ff ff 01 00 41 81 fa ff ff 01 00
0x00007ffa1cbac910:   45 0f 44 d4 48 8d 34 c5 00 00 00 00 48 8b 47 10
0x00007ffa1cbac920:   48 8b 0c 06 8b 81 00 01 00 00 44 8b 81 80 00 00
0x00007ffa1cbac930:   00 44 2b c0 32 c0 41 81 e0 ff ff 01 00 41 81 f8
0x00007ffa1cbac940:   ff ff 01 00 45 0f 44 c4 45 3b c2 76 0a 48 8b 47
0x00007ffa1cbac950:   10 48 8b 34 06 eb 14 45 85 d2 0f 84 84 00 00 00
0x00007ffa1cbac960:   48 8b 47 10 41 8b d1 49 8b 34 06 48 8b 86 00 01
0x00007ffa1cbac970:   00 00 90 8b 8e 80 00 00 00 2b c8 81 e1 ff ff 01
0x00007ffa1cbac980:   00 81 f9 ff ff 01 00 41 0f 44 cc 85 c9 75 13 ba
0x00007ffa1cbac990:   ff ff ff ff 32 c0 41 89 93 00 02 00 00 e9 c5 00
0x00007ffa1cbac9a0:   00 00 48 8b 8e 80 01 00 00 4c 8b c8 44 8b c0 4e
0x00007ffa1cbac9b0:   8b 04 c1 8d 48 01 81 e1 ff ff 01 00 4d 89 07 45
0x00007ffa1cbac9c0:   8b c4 41 0f 94 c0 49 c1 e9 20 45 03 c8 49 c1 e1
0x00007ffa1cbac9d0:   20 4c 0b c9 f0 4c 0f b1 8e 00 01 00 00 0f 94 c0
0x00007ffa1cbac9e0:   84 c0 75 05 ba ff ff ff ff 41 89 93 00 02 00 00
0x00007ffa1cbac9f0:   eb 75 75 77 48 8b 47 10 8d 4b ff 83 e1 01 4c 8b
0x00007ffa1cbaca00:   14 c8 49 8b 82 00 01 00 00 90 41 8b 8a 80 00 00
0x00007ffa1cbaca10:   00 2b c8 81 e1 ff ff 01 00 81 f9 ff ff 01 00 41
0x00007ffa1cbaca20:   0f 44 cc 85 c9 75 04 32 c0 eb 3c 49 8b 8a 80 01
0x00007ffa1cbaca30:   00 00 4c 8b c0 8b d0 48 8b 14 d1 8d 48 01 81 e1
0x00007ffa1cbaca40:   ff ff 01 00 49 89 17 41 8b d4 0f 94 c2 49 c1 e8
0x00007ffa1cbaca50:   20 44 03 c2 49 c1 e0 20 4c 0b c1 f0 4d 0f b1 82 


Stack slot to memory mapping:
stack at sp + 0 slots: 0x0000005d064ff338 points into unknown readable memory: 0x000002344c3e27c0 | c0 27 3e 4c 34 02 00 00
stack at sp + 1 slots: 0x0000000000000003 is an unknown value
stack at sp + 2 slots: 0x0000000000000005 is an unknown value
stack at sp + 3 slots: 0x0000000000000003 is an unknown value
stack at sp + 4 slots: 0x00007ffa1cf7dd78 jvm.dll
stack at sp + 5 slots: 0x0000023460246280 points into unknown readable memory: 0x00007ffa1d271c78 | 78 1c 27 1d fa 7f 00 00
stack at sp + 6 slots: 0x0000023460246280 points into unknown readable memory: 0x00007ffa1d271c78 | 78 1c 27 1d fa 7f 00 00
stack at sp + 7 slots: 0x0 is NULL


---------------  P R O C E S S  ---------------

Threads class SMR info:
_java_thread_list=0x00000234663a7810, length=34, elements={
0x000002344c3d60a0, 0x000002344c485fe0, 0x000002344c489520, 0x00000234602603d0,
0x0000023460261200, 0x0000023460263da0, 0x00000234602657e0, 0x0000023460266490,
0x0000023465aad6b0, 0x0000023465aadfc0, 0x0000023465ba61f0, 0x0000023465f07c10,
0x000002346653cd00, 0x00000234664e5560, 0x0000023466667a20, 0x0000023466e718c0,
0x0000023466664210, 0x0000023466e3b350, 0x0000023466e39a00, 0x0000023466e38fe0,
0x0000023466e380b0, 0x0000023466e3ae40, 0x0000023466e3a930, 0x0000023466e3b860,
0x00000234680b89f0, 0x00000234680b8f00, 0x00000234680b9410, 0x00000234680b7ac0,
0x000002346953afb0, 0x000002346953c900, 0x000002346953ec70, 0x000002346953aaa0,
0x00000234680b9920, 0x00000234680b75b0
}

Java Threads: ( => current thread )
  0x000002344c3d60a0 JavaThread "main" [_thread_blocked, id=12660, stack(0x0000005d06100000,0x0000005d06200000)]
  0x000002344c485fe0 JavaThread "Reference Handler" daemon [_thread_blocked, id=5500, stack(0x0000005d06500000,0x0000005d06600000)]
  0x000002344c489520 JavaThread "Finalizer" daemon [_thread_blocked, id=10448, stack(0x0000005d06600000,0x0000005d06700000)]
  0x00000234602603d0 JavaThread "Signal Dispatcher" daemon [_thread_blocked, id=11188, stack(0x0000005d06700000,0x0000005d06800000)]
  0x0000023460261200 JavaThread "Attach Listener" daemon [_thread_blocked, id=11636, stack(0x0000005d06800000,0x0000005d06900000)]
  0x0000023460263da0 JavaThread "Service Thread" daemon [_thread_blocked, id=1076, stack(0x0000005d06900000,0x0000005d06a00000)]
  0x00000234602657e0 JavaThread "Monitor Deflation Thread" daemon [_thread_blocked, id=12024, stack(0x0000005d06a00000,0x0000005d06b00000)]
  0x0000023460266490 JavaThread "C2 CompilerThread0" daemon [_thread_blocked, id=5068, stack(0x0000005d06b00000,0x0000005d06c00000)]
  0x0000023465aad6b0 JavaThread "C1 CompilerThread0" daemon [_thread_blocked, id=12412, stack(0x0000005d06c00000,0x0000005d06d00000)]
  0x0000023465aadfc0 JavaThread "Sweeper thread" daemon [_thread_blocked, id=13252, stack(0x0000005d06d00000,0x0000005d06e00000)]
  0x0000023465ba61f0 JavaThread "Common-Cleaner" daemon [_thread_blocked, id=12368, stack(0x0000005d06e00000,0x0000005d06f00000)]
  0x0000023465f07c10 JavaThread "Notification Thread" daemon [_thread_blocked, id=11644, stack(0x0000005d07000000,0x0000005d07100000)]
  0x000002346653cd00 JavaThread "Active Thread: Equinox Container: 7ca0106c-0564-4a1d-8dde-dac10e553b0d" [_thread_blocked, id=11824, stack(0x0000005d07700000,0x0000005d07800000)]
  0x00000234664e5560 JavaThread "Framework Event Dispatcher: Equinox Container: 7ca0106c-0564-4a1d-8dde-dac10e553b0d" daemon [_thread_blocked, id=12200, stack(0x0000005d07800000,0x0000005d07900000)]
  0x0000023466667a20 JavaThread "Start Level: Equinox Container: 7ca0106c-0564-4a1d-8dde-dac10e553b0d" daemon [_thread_blocked, id=9836, stack(0x0000005d07900000,0x0000005d07a00000)]
  0x0000023466e718c0 JavaThread "Bundle File Closer" daemon [_thread_blocked, id=9688, stack(0x0000005d07a00000,0x0000005d07b00000)]
  0x0000023466664210 JavaThread "SCR Component Actor" daemon [_thread_blocked, id=11896, stack(0x0000005d06f00000,0x0000005d07000000)]
  0x0000023466e3b350 JavaThread "Worker-JM" [_thread_blocked, id=12972, stack(0x0000005d07c00000,0x0000005d07d00000)]
  0x0000023466e39a00 JavaThread "Worker-0" [_thread_blocked, id=11556, stack(0x0000005d07d00000,0x0000005d07e00000)]
  0x0000023466e38fe0 JavaThread "Java indexing" daemon [_thread_blocked, id=11272, stack(0x0000005d08000000,0x0000005d08100000)]
  0x0000023466e380b0 JavaThread "JNA Cleaner" daemon [_thread_blocked, id=1108, stack(0x0000005d08100000,0x0000005d08200000)]
  0x0000023466e3ae40 JavaThread "pool-2-thread-1" [_thread_blocked, id=9432, stack(0x0000005d08400000,0x0000005d08500000)]
  0x0000023466e3a930 JavaThread "WorkspaceEventsHandler" [_thread_blocked, id=12804, stack(0x0000005d08500000,0x0000005d08600000)]
  0x0000023466e3b860 JavaThread "pool-1-thread-1" [_thread_in_native, id=11928, stack(0x0000005d08600000,0x0000005d08700000)]
  0x00000234680b89f0 JavaThread "ForkJoinPool.commonPool-worker-2" daemon [_thread_blocked, id=13304, stack(0x0000005d08a00000,0x0000005d08b00000)]
  0x00000234680b8f00 JavaThread "ForkJoinPool.commonPool-worker-3" daemon [_thread_blocked, id=12488, stack(0x0000005d08b00000,0x0000005d08c00000)]
  0x00000234680b9410 JavaThread "ForkJoinPool.commonPool-worker-4" daemon [_thread_blocked, id=11572, stack(0x0000005d08c00000,0x0000005d08d00000)]
  0x00000234680b7ac0 JavaThread "ForkJoinPool.commonPool-worker-5" daemon [_thread_blocked, id=12704, stack(0x0000005d07b00000,0x0000005d07c00000)]
  0x000002346953afb0 JavaThread "ForkJoinPool.commonPool-worker-6" daemon [_thread_blocked, id=8880, stack(0x0000005d06200000,0x0000005d06300000)]
  0x000002346953c900 JavaThread "Worker-4" [_thread_blocked, id=12996, stack(0x0000005d07f00000,0x0000005d08000000)]
  0x000002346953ec70 JavaThread "Worker-6" [_thread_blocked, id=6256, stack(0x0000005d06000000,0x0000005d06100000)]
  0x000002346953aaa0 JavaThread "pool-1-thread-4" [_thread_blocked, id=12964, stack(0x0000005d07e00000,0x0000005d07f00000)]
  0x00000234680b9920 JavaThread "Worker-7" [_thread_blocked, id=12480, stack(0x0000005d08300000,0x0000005d08400000)]
  0x00000234680b75b0 JavaThread "Worker-8" [_thread_blocked, id=12728, stack(0x0000005d08700000,0x0000005d08800000)]

Other Threads:
  0x00000234602485d0 VMThread "VM Thread" [stack: 0x0000005d06400000,0x0000005d06500000] [id=12676]
  0x0000023465e196f0 WatcherThread [stack: 0x0000005d07100000,0x0000005d07200000] [id=4836]
  0x000002344c3ed3a0 GCTaskThread "GC Thread#0" [stack: 0x0000005d06300000,0x0000005d06400000] [id=13064]
=>0x0000023466349600 GCTaskThread "GC Thread#1" [stack: 0x0000005d07200000,0x0000005d07300000] [id=2268]
  0x00000234662508d0 GCTaskThread "GC Thread#2" [stack: 0x0000005d07300000,0x0000005d07400000] [id=5032]
  0x0000023466584890 GCTaskThread "GC Thread#3" [stack: 0x0000005d07400000,0x0000005d07500000] [id=2076]
  0x0000023466584b50 GCTaskThread "GC Thread#4" [stack: 0x0000005d07500000,0x0000005d07600000] [id=11920]
  0x0000023466584e10 GCTaskThread "GC Thread#5" [stack: 0x0000005d07600000,0x0000005d07700000] [id=7676]

Threads with active compile tasks:

VM state: at safepoint (normal execution)

VM Mutex/Monitor currently owned by a thread:  ([mutex/lock_event])
[0x000002344c3d08b0] Threads_lock - owner thread: 0x00000234602485d0
[0x000002344c3d16c0] Heap_lock - owner thread: 0x0000023466e38fe0

Heap address: 0x00000000c0000000, size: 1024 MB, Compressed Oops mode: 32-bit

CDS archive(s) not mapped
Compressed class space mapped at: 0x0000000100000000-0x0000000140000000, reserved size: 1073741824
Narrow klass base: 0x0000000000000000, Narrow klass shift: 3, Narrow klass range: 0x140000000

GC Precious Log:
 CPUs: 6 total, 6 available
 Memory: 16055M
 Large Page Support: Disabled
 NUMA Support: Disabled
 Compressed Oops: Enabled (32-bit)
 Alignments: Space 512K, Generation 512K, Heap 2M
 Heap Min Capacity: 100M
 Heap Initial Capacity: 100M
 Heap Max Capacity: 1G
 Pre-touch: Disabled
 Parallel Workers: 6

Heap:
 PSYoungGen      total 2560K, used 2400K [0x00000000eab00000, 0x00000000eaf00000, 0x0000000100000000)
  eden space 1536K, 100% used [0x00000000eab00000,0x00000000eac80000,0x00000000eac80000)
  from space 1024K, 84% used [0x00000000eae00000,0x00000000eaed8000,0x00000000eaf00000)
  to   space 1024K, 100% used [0x00000000ead00000,0x00000000eae00000,0x00000000eae00000)
 ParOldGen       total 125440K, used 122509K [0x00000000c0000000, 0x00000000c7a80000, 0x00000000eab00000)
  object space 125440K, 97% used [0x00000000c0000000,0x00000000c77a37e8,0x00000000c7a80000)
 Metaspace       used 83907K, committed 85184K, reserved 1179648K
  class space    used 8342K, committed 8896K, reserved 1048576K

Card table byte_map: [0x000002344bda0000,0x000002344bfb0000] _byte_map_base: 0x000002344b7a0000

Marking Bits: (ParMarkBitMap*) 0x00007ffa1d45d0b0
 Begin Bits: [0x000002345e070000, 0x000002345f070000)
 End Bits:   [0x000002345f070000, 0x0000023460070000)

Polling page: 0x000002344bb90000

Metaspace:

Usage:
  Non-class:     73.79 MB used.
      Class:      8.15 MB used.
       Both:     81.94 MB used.

Virtual space:
  Non-class space:      128.00 MB reserved,      74.50 MB ( 58%) committed,  2 nodes.
      Class space:        1.00 GB reserved,       8.69 MB ( <1%) committed,  1 nodes.
             Both:        1.12 GB reserved,      83.19 MB (  7%) committed. 

Chunk freelists:
   Non-Class:  5.39 MB
       Class:  7.36 MB
        Both:  12.75 MB

MaxMetaspaceSize: unlimited
CompressedClassSpaceSize: 1.00 GB
Initial GC threshold: 21.00 MB
Current GC threshold: 138.44 MB
CDS: off
MetaspaceReclaimPolicy: balanced
 - commit_granule_bytes: 65536.
 - commit_granule_words: 8192.
 - virtual_space_node_default_size: 8388608.
 - enlarge_chunks_in_place: 1.
 - new_chunks_are_fully_committed: 0.
 - uncommit_free_chunks: 1.
 - use_allocation_guard: 0.
 - handle_deallocations: 1.


Internal statistics:

num_allocs_failed_limit: 9.
num_arena_births: 838.
num_arena_deaths: 14.
num_vsnodes_births: 3.
num_vsnodes_deaths: 0.
num_space_committed: 1331.
num_space_uncommitted: 0.
num_chunks_returned_to_freelist: 23.
num_chunks_taken_from_freelist: 4389.
num_chunk_merges: 12.
num_chunk_splits: 2752.
num_chunks_enlarged: 1607.
num_inconsistent_stats: 0.

CodeHeap 'non-profiled nmethods': size=120000Kb used=17633Kb max_used=17633Kb free=102366Kb
 bounds [0x0000023456b40000, 0x0000023457c80000, 0x000002345e070000]
CodeHeap 'profiled nmethods': size=120000Kb used=33714Kb max_used=33714Kb free=86285Kb
 bounds [0x000002344f070000, 0x0000023451170000, 0x00000234565a0000]
CodeHeap 'non-nmethods': size=5760Kb used=1392Kb max_used=1494Kb free=4367Kb
 bounds [0x00000234565a0000, 0x0000023456810000, 0x0000023456b40000]
 total_blobs=15736 nmethods=14996 adapters=649
 compilation: enabled
              stopped_count=0, restarted_count=0
 full_count=0

Compilation events (20 events):
Event: 825.143 Thread 0x0000023465aad6b0 19883       3       org.eclipse.jdt.internal.core.manipulation.JavaElementLabelComposerCore::appendTypeParametersLabels (71 bytes)
Event: 825.144 Thread 0x0000023465aad6b0 nmethod 19883 0x000002345115d090 code [0x000002345115d2e0, 0x000002345115dd18]
Event: 825.658 Thread 0x0000023460266490 19884       4       org.eclipse.jdt.internal.compiler.parser.diagnose.LexStream$Token::<init> (5 bytes)
Event: 825.658 Thread 0x0000023460266490 nmethod 19884 0x0000023457c72e10 code [0x0000023457c72f80, 0x0000023457c72ff8]
Event: 825.692 Thread 0x0000023460266490 19885       4       org.eclipse.core.internal.jobs.JobManager::select (60 bytes)
Event: 825.693 Thread 0x0000023465aad6b0 19886   !   3       org.eclipse.jdt.internal.compiler.parser.diagnose.LexStream::readTokenFromScanner (417 bytes)
Event: 825.694 Thread 0x0000023465aad6b0 nmethod 19886 0x000002345115e210 code [0x000002345115e4a0, 0x000002345115f778]
Event: 825.700 Thread 0x0000023460266490 nmethod 19885 0x0000023457c73110 code [0x0000023457c732e0, 0x0000023457c73f18]
Event: 825.912 Thread 0x0000023460266490 19887   !   4       jdk.proxy4.$Proxy12::notifyProgress (34 bytes)
Event: 825.913 Thread 0x0000023460266490 nmethod 19887 0x0000023457c74490 code [0x0000023457c74640, 0x0000023457c74828]
Event: 826.334 Thread 0x0000023460266490 19888       4       java.util.Locale::getUnicodeLocaleType (55 bytes)
Event: 826.336 Thread 0x0000023460266490 nmethod 19888 0x0000023457c74990 code [0x0000023457c74b20, 0x0000023457c74cf8]
Event: 826.434 Thread 0x0000023460266490 19889       4       java.util.Calendar::setTimeInMillis (84 bytes)
Event: 826.437 Thread 0x0000023460266490 nmethod 19889 0x0000023457c74f10 code [0x0000023457c750c0, 0x0000023457c75348]
Event: 826.906 Thread 0x0000023465aad6b0 19890       3       org.eclipse.jdt.internal.compiler.ast.ThisReference::implicitThis (22 bytes)
Event: 826.907 Thread 0x0000023465aad6b0 nmethod 19890 0x0000023451160190 code [0x0000023451160360, 0x00000234511606f8]
Event: 827.450 Thread 0x0000023460266490 19891       4       org.eclipse.core.internal.resources.WorkspaceRoot::findFilesForLocationURI (7 bytes)
Event: 827.468 Thread 0x0000023460266490 nmethod 19891 0x0000023457c75590 code [0x0000023457c75840, 0x0000023457c76aa0]
Event: 827.468 Thread 0x0000023460266490 19892   !   4       org.eclipse.jdt.internal.compiler.parser.Scanner::getNextChar (140 bytes)
Event: 827.471 Thread 0x0000023460266490 nmethod 19892 0x0000023457c77f10 code [0x0000023457c780c0, 0x0000023457c78338]

GC Heap History (20 events):
Event: 826.699 GC heap after
{Heap after GC invocations=3632 (full 97):
 PSYoungGen      total 3072K, used 288K [0x00000000eab00000, 0x00000000eb000000, 0x0000000100000000)
  eden space 2560K, 0% used [0x00000000eab00000,0x00000000eab00000,0x00000000ead80000)
  from space 512K, 56% used [0x00000000eaf00000,0x00000000eaf48020,0x00000000eaf80000)
  to   space 512K, 0% used [0x00000000eaf80000,0x00000000eaf80000,0x00000000eb000000)
 ParOldGen       total 125440K, used 115660K [0x00000000c0000000, 0x00000000c7a80000, 0x00000000eab00000)
  object space 125440K, 92% used [0x00000000c0000000,0x00000000c70f3368,0x00000000c7a80000)
 Metaspace       used 83907K, committed 85184K, reserved 1179648K
  class space    used 8342K, committed 8896K, reserved 1048576K
}
Event: 826.793 GC heap before
{Heap before GC invocations=3633 (full 97):
 PSYoungGen      total 3072K, used 2848K [0x00000000eab00000, 0x00000000eb000000, 0x0000000100000000)
  eden space 2560K, 100% used [0x00000000eab00000,0x00000000ead80000,0x00000000ead80000)
  from space 512K, 56% used [0x00000000eaf00000,0x00000000eaf48020,0x00000000eaf80000)
  to   space 512K, 0% used [0x00000000eaf80000,0x00000000eaf80000,0x00000000eb000000)
 ParOldGen       total 125440K, used 115660K [0x00000000c0000000, 0x00000000c7a80000, 0x00000000eab00000)
  object space 125440K, 92% used [0x00000000c0000000,0x00000000c70f3368,0x00000000c7a80000)
 Metaspace       used 83907K, committed 85184K, reserved 1179648K
  class space    used 8342K, committed 8896K, reserved 1048576K
}
Event: 826.794 GC heap after
{Heap after GC invocations=3633 (full 97):
 PSYoungGen      total 3072K, used 480K [0x00000000eab00000, 0x00000000eb080000, 0x0000000100000000)
  eden space 2560K, 0% used [0x00000000eab00000,0x00000000eab00000,0x00000000ead80000)
  from space 512K, 93% used [0x00000000eaf80000,0x00000000eaff8040,0x00000000eb000000)
  to   space 1536K, 0% used [0x00000000ead80000,0x00000000ead80000,0x00000000eaf00000)
 ParOldGen       total 125440K, used 116187K [0x00000000c0000000, 0x00000000c7a80000, 0x00000000eab00000)
  object space 125440K, 92% used [0x00000000c0000000,0x00000000c7176de8,0x00000000c7a80000)
 Metaspace       used 83907K, committed 85184K, reserved 1179648K
  class space    used 8342K, committed 8896K, reserved 1048576K
}
Event: 826.904 GC heap before
{Heap before GC invocations=3634 (full 97):
 PSYoungGen      total 3072K, used 3029K [0x00000000eab00000, 0x00000000eb080000, 0x0000000100000000)
  eden space 2560K, 99% used [0x00000000eab00000,0x00000000ead7d5b0,0x00000000ead80000)
  from space 512K, 93% used [0x00000000eaf80000,0x00000000eaff8040,0x00000000eb000000)
  to   space 1536K, 0% used [0x00000000ead80000,0x00000000ead80000,0x00000000eaf00000)
 ParOldGen       total 125440K, used 116187K [0x00000000c0000000, 0x00000000c7a80000, 0x00000000eab00000)
  object space 125440K, 92% used [0x00000000c0000000,0x00000000c7176de8,0x00000000c7a80000)
 Metaspace       used 83907K, committed 85184K, reserved 1179648K
  class space    used 8342K, committed 8896K, reserved 1048576K
}
Event: 826.904 GC heap after
{Heap after GC invocations=3634 (full 97):
 PSYoungGen      total 4096K, used 704K [0x00000000eab00000, 0x00000000eb000000, 0x0000000100000000)
  eden space 2560K, 0% used [0x00000000eab00000,0x00000000eab00000,0x00000000ead80000)
  from space 1536K, 45% used [0x00000000ead80000,0x00000000eae30040,0x00000000eaf00000)
  to   space 1024K, 0% used [0x00000000eaf00000,0x00000000eaf00000,0x00000000eb000000)
 ParOldGen       total 125440K, used 116195K [0x00000000c0000000, 0x00000000c7a80000, 0x00000000eab00000)
  object space 125440K, 92% used [0x00000000c0000000,0x00000000c7178de8,0x00000000c7a80000)
 Metaspace       used 83907K, committed 85184K, reserved 1179648K
  class space    used 8342K, committed 8896K, reserved 1048576K
}
Event: 826.958 GC heap before
{Heap before GC invocations=3635 (full 97):
 PSYoungGen      total 4096K, used 3264K [0x00000000eab00000, 0x00000000eb000000, 0x0000000100000000)
  eden space 2560K, 100% used [0x00000000eab00000,0x00000000ead80000,0x00000000ead80000)
  from space 1536K, 45% used [0x00000000ead80000,0x00000000eae30040,0x00000000eaf00000)
  to   space 1024K, 0% used [0x00000000eaf00000,0x00000000eaf00000,0x00000000eb000000)
 ParOldGen       total 125440K, used 116195K [0x00000000c0000000, 0x00000000c7a80000, 0x00000000eab00000)
  object space 125440K, 92% used [0x00000000c0000000,0x00000000c7178de8,0x00000000c7a80000)
 Metaspace       used 83907K, committed 85184K, reserved 1179648K
  class space    used 8342K, committed 8896K, reserved 1048576K
}
Event: 826.959 GC heap after
{Heap after GC invocations=3635 (full 97):
 PSYoungGen      total 3584K, used 672K [0x00000000eab00000, 0x00000000eb000000, 0x0000000100000000)
  eden space 2560K, 0% used [0x00000000eab00000,0x00000000eab00000,0x00000000ead80000)
  from space 1024K, 65% used [0x00000000eaf00000,0x00000000eafa8040,0x00000000eb000000)
  to   space 1024K, 0% used [0x00000000eae00000,0x00000000eae00000,0x00000000eaf00000)
 ParOldGen       total 125440K, used 116195K [0x00000000c0000000, 0x00000000c7a80000, 0x00000000eab00000)
  object space 125440K, 92% used [0x00000000c0000000,0x00000000c7178de8,0x00000000c7a80000)
 Metaspace       used 83907K, committed 85184K, reserved 1179648K
  class space    used 8342K, committed 8896K, reserved 1048576K
}
Event: 827.462 GC heap before
{Heap before GC invocations=3636 (full 97):
 PSYoungGen      total 3584K, used 3232K [0x00000000eab00000, 0x00000000eb000000, 0x0000000100000000)
  eden space 2560K, 100% used [0x00000000eab00000,0x00000000ead80000,0x00000000ead80000)
  from space 1024K, 65% used [0x00000000eaf00000,0x00000000eafa8040,0x00000000eb000000)
  to   space 1024K, 0% used [0x00000000eae00000,0x00000000eae00000,0x00000000eaf00000)
 ParOldGen       total 125440K, used 116195K [0x00000000c0000000, 0x00000000c7a80000, 0x00000000eab00000)
  object space 125440K, 92% used [0x00000000c0000000,0x00000000c7178de8,0x00000000c7a80000)
 Metaspace       used 83907K, committed 85184K, reserved 1179648K
  class space    used 8342K, committed 8896K, reserved 1048576K
}
Event: 827.463 GC heap after
{Heap after GC invocations=3636 (full 97):
 PSYoungGen      total 3584K, used 998K [0x00000000eab00000, 0x00000000eb180000, 0x0000000100000000)
  eden space 2560K, 0% used [0x00000000eab00000,0x00000000eab00000,0x00000000ead80000)
  from space 1024K, 97% used [0x00000000eae00000,0x00000000eaef9800,0x00000000eaf00000)
  to   space 2048K, 0% used [0x00000000eaf80000,0x00000000eaf80000,0x00000000eb180000)
 ParOldGen       total 125440K, used 116665K [0x00000000c0000000, 0x00000000c7a80000, 0x00000000eab00000)
  object space 125440K, 93% used [0x00000000c0000000,0x00000000c71ee5a8,0x00000000c7a80000)
 Metaspace       used 83907K, committed 85184K, reserved 1179648K
  class space    used 8342K, committed 8896K, reserved 1048576K
}
Event: 827.466 GC heap before
{Heap before GC invocations=3637 (full 97):
 PSYoungGen      total 3584K, used 3558K [0x00000000eab00000, 0x00000000eb180000, 0x0000000100000000)
  eden space 2560K, 100% used [0x00000000eab00000,0x00000000ead80000,0x00000000ead80000)
  from space 1024K, 97% used [0x00000000eae00000,0x00000000eaef9800,0x00000000eaf00000)
  to   space 2048K, 0% used [0x00000000eaf80000,0x00000000eaf80000,0x00000000eb180000)
 ParOldGen       total 125440K, used 116665K [0x00000000c0000000, 0x00000000c7a80000, 0x00000000eab00000)
  object space 125440K, 93% used [0x00000000c0000000,0x00000000c71ee5a8,0x00000000c7a80000)
 Metaspace       used 83907K, committed 85184K, reserved 1179648K
  class space    used 8342K, committed 8896K, reserved 1048576K
}
Event: 827.467 GC heap after
{Heap after GC invocations=3637 (full 97):
 PSYoungGen      total 2560K, used 2021K [0x00000000eab00000, 0x00000000eb580000, 0x0000000100000000)
  eden space 512K, 0% used [0x00000000eab00000,0x00000000eab00000,0x00000000eab80000)
  from space 2048K, 98% used [0x00000000eaf80000,0x00000000eb1797c0,0x00000000eb180000)
  to   space 4096K, 0% used [0x00000000eab80000,0x00000000eab80000,0x00000000eaf80000)
 ParOldGen       total 125440K, used 117896K [0x00000000c0000000, 0x00000000c7a80000, 0x00000000eab00000)
  object space 125440K, 93% used [0x00000000c0000000,0x00000000c7322028,0x00000000c7a80000)
 Metaspace       used 83907K, committed 85184K, reserved 1179648K
  class space    used 8342K, committed 8896K, reserved 1048576K
}
Event: 827.468 GC heap before
{Heap before GC invocations=3638 (full 97):
 PSYoungGen      total 2560K, used 2533K [0x00000000eab00000, 0x00000000eb580000, 0x0000000100000000)
  eden space 512K, 99% used [0x00000000eab00000,0x00000000eab7ffc8,0x00000000eab80000)
  from space 2048K, 98% used [0x00000000eaf80000,0x00000000eb1797c0,0x00000000eb180000)
  to   space 4096K, 0% used [0x00000000eab80000,0x00000000eab80000,0x00000000eaf80000)
 ParOldGen       total 125440K, used 117896K [0x00000000c0000000, 0x00000000c7a80000, 0x00000000eab00000)
  object space 125440K, 93% used [0x00000000c0000000,0x00000000c7322028,0x00000000c7a80000)
 Metaspace       used 83907K, committed 85184K, reserved 1179648K
  class space    used 8342K, committed 8896K, reserved 1048576K
}
Event: 827.469 GC heap after
{Heap after GC invocations=3638 (full 97):
 PSYoungGen      total 3072K, used 2437K [0x00000000eab00000, 0x00000000eb200000, 0x0000000100000000)
  eden space 512K, 0% used [0x00000000eab00000,0x00000000eab00000,0x00000000eab80000)
  from space 2560K, 95% used [0x00000000eab80000,0x00000000eade17c0,0x00000000eae00000)
  to   space 3072K, 0% used [0x00000000eaf00000,0x00000000eaf00000,0x00000000eb200000)
 ParOldGen       total 125440K, used 118056K [0x00000000c0000000, 0x00000000c7a80000, 0x00000000eab00000)
  object space 125440K, 94% used [0x00000000c0000000,0x00000000c734a028,0x00000000c7a80000)
 Metaspace       used 83907K, committed 85184K, reserved 1179648K
  class space    used 8342K, committed 8896K, reserved 1048576K
}
Event: 827.470 GC heap before
{Heap before GC invocations=3639 (full 97):
 PSYoungGen      total 3072K, used 2949K [0x00000000eab00000, 0x00000000eb200000, 0x0000000100000000)
  eden space 512K, 100% used [0x00000000eab00000,0x00000000eab80000,0x00000000eab80000)
  from space 2560K, 95% used [0x00000000eab80000,0x00000000eade17c0,0x00000000eae00000)
  to   space 3072K, 0% used [0x00000000eaf00000,0x00000000eaf00000,0x00000000eb200000)
 ParOldGen       total 125440K, used 118056K [0x00000000c0000000, 0x00000000c7a80000, 0x00000000eab00000)
  object space 125440K, 94% used [0x00000000c0000000,0x00000000c734a028,0x00000000c7a80000)
 Metaspace       used 83907K, committed 85184K, reserved 1179648K
  class space    used 8342K, committed 8896K, reserved 1048576K
}
Event: 827.471 GC heap after
{Heap after GC invocations=3639 (full 97):
 PSYoungGen      total 2048K, used 1024K [0x00000000eab00000, 0x00000000eb000000, 0x0000000100000000)
  eden space 1024K, 0% used [0x00000000eab00000,0x00000000eab00000,0x00000000eac00000)
  from space 1024K, 100% used [0x00000000eaf00000,0x00000000eb000000,0x00000000eb000000)
  to   space 2048K, 0% used [0x00000000eac00000,0x00000000eac00000,0x00000000eae00000)
 ParOldGen       total 125440K, used 119965K [0x00000000c0000000, 0x00000000c7a80000, 0x00000000eab00000)
  object space 125440K, 95% used [0x00000000c0000000,0x00000000c75277e8,0x00000000c7a80000)
 Metaspace       used 83907K, committed 85184K, reserved 1179648K
  class space    used 8342K, committed 8896K, reserved 1048576K
}
Event: 827.473 GC heap before
{Heap before GC invocations=3640 (full 97):
 PSYoungGen      total 2048K, used 2036K [0x00000000eab00000, 0x00000000eb000000, 0x0000000100000000)
  eden space 1024K, 98% used [0x00000000eab00000,0x00000000eabfd110,0x00000000eac00000)
  from space 1024K, 100% used [0x00000000eaf00000,0x00000000eb000000,0x00000000eb000000)
  to   space 2048K, 0% used [0x00000000eac00000,0x00000000eac00000,0x00000000eae00000)
 ParOldGen       total 125440K, used 119965K [0x00000000c0000000, 0x00000000c7a80000, 0x00000000eab00000)
  object space 125440K, 95% used [0x00000000c0000000,0x00000000c75277e8,0x00000000c7a80000)
 Metaspace       used 83907K, committed 85184K, reserved 1179648K
  class space    used 8342K, committed 8896K, reserved 1048576K
}
Event: 827.475 GC heap after
{Heap after GC invocations=3640 (full 97):
 PSYoungGen      total 3072K, used 1024K [0x00000000eab00000, 0x00000000eaf80000, 0x0000000100000000)
  eden space 1024K, 0% used [0x00000000eab00000,0x00000000eab00000,0x00000000eac00000)
  from space 2048K, 50% used [0x00000000eac00000,0x00000000ead00000,0x00000000eae00000)
  to   space 1536K, 0% used [0x00000000eae00000,0x00000000eae00000,0x00000000eaf80000)
 ParOldGen       total 125440K, used 120917K [0x00000000c0000000, 0x00000000c7a80000, 0x00000000eab00000)
  object space 125440K, 96% used [0x00000000c0000000,0x00000000c76157e8,0x00000000c7a80000)
 Metaspace       used 83907K, committed 85184K, reserved 1179648K
  class space    used 8342K, committed 8896K, reserved 1048576K
}
Event: 827.478 GC heap before
{Heap before GC invocations=3641 (full 97):
 PSYoungGen      total 3072K, used 1995K [0x00000000eab00000, 0x00000000eaf80000, 0x0000000100000000)
  eden space 1024K, 94% used [0x00000000eab00000,0x00000000eabf2cb0,0x00000000eac00000)
  from space 2048K, 50% used [0x00000000eac00000,0x00000000ead00000,0x00000000eae00000)
  to   space 1536K, 0% used [0x00000000eae00000,0x00000000eae00000,0x00000000eaf80000)
 ParOldGen       total 125440K, used 120917K [0x00000000c0000000, 0x00000000c7a80000, 0x00000000eab00000)
  object space 125440K, 96% used [0x00000000c0000000,0x00000000c76157e8,0x00000000c7a80000)
 Metaspace       used 83907K, committed 85184K, reserved 1179648K
  class space    used 8342K, committed 8896K, reserved 1048576K
}
Event: 827.479 GC heap after
{Heap after GC invocations=3641 (full 97):
 PSYoungGen      total 2560K, used 864K [0x00000000eab00000, 0x00000000eaf00000, 0x0000000100000000)
  eden space 1536K, 0% used [0x00000000eab00000,0x00000000eab00000,0x00000000eac80000)
  from space 1024K, 84% used [0x00000000eae00000,0x00000000eaed8000,0x00000000eaf00000)
  to   space 1024K, 0% used [0x00000000ead00000,0x00000000ead00000,0x00000000eae00000)
 ParOldGen       total 125440K, used 121869K [0x00000000c0000000, 0x00000000c7a80000, 0x00000000eab00000)
  object space 125440K, 97% used [0x00000000c0000000,0x00000000c77037e8,0x00000000c7a80000)
 Metaspace       used 83907K, committed 85184K, reserved 1179648K
  class space    used 8342K, committed 8896K, reserved 1048576K
}
Event: 827.492 GC heap before
{Heap before GC invocations=3642 (full 97):
 PSYoungGen      total 2560K, used 2400K [0x00000000eab00000, 0x00000000eaf00000, 0x0000000100000000)
  eden space 1536K, 100% used [0x00000000eab00000,0x00000000eac80000,0x00000000eac80000)
  from space 1024K, 84% used [0x00000000eae00000,0x00000000eaed8000,0x00000000eaf00000)
  to   space 1024K, 0% used [0x00000000ead00000,0x00000000ead00000,0x00000000eae00000)
 ParOldGen       total 125440K, used 121869K [0x00000000c0000000, 0x00000000c7a80000, 0x00000000eab00000)
  object space 125440K, 97% used [0x00000000c0000000,0x00000000c77037e8,0x00000000c7a80000)
 Metaspace       used 83907K, committed 85184K, reserved 1179648K
  class space    used 8342K, committed 8896K, reserved 1048576K
}

Dll operation events (10 events):
Event: 0.010 Loaded shared library c:\Users\Giuseppe\.vscode\extensions\redhat.java-1.26.0-win32-x64\jre\17.0.9-win32-x86_64\bin\java.dll
Event: 0.129 Loaded shared library c:\Users\Giuseppe\.vscode\extensions\redhat.java-1.26.0-win32-x64\jre\17.0.9-win32-x86_64\bin\zip.dll
Event: 0.131 Loaded shared library C:\Users\Giuseppe\.vscode\extensions\redhat.java-1.26.0-win32-x64\jre\17.0.9-win32-x86_64\bin\instrument.dll
Event: 0.139 Loaded shared library C:\Users\Giuseppe\.vscode\extensions\redhat.java-1.26.0-win32-x64\jre\17.0.9-win32-x86_64\bin\net.dll
Event: 0.140 Loaded shared library C:\Users\Giuseppe\.vscode\extensions\redhat.java-1.26.0-win32-x64\jre\17.0.9-win32-x86_64\bin\nio.dll
Event: 0.146 Loaded shared library C:\Users\Giuseppe\.vscode\extensions\redhat.java-1.26.0-win32-x64\jre\17.0.9-win32-x86_64\bin\zip.dll
Event: 0.166 Loaded shared library C:\Users\Giuseppe\.vscode\extensions\redhat.java-1.26.0-win32-x64\jre\17.0.9-win32-x86_64\bin\jimage.dll
Event: 0.203 Loaded shared library c:\Users\Giuseppe\.vscode\extensions\redhat.java-1.26.0-win32-x64\jre\17.0.9-win32-x86_64\bin\verify.dll
Event: 1.045 Loaded shared library C:\Users\Giuseppe\AppData\Roaming\Code\User\globalStorage\redhat.java\1.26.0\config_win\org.eclipse.equinox.launcher\org.eclipse.equinox.launcher.win32.win32.x86_64_1.2.800.v20231003-1442\eclipse_11802.dll
Event: 3.372 Loaded shared library C:\Users\Giuseppe\AppData\Local\Temp\jna-1343023872\jna15679665614498427730.dll

Deoptimization events (20 events):
Event: 791.277 Thread 0x0000023466e3b860 DEOPT PACKING pc=0x0000023457c46510 sp=0x0000005d086fed30
Event: 791.277 Thread 0x0000023466e3b860 DEOPT UNPACKING pc=0x00000234565f66a3 sp=0x0000005d086fec98 mode 2
Event: 791.278 Thread 0x0000023466e3b860 Uncommon trap: trap_request=0xffffffbe fr.pc=0x0000023457c46510 relative=0x0000000000000090
Event: 791.278 Thread 0x0000023466e3b860 Uncommon trap: reason=profile_predicate action=maybe_recompile pc=0x0000023457c46510 method=org.eclipse.jdt.core.Signature.getTypeArguments([C)[[C @ 74 c2
Event: 791.278 Thread 0x0000023466e3b860 DEOPT PACKING pc=0x0000023457c46510 sp=0x0000005d086febd0
Event: 791.278 Thread 0x0000023466e3b860 DEOPT UNPACKING pc=0x00000234565f66a3 sp=0x0000005d086feb38 mode 2
Event: 817.269 Thread 0x0000023466e3b860 Uncommon trap: trap_request=0xffffffbe fr.pc=0x0000023456b5ac08 relative=0x0000000000000188
Event: 817.269 Thread 0x0000023466e3b860 Uncommon trap: reason=profile_predicate action=maybe_recompile pc=0x0000023456b5ac08 method=org.eclipse.jdt.internal.compiler.parser.Parser.consumeNonTypeUseName()V @ 82 c2
Event: 817.269 Thread 0x0000023466e3b860 DEOPT PACKING pc=0x0000023456b5ac08 sp=0x0000005d086fe460
Event: 817.269 Thread 0x0000023466e3b860 DEOPT UNPACKING pc=0x00000234565f66a3 sp=0x0000005d086fe3e0 mode 2
Event: 822.291 Thread 0x0000023466e3b860 Uncommon trap: trap_request=0xffffff45 fr.pc=0x000002345787da78 relative=0x00000000000064b8
Event: 822.291 Thread 0x0000023466e3b860 Uncommon trap: reason=unstable_if action=reinterpret pc=0x000002345787da78 method=org.eclipse.jdt.internal.codeassist.CompletionEngine.acceptTypes(Lorg/eclipse/jdt/internal/compiler/lookup/Scope;)V @ 102 c2
Event: 822.291 Thread 0x0000023466e3b860 DEOPT PACKING pc=0x000002345787da78 sp=0x0000005d086fe620
Event: 822.291 Thread 0x0000023466e3b860 DEOPT UNPACKING pc=0x00000234565f66a3 sp=0x0000005d086fe648 mode 2
Event: 822.435 Thread 0x0000023466e3b860 DEOPT PACKING pc=0x000002344ff4ba22 sp=0x0000005d086fe130
Event: 822.435 Thread 0x0000023466e3b860 DEOPT UNPACKING pc=0x00000234565f6e43 sp=0x0000005d086fd5b0 mode 0
Event: 825.283 Thread 0x000002346953c900 Uncommon trap: trap_request=0xffffff45 fr.pc=0x0000023456dc4040 relative=0x0000000000000fa0
Event: 825.283 Thread 0x000002346953c900 Uncommon trap: reason=unstable_if action=reinterpret pc=0x0000023456dc4040 method=org.eclipse.jdt.internal.compiler.util.Util.getLineNumber(I[III)I @ 50 c2
Event: 825.283 Thread 0x000002346953c900 DEOPT PACKING pc=0x0000023456dc4040 sp=0x0000005d07ffe250
Event: 825.283 Thread 0x000002346953c900 DEOPT UNPACKING pc=0x00000234565f66a3 sp=0x0000005d07ffe168 mode 2

Classes unloaded (7 events):
Event: 2.254 Thread 0x00000234602485d0 Unloading class 0x0000000100252400 'java/lang/invoke/LambdaForm$MH+0x0000000100252400'
Event: 2.254 Thread 0x00000234602485d0 Unloading class 0x0000000100252000 'java/lang/invoke/LambdaForm$MH+0x0000000100252000'
Event: 2.254 Thread 0x00000234602485d0 Unloading class 0x0000000100251c00 'java/lang/invoke/LambdaForm$MH+0x0000000100251c00'
Event: 2.254 Thread 0x00000234602485d0 Unloading class 0x0000000100251800 'java/lang/invoke/LambdaForm$MH+0x0000000100251800'
Event: 2.254 Thread 0x00000234602485d0 Unloading class 0x0000000100251400 'java/lang/invoke/LambdaForm$BMH+0x0000000100251400'
Event: 2.254 Thread 0x00000234602485d0 Unloading class 0x0000000100251000 'java/lang/invoke/LambdaForm$DMH+0x0000000100251000'
Event: 2.254 Thread 0x00000234602485d0 Unloading class 0x000000010024c400 'java/lang/invoke/LambdaForm$DMH+0x000000010024c400'

Classes redefined (0 events):
No events

Internal exceptions (20 events):
Event: 765.508 Thread 0x000002346953aaa0 Exception <a 'java/lang/ClassNotFoundException'{0x00000000eab040c8}: sun/net/www/protocol/jdt/Handler> (0x00000000eab040c8) 
thrown [s\src\hotspot\share\classfile\systemDictionary.cpp, line 256]
Event: 765.508 Thread 0x000002346953aaa0 Exception <a 'java/lang/ClassNotFoundException'{0x00000000eab06248}: sun/net/www/protocol/jdt/Handler> (0x00000000eab06248) 
thrown [s\src\hotspot\share\classfile\systemDictionary.cpp, line 256]
Event: 765.508 Thread 0x000002346953aaa0 Exception <a 'java/lang/ClassNotFoundException'{0x00000000eab083f0}: sun/net/www/protocol/jdt/Handler> (0x00000000eab083f0) 
thrown [s\src\hotspot\share\classfile\systemDictionary.cpp, line 256]
Event: 765.785 Thread 0x0000023466e38fe0 Exception <a 'sun/nio/fs/WindowsException'{0x00000000eab06bf0}> (0x00000000eab06bf0) 
thrown [s\src\hotspot\share\prims\jni.cpp, line 516]
Event: 765.918 Thread 0x0000023466e38fe0 Exception <a 'sun/nio/fs/WindowsException'{0x00000000eacdd2a8}> (0x00000000eacdd2a8) 
thrown [s\src\hotspot\share\prims\jni.cpp, line 516]
Event: 777.989 Thread 0x0000023466e38fe0 Exception <a 'sun/nio/fs/WindowsException'{0x00000000eab33c68}> (0x00000000eab33c68) 
thrown [s\src\hotspot\share\prims\jni.cpp, line 516]
Event: 778.107 Thread 0x0000023466e38fe0 Exception <a 'sun/nio/fs/WindowsException'{0x00000000eac971d0}> (0x00000000eac971d0) 
thrown [s\src\hotspot\share\prims\jni.cpp, line 516]
Event: 784.612 Thread 0x000002346953aaa0 Exception <a 'java/lang/ClassNotFoundException'{0x00000000ead803f8}: sun/net/www/protocol/eclipse-javadoc/Handler> (0x00000000ead803f8) 
thrown [s\src\hotspot\share\classfile\systemDictionary.cpp, line 256]
Event: 784.612 Thread 0x000002346953aaa0 Exception <a 'java/lang/ClassNotFoundException'{0x00000000ead928a8}: sun/net/www/protocol/eclipse-javadoc/Handler> (0x00000000ead928a8) 
thrown [s\src\hotspot\share\classfile\systemDictionary.cpp, line 256]
Event: 784.612 Thread 0x000002346953aaa0 Exception <a 'java/lang/ClassNotFoundException'{0x00000000ead94ce8}: sun/net/www/protocol/eclipse-javadoc/Handler> (0x00000000ead94ce8) 
thrown [s\src\hotspot\share\classfile\systemDictionary.cpp, line 256]
Event: 784.612 Thread 0x000002346953aaa0 Exception <a 'java/lang/ClassNotFoundException'{0x00000000ead96fe8}: sun/net/www/protocol/eclipse-javadoc/Handler> (0x00000000ead96fe8) 
thrown [s\src\hotspot\share\classfile\systemDictionary.cpp, line 256]
Event: 784.612 Thread 0x000002346953aaa0 Exception <a 'java/lang/ClassNotFoundException'{0x00000000ead9a358}: sun/net/www/protocol/jdt/Handler> (0x00000000ead9a358) 
thrown [s\src\hotspot\share\classfile\systemDictionary.cpp, line 256]
Event: 786.674 Thread 0x0000023466e38fe0 Exception <a 'sun/nio/fs/WindowsException'{0x00000000eab923b0}> (0x00000000eab923b0) 
thrown [s\src\hotspot\share\prims\jni.cpp, line 516]
Event: 786.785 Thread 0x0000023466e38fe0 Exception <a 'sun/nio/fs/WindowsException'{0x00000000eab0b5f0}> (0x00000000eab0b5f0) 
thrown [s\src\hotspot\share\prims\jni.cpp, line 516]
Event: 792.797 Thread 0x0000023466e38fe0 Exception <a 'sun/nio/fs/WindowsException'{0x00000000eab9f128}> (0x00000000eab9f128) 
thrown [s\src\hotspot\share\prims\jni.cpp, line 516]
Event: 792.851 Thread 0x0000023466e38fe0 Exception <a 'sun/nio/fs/WindowsException'{0x00000000eab50da8}> (0x00000000eab50da8) 
thrown [s\src\hotspot\share\prims\jni.cpp, line 516]
Event: 820.700 Thread 0x0000023466e38fe0 Exception <a 'sun/nio/fs/WindowsException'{0x00000000ead3d0c8}> (0x00000000ead3d0c8) 
thrown [s\src\hotspot\share\prims\jni.cpp, line 516]
Event: 820.747 Thread 0x0000023466e38fe0 Exception <a 'sun/nio/fs/WindowsException'{0x00000000ead61378}> (0x00000000ead61378) 
thrown [s\src\hotspot\share\prims\jni.cpp, line 516]
Event: 822.291 Thread 0x0000023466e3b860 Implicit null exception at 0x00000234578780ab to 0x000002345787da34
Event: 827.460 Thread 0x0000023466e38fe0 Exception <a 'sun/nio/fs/WindowsException'{0x00000000eac54988}> (0x00000000eac54988) 
thrown [s\src\hotspot\share\prims\jni.cpp, line 516]

VM Operations (20 events):
Event: 826.699 Executing VM operation: ParallelGCFailedAllocation done
Event: 826.793 Executing VM operation: ParallelGCFailedAllocation
Event: 826.794 Executing VM operation: ParallelGCFailedAllocation done
Event: 826.904 Executing VM operation: ParallelGCFailedAllocation
Event: 826.904 Executing VM operation: ParallelGCFailedAllocation done
Event: 826.958 Executing VM operation: ParallelGCFailedAllocation
Event: 826.959 Executing VM operation: ParallelGCFailedAllocation done
Event: 827.462 Executing VM operation: ParallelGCFailedAllocation
Event: 827.463 Executing VM operation: ParallelGCFailedAllocation done
Event: 827.466 Executing VM operation: ParallelGCFailedAllocation
Event: 827.467 Executing VM operation: ParallelGCFailedAllocation done
Event: 827.468 Executing VM operation: ParallelGCFailedAllocation
Event: 827.469 Executing VM operation: ParallelGCFailedAllocation done
Event: 827.470 Executing VM operation: ParallelGCFailedAllocation
Event: 827.471 Executing VM operation: ParallelGCFailedAllocation done
Event: 827.473 Executing VM operation: ParallelGCFailedAllocation
Event: 827.475 Executing VM operation: ParallelGCFailedAllocation done
Event: 827.478 Executing VM operation: ParallelGCFailedAllocation
Event: 827.479 Executing VM operation: ParallelGCFailedAllocation done
Event: 827.492 Executing VM operation: ParallelGCFailedAllocation

Events (20 events):
Event: 750.937 Thread 0x00000234680ba340 Thread added: 0x00000234680ba340
Event: 750.939 Thread 0x00000234680ba340 Thread exited: 0x00000234680ba340
Event: 762.665 Thread 0x00000234680b7fd0 Thread added: 0x00000234680b7fd0
Event: 762.668 Thread 0x00000234680b7fd0 Thread exited: 0x00000234680b7fd0
Event: 762.677 Thread 0x00000234680b9e30 Thread added: 0x00000234680b9e30
Event: 762.683 Thread 0x00000234680b9e30 Thread exited: 0x00000234680b9e30
Event: 765.904 Thread 0x00000234680ba340 Thread added: 0x00000234680ba340
Event: 765.906 Thread 0x00000234680ba340 Thread exited: 0x00000234680ba340
Event: 765.923 Thread 0x00000234680b9e30 Thread added: 0x00000234680b9e30
Event: 765.931 Thread 0x00000234680b9e30 Thread exited: 0x00000234680b9e30
Event: 778.090 Thread 0x00000234680b9e30 Thread added: 0x00000234680b9e30
Event: 778.094 Thread 0x00000234680b9e30 Thread exited: 0x00000234680b9e30
Event: 786.770 Thread 0x00000234680b9e30 Thread added: 0x00000234680b9e30
Event: 786.775 Thread 0x00000234680b9e30 Thread exited: 0x00000234680b9e30
Event: 792.893 Thread 0x00000234680b9e30 Thread added: 0x00000234680b9e30
Event: 792.898 Thread 0x00000234680b9e30 Thread exited: 0x00000234680b9e30
Event: 820.799 Thread 0x00000234680b9e30 Thread added: 0x00000234680b9e30
Event: 820.802 Thread 0x00000234680b9e30 Thread exited: 0x00000234680b9e30
Event: 821.974 Thread 0x00000234680b9e30 Thread added: 0x00000234680b9e30
Event: 821.977 Thread 0x00000234680b9e30 Thread exited: 0x00000234680b9e30


Dynamic libraries:
0x00007ff7d3440000 - 0x00007ff7d344e000 	c:\Users\Giuseppe\.vscode\extensions\redhat.java-1.26.0-win32-x64\jre\17.0.9-win32-x86_64\bin\java.exe
0x00007ffa99d40000 - 0x00007ffa99f49000 	C:\WINDOWS\SYSTEM32\ntdll.dll
0x00007ffa98e40000 - 0x00007ffa98efd000 	C:\WINDOWS\System32\KERNEL32.DLL
0x00007ffa971d0000 - 0x00007ffa97554000 	C:\WINDOWS\System32\KERNELBASE.dll
0x00007ffa979d0000 - 0x00007ffa97ae1000 	C:\WINDOWS\System32\ucrtbase.dll
0x00007ffa6eeb0000 - 0x00007ffa6eec7000 	c:\Users\Giuseppe\.vscode\extensions\redhat.java-1.26.0-win32-x64\jre\17.0.9-win32-x86_64\bin\jli.dll
0x00007ffa99210000 - 0x00007ffa993bd000 	C:\WINDOWS\System32\USER32.dll
0x00007ffa97af0000 - 0x00007ffa97b16000 	C:\WINDOWS\System32\win32u.dll
0x00007ffa98fb0000 - 0x00007ffa98fda000 	C:\WINDOWS\System32\GDI32.dll
0x00007ffa97560000 - 0x00007ffa9767e000 	C:\WINDOWS\System32\gdi32full.dll
0x00007ffa97930000 - 0x00007ffa979cd000 	C:\WINDOWS\System32\msvcp_win.dll
0x00007ffa5c910000 - 0x00007ffa5c92b000 	c:\Users\Giuseppe\.vscode\extensions\redhat.java-1.26.0-win32-x64\jre\17.0.9-win32-x86_64\bin\VCRUNTIME140.dll
0x00007ffa87650000 - 0x00007ffa878f5000 	C:\WINDOWS\WinSxS\amd64_microsoft.windows.common-controls_6595b64144ccf1df_6.0.22000.120_none_9d947278b86cc467\COMCTL32.dll
0x00007ffa985a0000 - 0x00007ffa98643000 	C:\WINDOWS\System32\msvcrt.dll
0x00007ffa97bb0000 - 0x00007ffa97be1000 	C:\WINDOWS\System32\IMM32.DLL
0x00007ffa79a70000 - 0x00007ffa79a7c000 	c:\Users\Giuseppe\.vscode\extensions\redhat.java-1.26.0-win32-x64\jre\17.0.9-win32-x86_64\bin\vcruntime140_1.dll
0x00007ffa34de0000 - 0x00007ffa34e6d000 	c:\Users\Giuseppe\.vscode\extensions\redhat.java-1.26.0-win32-x64\jre\17.0.9-win32-x86_64\bin\msvcp140.dll
0x00007ffa1c8c0000 - 0x00007ffa1d521000 	c:\Users\Giuseppe\.vscode\extensions\redhat.java-1.26.0-win32-x64\jre\17.0.9-win32-x86_64\bin\server\jvm.dll
0x00007ffa97bf0000 - 0x00007ffa97c9e000 	C:\WINDOWS\System32\ADVAPI32.dll
0x00007ffa99c60000 - 0x00007ffa99cfe000 	C:\WINDOWS\System32\sechost.dll
0x00007ffa98c40000 - 0x00007ffa98d61000 	C:\WINDOWS\System32\RPCRT4.dll
0x00007ffa96420000 - 0x00007ffa9646d000 	C:\WINDOWS\SYSTEM32\POWRPROF.dll
0x00007ffa788f0000 - 0x00007ffa788f9000 	C:\WINDOWS\SYSTEM32\WSOCK32.dll
0x00007ffa99740000 - 0x00007ffa997af000 	C:\WINDOWS\System32\WS2_32.dll
0x00007ffa90720000 - 0x00007ffa90753000 	C:\WINDOWS\SYSTEM32\WINMM.dll
0x00007ffa90b80000 - 0x00007ffa90b8a000 	C:\WINDOWS\SYSTEM32\VERSION.dll
0x00007ffa96400000 - 0x00007ffa96413000 	C:\WINDOWS\SYSTEM32\UMPDC.dll
0x00007ffa96270000 - 0x00007ffa96288000 	C:\WINDOWS\SYSTEM32\kernel.appcore.dll
0x00007ffa76f30000 - 0x00007ffa76f3a000 	c:\Users\Giuseppe\.vscode\extensions\redhat.java-1.26.0-win32-x64\jre\17.0.9-win32-x86_64\bin\jimage.dll
0x00007ffa89cc0000 - 0x00007ffa89ee1000 	C:\WINDOWS\SYSTEM32\DBGHELP.DLL
0x00007ffa5d880000 - 0x00007ffa5d8b1000 	C:\WINDOWS\SYSTEM32\dbgcore.DLL
0x00007ffa97680000 - 0x00007ffa976ff000 	C:\WINDOWS\System32\bcryptPrimitives.dll
0x00007ffa76c90000 - 0x00007ffa76c9e000 	c:\Users\Giuseppe\.vscode\extensions\redhat.java-1.26.0-win32-x64\jre\17.0.9-win32-x86_64\bin\instrument.dll
0x00007ffa48310000 - 0x00007ffa48335000 	c:\Users\Giuseppe\.vscode\extensions\redhat.java-1.26.0-win32-x64\jre\17.0.9-win32-x86_64\bin\java.dll
0x00007ffa5aa30000 - 0x00007ffa5aa48000 	c:\Users\Giuseppe\.vscode\extensions\redhat.java-1.26.0-win32-x64\jre\17.0.9-win32-x86_64\bin\zip.dll
0x00007ffa97dc0000 - 0x00007ffa98585000 	C:\WINDOWS\System32\SHELL32.dll
0x00007ffa95260000 - 0x00007ffa95ac2000 	C:\WINDOWS\SYSTEM32\windows.storage.dll
0x00007ffa993c0000 - 0x00007ffa99736000 	C:\WINDOWS\System32\combase.dll
0x00007ffa950f0000 - 0x00007ffa95257000 	C:\WINDOWS\SYSTEM32\wintypes.dll
0x00007ffa99b70000 - 0x00007ffa99c5a000 	C:\WINDOWS\System32\SHCORE.dll
0x00007ffa97cd0000 - 0x00007ffa97d2d000 	C:\WINDOWS\System32\shlwapi.dll
0x00007ffa97100000 - 0x00007ffa97125000 	C:\WINDOWS\SYSTEM32\profapi.dll
0x00007ffa58c70000 - 0x00007ffa58c89000 	C:\Users\Giuseppe\.vscode\extensions\redhat.java-1.26.0-win32-x64\jre\17.0.9-win32-x86_64\bin\net.dll
0x00007ffa90bb0000 - 0x00007ffa90cc4000 	C:\WINDOWS\SYSTEM32\WINHTTP.dll
0x00007ffa96790000 - 0x00007ffa967f7000 	C:\WINDOWS\system32\mswsock.dll
0x00007ffa56ca0000 - 0x00007ffa56cb6000 	C:\Users\Giuseppe\.vscode\extensions\redhat.java-1.26.0-win32-x64\jre\17.0.9-win32-x86_64\bin\nio.dll
0x00007ffa76b70000 - 0x00007ffa76b80000 	c:\Users\Giuseppe\.vscode\extensions\redhat.java-1.26.0-win32-x64\jre\17.0.9-win32-x86_64\bin\verify.dll
0x00007ffa34d60000 - 0x00007ffa34d9e000 	C:\Users\Giuseppe\AppData\Roaming\Code\User\globalStorage\redhat.java\1.26.0\config_win\org.eclipse.equinox.launcher\org.eclipse.equinox.launcher.win32.win32.x86_64_1.2.800.v20231003-1442\eclipse_11802.dll
0x00007ffa99070000 - 0x00007ffa9920a000 	C:\WINDOWS\System32\ole32.dll
0x00007ffa96a60000 - 0x00007ffa96a78000 	C:\WINDOWS\SYSTEM32\CRYPTSP.dll
0x00007ffa961d0000 - 0x00007ffa96205000 	C:\WINDOWS\system32\rsaenh.dll
0x00007ffa96830000 - 0x00007ffa9685c000 	C:\WINDOWS\SYSTEM32\USERENV.dll
0x00007ffa96ba0000 - 0x00007ffa96bc7000 	C:\WINDOWS\SYSTEM32\bcrypt.dll
0x00007ffa96980000 - 0x00007ffa9698c000 	C:\WINDOWS\SYSTEM32\CRYPTBASE.dll
0x00007ffa95d60000 - 0x00007ffa95d8d000 	C:\WINDOWS\SYSTEM32\IPHLPAPI.DLL
0x00007ffa98590000 - 0x00007ffa98599000 	C:\WINDOWS\System32\NSI.dll
0x00007ffa90b60000 - 0x00007ffa90b79000 	C:\WINDOWS\SYSTEM32\dhcpcsvc6.DLL
0x00007ffa91b80000 - 0x00007ffa91b9e000 	C:\WINDOWS\SYSTEM32\dhcpcsvc.DLL
0x00007ffa95d90000 - 0x00007ffa95e77000 	C:\WINDOWS\SYSTEM32\DNSAPI.dll
0x00007ffa1c870000 - 0x00007ffa1c8b5000 	C:\Users\Giuseppe\AppData\Local\Temp\jna-1343023872\jna15679665614498427730.dll
0x00007ffa98650000 - 0x00007ffa98658000 	C:\WINDOWS\System32\PSAPI.DLL

dbghelp: loaded successfully - version: 4.0.5 - missing functions: none
symbol engine: initialized successfully - sym options: 0x614 - pdb path: .;c:\Users\Giuseppe\.vscode\extensions\redhat.java-1.26.0-win32-x64\jre\17.0.9-win32-x86_64\bin;C:\WINDOWS\SYSTEM32;C:\WINDOWS\WinSxS\amd64_microsoft.windows.common-controls_6595b64144ccf1df_6.0.22000.120_none_9d947278b86cc467;c:\Users\Giuseppe\.vscode\extensions\redhat.java-1.26.0-win32-x64\jre\17.0.9-win32-x86_64\bin\server;C:\Users\Giuseppe\AppData\Roaming\Code\User\globalStorage\redhat.java\1.26.0\config_win\org.eclipse.equinox.launcher\org.eclipse.equinox.launcher.win32.win32.x86_64_1.2.800.v20231003-1442;C:\Users\Giuseppe\AppData\Local\Temp\jna-1343023872

VM Arguments:
jvm_args: --add-modules=ALL-SYSTEM --add-opens=java.base/java.util=ALL-UNNAMED --add-opens=java.base/java.lang=ALL-UNNAMED --add-opens=java.base/sun.nio.fs=ALL-UNNAMED -Declipse.application=org.eclipse.jdt.ls.core.id1 -Dosgi.bundles.defaultStartLevel=4 -Declipse.product=org.eclipse.jdt.ls.core.product -Djava.import.generatesMetadataFilesAtProjectRoot=false -DDetectVMInstallationsJob.disabled=true -Dfile.encoding=utf8 -XX:+UseParallelGC -XX:GCTimeRatio=4 -XX:AdaptiveSizePolicyWeight=90 -Dsun.zip.disableMemoryMapping=true -Xmx1G -Xms100m -Xlog:disable -javaagent:c:\Users\Giuseppe\.vscode\extensions\redhat.java-1.26.0-win32-x64\lombok\lombok-1.18.31-3454.jar -XX:+HeapDumpOnOutOfMemoryError -XX:HeapDumpPath=c:\Users\Giuseppe\AppData\Roaming\Code\User\workspaceStorage\247a95d1319fbebd4a2aead799e28cbd\redhat.java -Daether.dependencyCollector.impl=bf 
java_command: c:\Users\Giuseppe\.vscode\extensions\redhat.java-1.26.0-win32-x64\server\plugins\org.eclipse.equinox.launcher_1.6.700.v20231214-2017.jar -configuration c:\Users\Giuseppe\AppData\Roaming\Code\User\globalStorage\redhat.java\1.26.0\config_win -data c:\Users\Giuseppe\AppData\Roaming\Code\User\workspaceStorage\247a95d1319fbebd4a2aead799e28cbd\redhat.java\jdt_ws --stdio
java_class_path (initial): c:\Users\Giuseppe\.vscode\extensions\redhat.java-1.26.0-win32-x64\server\plugins\org.eclipse.equinox.launcher_1.6.700.v20231214-2017.jar
Launcher Type: SUN_STANDARD

[Global flags]
    uintx AdaptiveSizePolicyWeight                 = 90                                        {product} {command line}
     intx CICompilerCount                          = 3                                         {product} {ergonomic}
    uintx GCTimeRatio                              = 4                                         {product} {command line}
     bool HeapDumpOnOutOfMemoryError               = true                                   {manageable} {command line}
    ccstr HeapDumpPath                             = c:\Users\Giuseppe\AppData\Roaming\Code\User\workspaceStorage\247a95d1319fbebd4a2aead799e28cbd\redhat.java         {manageable} {command line}
   size_t InitialHeapSize                          = 104857600                                 {product} {command line}
   size_t MaxHeapSize                              = 1073741824                                {product} {command line}
   size_t MaxNewSize                               = 357564416                                 {product} {ergonomic}
   size_t MinHeapDeltaBytes                        = 524288                                    {product} {ergonomic}
   size_t MinHeapSize                              = 104857600                                 {product} {command line}
   size_t NewSize                                  = 34603008                                  {product} {ergonomic}
    uintx NonNMethodCodeHeapSize                   = 5832780                                {pd product} {ergonomic}
    uintx NonProfiledCodeHeapSize                  = 122912730                              {pd product} {ergonomic}
   size_t OldSize                                  = 70254592                                  {product} {ergonomic}
    uintx ProfiledCodeHeapSize                     = 122912730                              {pd product} {ergonomic}
    uintx ReservedCodeCacheSize                    = 251658240                              {pd product} {ergonomic}
     bool SegmentedCodeCache                       = true                                      {product} {ergonomic}
   size_t SoftMaxHeapSize                          = 1073741824                             {manageable} {ergonomic}
     bool UseCompressedClassPointers               = true                           {product lp64_product} {ergonomic}
     bool UseCompressedOops                        = true                           {product lp64_product} {ergonomic}
     bool UseLargePagesIndividualAllocation        = false                                  {pd product} {ergonomic}
     bool UseParallelGC                            = true                                      {product} {command line}

Logging:
Log output configuration:
 #0: stdout all=off uptime,level,tags
 #1: stderr all=off uptime,level,tags

Environment Variables:
PATH=c:\program files\eclipse adoptium\jdk-17.0.6.10-hotspot\bin;c:\program files\common files\oracle\java\javapath;c:\program files (x86)\common files\oracle\java\javapath;c:\program files (x86)\razer chroma sdk\bin;c:\program files\razer chroma sdk\bin;c:\program files (x86)\razer\chromabroadcast\bin;c:\program files\razer\chromabroadcast\bin;c:\windows\system32;c:\windows;c:\windows\system32\wbem;c:\windows\system32\windowspowershell\v1.0\;c:\windows\system32\openssh\;c:\program files\nvidia corporation\nvidia nvdlisr;c:\program files\dotnet\;c:\users\giuseppe\appdata\local\microsoft\windowsapps;c:\users\giuseppe\appdata\local\programs\microsoft vs code\bin;c:\users\giuseppe\appdata\roaming\npm;c:\windows\system32\config\systemprofile\appdata\local\microsoft\windowsapps;c:\program files\calibre2\;c:\program files\git\cmd;c:\program files (x86)\windows kits\10\windows performance toolkit\;c:\program files\nodejs\;c:\program files\cmake\bin;c:\program files\go\bin;c:\programdata\chocolatey\bin;c:\program files\powershell\7\;C:\Program Files (x86)\NVIDIA Corporation\PhysX\Common;C:\Users\Giuseppe\AppData\Local\Microsoft\WindowsApps;C:\Users\Giuseppe\AppData\Local\Programs\Microsoft VS Code\bin;C:\Users\Giuseppe\AppData\Local\spicetify;C:\Users\Giuseppe\AppData\Local\GitHubDesktop\bin;C:\Users\Giuseppe\.dotnet\tools;C:\MinGW\bin;C:\Users\Giuseppe\AppData\Local\Programs\Python\Python311;C:\Users\Giuseppe\AppData\Roaming\npm;C:\Users\Giuseppe\AppData\Local\Programs\Neovim\bin;C:\Users\Giuseppe\AppData\Local\JetBrains\Toolbox\scripts;C:\Users\Giuseppe\go\bin;C:\Users\Giuseppe\AppData\Local\Microsoft\WinGet\Packages\Genymobile.scrcpy_Microsoft.Winget.Source_8wekyb3d8bbwe\scrcpy-win64-v2.1.1;;C:\Users\Giuseppe\AppData\Local\Programs\oh-my-posh\bin
USERNAME=Giuseppe
OS=Windows_NT
PROCESSOR_IDENTIFIER=Intel64 Family 6 Model 158 Stepping 12, GenuineIntel
TMP=C:\Users\Giuseppe\AppData\Local\Temp
TEMP=C:\Users\Giuseppe\AppData\Local\Temp



Periodic native trim disabled


---------------  S Y S T E M  ---------------

OS:
 Windows 11 , 64 bit Build 22000 (10.0.22000.2538)
OS uptime: 0 days 0:41 hours
Hyper-V role detected

CPU: total 6 (initial active 6) (6 cores per cpu, 1 threads per core) family 6 model 158 stepping 12 microcode 0xde, cx8, cmov, fxsr, mmx, 3dnowpref, sse, sse2, sse3, ssse3, sse4.1, sse4.2, popcnt, lzcnt, tsc, tscinvbit, avx, avx2, aes, erms, clmul, bmi1, bmi2, rtm, adx, fma, vzeroupper, clflush, clflushopt, hv
Processor Information for all 6 processors :
  Max Mhz: 3701, Current Mhz: 3701, Mhz Limit: 3701

Memory: 4k page, system-wide physical 16055M (9262M free)
TotalPageFile size 24759M (AvailPageFile size 14703M)
current process WorkingSet (physical memory assigned to process): 400M, peak: 419M
current process commit charge ("private bytes"): 413M, peak: 445M

vm_info: OpenJDK 64-Bit Server VM (17.0.9+9) for windows-amd64 JRE (17.0.9+9), built on Oct 26 2023 14:01:42 by "admin" with MS VC++ 16.10 / 16.11 (VS2019)

END.
