#
# A fatal error has been detected by the Java Runtime Environment:
#
#  EXCEPTION_ACCESS_VIOLATION (0xc0000005) at pc=0x00007ffa1cbac962, pid=4324, tid=3456
#
# JRE version: OpenJDK Runtime Environment Temurin-17.0.9+9 (17.0.9+9) (build 17.0.9+9)
# Java VM: OpenJDK 64-Bit Server VM Temurin-17.0.9+9 (17.0.9+9, mixed mode, tiered, compressed oops, compressed class ptrs, parallel gc, windows-amd64)
# Problematic frame:
# V  [jvm.dll+0x2ec962]
#
# No core dump will be written. Minidumps are not enabled by default on client versions of Windows
#
# If you would like to submit a bug report, please visit:
#   https://github.com/adoptium/adoptium-support/issues
#

---------------  S U M M A R Y ------------

Command Line: --add-modules=ALL-SYSTEM --add-opens=java.base/java.util=ALL-UNNAMED --add-opens=java.base/java.lang=ALL-UNNAMED --add-opens=java.base/sun.nio.fs=ALL-UNNAMED -Declipse.application=org.eclipse.jdt.ls.core.id1 -Dosgi.bundles.defaultStartLevel=4 -Declipse.product=org.eclipse.jdt.ls.core.product -Djava.import.generatesMetadataFilesAtProjectRoot=false -DDetectVMInstallationsJob.disabled=true -Dfile.encoding=utf8 -XX:+UseParallelGC -XX:GCTimeRatio=4 -XX:AdaptiveSizePolicyWeight=90 -Dsun.zip.disableMemoryMapping=true -Xmx1G -Xms100m -Xlog:disable -javaagent:c:\Users\Giuseppe\.vscode\extensions\redhat.java-1.26.0-win32-x64\lombok\lombok-1.18.31-3454.jar -XX:+HeapDumpOnOutOfMemoryError -XX:HeapDumpPath=c:\Users\Giuseppe\AppData\Roaming\Code\User\workspaceStorage\247a95d1319fbebd4a2aead799e28cbd\redhat.java -Daether.dependencyCollector.impl=bf c:\Users\Giuseppe\.vscode\extensions\redhat.java-1.26.0-win32-x64\server\plugins\org.eclipse.equinox.launcher_1.6.700.v20231214-2017.jar -configuration c:\Users\Giuseppe\AppData\Roaming\Code\User\globalStorage\redhat.java\1.26.0\config_win -data c:\Users\Giuseppe\AppData\Roaming\Code\User\workspaceStorage\247a95d1319fbebd4a2aead799e28cbd\redhat.java\jdt_ws --stdio

Host: Intel(R) Core(TM) i5-9600K CPU @ 3.70GHz, 6 cores, 15G,  Windows 11 , 64 bit Build 22000 (10.0.22000.2538)
Time: Thu Jan 11 16:54:25 2024 W. Europe Standard Time elapsed time: 543.085557 seconds (0d 0h 9m 3s)

---------------  T H R E A D  ---------------

Current thread (0x00000231b4485480):  GCTaskThread "GC Thread#1" [stack: 0x000000bf24a00000,0x000000bf24b00000] [id=3456]

Stack: [0x000000bf24a00000,0x000000bf24b00000],  sp=0x000000bf24aff9c8,  free space=1022k
Native frames: (J=compiled Java code, j=interpreted, Vv=VM code, C=native code)
V  [jvm.dll+0x2ec962]
C  0x0000000000000005


siginfo: EXCEPTION_ACCESS_VIOLATION (0xc0000005), reading address 0xffffffffffffffff


Registers:
RAX=0x0000000000003400, RBX=0x0000000000000003, RCX=0x00000231ae3b5e60, RDX=0x0000000000000002
RSP=0x000000bf24aff9c8, RBP=0x0000000000000000, RSI=0x0000000000000010, RDI=0x00000231ae2c84c0
R8 =0x0000000000000000, R9 =0x0000000000000000, R10=0x000000000000000f, R11=0x00000231ae3b64e0
R12=0x0000000000000000, R13=0x00000231b3f68e70, R14=0x0000000000000000, R15=0x000000bf24affa40
RIP=0x00007ffa1cbac962, EFLAGS=0x0000000000010206


Register to memory mapping:

RIP=0x00007ffa1cbac962 jvm.dll
RAX=0x0000000000003400 is an unknown value
RBX=0x0000000000000003 is an unknown value
RCX=0x00000231ae3b5e60 points into unknown readable memory: 0x0000000000000000 | 00 00 00 00 00 00 00 00
RDX=0x0000000000000002 is an unknown value
RSP=0x000000bf24aff9c8 points into unknown readable memory: 0x0000000000000010 | 10 00 00 00 00 00 00 00
RBP=0x0 is NULL
RSI=0x0000000000000010 is an unknown value
RDI=0x00000231ae2c84c0 points into unknown readable memory: 0x00007ffa1d213040 | 40 30 21 1d fa 7f 00 00
R8 =0x0 is NULL
R9 =0x0 is NULL
R10=0x000000000000000f is an unknown value
R11=0x00000231ae3b64e0 points into unknown readable memory: 0x0000000000000000 | 00 00 00 00 00 00 00 00
R12=0x0 is NULL
R13=0x00000231b3f68e70 points into unknown readable memory: 0x7573002500000002 | 02 00 00 00 25 00 73 75
R14=0x0 is NULL
R15=0x000000bf24affa40 points into unknown readable memory: 0x0000000000000000 | 00 00 00 00 00 00 00 00


Top of Stack: (sp=0x000000bf24aff9c8)
0x000000bf24aff9c8:   0000000000000010 0000000000000206
0x000000bf24aff9d8:   000000bf23cff288 0000000000000020
0x000000bf24aff9e8:   0000000000000005 0000000000000003
0x000000bf24aff9f8:   00007ffa1cf7dd78 00000231ae3b6480
0x000000bf24affa08:   00000231ae3b6480 0000000000000000
0x000000bf24affa18:   000000bf23cff2e0 000000bf23cff180
0x000000bf24affa28:   00007ffa1cf7e1ef 0000000000000000
0x000000bf24affa38:   000000bf24affac9 0000000000000000
0x000000bf24affa48:   0000000000000001 00000231ae3b6480
0x000000bf24affa58:   0000000000000003 0000000000000006
0x000000bf24affa68:   000000bf23cfece8 0000000300000002
0x000000bf24affa78:   00000231ae3b6480 00007ffa1d271dc8
0x000000bf24affa88:   00000231ae3b6480 000000bf23cff180
0x000000bf24affa98:   00000231b3c114d0 00000000000003d8
0x000000bf24affaa8:   00000231b3c114e0 00000231b3c118b8
0x000000bf24affab8:   00007ffa1d271f18 0000000000000003
0x000000bf24affac8:   0000000000000000 0000000000000001
0x000000bf24affad8:   0000000000000001 0000000000000000
0x000000bf24affae8:   0000b875e25b5d28 0000000000000000
0x000000bf24affaf8:   00000231b4485480 0000000000000000
0x000000bf24affb08:   0000000000000000 000000bf23cff180
0x000000bf24affb18:   00000231b4485480 0000000000000000
0x000000bf24affb28:   00007ffa1d121e7b 0000000000000004
0x000000bf24affb38:   0000000000000000 0000000000000004
0x000000bf24affb48:   000000bf23cff180 00000000000075a3
0x000000bf24affb58:   00007ffa1d121ec6 00000231b4485480
0x000000bf24affb68:   000000bfffffffff 000002319a542110
0x000000bf24affb78:   0000000000000000 00000231b4485480
0x000000bf24affb88:   00007ffa1d0a3c3a 0000000000000000
0x000000bf24affb98:   00000000000075a3 00000231b4485480
0x000000bf24affba8:   00007ffa9722c98b 0000000000000000
0x000000bf24affbb8:   0000000000000000 0000000000000000 

Instructions: (pc=0x00007ffa1cbac962)
0x00007ffa1cbac862:   00 69 ca ff ff ff 7f 2b c1 85 c0 8d 88 ff ff ff
0x00007ffa1cbac872:   7f 0f 4e c1 33 d2 41 89 83 04 02 00 00 f7 77 08
0x00007ffa1cbac882:   44 8b ca 3b d3 74 b7 8b d3 0f 1f 44 00 00 3b d3
0x00007ffa1cbac892:   74 05 41 3b d1 75 44 45 8b 83 04 02 00 00 b8 5f
0x00007ffa1cbac8a2:   0b 4e 83 41 f7 e8 41 03 d0 c1 fa 10 8b c2 c1 e8
0x00007ffa1cbac8b2:   1f 03 d0 41 69 c0 a7 41 00 00 69 ca ff ff ff 7f
0x00007ffa1cbac8c2:   2b c1 85 c0 8d 88 ff ff ff 7f 0f 4e c1 33 d2 41
0x00007ffa1cbac8d2:   89 83 04 02 00 00 f7 77 08 eb b3 41 8b c1 4c 8d
0x00007ffa1cbac8e2:   34 c5 00 00 00 00 48 8b 47 10 49 8b 0c 06 8b 81
0x00007ffa1cbac8f2:   00 01 00 00 44 8b 91 80 00 00 00 44 2b d0 8b c2
0x00007ffa1cbac902:   41 81 e2 ff ff 01 00 41 81 fa ff ff 01 00 45 0f
0x00007ffa1cbac912:   44 d4 48 8d 34 c5 00 00 00 00 48 8b 47 10 48 8b
0x00007ffa1cbac922:   0c 06 8b 81 00 01 00 00 44 8b 81 80 00 00 00 44
0x00007ffa1cbac932:   2b c0 32 c0 41 81 e0 ff ff 01 00 41 81 f8 ff ff
0x00007ffa1cbac942:   01 00 45 0f 44 c4 45 3b c2 76 0a 48 8b 47 10 48
0x00007ffa1cbac952:   8b 34 06 eb 14 45 85 d2 0f 84 84 00 00 00 48 8b
0x00007ffa1cbac962:   47 10 41 8b d1 49 8b 34 06 48 8b 86 00 01 00 00
0x00007ffa1cbac972:   90 8b 8e 80 00 00 00 2b c8 81 e1 ff ff 01 00 81
0x00007ffa1cbac982:   f9 ff ff 01 00 41 0f 44 cc 85 c9 75 13 ba ff ff
0x00007ffa1cbac992:   ff ff 32 c0 41 89 93 00 02 00 00 e9 c5 00 00 00
0x00007ffa1cbac9a2:   48 8b 8e 80 01 00 00 4c 8b c8 44 8b c0 4e 8b 04
0x00007ffa1cbac9b2:   c1 8d 48 01 81 e1 ff ff 01 00 4d 89 07 45 8b c4
0x00007ffa1cbac9c2:   41 0f 94 c0 49 c1 e9 20 45 03 c8 49 c1 e1 20 4c
0x00007ffa1cbac9d2:   0b c9 f0 4c 0f b1 8e 00 01 00 00 0f 94 c0 84 c0
0x00007ffa1cbac9e2:   75 05 ba ff ff ff ff 41 89 93 00 02 00 00 eb 75
0x00007ffa1cbac9f2:   75 77 48 8b 47 10 8d 4b ff 83 e1 01 4c 8b 14 c8
0x00007ffa1cbaca02:   49 8b 82 00 01 00 00 90 41 8b 8a 80 00 00 00 2b
0x00007ffa1cbaca12:   c8 81 e1 ff ff 01 00 81 f9 ff ff 01 00 41 0f 44
0x00007ffa1cbaca22:   cc 85 c9 75 04 32 c0 eb 3c 49 8b 8a 80 01 00 00
0x00007ffa1cbaca32:   4c 8b c0 8b d0 48 8b 14 d1 8d 48 01 81 e1 ff ff
0x00007ffa1cbaca42:   01 00 49 89 17 41 8b d4 0f 94 c2 49 c1 e8 20 44
0x00007ffa1cbaca52:   03 c2 49 c1 e0 20 4c 0b c1 f0 4d 0f b1 82 00 01 


Stack slot to memory mapping:
stack at sp + 0 slots: 0x0000000000000010 is an unknown value
stack at sp + 1 slots: 0x0000000000000206 is an unknown value
stack at sp + 2 slots: 0x000000bf23cff288 points into unknown readable memory: 0x000002319a553910 | 10 39 55 9a 31 02 00 00
stack at sp + 3 slots: 0x0000000000000020 is an unknown value
stack at sp + 4 slots: 0x0000000000000005 is an unknown value
stack at sp + 5 slots: 0x0000000000000003 is an unknown value
stack at sp + 6 slots: 0x00007ffa1cf7dd78 jvm.dll
stack at sp + 7 slots: 0x00000231ae3b6480 points into unknown readable memory: 0x00007ffa1d271c78 | 78 1c 27 1d fa 7f 00 00


---------------  P R O C E S S  ---------------

Threads class SMR info:
_java_thread_list=0x00000231b5adefc0, length=35, elements={
0x000002319a546670, 0x000002319a5f6450, 0x000002319a5f91f0, 0x00000231ae3d0820,
0x00000231ae3d1750, 0x00000231ae3d42f0, 0x00000231ae3d5d30, 0x00000231ae3d6930,
0x00000231b3bee260, 0x00000231b3c0efd0, 0x00000231b3cae010, 0x00000231b3fd0060,
0x00000231b43292f0, 0x00000231b505e010, 0x00000231b4d997c0, 0x00000231b51790c0,
0x00000231b54ad670, 0x00000231b4997960, 0x00000231b4996f40, 0x00000231b4998380,
0x00000231b4996010, 0x00000231b4997e70, 0x00000231b4996520, 0x00000231b4996a30,
0x00000231b4997450, 0x00000231b79a7310, 0x00000231b79a9170, 0x00000231b79ad850,
0x00000231b79a7820, 0x00000231b79aaac0, 0x00000231b79a9680, 0x00000231b79ac920,
0x00000231b79ace30, 0x00000231b79ad340, 0x00000231b49997c0
}

Java Threads: ( => current thread )
  0x000002319a546670 JavaThread "main" [_thread_blocked, id=12872, stack(0x000000bf23a00000,0x000000bf23b00000)]
  0x000002319a5f6450 JavaThread "Reference Handler" daemon [_thread_blocked, id=12732, stack(0x000000bf23d00000,0x000000bf23e00000)]
  0x000002319a5f91f0 JavaThread "Finalizer" daemon [_thread_blocked, id=12780, stack(0x000000bf23e00000,0x000000bf23f00000)]
  0x00000231ae3d0820 JavaThread "Signal Dispatcher" daemon [_thread_blocked, id=11384, stack(0x000000bf23f00000,0x000000bf24000000)]
  0x00000231ae3d1750 JavaThread "Attach Listener" daemon [_thread_blocked, id=1884, stack(0x000000bf24000000,0x000000bf24100000)]
  0x00000231ae3d42f0 JavaThread "Service Thread" daemon [_thread_blocked, id=2372, stack(0x000000bf24100000,0x000000bf24200000)]
  0x00000231ae3d5d30 JavaThread "Monitor Deflation Thread" daemon [_thread_blocked, id=12500, stack(0x000000bf24200000,0x000000bf24300000)]
  0x00000231ae3d6930 JavaThread "C2 CompilerThread0" daemon [_thread_blocked, id=4712, stack(0x000000bf24300000,0x000000bf24400000)]
  0x00000231b3bee260 JavaThread "C1 CompilerThread0" daemon [_thread_blocked, id=11268, stack(0x000000bf24400000,0x000000bf24500000)]
  0x00000231b3c0efd0 JavaThread "Sweeper thread" daemon [_thread_blocked, id=7944, stack(0x000000bf24500000,0x000000bf24600000)]
  0x00000231b3cae010 JavaThread "Common-Cleaner" daemon [_thread_blocked, id=4048, stack(0x000000bf24600000,0x000000bf24700000)]
  0x00000231b3fd0060 JavaThread "Notification Thread" daemon [_thread_blocked, id=11952, stack(0x000000bf24800000,0x000000bf24900000)]
  0x00000231b43292f0 JavaThread "Active Thread: Equinox Container: 8e9f3cb2-ec9f-4f67-b065-e4124d74673d" [_thread_blocked, id=12052, stack(0x000000bf24f00000,0x000000bf25000000)]
  0x00000231b505e010 JavaThread "Framework Event Dispatcher: Equinox Container: 8e9f3cb2-ec9f-4f67-b065-e4124d74673d" daemon [_thread_blocked, id=1112, stack(0x000000bf25000000,0x000000bf25100000)]
  0x00000231b4d997c0 JavaThread "Start Level: Equinox Container: 8e9f3cb2-ec9f-4f67-b065-e4124d74673d" daemon [_thread_blocked, id=4488, stack(0x000000bf25100000,0x000000bf25200000)]
  0x00000231b51790c0 JavaThread "Bundle File Closer" daemon [_thread_blocked, id=8088, stack(0x000000bf25200000,0x000000bf25300000)]
  0x00000231b54ad670 JavaThread "SCR Component Actor" daemon [_thread_blocked, id=3716, stack(0x000000bf25300000,0x000000bf25400000)]
  0x00000231b4997960 JavaThread "Worker-JM" [_thread_blocked, id=6780, stack(0x000000bf24700000,0x000000bf24800000)]
  0x00000231b4996f40 JavaThread "Worker-1" [_thread_blocked, id=12340, stack(0x000000bf25600000,0x000000bf25700000)]
  0x00000231b4998380 JavaThread "Java indexing" daemon [_thread_blocked, id=13168, stack(0x000000bf25800000,0x000000bf25900000)]
  0x00000231b4996010 JavaThread "JNA Cleaner" daemon [_thread_blocked, id=12284, stack(0x000000bf25900000,0x000000bf25a00000)]
  0x00000231b4997e70 JavaThread "pool-2-thread-1" [_thread_blocked, id=1288, stack(0x000000bf25c00000,0x000000bf25d00000)]
  0x00000231b4996520 JavaThread "WorkspaceEventsHandler" [_thread_blocked, id=12876, stack(0x000000bf25d00000,0x000000bf25e00000)]
  0x00000231b4996a30 JavaThread "pool-1-thread-1" [_thread_in_native, id=12788, stack(0x000000bf25e00000,0x000000bf25f00000)]
  0x00000231b4997450 JavaThread "Worker-2" [_thread_blocked, id=12632, stack(0x000000bf25f00000,0x000000bf26000000)]
  0x00000231b79a7310 JavaThread "ForkJoinPool.commonPool-worker-1" daemon [_thread_blocked, id=12740, stack(0x000000bf25400000,0x000000bf25500000)]
  0x00000231b79a9170 JavaThread "ForkJoinPool.commonPool-worker-3" daemon [_thread_blocked, id=13108, stack(0x000000bf26200000,0x000000bf26300000)]
  0x00000231b79ad850 JavaThread "ForkJoinPool.commonPool-worker-4" daemon [_thread_blocked, id=12844, stack(0x000000bf26300000,0x000000bf26400000)]
  0x00000231b79a7820 JavaThread "ForkJoinPool.commonPool-worker-5" daemon [_thread_blocked, id=13364, stack(0x000000bf26400000,0x000000bf26500000)]
  0x00000231b79aaac0 JavaThread "ForkJoinPool.commonPool-worker-6" daemon [_thread_blocked, id=9904, stack(0x000000bf23800000,0x000000bf23900000)]
  0x00000231b79a9680 JavaThread "pool-1-thread-4" [_thread_blocked, id=11248, stack(0x000000bf23900000,0x000000bf23a00000)]
  0x00000231b79ac920 JavaThread "Worker-6" [_thread_blocked, id=11088, stack(0x000000bf25500000,0x000000bf25600000)]
  0x00000231b79ace30 JavaThread "Worker-7" [_thread_blocked, id=12960, stack(0x000000bf23700000,0x000000bf23800000)]
  0x00000231b79ad340 JavaThread "Worker-8" [_thread_blocked, id=13460, stack(0x000000bf25700000,0x000000bf25800000)]
  0x00000231b49997c0 JavaThread "pool-1-thread-5" [_thread_blocked, id=13480, stack(0x000000bf25a00000,0x000000bf25b00000)]

Other Threads:
  0x00000231ae3b8810 VMThread "VM Thread" [stack: 0x000000bf23c00000,0x000000bf23d00000] [id=4648]
  0x00000231b3fd0540 WatcherThread [stack: 0x000000bf24900000,0x000000bf24a00000] [id=11664]
  0x000002319a55d970 GCTaskThread "GC Thread#0" [stack: 0x000000bf23b00000,0x000000bf23c00000] [id=11608]
=>0x00000231b4485480 GCTaskThread "GC Thread#1" [stack: 0x000000bf24a00000,0x000000bf24b00000] [id=3456]
  0x00000231b4455020 GCTaskThread "GC Thread#2" [stack: 0x000000bf24b00000,0x000000bf24c00000] [id=12432]
  0x00000231b44552e0 GCTaskThread "GC Thread#3" [stack: 0x000000bf24c00000,0x000000bf24d00000] [id=12404]
  0x00000231b44555a0 GCTaskThread "GC Thread#4" [stack: 0x000000bf24d00000,0x000000bf24e00000] [id=7816]
  0x00000231b4455860 GCTaskThread "GC Thread#5" [stack: 0x000000bf24e00000,0x000000bf24f00000] [id=12668]

Threads with active compile tasks:

VM state: at safepoint (normal execution)

VM Mutex/Monitor currently owned by a thread:  ([mutex/lock_event])
[0x000002319a541030] Threads_lock - owner thread: 0x00000231ae3b8810
[0x000002319a5410c0] Heap_lock - owner thread: 0x00000231b4998380

Heap address: 0x00000000c0000000, size: 1024 MB, Compressed Oops mode: 32-bit

CDS archive(s) not mapped
Compressed class space mapped at: 0x0000000100000000-0x0000000140000000, reserved size: 1073741824
Narrow klass base: 0x0000000000000000, Narrow klass shift: 3, Narrow klass range: 0x140000000

GC Precious Log:
 CPUs: 6 total, 6 available
 Memory: 16055M
 Large Page Support: Disabled
 NUMA Support: Disabled
 Compressed Oops: Enabled (32-bit)
 Alignments: Space 512K, Generation 512K, Heap 2M
 Heap Min Capacity: 100M
 Heap Initial Capacity: 100M
 Heap Max Capacity: 1G
 Pre-touch: Disabled
 Parallel Workers: 6

Heap:
 PSYoungGen      total 4608K, used 4608K [0x00000000eab00000, 0x00000000eb780000, 0x0000000100000000)
  eden space 3584K, 100% used [0x00000000eab00000,0x00000000eae80000,0x00000000eae80000)
  from space 1024K, 100% used [0x00000000eb080000,0x00000000eb180000,0x00000000eb180000)
  to   space 4608K, 68% used [0x00000000eb300000,0x00000000eb6140d0,0x00000000eb780000)
 ParOldGen       total 304640K, used 277995K [0x00000000c0000000, 0x00000000d2980000, 0x00000000eab00000)
  object space 304640K, 91% used [0x00000000c0000000,0x00000000d0f7adf0,0x00000000d2980000)
 Metaspace       used 87750K, committed 88896K, reserved 1179648K
  class space    used 8916K, committed 9408K, reserved 1048576K

Card table byte_map: [0x0000023199ef0000,0x000002319a100000] _byte_map_base: 0x00000231998f0000

Marking Bits: (ParMarkBitMap*) 0x00007ffa1d45d0b0
 Begin Bits: [0x00000231ac1e0000, 0x00000231ad1e0000)
 End Bits:   [0x00000231ad1e0000, 0x00000231ae1e0000)

Polling page: 0x00000231986c0000

Metaspace:

Usage:
  Non-class:     76.99 MB used.
      Class:      8.71 MB used.
       Both:     85.69 MB used.

Virtual space:
  Non-class space:      128.00 MB reserved,      77.62 MB ( 61%) committed,  2 nodes.
      Class space:        1.00 GB reserved,       9.19 MB ( <1%) committed,  1 nodes.
             Both:        1.12 GB reserved,      86.81 MB (  8%) committed. 

Chunk freelists:
   Non-Class:  2.00 MB
       Class:  6.63 MB
        Both:  8.63 MB

MaxMetaspaceSize: unlimited
CompressedClassSpaceSize: 1.00 GB
Initial GC threshold: 21.00 MB
Current GC threshold: 144.50 MB
CDS: off
MetaspaceReclaimPolicy: balanced
 - commit_granule_bytes: 65536.
 - commit_granule_words: 8192.
 - virtual_space_node_default_size: 8388608.
 - enlarge_chunks_in_place: 1.
 - new_chunks_are_fully_committed: 0.
 - uncommit_free_chunks: 1.
 - use_allocation_guard: 0.
 - handle_deallocations: 1.


Internal statistics:

num_allocs_failed_limit: 9.
num_arena_births: 888.
num_arena_deaths: 14.
num_vsnodes_births: 3.
num_vsnodes_deaths: 0.
num_space_committed: 1389.
num_space_uncommitted: 0.
num_chunks_returned_to_freelist: 23.
num_chunks_taken_from_freelist: 4445.
num_chunk_merges: 14.
num_chunk_splits: 2798.
num_chunks_enlarged: 1664.
num_inconsistent_stats: 0.

CodeHeap 'non-profiled nmethods': size=120000Kb used=16804Kb max_used=16827Kb free=103196Kb
 bounds [0x00000231a4cb0000, 0x00000231a5d20000, 0x00000231ac1e0000]
CodeHeap 'profiled nmethods': size=120000Kb used=34110Kb max_used=34925Kb free=85889Kb
 bounds [0x000002319d1e0000, 0x000002319f410000, 0x00000231a4710000]
CodeHeap 'non-nmethods': size=5760Kb used=1422Kb max_used=1512Kb free=4337Kb
 bounds [0x00000231a4710000, 0x00000231a4980000, 0x00000231a4cb0000]
 total_blobs=15582 nmethods=14810 adapters=681
 compilation: enabled
              stopped_count=0, restarted_count=0
 full_count=0

Compilation events (20 events):
Event: 542.297 Thread 0x00000231b3bee260 nmethod 20242 0x000002319db5e690 code [0x000002319db5e8c0, 0x000002319db5f378]
Event: 542.297 Thread 0x00000231b3bee260 20243       3       org.eclipse.jdt.core.dom.ASTConverter::convert (236 bytes)
Event: 542.297 Thread 0x00000231b3bee260 nmethod 20243 0x000002319f126810 code [0x000002319f126b00, 0x000002319f127a78]
Event: 542.297 Thread 0x00000231b3bee260 20244       3       org.eclipse.jdt.core.dom.TypeBinding::isNullType (14 bytes)
Event: 542.298 Thread 0x00000231b3bee260 nmethod 20244 0x000002319e126690 code [0x000002319e126820, 0x000002319e126998]
Event: 542.298 Thread 0x00000231b3bee260 20245   !   3       org.eclipse.jface.text.AbstractLineTracker::getNumberOfLines (18 bytes)
Event: 542.298 Thread 0x00000231b3bee260 nmethod 20245 0x000002319db73410 code [0x000002319db735e0, 0x000002319db739d8]
Event: 542.298 Thread 0x00000231b3bee260 20248       3       org.eclipse.jdt.ls.core.internal.text.correction.SourceAssistProcessor::addFinalModifierWherePossibleQuickAssist (176 bytes)
Event: 542.298 Thread 0x00000231b3bee260 nmethod 20248 0x000002319e517a90 code [0x000002319e517e20, 0x000002319e5197b8]
Event: 542.298 Thread 0x00000231b3bee260 20247   !   3       org.eclipse.jdt.ls.core.internal.text.correction.SourceAssistProcessor::supportsHashCodeEquals (107 bytes)
Event: 542.299 Thread 0x00000231b3bee260 nmethod 20247 0x000002319e062590 code [0x000002319e062880, 0x000002319e0638a8]
Event: 542.299 Thread 0x00000231b3bee260 20249       3       org.eclipse.jdt.internal.corext.fix.VariableDeclarationFixCore::createChangeModifierToFinalFix (167 bytes)
Event: 542.299 Thread 0x00000231b3bee260 nmethod 20249 0x000002319e4ad610 code [0x000002319e4ad8c0, 0x000002319e4ae988]
Event: 542.305 Thread 0x00000231ae3d6930 nmethod 20241 0x00000231a5a6eb10 code [0x00000231a5a6ed80, 0x00000231a5a6f830]
Event: 542.305 Thread 0x00000231ae3d6930 20246       4       org.eclipse.jdt.internal.core.Member::getFlags (13 bytes)
Event: 542.306 Thread 0x00000231ae3d6930 nmethod 20246 0x00000231a5aad390 code [0x00000231a5aad520, 0x00000231a5aad618]
Event: 542.473 Thread 0x00000231b3bee260 20250       3       org.eclipse.jdt.internal.compiler.lookup.CompilationUnitScope::typeToRecord (123 bytes)
Event: 542.474 Thread 0x00000231b3bee260 nmethod 20250 0x000002319eaf3b90 code [0x000002319eaf3da0, 0x000002319eaf46b8]
Event: 543.038 Thread 0x00000231ae3d6930 20251   !   4       java.io.StringReader::read (105 bytes)
Event: 543.042 Thread 0x00000231ae3d6930 nmethod 20251 0x00000231a5c20410 code [0x00000231a5c205c0, 0x00000231a5c20fa8]

GC Heap History (20 events):
Event: 541.655 GC heap after
{Heap after GC invocations=1366 (full 22):
 PSYoungGen      total 6144K, used 1360K [0x00000000eab00000, 0x00000000eb700000, 0x0000000100000000)
  eden space 4608K, 0% used [0x00000000eab00000,0x00000000eab00000,0x00000000eaf80000)
  from space 1536K, 88% used [0x00000000eb580000,0x00000000eb6d4050,0x00000000eb700000)
  to   space 1536K, 0% used [0x00000000eb400000,0x00000000eb400000,0x00000000eb580000)
 ParOldGen       total 304640K, used 262155K [0x00000000c0000000, 0x00000000d2980000, 0x00000000eab00000)
  object space 304640K, 86% used [0x00000000c0000000,0x00000000d0002d50,0x00000000d2980000)
 Metaspace       used 87740K, committed 88896K, reserved 1179648K
  class space    used 8916K, committed 9408K, reserved 1048576K
}
Event: 541.791 GC heap before
{Heap before GC invocations=1367 (full 22):
 PSYoungGen      total 6144K, used 5831K [0x00000000eab00000, 0x00000000eb700000, 0x0000000100000000)
  eden space 4608K, 97% used [0x00000000eab00000,0x00000000eaf5dda0,0x00000000eaf80000)
  from space 1536K, 88% used [0x00000000eb580000,0x00000000eb6d4050,0x00000000eb700000)
  to   space 1536K, 0% used [0x00000000eb400000,0x00000000eb400000,0x00000000eb580000)
 ParOldGen       total 304640K, used 262155K [0x00000000c0000000, 0x00000000d2980000, 0x00000000eab00000)
  object space 304640K, 86% used [0x00000000c0000000,0x00000000d0002d50,0x00000000d2980000)
 Metaspace       used 87741K, committed 88896K, reserved 1179648K
  class space    used 8916K, committed 9408K, reserved 1048576K
}
Event: 541.793 GC heap after
{Heap after GC invocations=1367 (full 22):
 PSYoungGen      total 6144K, used 1528K [0x00000000eab00000, 0x00000000eb880000, 0x0000000100000000)
  eden space 4608K, 0% used [0x00000000eab00000,0x00000000eab00000,0x00000000eaf80000)
  from space 1536K, 99% used [0x00000000eb400000,0x00000000eb57e0f0,0x00000000eb580000)
  to   space 3072K, 0% used [0x00000000eb580000,0x00000000eb580000,0x00000000eb880000)
 ParOldGen       total 304640K, used 264548K [0x00000000c0000000, 0x00000000d2980000, 0x00000000eab00000)
  object space 304640K, 86% used [0x00000000c0000000,0x00000000d0259230,0x00000000d2980000)
 Metaspace       used 87741K, committed 88896K, reserved 1179648K
  class space    used 8916K, committed 9408K, reserved 1048576K
}
Event: 541.799 GC heap before
{Heap before GC invocations=1368 (full 22):
 PSYoungGen      total 6144K, used 6136K [0x00000000eab00000, 0x00000000eb880000, 0x0000000100000000)
  eden space 4608K, 100% used [0x00000000eab00000,0x00000000eaf80000,0x00000000eaf80000)
  from space 1536K, 99% used [0x00000000eb400000,0x00000000eb57e0f0,0x00000000eb580000)
  to   space 3072K, 0% used [0x00000000eb580000,0x00000000eb580000,0x00000000eb880000)
 ParOldGen       total 304640K, used 264548K [0x00000000c0000000, 0x00000000d2980000, 0x00000000eab00000)
  object space 304640K, 86% used [0x00000000c0000000,0x00000000d0259230,0x00000000d2980000)
 Metaspace       used 87741K, committed 88896K, reserved 1179648K
  class space    used 8916K, committed 9408K, reserved 1048576K
}
Event: 541.800 GC heap after
{Heap after GC invocations=1368 (full 22):
 PSYoungGen      total 6656K, used 3068K [0x00000000eab00000, 0x00000000ebd80000, 0x0000000100000000)
  eden space 3584K, 0% used [0x00000000eab00000,0x00000000eab00000,0x00000000eae80000)
  from space 3072K, 99% used [0x00000000eb580000,0x00000000eb87f2f0,0x00000000eb880000)
  to   space 7168K, 0% used [0x00000000eae80000,0x00000000eae80000,0x00000000eb580000)
 ParOldGen       total 304640K, used 267641K [0x00000000c0000000, 0x00000000d2980000, 0x00000000eab00000)
  object space 304640K, 87% used [0x00000000c0000000,0x00000000d055e7a0,0x00000000d2980000)
 Metaspace       used 87741K, committed 88896K, reserved 1179648K
  class space    used 8916K, committed 9408K, reserved 1048576K
}
Event: 541.806 GC heap before
{Heap before GC invocations=1369 (full 22):
 PSYoungGen      total 6656K, used 6652K [0x00000000eab00000, 0x00000000ebd80000, 0x0000000100000000)
  eden space 3584K, 100% used [0x00000000eab00000,0x00000000eae80000,0x00000000eae80000)
  from space 3072K, 99% used [0x00000000eb580000,0x00000000eb87f2f0,0x00000000eb880000)
  to   space 7168K, 0% used [0x00000000eae80000,0x00000000eae80000,0x00000000eb580000)
 ParOldGen       total 304640K, used 267641K [0x00000000c0000000, 0x00000000d2980000, 0x00000000eab00000)
  object space 304640K, 87% used [0x00000000c0000000,0x00000000d055e7a0,0x00000000d2980000)
 Metaspace       used 87741K, committed 88896K, reserved 1179648K
  class space    used 8916K, committed 9408K, reserved 1048576K
}
Event: 541.808 GC heap after
{Heap after GC invocations=1369 (full 22):
 PSYoungGen      total 5632K, used 1760K [0x00000000eab00000, 0x00000000eb600000, 0x0000000100000000)
  eden space 3584K, 0% used [0x00000000eab00000,0x00000000eab00000,0x00000000eae80000)
  from space 2048K, 85% used [0x00000000eae80000,0x00000000eb038000,0x00000000eb080000)
  to   space 3584K, 0% used [0x00000000eb280000,0x00000000eb280000,0x00000000eb600000)
 ParOldGen       total 304640K, used 270750K [0x00000000c0000000, 0x00000000d2980000, 0x00000000eab00000)
  object space 304640K, 88% used [0x00000000c0000000,0x00000000d0867a90,0x00000000d2980000)
 Metaspace       used 87741K, committed 88896K, reserved 1179648K
  class space    used 8916K, committed 9408K, reserved 1048576K
}
Event: 541.879 GC heap before
{Heap before GC invocations=1370 (full 22):
 PSYoungGen      total 5632K, used 5344K [0x00000000eab00000, 0x00000000eb600000, 0x0000000100000000)
  eden space 3584K, 100% used [0x00000000eab00000,0x00000000eae80000,0x00000000eae80000)
  from space 2048K, 85% used [0x00000000eae80000,0x00000000eb038000,0x00000000eb080000)
  to   space 3584K, 0% used [0x00000000eb280000,0x00000000eb280000,0x00000000eb600000)
 ParOldGen       total 304640K, used 270750K [0x00000000c0000000, 0x00000000d2980000, 0x00000000eab00000)
  object space 304640K, 88% used [0x00000000c0000000,0x00000000d0867a90,0x00000000d2980000)
 Metaspace       used 87743K, committed 88896K, reserved 1179648K
  class space    used 8916K, committed 9408K, reserved 1048576K
}
Event: 541.881 GC heap after
{Heap after GC invocations=1370 (full 22):
 PSYoungGen      total 4608K, used 912K [0x00000000eab00000, 0x00000000eb380000, 0x0000000100000000)
  eden space 3584K, 0% used [0x00000000eab00000,0x00000000eab00000,0x00000000eae80000)
  from space 1024K, 89% used [0x00000000eb280000,0x00000000eb364010,0x00000000eb380000)
  to   space 1536K, 0% used [0x00000000eb080000,0x00000000eb080000,0x00000000eb200000)
 ParOldGen       total 304640K, used 272381K [0x00000000c0000000, 0x00000000d2980000, 0x00000000eab00000)
  object space 304640K, 89% used [0x00000000c0000000,0x00000000d09ff4d0,0x00000000d2980000)
 Metaspace       used 87743K, committed 88896K, reserved 1179648K
  class space    used 8916K, committed 9408K, reserved 1048576K
}
Event: 542.292 GC heap before
{Heap before GC invocations=1371 (full 22):
 PSYoungGen      total 4608K, used 4496K [0x00000000eab00000, 0x00000000eb380000, 0x0000000100000000)
  eden space 3584K, 100% used [0x00000000eab00000,0x00000000eae80000,0x00000000eae80000)
  from space 1024K, 89% used [0x00000000eb280000,0x00000000eb364010,0x00000000eb380000)
  to   space 1536K, 0% used [0x00000000eb080000,0x00000000eb080000,0x00000000eb200000)
 ParOldGen       total 304640K, used 272381K [0x00000000c0000000, 0x00000000d2980000, 0x00000000eab00000)
  object space 304640K, 89% used [0x00000000c0000000,0x00000000d09ff4d0,0x00000000d2980000)
 Metaspace       used 87743K, committed 88896K, reserved 1179648K
  class space    used 8916K, committed 9408K, reserved 1048576K
}
Event: 542.293 GC heap after
{Heap after GC invocations=1371 (full 22):
 PSYoungGen      total 5120K, used 160K [0x00000000eab00000, 0x00000000eb300000, 0x0000000100000000)
  eden space 3584K, 0% used [0x00000000eab00000,0x00000000eab00000,0x00000000eae80000)
  from space 1536K, 10% used [0x00000000eb080000,0x00000000eb0a8000,0x00000000eb200000)
  to   space 1024K, 0% used [0x00000000eb200000,0x00000000eb200000,0x00000000eb300000)
 ParOldGen       total 304640K, used 273254K [0x00000000c0000000, 0x00000000d2980000, 0x00000000eab00000)
  object space 304640K, 89% used [0x00000000c0000000,0x00000000d0ad9990,0x00000000d2980000)
 Metaspace       used 87743K, committed 88896K, reserved 1179648K
  class space    used 8916K, committed 9408K, reserved 1048576K
}
Event: 542.465 GC heap before
{Heap before GC invocations=1372 (full 22):
 PSYoungGen      total 5120K, used 3743K [0x00000000eab00000, 0x00000000eb300000, 0x0000000100000000)
  eden space 3584K, 99% used [0x00000000eab00000,0x00000000eae7fff0,0x00000000eae80000)
  from space 1536K, 10% used [0x00000000eb080000,0x00000000eb0a8000,0x00000000eb200000)
  to   space 1024K, 0% used [0x00000000eb200000,0x00000000eb200000,0x00000000eb300000)
 ParOldGen       total 304640K, used 273254K [0x00000000c0000000, 0x00000000d2980000, 0x00000000eab00000)
  object space 304640K, 89% used [0x00000000c0000000,0x00000000d0ad9990,0x00000000d2980000)
 Metaspace       used 87750K, committed 88896K, reserved 1179648K
  class space    used 8916K, committed 9408K, reserved 1048576K
}
Event: 542.466 GC heap after
{Heap after GC invocations=1372 (full 22):
 PSYoungGen      total 4608K, used 992K [0x00000000eab00000, 0x00000000eb300000, 0x0000000100000000)
  eden space 3584K, 0% used [0x00000000eab00000,0x00000000eab00000,0x00000000eae80000)
  from space 1024K, 96% used [0x00000000eb200000,0x00000000eb2f8020,0x00000000eb300000)
  to   space 1536K, 0% used [0x00000000eb000000,0x00000000eb000000,0x00000000eb180000)
 ParOldGen       total 304640K, used 273318K [0x00000000c0000000, 0x00000000d2980000, 0x00000000eab00000)
  object space 304640K, 89% used [0x00000000c0000000,0x00000000d0ae9990,0x00000000d2980000)
 Metaspace       used 87750K, committed 88896K, reserved 1179648K
  class space    used 8916K, committed 9408K, reserved 1048576K
}
Event: 542.471 GC heap before
{Heap before GC invocations=1373 (full 22):
 PSYoungGen      total 4608K, used 4576K [0x00000000eab00000, 0x00000000eb300000, 0x0000000100000000)
  eden space 3584K, 99% used [0x00000000eab00000,0x00000000eae7fff8,0x00000000eae80000)
  from space 1024K, 96% used [0x00000000eb200000,0x00000000eb2f8020,0x00000000eb300000)
  to   space 1536K, 0% used [0x00000000eb000000,0x00000000eb000000,0x00000000eb180000)
 ParOldGen       total 304640K, used 273318K [0x00000000c0000000, 0x00000000d2980000, 0x00000000eab00000)
  object space 304640K, 89% used [0x00000000c0000000,0x00000000d0ae9990,0x00000000d2980000)
 Metaspace       used 87750K, committed 88896K, reserved 1179648K
  class space    used 8916K, committed 9408K, reserved 1048576K
}
Event: 542.472 GC heap after
{Heap after GC invocations=1373 (full 22):
 PSYoungGen      total 5120K, used 528K [0x00000000eab00000, 0x00000000eb280000, 0x0000000100000000)
  eden space 3584K, 0% used [0x00000000eab00000,0x00000000eab00000,0x00000000eae80000)
  from space 1536K, 34% used [0x00000000eb000000,0x00000000eb084010,0x00000000eb180000)
  to   space 1024K, 0% used [0x00000000eb180000,0x00000000eb180000,0x00000000eb280000)
 ParOldGen       total 304640K, used 274191K [0x00000000c0000000, 0x00000000d2980000, 0x00000000eab00000)
  object space 304640K, 90% used [0x00000000c0000000,0x00000000d0bc3e60,0x00000000d2980000)
 Metaspace       used 87750K, committed 88896K, reserved 1179648K
  class space    used 8916K, committed 9408K, reserved 1048576K
}
Event: 543.057 GC heap before
{Heap before GC invocations=1374 (full 22):
 PSYoungGen      total 5120K, used 4112K [0x00000000eab00000, 0x00000000eb280000, 0x0000000100000000)
  eden space 3584K, 100% used [0x00000000eab00000,0x00000000eae80000,0x00000000eae80000)
  from space 1536K, 34% used [0x00000000eb000000,0x00000000eb084010,0x00000000eb180000)
  to   space 1024K, 0% used [0x00000000eb180000,0x00000000eb180000,0x00000000eb280000)
 ParOldGen       total 304640K, used 274191K [0x00000000c0000000, 0x00000000d2980000, 0x00000000eab00000)
  object space 304640K, 90% used [0x00000000c0000000,0x00000000d0bc3e60,0x00000000d2980000)
 Metaspace       used 87750K, committed 88896K, reserved 1179648K
  class space    used 8916K, committed 9408K, reserved 1048576K
}
Event: 543.058 GC heap after
{Heap after GC invocations=1374 (full 22):
 PSYoungGen      total 4608K, used 651K [0x00000000eab00000, 0x00000000eb280000, 0x0000000100000000)
  eden space 3584K, 0% used [0x00000000eab00000,0x00000000eab00000,0x00000000eae80000)
  from space 1024K, 63% used [0x00000000eb180000,0x00000000eb222f90,0x00000000eb280000)
  to   space 1024K, 0% used [0x00000000eb080000,0x00000000eb080000,0x00000000eb180000)
 ParOldGen       total 304640K, used 274207K [0x00000000c0000000, 0x00000000d2980000, 0x00000000eab00000)
  object space 304640K, 90% used [0x00000000c0000000,0x00000000d0bc7e60,0x00000000d2980000)
 Metaspace       used 87750K, committed 88896K, reserved 1179648K
  class space    used 8916K, committed 9408K, reserved 1048576K
}
Event: 543.062 GC heap before
{Heap before GC invocations=1375 (full 22):
 PSYoungGen      total 4608K, used 4235K [0x00000000eab00000, 0x00000000eb280000, 0x0000000100000000)
  eden space 3584K, 99% used [0x00000000eab00000,0x00000000eae7ffe0,0x00000000eae80000)
  from space 1024K, 63% used [0x00000000eb180000,0x00000000eb222f90,0x00000000eb280000)
  to   space 1024K, 0% used [0x00000000eb080000,0x00000000eb080000,0x00000000eb180000)
 ParOldGen       total 304640K, used 274207K [0x00000000c0000000, 0x00000000d2980000, 0x00000000eab00000)
  object space 304640K, 90% used [0x00000000c0000000,0x00000000d0bc7e60,0x00000000d2980000)
 Metaspace       used 87750K, committed 88896K, reserved 1179648K
  class space    used 8916K, committed 9408K, reserved 1048576K
}
Event: 543.063 GC heap after
{Heap after GC invocations=1375 (full 22):
 PSYoungGen      total 4608K, used 1024K [0x00000000eab00000, 0x00000000eb780000, 0x0000000100000000)
  eden space 3584K, 0% used [0x00000000eab00000,0x00000000eab00000,0x00000000eae80000)
  from space 1024K, 100% used [0x00000000eb080000,0x00000000eb180000,0x00000000eb180000)
  to   space 4608K, 0% used [0x00000000eb300000,0x00000000eb300000,0x00000000eb780000)
 ParOldGen       total 304640K, used 276939K [0x00000000c0000000, 0x00000000d2980000, 0x00000000eab00000)
  object space 304640K, 90% used [0x00000000c0000000,0x00000000d0e72df0,0x00000000d2980000)
 Metaspace       used 87750K, committed 88896K, reserved 1179648K
  class space    used 8916K, committed 9408K, reserved 1048576K
}
Event: 543.081 GC heap before
{Heap before GC invocations=1376 (full 22):
 PSYoungGen      total 4608K, used 4608K [0x00000000eab00000, 0x00000000eb780000, 0x0000000100000000)
  eden space 3584K, 100% used [0x00000000eab00000,0x00000000eae80000,0x00000000eae80000)
  from space 1024K, 100% used [0x00000000eb080000,0x00000000eb180000,0x00000000eb180000)
  to   space 4608K, 0% used [0x00000000eb300000,0x00000000eb300000,0x00000000eb780000)
 ParOldGen       total 304640K, used 276939K [0x00000000c0000000, 0x00000000d2980000, 0x00000000eab00000)
  object space 304640K, 90% used [0x00000000c0000000,0x00000000d0e72df0,0x00000000d2980000)
 Metaspace       used 87750K, committed 88896K, reserved 1179648K
  class space    used 8916K, committed 9408K, reserved 1048576K
}

Dll operation events (11 events):
Event: 0.021 Loaded shared library c:\Users\Giuseppe\.vscode\extensions\redhat.java-1.26.0-win32-x64\jre\17.0.9-win32-x86_64\bin\java.dll
Event: 0.266 Loaded shared library c:\Users\Giuseppe\.vscode\extensions\redhat.java-1.26.0-win32-x64\jre\17.0.9-win32-x86_64\bin\zip.dll
Event: 0.267 Loaded shared library C:\Users\Giuseppe\.vscode\extensions\redhat.java-1.26.0-win32-x64\jre\17.0.9-win32-x86_64\bin\instrument.dll
Event: 0.280 Loaded shared library C:\Users\Giuseppe\.vscode\extensions\redhat.java-1.26.0-win32-x64\jre\17.0.9-win32-x86_64\bin\net.dll
Event: 0.281 Loaded shared library C:\Users\Giuseppe\.vscode\extensions\redhat.java-1.26.0-win32-x64\jre\17.0.9-win32-x86_64\bin\nio.dll
Event: 0.287 Loaded shared library C:\Users\Giuseppe\.vscode\extensions\redhat.java-1.26.0-win32-x64\jre\17.0.9-win32-x86_64\bin\zip.dll
Event: 0.302 Loaded shared library C:\Users\Giuseppe\.vscode\extensions\redhat.java-1.26.0-win32-x64\jre\17.0.9-win32-x86_64\bin\jimage.dll
Event: 0.354 Loaded shared library c:\Users\Giuseppe\.vscode\extensions\redhat.java-1.26.0-win32-x64\jre\17.0.9-win32-x86_64\bin\verify.dll
Event: 1.231 Loaded shared library C:\Users\Giuseppe\AppData\Roaming\Code\User\globalStorage\redhat.java\1.26.0\config_win\org.eclipse.equinox.launcher\org.eclipse.equinox.launcher.win32.win32.x86_64_1.2.800.v20231003-1442\eclipse_11802.dll
Event: 3.418 Loaded shared library C:\Users\Giuseppe\AppData\Local\Temp\jna-1343023872\jna15151301503958207609.dll
Event: 9.167 Loaded shared library C:\Users\Giuseppe\.vscode\extensions\redhat.java-1.26.0-win32-x64\jre\17.0.9-win32-x86_64\bin\sunmscapi.dll

Deoptimization events (20 events):
Event: 540.745 Thread 0x00000231b4996a30 Uncommon trap: trap_request=0xffffffde fr.pc=0x00000231a58d6890 relative=0x00000000000006d0
Event: 540.745 Thread 0x00000231b4996a30 Uncommon trap: reason=class_check action=maybe_recompile pc=0x00000231a58d6890 method=org.eclipse.jdt.internal.compiler.lookup.FieldBinding.canBeSeenBy(Lorg/eclipse/jdt/internal/compiler/lookup/TypeBinding;Lorg/eclipse/jdt/internal/compiler/lookup/Invocat
Event: 540.745 Thread 0x00000231b4996a30 DEOPT PACKING pc=0x00000231a58d6890 sp=0x000000bf25efe2d0
Event: 540.745 Thread 0x00000231b4996a30 DEOPT UNPACKING pc=0x00000231a47666a3 sp=0x000000bf25efe268 mode 2
Event: 541.404 Thread 0x00000231b79a9170 Uncommon trap: trap_request=0xfffffff4 fr.pc=0x00000231a5321f68 relative=0x00000000000007a8
Event: 541.404 Thread 0x00000231b79a9170 Uncommon trap: reason=null_check action=make_not_entrant pc=0x00000231a5321f68 method=org.eclipse.jdt.internal.compiler.ast.ASTNode.resolvePolyExpressionArguments0(Lorg/eclipse/jdt/internal/compiler/ast/Invocation;Lorg/eclipse/jdt/internal/compiler/lookup
Event: 541.404 Thread 0x00000231b79a9170 DEOPT PACKING pc=0x00000231a5321f68 sp=0x000000bf262fda30
Event: 541.404 Thread 0x00000231b79a9170 DEOPT UNPACKING pc=0x00000231a47666a3 sp=0x000000bf262fd9b8 mode 2
Event: 541.404 Thread 0x00000231b79a9170 Uncommon trap: trap_request=0xffffff45 fr.pc=0x00000231a5c01550 relative=0x0000000000002950
Event: 541.404 Thread 0x00000231b79a9170 Uncommon trap: reason=unstable_if action=reinterpret pc=0x00000231a5c01550 method=org.eclipse.jdt.internal.compiler.ast.MessageSend.resolveType(Lorg/eclipse/jdt/internal/compiler/lookup/BlockScope;)Lorg/eclipse/jdt/internal/compiler/lookup/TypeBinding; @ 
Event: 541.404 Thread 0x00000231b79a9170 DEOPT PACKING pc=0x00000231a5c01550 sp=0x000000bf262fdad0
Event: 541.404 Thread 0x00000231b79a9170 DEOPT UNPACKING pc=0x00000231a47666a3 sp=0x000000bf262fdab8 mode 2
Event: 541.406 Thread 0x00000231b79a9170 Uncommon trap: trap_request=0xffffff45 fr.pc=0x00000231a59d6788 relative=0x00000000000025a8
Event: 541.406 Thread 0x00000231b79a9170 Uncommon trap: reason=unstable_if action=reinterpret pc=0x00000231a59d6788 method=org.eclipse.jdt.core.dom.TypeBinding.isNullType()Z @ 7 c2
Event: 541.406 Thread 0x00000231b79a9170 DEOPT PACKING pc=0x00000231a59d6788 sp=0x000000bf262fe590
Event: 541.406 Thread 0x00000231b79a9170 DEOPT UNPACKING pc=0x00000231a47666a3 sp=0x000000bf262fe490 mode 2
Event: 541.406 Thread 0x00000231b79a9170 Uncommon trap: trap_request=0xffffff45 fr.pc=0x00000231a5ae465c relative=0x000000000000005c
Event: 541.406 Thread 0x00000231b79a9170 Uncommon trap: reason=unstable_if action=reinterpret pc=0x00000231a5ae465c method=org.eclipse.jdt.core.dom.TypeBinding.isNullType()Z @ 7 c2
Event: 541.406 Thread 0x00000231b79a9170 DEOPT PACKING pc=0x00000231a5ae465c sp=0x000000bf262fe560
Event: 541.406 Thread 0x00000231b79a9170 DEOPT UNPACKING pc=0x00000231a47666a3 sp=0x000000bf262fe4e8 mode 2

Classes unloaded (7 events):
Event: 2.190 Thread 0x00000231ae3b8810 Unloading class 0x000000010024bc00 'java/lang/invoke/LambdaForm$MH+0x000000010024bc00'
Event: 2.190 Thread 0x00000231ae3b8810 Unloading class 0x000000010024b800 'java/lang/invoke/LambdaForm$MH+0x000000010024b800'
Event: 2.190 Thread 0x00000231ae3b8810 Unloading class 0x000000010024b400 'java/lang/invoke/LambdaForm$MH+0x000000010024b400'
Event: 2.190 Thread 0x00000231ae3b8810 Unloading class 0x000000010024b000 'java/lang/invoke/LambdaForm$MH+0x000000010024b000'
Event: 2.190 Thread 0x00000231ae3b8810 Unloading class 0x000000010024ac00 'java/lang/invoke/LambdaForm$BMH+0x000000010024ac00'
Event: 2.190 Thread 0x00000231ae3b8810 Unloading class 0x000000010024a800 'java/lang/invoke/LambdaForm$DMH+0x000000010024a800'
Event: 2.190 Thread 0x00000231ae3b8810 Unloading class 0x0000000100244400 'java/lang/invoke/LambdaForm$DMH+0x0000000100244400'

Classes redefined (0 events):
No events

Internal exceptions (20 events):
Event: 540.737 Thread 0x00000231b49997c0 Exception <a 'java/lang/ClassNotFoundException'{0x00000000eaba1678}: sun/net/www/protocol/jdt/Handler> (0x00000000eaba1678) 
thrown [s\src\hotspot\share\classfile\systemDictionary.cpp, line 256]
Event: 540.737 Thread 0x00000231b49997c0 Exception <a 'java/lang/ClassNotFoundException'{0x00000000eaba3910}: sun/net/www/protocol/jdt/Handler> (0x00000000eaba3910) 
thrown [s\src\hotspot\share\classfile\systemDictionary.cpp, line 256]
Event: 540.737 Thread 0x00000231b49997c0 Exception <a 'java/lang/ClassNotFoundException'{0x00000000eaba5b70}: sun/net/www/protocol/jdt/Handler> (0x00000000eaba5b70) 
thrown [s\src\hotspot\share\classfile\systemDictionary.cpp, line 256]
Event: 540.737 Thread 0x00000231b49997c0 Exception <a 'java/lang/ClassNotFoundException'{0x00000000eaba7dd0}: sun/net/www/protocol/jdt/Handler> (0x00000000eaba7dd0) 
thrown [s\src\hotspot\share\classfile\systemDictionary.cpp, line 256]
Event: 540.737 Thread 0x00000231b49997c0 Exception <a 'java/lang/ClassNotFoundException'{0x00000000eabaa078}: sun/net/www/protocol/jdt/Handler> (0x00000000eabaa078) 
thrown [s\src\hotspot\share\classfile\systemDictionary.cpp, line 256]
Event: 540.737 Thread 0x00000231b49997c0 Exception <a 'java/lang/ClassNotFoundException'{0x00000000eabac2d8}: sun/net/www/protocol/jdt/Handler> (0x00000000eabac2d8) 
thrown [s\src\hotspot\share\classfile\systemDictionary.cpp, line 256]
Event: 540.737 Thread 0x00000231b49997c0 Exception <a 'java/lang/ClassNotFoundException'{0x00000000eabae538}: sun/net/www/protocol/jdt/Handler> (0x00000000eabae538) 
thrown [s\src\hotspot\share\classfile\systemDictionary.cpp, line 256]
Event: 540.745 Thread 0x00000231b4996a30 Exception <a 'java/lang/ClassCastException'{0x00000000eae853f0}> (0x00000000eae853f0) 
thrown [s\src\hotspot\share\runtime\sharedRuntime.cpp, line 631]
Event: 540.745 Thread 0x00000231b4996a30 Exception <a 'java/lang/ClassCastException'{0x00000000eae85858}> (0x00000000eae85858) 
thrown [s\src\hotspot\share\runtime\sharedRuntime.cpp, line 631]
Event: 540.745 Thread 0x00000231b4996a30 Exception <a 'java/lang/ClassCastException'{0x00000000eae85cc0}> (0x00000000eae85cc0) 
thrown [s\src\hotspot\share\runtime\sharedRuntime.cpp, line 631]
Event: 540.745 Thread 0x00000231b4996a30 Exception <a 'java/lang/ClassCastException'{0x00000000eae86128}> (0x00000000eae86128) 
thrown [s\src\hotspot\share\runtime\sharedRuntime.cpp, line 631]
Event: 540.745 Thread 0x00000231b4996a30 Exception <a 'java/lang/ClassCastException'{0x00000000eae86590}> (0x00000000eae86590) 
thrown [s\src\hotspot\share\runtime\sharedRuntime.cpp, line 631]
Event: 540.745 Thread 0x00000231b4996a30 Exception <a 'java/lang/ClassCastException'{0x00000000eae869f8}> (0x00000000eae869f8) 
thrown [s\src\hotspot\share\runtime\sharedRuntime.cpp, line 631]
Event: 540.745 Thread 0x00000231b4996a30 Exception <a 'java/lang/ClassCastException'{0x00000000eae88f60}> (0x00000000eae88f60) 
thrown [s\src\hotspot\share\runtime\sharedRuntime.cpp, line 631]
Event: 540.745 Thread 0x00000231b4996a30 Exception <a 'java/lang/ClassCastException'{0x00000000eae893c8}> (0x00000000eae893c8) 
thrown [s\src\hotspot\share\runtime\sharedRuntime.cpp, line 631]
Event: 540.745 Thread 0x00000231b4996a30 Exception <a 'java/lang/ClassCastException'{0x00000000eae89830}> (0x00000000eae89830) 
thrown [s\src\hotspot\share\runtime\sharedRuntime.cpp, line 631]
Event: 540.768 Thread 0x00000231b49997c0 Exception <a 'java/lang/ClassNotFoundException'{0x00000000eac9b948}: sun/net/www/protocol/jdt/Handler> (0x00000000eac9b948) 
thrown [s\src\hotspot\share\classfile\systemDictionary.cpp, line 256]
Event: 540.768 Thread 0x00000231b49997c0 Exception <a 'java/lang/ClassNotFoundException'{0x00000000eac9d820}: sun/net/www/protocol/jdt/Handler> (0x00000000eac9d820) 
thrown [s\src\hotspot\share\classfile\systemDictionary.cpp, line 256]
Event: 541.404 Thread 0x00000231b79a9170 Implicit null exception at 0x00000231a5321aa7 to 0x00000231a5321f5c
Event: 543.056 Thread 0x00000231b4998380 Exception <a 'sun/nio/fs/WindowsException'{0x00000000ead9e020}> (0x00000000ead9e020) 
thrown [s\src\hotspot\share\prims\jni.cpp, line 516]

VM Operations (20 events):
Event: 541.655 Executing VM operation: ParallelGCFailedAllocation done
Event: 541.791 Executing VM operation: ParallelGCFailedAllocation
Event: 541.793 Executing VM operation: ParallelGCFailedAllocation done
Event: 541.799 Executing VM operation: ParallelGCFailedAllocation
Event: 541.800 Executing VM operation: ParallelGCFailedAllocation done
Event: 541.806 Executing VM operation: ParallelGCFailedAllocation
Event: 541.808 Executing VM operation: ParallelGCFailedAllocation done
Event: 541.879 Executing VM operation: ParallelGCFailedAllocation
Event: 541.881 Executing VM operation: ParallelGCFailedAllocation done
Event: 542.292 Executing VM operation: ParallelGCFailedAllocation
Event: 542.293 Executing VM operation: ParallelGCFailedAllocation done
Event: 542.465 Executing VM operation: ParallelGCFailedAllocation
Event: 542.466 Executing VM operation: ParallelGCFailedAllocation done
Event: 542.471 Executing VM operation: ParallelGCFailedAllocation
Event: 542.472 Executing VM operation: ParallelGCFailedAllocation done
Event: 543.057 Executing VM operation: ParallelGCFailedAllocation
Event: 543.058 Executing VM operation: ParallelGCFailedAllocation done
Event: 543.062 Executing VM operation: ParallelGCFailedAllocation
Event: 543.063 Executing VM operation: ParallelGCFailedAllocation done
Event: 543.081 Executing VM operation: ParallelGCFailedAllocation

Events (20 events):
Event: 536.262 Thread 0x00000231b3c0efd0 flushing nmethod 0x000002319ee64790
Event: 536.262 Thread 0x00000231b3c0efd0 flushing nmethod 0x000002319ee73590
Event: 536.262 Thread 0x00000231b3c0efd0 flushing nmethod 0x000002319eeb2410
Event: 536.263 Thread 0x00000231b3c0efd0 flushing nmethod 0x000002319efd5090
Event: 536.263 Thread 0x00000231b3c0efd0 flushing nmethod 0x000002319f068390
Event: 536.263 Thread 0x00000231b3c0efd0 flushing nmethod 0x000002319f126810
Event: 536.263 Thread 0x00000231b3c0efd0 flushing nmethod 0x000002319f141a90
Event: 536.263 Thread 0x00000231b3c0efd0 flushing nmethod 0x000002319f142210
Event: 536.263 Thread 0x00000231b3c0efd0 flushing nmethod 0x000002319f191a90
Event: 536.264 Thread 0x00000231b3c0efd0 flushing nmethod 0x000002319f1d9190
Event: 536.264 Thread 0x00000231b3c0efd0 flushing nmethod 0x000002319f270b10
Event: 537.341 Thread 0x00000231b49997c0 Thread added: 0x00000231b49997c0
Event: 537.355 Thread 0x00000231b49997c0 Thread exited: 0x00000231b49997c0
Event: 539.991 Thread 0x00000231b49997c0 Thread added: 0x00000231b49997c0
Event: 540.617 Thread 0x00000231b9579eb0 Thread added: 0x00000231b9579eb0
Event: 540.758 loading class java/lang/Throwable$WrappedPrintWriter
Event: 540.758 loading class java/lang/Throwable$PrintStreamOrWriter
Event: 540.758 loading class java/lang/Throwable$PrintStreamOrWriter done
Event: 540.758 loading class java/lang/Throwable$WrappedPrintWriter done
Event: 541.600 Thread 0x00000231b9579eb0 Thread exited: 0x00000231b9579eb0


Dynamic libraries:
0x00007ff7d3440000 - 0x00007ff7d344e000 	c:\Users\Giuseppe\.vscode\extensions\redhat.java-1.26.0-win32-x64\jre\17.0.9-win32-x86_64\bin\java.exe
0x00007ffa99d40000 - 0x00007ffa99f49000 	C:\WINDOWS\SYSTEM32\ntdll.dll
0x00007ffa98e40000 - 0x00007ffa98efd000 	C:\WINDOWS\System32\KERNEL32.DLL
0x00007ffa971d0000 - 0x00007ffa97554000 	C:\WINDOWS\System32\KERNELBASE.dll
0x00007ffa979d0000 - 0x00007ffa97ae1000 	C:\WINDOWS\System32\ucrtbase.dll
0x00007ffa7ab10000 - 0x00007ffa7ab27000 	c:\Users\Giuseppe\.vscode\extensions\redhat.java-1.26.0-win32-x64\jre\17.0.9-win32-x86_64\bin\jli.dll
0x00007ffa99210000 - 0x00007ffa993bd000 	C:\WINDOWS\System32\USER32.dll
0x00007ffa97af0000 - 0x00007ffa97b16000 	C:\WINDOWS\System32\win32u.dll
0x00007ffa98fb0000 - 0x00007ffa98fda000 	C:\WINDOWS\System32\GDI32.dll
0x00007ffa97560000 - 0x00007ffa9767e000 	C:\WINDOWS\System32\gdi32full.dll
0x00007ffa97930000 - 0x00007ffa979cd000 	C:\WINDOWS\System32\msvcp_win.dll
0x00007ffa7a8f0000 - 0x00007ffa7a90b000 	c:\Users\Giuseppe\.vscode\extensions\redhat.java-1.26.0-win32-x64\jre\17.0.9-win32-x86_64\bin\VCRUNTIME140.dll
0x00007ffa87650000 - 0x00007ffa878f5000 	C:\WINDOWS\WinSxS\amd64_microsoft.windows.common-controls_6595b64144ccf1df_6.0.22000.120_none_9d947278b86cc467\COMCTL32.dll
0x00007ffa985a0000 - 0x00007ffa98643000 	C:\WINDOWS\System32\msvcrt.dll
0x00007ffa97bb0000 - 0x00007ffa97be1000 	C:\WINDOWS\System32\IMM32.DLL
0x00007ffa94650000 - 0x00007ffa9465c000 	c:\Users\Giuseppe\.vscode\extensions\redhat.java-1.26.0-win32-x64\jre\17.0.9-win32-x86_64\bin\vcruntime140_1.dll
0x00007ffa71ea0000 - 0x00007ffa71f2d000 	c:\Users\Giuseppe\.vscode\extensions\redhat.java-1.26.0-win32-x64\jre\17.0.9-win32-x86_64\bin\msvcp140.dll
0x00007ffa1c8c0000 - 0x00007ffa1d521000 	c:\Users\Giuseppe\.vscode\extensions\redhat.java-1.26.0-win32-x64\jre\17.0.9-win32-x86_64\bin\server\jvm.dll
0x00007ffa97bf0000 - 0x00007ffa97c9e000 	C:\WINDOWS\System32\ADVAPI32.dll
0x00007ffa99c60000 - 0x00007ffa99cfe000 	C:\WINDOWS\System32\sechost.dll
0x00007ffa98c40000 - 0x00007ffa98d61000 	C:\WINDOWS\System32\RPCRT4.dll
0x00007ffa96420000 - 0x00007ffa9646d000 	C:\WINDOWS\SYSTEM32\POWRPROF.dll
0x00007ffa7c6c0000 - 0x00007ffa7c6c9000 	C:\WINDOWS\SYSTEM32\WSOCK32.dll
0x00007ffa99740000 - 0x00007ffa997af000 	C:\WINDOWS\System32\WS2_32.dll
0x00007ffa90720000 - 0x00007ffa90753000 	C:\WINDOWS\SYSTEM32\WINMM.dll
0x00007ffa90b80000 - 0x00007ffa90b8a000 	C:\WINDOWS\SYSTEM32\VERSION.dll
0x00007ffa96400000 - 0x00007ffa96413000 	C:\WINDOWS\SYSTEM32\UMPDC.dll
0x00007ffa96270000 - 0x00007ffa96288000 	C:\WINDOWS\SYSTEM32\kernel.appcore.dll
0x00007ffa7c1c0000 - 0x00007ffa7c1ca000 	c:\Users\Giuseppe\.vscode\extensions\redhat.java-1.26.0-win32-x64\jre\17.0.9-win32-x86_64\bin\jimage.dll
0x00007ffa89cc0000 - 0x00007ffa89ee1000 	C:\WINDOWS\SYSTEM32\DBGHELP.DLL
0x00007ffa5d880000 - 0x00007ffa5d8b1000 	C:\WINDOWS\SYSTEM32\dbgcore.DLL
0x00007ffa97680000 - 0x00007ffa976ff000 	C:\WINDOWS\System32\bcryptPrimitives.dll
0x00007ffa7ab90000 - 0x00007ffa7ab9e000 	c:\Users\Giuseppe\.vscode\extensions\redhat.java-1.26.0-win32-x64\jre\17.0.9-win32-x86_64\bin\instrument.dll
0x00007ffa7a3d0000 - 0x00007ffa7a3f5000 	c:\Users\Giuseppe\.vscode\extensions\redhat.java-1.26.0-win32-x64\jre\17.0.9-win32-x86_64\bin\java.dll
0x00007ffa773c0000 - 0x00007ffa773d8000 	c:\Users\Giuseppe\.vscode\extensions\redhat.java-1.26.0-win32-x64\jre\17.0.9-win32-x86_64\bin\zip.dll
0x00007ffa97dc0000 - 0x00007ffa98585000 	C:\WINDOWS\System32\SHELL32.dll
0x00007ffa95260000 - 0x00007ffa95ac2000 	C:\WINDOWS\SYSTEM32\windows.storage.dll
0x00007ffa993c0000 - 0x00007ffa99736000 	C:\WINDOWS\System32\combase.dll
0x00007ffa950f0000 - 0x00007ffa95257000 	C:\WINDOWS\SYSTEM32\wintypes.dll
0x00007ffa99b70000 - 0x00007ffa99c5a000 	C:\WINDOWS\System32\SHCORE.dll
0x00007ffa97cd0000 - 0x00007ffa97d2d000 	C:\WINDOWS\System32\shlwapi.dll
0x00007ffa97100000 - 0x00007ffa97125000 	C:\WINDOWS\SYSTEM32\profapi.dll
0x00007ffa71e80000 - 0x00007ffa71e99000 	C:\Users\Giuseppe\.vscode\extensions\redhat.java-1.26.0-win32-x64\jre\17.0.9-win32-x86_64\bin\net.dll
0x00007ffa90bb0000 - 0x00007ffa90cc4000 	C:\WINDOWS\SYSTEM32\WINHTTP.dll
0x00007ffa96790000 - 0x00007ffa967f7000 	C:\WINDOWS\system32\mswsock.dll
0x00007ffa71e60000 - 0x00007ffa71e76000 	C:\Users\Giuseppe\.vscode\extensions\redhat.java-1.26.0-win32-x64\jre\17.0.9-win32-x86_64\bin\nio.dll
0x00007ffa7a390000 - 0x00007ffa7a3a0000 	c:\Users\Giuseppe\.vscode\extensions\redhat.java-1.26.0-win32-x64\jre\17.0.9-win32-x86_64\bin\verify.dll
0x00007ffa71de0000 - 0x00007ffa71e1e000 	C:\Users\Giuseppe\AppData\Roaming\Code\User\globalStorage\redhat.java\1.26.0\config_win\org.eclipse.equinox.launcher\org.eclipse.equinox.launcher.win32.win32.x86_64_1.2.800.v20231003-1442\eclipse_11802.dll
0x00007ffa99070000 - 0x00007ffa9920a000 	C:\WINDOWS\System32\ole32.dll
0x00007ffa96a60000 - 0x00007ffa96a78000 	C:\WINDOWS\SYSTEM32\CRYPTSP.dll
0x00007ffa961d0000 - 0x00007ffa96205000 	C:\WINDOWS\system32\rsaenh.dll
0x00007ffa96830000 - 0x00007ffa9685c000 	C:\WINDOWS\SYSTEM32\USERENV.dll
0x00007ffa96ba0000 - 0x00007ffa96bc7000 	C:\WINDOWS\SYSTEM32\bcrypt.dll
0x00007ffa96980000 - 0x00007ffa9698c000 	C:\WINDOWS\SYSTEM32\CRYPTBASE.dll
0x00007ffa95d60000 - 0x00007ffa95d8d000 	C:\WINDOWS\SYSTEM32\IPHLPAPI.DLL
0x00007ffa98590000 - 0x00007ffa98599000 	C:\WINDOWS\System32\NSI.dll
0x00007ffa90b60000 - 0x00007ffa90b79000 	C:\WINDOWS\SYSTEM32\dhcpcsvc6.DLL
0x00007ffa91b80000 - 0x00007ffa91b9e000 	C:\WINDOWS\SYSTEM32\dhcpcsvc.DLL
0x00007ffa95d90000 - 0x00007ffa95e77000 	C:\WINDOWS\SYSTEM32\DNSAPI.dll
0x00007ffa71d40000 - 0x00007ffa71d85000 	C:\Users\Giuseppe\AppData\Local\Temp\jna-1343023872\jna15151301503958207609.dll
0x00007ffa98650000 - 0x00007ffa98658000 	C:\WINDOWS\System32\PSAPI.DLL
0x00007ffa76b70000 - 0x00007ffa76b7e000 	C:\Users\Giuseppe\.vscode\extensions\redhat.java-1.26.0-win32-x64\jre\17.0.9-win32-x86_64\bin\sunmscapi.dll
0x00007ffa977c0000 - 0x00007ffa97922000 	C:\WINDOWS\System32\CRYPT32.dll
0x00007ffa96b70000 - 0x00007ffa96b98000 	C:\WINDOWS\SYSTEM32\ncrypt.dll
0x00007ffa96b30000 - 0x00007ffa96b67000 	C:\WINDOWS\SYSTEM32\NTASN1.dll
0x00007ffa8b760000 - 0x00007ffa8b76a000 	C:\Windows\System32\rasadhlp.dll
0x00007ffa8f250000 - 0x00007ffa8f2d1000 	C:\WINDOWS\System32\fwpuclnt.dll

dbghelp: loaded successfully - version: 4.0.5 - missing functions: none
symbol engine: initialized successfully - sym options: 0x614 - pdb path: .;c:\Users\Giuseppe\.vscode\extensions\redhat.java-1.26.0-win32-x64\jre\17.0.9-win32-x86_64\bin;C:\WINDOWS\SYSTEM32;C:\WINDOWS\WinSxS\amd64_microsoft.windows.common-controls_6595b64144ccf1df_6.0.22000.120_none_9d947278b86cc467;c:\Users\Giuseppe\.vscode\extensions\redhat.java-1.26.0-win32-x64\jre\17.0.9-win32-x86_64\bin\server;C:\Users\Giuseppe\AppData\Roaming\Code\User\globalStorage\redhat.java\1.26.0\config_win\org.eclipse.equinox.launcher\org.eclipse.equinox.launcher.win32.win32.x86_64_1.2.800.v20231003-1442;C:\Users\Giuseppe\AppData\Local\Temp\jna-1343023872

VM Arguments:
jvm_args: --add-modules=ALL-SYSTEM --add-opens=java.base/java.util=ALL-UNNAMED --add-opens=java.base/java.lang=ALL-UNNAMED --add-opens=java.base/sun.nio.fs=ALL-UNNAMED -Declipse.application=org.eclipse.jdt.ls.core.id1 -Dosgi.bundles.defaultStartLevel=4 -Declipse.product=org.eclipse.jdt.ls.core.product -Djava.import.generatesMetadataFilesAtProjectRoot=false -DDetectVMInstallationsJob.disabled=true -Dfile.encoding=utf8 -XX:+UseParallelGC -XX:GCTimeRatio=4 -XX:AdaptiveSizePolicyWeight=90 -Dsun.zip.disableMemoryMapping=true -Xmx1G -Xms100m -Xlog:disable -javaagent:c:\Users\Giuseppe\.vscode\extensions\redhat.java-1.26.0-win32-x64\lombok\lombok-1.18.31-3454.jar -XX:+HeapDumpOnOutOfMemoryError -XX:HeapDumpPath=c:\Users\Giuseppe\AppData\Roaming\Code\User\workspaceStorage\247a95d1319fbebd4a2aead799e28cbd\redhat.java -Daether.dependencyCollector.impl=bf 
java_command: c:\Users\Giuseppe\.vscode\extensions\redhat.java-1.26.0-win32-x64\server\plugins\org.eclipse.equinox.launcher_1.6.700.v20231214-2017.jar -configuration c:\Users\Giuseppe\AppData\Roaming\Code\User\globalStorage\redhat.java\1.26.0\config_win -data c:\Users\Giuseppe\AppData\Roaming\Code\User\workspaceStorage\247a95d1319fbebd4a2aead799e28cbd\redhat.java\jdt_ws --stdio
java_class_path (initial): c:\Users\Giuseppe\.vscode\extensions\redhat.java-1.26.0-win32-x64\server\plugins\org.eclipse.equinox.launcher_1.6.700.v20231214-2017.jar
Launcher Type: SUN_STANDARD

[Global flags]
    uintx AdaptiveSizePolicyWeight                 = 90                                        {product} {command line}
     intx CICompilerCount                          = 3                                         {product} {ergonomic}
    uintx GCTimeRatio                              = 4                                         {product} {command line}
     bool HeapDumpOnOutOfMemoryError               = true                                   {manageable} {command line}
    ccstr HeapDumpPath                             = c:\Users\Giuseppe\AppData\Roaming\Code\User\workspaceStorage\247a95d1319fbebd4a2aead799e28cbd\redhat.java         {manageable} {command line}
   size_t InitialHeapSize                          = 104857600                                 {product} {command line}
   size_t MaxHeapSize                              = 1073741824                                {product} {command line}
   size_t MaxNewSize                               = 357564416                                 {product} {ergonomic}
   size_t MinHeapDeltaBytes                        = 524288                                    {product} {ergonomic}
   size_t MinHeapSize                              = 104857600                                 {product} {command line}
   size_t NewSize                                  = 34603008                                  {product} {ergonomic}
    uintx NonNMethodCodeHeapSize                   = 5832780                                {pd product} {ergonomic}
    uintx NonProfiledCodeHeapSize                  = 122912730                              {pd product} {ergonomic}
   size_t OldSize                                  = 70254592                                  {product} {ergonomic}
    uintx ProfiledCodeHeapSize                     = 122912730                              {pd product} {ergonomic}
    uintx ReservedCodeCacheSize                    = 251658240                              {pd product} {ergonomic}
     bool SegmentedCodeCache                       = true                                      {product} {ergonomic}
   size_t SoftMaxHeapSize                          = 1073741824                             {manageable} {ergonomic}
     bool UseCompressedClassPointers               = true                           {product lp64_product} {ergonomic}
     bool UseCompressedOops                        = true                           {product lp64_product} {ergonomic}
     bool UseLargePagesIndividualAllocation        = false                                  {pd product} {ergonomic}
     bool UseParallelGC                            = true                                      {product} {command line}

Logging:
Log output configuration:
 #0: stdout all=off uptime,level,tags
 #1: stderr all=off uptime,level,tags

Environment Variables:
PATH=c:\program files\eclipse adoptium\jdk-17.0.6.10-hotspot\bin;c:\program files\common files\oracle\java\javapath;c:\program files (x86)\common files\oracle\java\javapath;c:\program files (x86)\razer chroma sdk\bin;c:\program files\razer chroma sdk\bin;c:\program files (x86)\razer\chromabroadcast\bin;c:\program files\razer\chromabroadcast\bin;c:\windows\system32;c:\windows;c:\windows\system32\wbem;c:\windows\system32\windowspowershell\v1.0\;c:\windows\system32\openssh\;c:\program files\nvidia corporation\nvidia nvdlisr;c:\program files\dotnet\;c:\users\giuseppe\appdata\local\microsoft\windowsapps;c:\users\giuseppe\appdata\local\programs\microsoft vs code\bin;c:\users\giuseppe\appdata\roaming\npm;c:\windows\system32\config\systemprofile\appdata\local\microsoft\windowsapps;c:\program files\calibre2\;c:\program files\git\cmd;c:\program files (x86)\windows kits\10\windows performance toolkit\;c:\program files\nodejs\;c:\program files\cmake\bin;c:\program files\go\bin;c:\programdata\chocolatey\bin;c:\program files\powershell\7\;C:\Program Files (x86)\NVIDIA Corporation\PhysX\Common;C:\Users\Giuseppe\AppData\Local\Microsoft\WindowsApps;C:\Users\Giuseppe\AppData\Local\Programs\Microsoft VS Code\bin;C:\Users\Giuseppe\AppData\Local\spicetify;C:\Users\Giuseppe\AppData\Local\GitHubDesktop\bin;C:\Users\Giuseppe\.dotnet\tools;C:\MinGW\bin;C:\Users\Giuseppe\AppData\Local\Programs\Python\Python311;C:\Users\Giuseppe\AppData\Roaming\npm;C:\Users\Giuseppe\AppData\Local\Programs\Neovim\bin;C:\Users\Giuseppe\AppData\Local\JetBrains\Toolbox\scripts;C:\Users\Giuseppe\go\bin;C:\Users\Giuseppe\AppData\Local\Microsoft\WinGet\Packages\Genymobile.scrcpy_Microsoft.Winget.Source_8wekyb3d8bbwe\scrcpy-win64-v2.1.1;;C:\Users\Giuseppe\AppData\Local\Programs\oh-my-posh\bin
USERNAME=Giuseppe
OS=Windows_NT
PROCESSOR_IDENTIFIER=Intel64 Family 6 Model 158 Stepping 12, GenuineIntel
TMP=C:\Users\Giuseppe\AppData\Local\Temp
TEMP=C:\Users\Giuseppe\AppData\Local\Temp



Periodic native trim disabled


---------------  S Y S T E M  ---------------

OS:
 Windows 11 , 64 bit Build 22000 (10.0.22000.2538)
OS uptime: 0 days 0:58 hours
Hyper-V role detected

CPU: total 6 (initial active 6) (6 cores per cpu, 1 threads per core) family 6 model 158 stepping 12 microcode 0xde, cx8, cmov, fxsr, mmx, 3dnowpref, sse, sse2, sse3, ssse3, sse4.1, sse4.2, popcnt, lzcnt, tsc, tscinvbit, avx, avx2, aes, erms, clmul, bmi1, bmi2, rtm, adx, fma, vzeroupper, clflush, clflushopt, hv
Processor Information for all 6 processors :
  Max Mhz: 3701, Current Mhz: 3701, Mhz Limit: 3701

Memory: 4k page, system-wide physical 16055M (8548M free)
TotalPageFile size 24759M (AvailPageFile size 14233M)
current process WorkingSet (physical memory assigned to process): 701M, peak: 810M
current process commit charge ("private bytes"): 601M, peak: 784M

vm_info: OpenJDK 64-Bit Server VM (17.0.9+9) for windows-amd64 JRE (17.0.9+9), built on Oct 26 2023 14:01:42 by "admin" with MS VC++ 16.10 / 16.11 (VS2019)

END.
