#
# A fatal error has been detected by the Java Runtime Environment:
#
#  EXCEPTION_ACCESS_VIOLATION (0xc0000005) at pc=0x00007ff97209c96b, pid=7120, tid=8268
#
# JRE version: OpenJDK Runtime Environment Temurin-17.0.9+9 (17.0.9+9) (build 17.0.9+9)
# Java VM: OpenJDK 64-Bit Server VM Temurin-17.0.9+9 (17.0.9+9, mixed mode, tiered, compressed oops, compressed class ptrs, parallel gc, windows-amd64)
# Problematic frame:
# V  [jvm.dll+0x2ec96b]
#
# No core dump will be written. Minidumps are not enabled by default on client versions of Windows
#
# If you would like to submit a bug report, please visit:
#   https://github.com/adoptium/adoptium-support/issues
#

---------------  S U M M A R Y ------------

Command Line: --add-modules=ALL-SYSTEM --add-opens=java.base/java.util=ALL-UNNAMED --add-opens=java.base/java.lang=ALL-UNNAMED --add-opens=java.base/sun.nio.fs=ALL-UNNAMED -Declipse.application=org.eclipse.jdt.ls.core.id1 -Dosgi.bundles.defaultStartLevel=4 -Declipse.product=org.eclipse.jdt.ls.core.product -Djava.import.generatesMetadataFilesAtProjectRoot=false -DDetectVMInstallationsJob.disabled=true -Dfile.encoding=utf8 -XX:+UseParallelGC -XX:GCTimeRatio=4 -XX:AdaptiveSizePolicyWeight=90 -Dsun.zip.disableMemoryMapping=true -Xmx1G -Xms100m -Xlog:disable -javaagent:c:\Users\Giuseppe\.vscode\extensions\redhat.java-1.26.0-win32-x64\lombok\lombok-1.18.31-3454.jar -XX:+HeapDumpOnOutOfMemoryError -XX:HeapDumpPath=c:\Users\Giuseppe\AppData\Roaming\Code\User\workspaceStorage\7586336d78be6876f13d5c18bfc6c5c1\redhat.java -Daether.dependencyCollector.impl=bf c:\Users\Giuseppe\.vscode\extensions\redhat.java-1.26.0-win32-x64\server\plugins\org.eclipse.equinox.launcher_1.6.700.v20231214-2017.jar -configuration c:\Users\Giuseppe\AppData\Roaming\Code\User\globalStorage\redhat.java\1.26.0\config_win -data c:\Users\Giuseppe\AppData\Roaming\Code\User\workspaceStorage\7586336d78be6876f13d5c18bfc6c5c1\redhat.java\jdt_ws --stdio

Host: Intel(R) Core(TM) i5-9600K CPU @ 3.70GHz, 6 cores, 15G,  Windows 11 , 64 bit Build 22000 (10.0.22000.2538)
Time: Sun Jan 14 12:21:14 2024 W. Europe Standard Time elapsed time: 2080.659510 seconds (0d 0h 34m 40s)

---------------  T H R E A D  ---------------

Current thread (0x000001ffc41ae6c0):  GCTaskThread "GC Thread#1" [stack: 0x0000006778000000,0x0000006778100000] [id=8268]

Stack: [0x0000006778000000,0x0000006778100000],  sp=0x00000067780ff9c8,  free space=1022k
Native frames: (J=compiled Java code, j=interpreted, Vv=VM code, C=native code)
V  [jvm.dll+0x2ec96b]
V  [jvm.dll+0x6bdd78]
V  [jvm.dll+0x6be1ef]
V  [jvm.dll+0x861e7b]
V  [jvm.dll+0x861ec6]
V  [jvm.dll+0x7e3c3a]
V  [jvm.dll+0x67be35]
C  [ucrtbase.dll+0x26c0c]
C  [KERNEL32.DLL+0x153e0]
C  [ntdll.dll+0x485b]


siginfo: EXCEPTION_ACCESS_VIOLATION (0xc0000005), reading address 0x0000000000000120


Registers:
RAX=0x0000000000004f06, RBX=0x0000000000000001, RCX=0x000001ffbdfe6d60, RDX=0x0000000000000004
RSP=0x00000067780ff9c8, RBP=0x0000000000000002, RSI=0x0000000000000020, RDI=0x000001ffbdef8ea0
R8 =0x0000000000000000, R9 =0x0000000000000000, R10=0x0000000000000c51, R11=0x000001ffbdfe59e0
R12=0x0000000000000000, R13=0x000001ffc3fe0ca0, R14=0x0000000000000000, R15=0x00000067780ffa30
RIP=0x00007ff97209c96b, EFLAGS=0x0000000000010206


Register to memory mapping:

RIP=0x00007ff97209c96b jvm.dll
RAX=0x0000000000004f06 is an unknown value
RBX=0x0000000000000001 is an unknown value
RCX=0x000001ffbdfe6d60 points into unknown readable memory: 0x0000000000000000 | 00 00 00 00 00 00 00 00
RDX=0x0000000000000004 is an unknown value
RSP=0x00000067780ff9c8 points into unknown readable memory: 0x00000067772ff238 | 38 f2 2f 77 67 00 00 00
RBP=0x0000000000000002 is an unknown value
RSI=0x0000000000000020 is an unknown value
RDI=0x000001ffbdef8ea0 points into unknown readable memory: 0x00007ff972703040 | 40 30 70 72 f9 7f 00 00
R8 =0x0 is NULL
R9 =0x0 is NULL
R10=0x0000000000000c51 is an unknown value
R11=0x000001ffbdfe59e0 points into unknown readable memory: 0x0000000000000000 | 00 00 00 00 00 00 00 00
R12=0x0 is NULL
R13=0x000001ffc3fe0ca0 points into unknown readable memory: 0x0000000000000002 | 02 00 00 00 00 00 00 00
R14=0x0 is NULL
R15=0x00000067780ffa30 points into unknown readable memory: 0x00000000ca3cdedd | dd de 3c ca 00 00 00 00


Top of Stack: (sp=0x00000067780ff9c8)
0x00000067780ff9c8:   00000067772ff238 0000000000000001
0x00000067780ff9d8:   0000000000000005 0000000000000001
0x00000067780ff9e8:   00007ff97246dd78 000001ffbdfe5980
0x00000067780ff9f8:   000001ffbdfe5980 0000000000000000
0x00000067780ffa08:   00000067772ff290 00000067772ff130
0x00000067780ffa18:   00007ff97246e1ef 000001ffbdfe5980
0x00000067780ffa28:   00000067780ffab9 00000000ca3cdedd
0x00000067780ffa38:   00000067772ff270 000001ffbdfe5980
0x00000067780ffa48:   0000000000000001 0000000000000006
0x00000067780ffa58:   00000067772fec98 0000000100000002
0x00000067780ffa68:   000001ffbdfe5980 00007ff972761dc8
0x00000067780ffa78:   000001ffbdfe5980 00000067772ff130
0x00000067780ffa88:   000001ffc3a09560 00000000000003d8
0x00000067780ffa98:   000001ffc3a09570 000001ffc3a09948
0x00000067780ffaa8:   00007ff972761f18 0000000000000001
0x00000067780ffab8:   0000000000000000 0000000000000000
0x00000067780ffac8:   0000000000000000 0000000000000000
0x00000067780ffad8:   0000a01eeeef9948 0000000000000000
0x00000067780ffae8:   000001ffc41ae6c0 0000000000000000
0x00000067780ffaf8:   0000000000000000 00000067772ff130
0x00000067780ffb08:   000001ffc41ae6c0 0000000000000000
0x00000067780ffb18:   00007ff972611e7b 0000000000000002
0x00000067780ffb28:   0000000000000000 0000000000000002
0x00000067780ffb38:   00000067772ff130 00000000000075a3
0x00000067780ffb48:   00007ff972611ec6 000001ffc41ae6c0
0x00000067780ffb58:   00000067ffffffff 000001ffaa16cae0
0x00000067780ffb68:   0000000000000000 000001ffc41ae6c0
0x00000067780ffb78:   00007ff972593c3a 0000000000000000
0x00000067780ffb88:   00000000000075a3 000001ffc41ae6c0
0x00000067780ffb98:   00007ff9e68bc98b 0000000000000000
0x00000067780ffba8:   0000000000000000 0000000000000000
0x00000067780ffbb8:   00007ff97242be35 000001ffc41ae6c0 

Instructions: (pc=0x00007ff97209c96b)
0x00007ff97209c86b:   85 c0 8d 88 ff ff ff 7f 0f 4e c1 33 d2 41 89 83
0x00007ff97209c87b:   04 02 00 00 f7 77 08 44 8b ca 3b d3 74 b7 8b d3
0x00007ff97209c88b:   0f 1f 44 00 00 3b d3 74 05 41 3b d1 75 44 45 8b
0x00007ff97209c89b:   83 04 02 00 00 b8 5f 0b 4e 83 41 f7 e8 41 03 d0
0x00007ff97209c8ab:   c1 fa 10 8b c2 c1 e8 1f 03 d0 41 69 c0 a7 41 00
0x00007ff97209c8bb:   00 69 ca ff ff ff 7f 2b c1 85 c0 8d 88 ff ff ff
0x00007ff97209c8cb:   7f 0f 4e c1 33 d2 41 89 83 04 02 00 00 f7 77 08
0x00007ff97209c8db:   eb b3 41 8b c1 4c 8d 34 c5 00 00 00 00 48 8b 47
0x00007ff97209c8eb:   10 49 8b 0c 06 8b 81 00 01 00 00 44 8b 91 80 00
0x00007ff97209c8fb:   00 00 44 2b d0 8b c2 41 81 e2 ff ff 01 00 41 81
0x00007ff97209c90b:   fa ff ff 01 00 45 0f 44 d4 48 8d 34 c5 00 00 00
0x00007ff97209c91b:   00 48 8b 47 10 48 8b 0c 06 8b 81 00 01 00 00 44
0x00007ff97209c92b:   8b 81 80 00 00 00 44 2b c0 32 c0 41 81 e0 ff ff
0x00007ff97209c93b:   01 00 41 81 f8 ff ff 01 00 45 0f 44 c4 45 3b c2
0x00007ff97209c94b:   76 0a 48 8b 47 10 48 8b 34 06 eb 14 45 85 d2 0f
0x00007ff97209c95b:   84 84 00 00 00 48 8b 47 10 41 8b d1 49 8b 34 06
0x00007ff97209c96b:   48 8b 86 00 01 00 00 90 8b 8e 80 00 00 00 2b c8
0x00007ff97209c97b:   81 e1 ff ff 01 00 81 f9 ff ff 01 00 41 0f 44 cc
0x00007ff97209c98b:   85 c9 75 13 ba ff ff ff ff 32 c0 41 89 93 00 02
0x00007ff97209c99b:   00 00 e9 c5 00 00 00 48 8b 8e 80 01 00 00 4c 8b
0x00007ff97209c9ab:   c8 44 8b c0 4e 8b 04 c1 8d 48 01 81 e1 ff ff 01
0x00007ff97209c9bb:   00 4d 89 07 45 8b c4 41 0f 94 c0 49 c1 e9 20 45
0x00007ff97209c9cb:   03 c8 49 c1 e1 20 4c 0b c9 f0 4c 0f b1 8e 00 01
0x00007ff97209c9db:   00 00 0f 94 c0 84 c0 75 05 ba ff ff ff ff 41 89
0x00007ff97209c9eb:   93 00 02 00 00 eb 75 75 77 48 8b 47 10 8d 4b ff
0x00007ff97209c9fb:   83 e1 01 4c 8b 14 c8 49 8b 82 00 01 00 00 90 41
0x00007ff97209ca0b:   8b 8a 80 00 00 00 2b c8 81 e1 ff ff 01 00 81 f9
0x00007ff97209ca1b:   ff ff 01 00 41 0f 44 cc 85 c9 75 04 32 c0 eb 3c
0x00007ff97209ca2b:   49 8b 8a 80 01 00 00 4c 8b c0 8b d0 48 8b 14 d1
0x00007ff97209ca3b:   8d 48 01 81 e1 ff ff 01 00 49 89 17 41 8b d4 0f
0x00007ff97209ca4b:   94 c2 49 c1 e8 20 44 03 c2 49 c1 e0 20 4c 0b c1
0x00007ff97209ca5b:   f0 4d 0f b1 82 00 01 00 00 0f 94 c0 84 c0 75 29 


Stack slot to memory mapping:
stack at sp + 0 slots: 0x00000067772ff238 points into unknown readable memory: 0x000001ffaa17d3f0 | f0 d3 17 aa ff 01 00 00
stack at sp + 1 slots: 0x0000000000000001 is an unknown value
stack at sp + 2 slots: 0x0000000000000005 is an unknown value
stack at sp + 3 slots: 0x0000000000000001 is an unknown value
stack at sp + 4 slots: 0x00007ff97246dd78 jvm.dll
stack at sp + 5 slots: 0x000001ffbdfe5980 points into unknown readable memory: 0x00007ff972761c78 | 78 1c 76 72 f9 7f 00 00
stack at sp + 6 slots: 0x000001ffbdfe5980 points into unknown readable memory: 0x00007ff972761c78 | 78 1c 76 72 f9 7f 00 00
stack at sp + 7 slots: 0x0 is NULL


---------------  P R O C E S S  ---------------

Threads class SMR info:
_java_thread_list=0x000001ffc76d0250, length=32, elements={
0x000001ffaa1710d0, 0x000001ffaa227c90, 0x000001ffaa228a20, 0x000001ffbe002000,
0x000001ffc367ef20, 0x000001ffc3680250, 0x000001ffc3682430, 0x000001ffc3686d80,
0x000001ffc3689ef0, 0x000001ffc368afa0, 0x000001ffaa1d3d10, 0x000001ffc3a0fd30,
0x000001ffc4230dd0, 0x000001ffc42b9f20, 0x000001ffc42ba400, 0x000001ffc41734c0,
0x000001ffc3e8a810, 0x000001ffc4298ac0, 0x000001ffc4297680, 0x000001ffc42980a0,
0x000001ffc4296240, 0x000001ffc4296c60, 0x000001ffc4295d30, 0x000001ffc7703740,
0x000001ffc76fdc20, 0x000001ffc76fe640, 0x000001ffc7702810, 0x000001ffc7703230,
0x000001ffc76feb50, 0x000001ffc84603e0, 0x000001ffc8460e00, 0x000001ffc8462750
}

Java Threads: ( => current thread )
  0x000001ffaa1710d0 JavaThread "main" [_thread_blocked, id=10564, stack(0x0000006777000000,0x0000006777100000)]
  0x000001ffaa227c90 JavaThread "Reference Handler" daemon [_thread_blocked, id=7176, stack(0x0000006777300000,0x0000006777400000)]
  0x000001ffaa228a20 JavaThread "Finalizer" daemon [_thread_blocked, id=3568, stack(0x0000006777400000,0x0000006777500000)]
  0x000001ffbe002000 JavaThread "Signal Dispatcher" daemon [_thread_blocked, id=10688, stack(0x0000006777500000,0x0000006777600000)]
  0x000001ffc367ef20 JavaThread "Attach Listener" daemon [_thread_blocked, id=9592, stack(0x0000006777600000,0x0000006777700000)]
  0x000001ffc3680250 JavaThread "Service Thread" daemon [_thread_blocked, id=1756, stack(0x0000006777700000,0x0000006777800000)]
  0x000001ffc3682430 JavaThread "Monitor Deflation Thread" daemon [_thread_blocked, id=2356, stack(0x0000006777800000,0x0000006777900000)]
  0x000001ffc3686d80 JavaThread "C2 CompilerThread0" daemon [_thread_blocked, id=5776, stack(0x0000006777900000,0x0000006777a00000)]
  0x000001ffc3689ef0 JavaThread "C1 CompilerThread0" daemon [_thread_blocked, id=10720, stack(0x0000006777a00000,0x0000006777b00000)]
  0x000001ffc368afa0 JavaThread "Sweeper thread" daemon [_thread_blocked, id=4272, stack(0x0000006777b00000,0x0000006777c00000)]
  0x000001ffaa1d3d10 JavaThread "Common-Cleaner" daemon [_thread_blocked, id=10860, stack(0x0000006777c00000,0x0000006777d00000)]
  0x000001ffc3a0fd30 JavaThread "Notification Thread" daemon [_thread_blocked, id=6040, stack(0x0000006777e00000,0x0000006777f00000)]
  0x000001ffc4230dd0 JavaThread "Active Thread: Equinox Container: bb369830-98ff-4284-80e2-8a3b01cc8d89" [_thread_blocked, id=5884, stack(0x0000006778500000,0x0000006778600000)]
  0x000001ffc42b9f20 JavaThread "Framework Event Dispatcher: Equinox Container: bb369830-98ff-4284-80e2-8a3b01cc8d89" daemon [_thread_blocked, id=12032, stack(0x0000006777d00000,0x0000006777e00000)]
  0x000001ffc42ba400 JavaThread "Start Level: Equinox Container: bb369830-98ff-4284-80e2-8a3b01cc8d89" daemon [_thread_blocked, id=11844, stack(0x0000006778600000,0x0000006778700000)]
  0x000001ffc41734c0 JavaThread "Bundle File Closer" daemon [_thread_blocked, id=3128, stack(0x0000006778800000,0x0000006778900000)]
  0x000001ffc3e8a810 JavaThread "SCR Component Actor" daemon [_thread_blocked, id=11828, stack(0x0000006778700000,0x0000006778800000)]
  0x000001ffc4298ac0 JavaThread "Worker-JM" [_thread_blocked, id=1836, stack(0x0000006778a00000,0x0000006778b00000)]
  0x000001ffc4297680 JavaThread "Java indexing" daemon [_thread_blocked, id=3472, stack(0x0000006778e00000,0x0000006778f00000)]
  0x000001ffc42980a0 JavaThread "JNA Cleaner" daemon [_thread_blocked, id=9936, stack(0x0000006778f00000,0x0000006779000000)]
  0x000001ffc4296240 JavaThread "pool-2-thread-1" [_thread_blocked, id=6800, stack(0x0000006779200000,0x0000006779300000)]
  0x000001ffc4296c60 JavaThread "WorkspaceEventsHandler" [_thread_blocked, id=1068, stack(0x0000006779300000,0x0000006779400000)]
  0x000001ffc4295d30 JavaThread "pool-1-thread-1" [_thread_in_native, id=11700, stack(0x0000006779400000,0x0000006779500000)]
  0x000001ffc7703740 JavaThread "ForkJoinPool.commonPool-worker-1" daemon [_thread_blocked, id=7980, stack(0x0000006779700000,0x0000006779800000)]
  0x000001ffc76fdc20 JavaThread "ForkJoinPool.commonPool-worker-2" daemon [_thread_blocked, id=11524, stack(0x0000006779800000,0x0000006779900000)]
  0x000001ffc76fe640 JavaThread "ForkJoinPool.commonPool-worker-3" daemon [_thread_blocked, id=9600, stack(0x0000006779900000,0x0000006779a00000)]
  0x000001ffc7702810 JavaThread "ForkJoinPool.commonPool-worker-5" daemon [_thread_blocked, id=7416, stack(0x0000006779b00000,0x0000006779c00000)]
  0x000001ffc7703230 JavaThread "Worker-8" [_thread_blocked, id=7276, stack(0x0000006776e00000,0x0000006776f00000)]
  0x000001ffc76feb50 JavaThread "Worker-11" [_thread_blocked, id=2892, stack(0x0000006778b00000,0x0000006778c00000)]
  0x000001ffc84603e0 JavaThread "ForkJoinPool.commonPool-worker-7" daemon [_thread_blocked, id=7528, stack(0x0000006776f00000,0x0000006777000000)]
  0x000001ffc8460e00 JavaThread "Worker-13" [_thread_blocked, id=8920, stack(0x0000006778900000,0x0000006778a00000)]
  0x000001ffc8462750 JavaThread "pool-1-thread-13" [_thread_blocked, id=8492, stack(0x0000006778c00000,0x0000006778d00000)]

Other Threads:
  0x000001ffbdfe89a0 VMThread "VM Thread" [stack: 0x0000006777200000,0x0000006777300000] [id=9080]
  0x000001ffc3a12fa0 WatcherThread [stack: 0x0000006777f00000,0x0000006778000000] [id=10604]
  0x000001ffaa1883d0 GCTaskThread "GC Thread#0" [stack: 0x0000006777100000,0x0000006777200000] [id=4032]
=>0x000001ffc41ae6c0 GCTaskThread "GC Thread#1" [stack: 0x0000006778000000,0x0000006778100000] [id=8268]
  0x000001ffc40d5890 GCTaskThread "GC Thread#2" [stack: 0x0000006778100000,0x0000006778200000] [id=2412]
  0x000001ffc40d5b50 GCTaskThread "GC Thread#3" [stack: 0x0000006778200000,0x0000006778300000] [id=1924]
  0x000001ffc40d5e10 GCTaskThread "GC Thread#4" [stack: 0x0000006778300000,0x0000006778400000] [id=11832]
  0x000001ffc40ef640 GCTaskThread "GC Thread#5" [stack: 0x0000006778400000,0x0000006778500000] [id=11756]

Threads with active compile tasks:

VM state: at safepoint (normal execution)

VM Mutex/Monitor currently owned by a thread:  ([mutex/lock_event])
[0x000001ffaa16c540] Threads_lock - owner thread: 0x000001ffbdfe89a0
[0x000001ffaa16b970] Heap_lock - owner thread: 0x000001ffc84603e0

Heap address: 0x00000000c0000000, size: 1024 MB, Compressed Oops mode: 32-bit

CDS archive(s) not mapped
Compressed class space mapped at: 0x0000000100000000-0x0000000140000000, reserved size: 1073741824
Narrow klass base: 0x0000000000000000, Narrow klass shift: 3, Narrow klass range: 0x140000000

GC Precious Log:
 CPUs: 6 total, 6 available
 Memory: 16055M
 Large Page Support: Disabled
 NUMA Support: Disabled
 Compressed Oops: Enabled (32-bit)
 Alignments: Space 512K, Generation 512K, Heap 2M
 Heap Min Capacity: 100M
 Heap Initial Capacity: 100M
 Heap Max Capacity: 1G
 Pre-touch: Disabled
 Parallel Workers: 6

Heap:
 PSYoungGen      total 2560K, used 2560K [0x00000000eab00000, 0x00000000eaf80000, 0x0000000100000000)
  eden space 1536K, 100% used [0x00000000eab00000,0x00000000eac80000,0x00000000eac80000)
  from space 1024K, 100% used [0x00000000ead80000,0x00000000eae80000,0x00000000eae80000)
  to   space 1024K, 100% used [0x00000000eae80000,0x00000000eaf80000,0x00000000eaf80000)
 ParOldGen       total 209920K, used 170741K [0x00000000c0000000, 0x00000000ccd00000, 0x00000000eab00000)
  object space 209920K, 81% used [0x00000000c0000000,0x00000000ca6bd488,0x00000000ccd00000)
 Metaspace       used 92359K, committed 93696K, reserved 1179648K
  class space    used 9082K, committed 9728K, reserved 1048576K

Card table byte_map: [0x000001ffa9b10000,0x000001ffa9d20000] _byte_map_base: 0x000001ffa9510000

Marking Bits: (ParMarkBitMap*) 0x00007ff97294d0b0
 Begin Bits: [0x000001ffbbe10000, 0x000001ffbce10000)
 End Bits:   [0x000001ffbce10000, 0x000001ffbde10000)

Polling page: 0x000001ffa80d0000

Metaspace:

Usage:
  Non-class:     81.33 MB used.
      Class:      8.87 MB used.
       Both:     90.20 MB used.

Virtual space:
  Non-class space:      128.00 MB reserved,      82.00 MB ( 64%) committed,  2 nodes.
      Class space:        1.00 GB reserved,       9.50 MB ( <1%) committed,  1 nodes.
             Both:        1.12 GB reserved,      91.50 MB (  8%) committed. 

Chunk freelists:
   Non-Class:  13.35 MB
       Class:  6.54 MB
        Both:  19.89 MB

MaxMetaspaceSize: unlimited
CompressedClassSpaceSize: 1.00 GB
Initial GC threshold: 21.00 MB
Current GC threshold: 152.44 MB
CDS: off
MetaspaceReclaimPolicy: balanced
 - commit_granule_bytes: 65536.
 - commit_granule_words: 8192.
 - virtual_space_node_default_size: 8388608.
 - enlarge_chunks_in_place: 1.
 - new_chunks_are_fully_committed: 0.
 - uncommit_free_chunks: 1.
 - use_allocation_guard: 0.
 - handle_deallocations: 1.


Internal statistics:

num_allocs_failed_limit: 9.
num_arena_births: 952.
num_arena_deaths: 262.
num_vsnodes_births: 3.
num_vsnodes_deaths: 0.
num_space_committed: 1464.
num_space_uncommitted: 0.
num_chunks_returned_to_freelist: 300.
num_chunks_taken_from_freelist: 4819.
num_chunk_merges: 119.
num_chunk_splits: 2951.
num_chunks_enlarged: 1723.
num_inconsistent_stats: 0.

CodeHeap 'non-profiled nmethods': size=120000Kb used=23200Kb max_used=23542Kb free=96799Kb
 bounds [0x000001ffb48e0000, 0x000001ffb6010000, 0x000001ffbbe10000]
CodeHeap 'profiled nmethods': size=120000Kb used=39565Kb max_used=39905Kb free=80435Kb
 bounds [0x000001fface10000, 0x000001ffaf520000, 0x000001ffb4340000]
CodeHeap 'non-nmethods': size=5760Kb used=1431Kb max_used=1505Kb free=4328Kb
 bounds [0x000001ffb4340000, 0x000001ffb45b0000, 0x000001ffb48e0000]
 total_blobs=18541 nmethods=17764 adapters=687
 compilation: enabled
              stopped_count=0, restarted_count=0
 full_count=0

Compilation events (20 events):
Event: 2079.896 Thread 0x000001ffc3689ef0 25422       3       org.eclipse.jdt.internal.corext.refactoring.code.ExtractConstantRefactoring::<init> (132 bytes)
Event: 2079.896 Thread 0x000001ffc3689ef0 nmethod 25422 0x000001ffaddc2510 code [0x000001ffaddc27c0, 0x000001ffaddc3568]
Event: 2079.896 Thread 0x000001ffc3689ef0 25423   !   3       org.eclipse.jdt.internal.corext.refactoring.code.ExtractConstantRefactoring::checkInitialConditions (215 bytes)
Event: 2079.897 Thread 0x000001ffc3689ef0 nmethod 25423 0x000001ffaf4e0390 code [0x000001ffaf4e0960, 0x000001ffaf4e3b68]
Event: 2079.897 Thread 0x000001ffc3689ef0 25426       3       org.eclipse.jdt.internal.corext.dom.SelectionAnalyzer::visitNode (86 bytes)
Event: 2079.898 Thread 0x000001ffc3689ef0 nmethod 25426 0x000001ffadfc0d10 code [0x000001ffadfc0fa0, 0x000001ffadfc1e08]
Event: 2079.898 Thread 0x000001ffc3689ef0 25424       3       org.eclipse.jdt.internal.corext.refactoring.Checks::validateEdit (147 bytes)
Event: 2079.898 Thread 0x000001ffc3689ef0 nmethod 25424 0x000001ffaf2b1310 code [0x000001ffaf2b16c0, 0x000001ffaf2b3388]
Event: 2079.898 Thread 0x000001ffc3689ef0 25425       3       org.eclipse.jdt.internal.corext.util.Resources::makeCommittable (13 bytes)
Event: 2079.899 Thread 0x000001ffc3689ef0 nmethod 25425 0x000001ffaf4dfd10 code [0x000001ffaf4dfec0, 0x000001ffaf4e01a8]
Event: 2079.918 Thread 0x000001ffc3686d80 25427   !   4       org.eclipse.jdt.internal.core.hierarchy.HierarchyResolver::accept (65 bytes)
Event: 2079.919 Thread 0x000001ffc3686d80 nmethod 25427 0x000001ffb56e5910 code [0x000001ffb56e5ac0, 0x000001ffb56e5d18]
Event: 2079.946 Thread 0x000001ffc3689ef0 25428       3       org.eclipse.jdt.core.dom.MethodInvocation::internalStructuralPropertiesForType (5 bytes)
Event: 2079.946 Thread 0x000001ffc3689ef0 nmethod 25428 0x000001ffae663e90 code [0x000001ffae664040, 0x000001ffae664218]
Event: 2079.946 Thread 0x000001ffc3689ef0 25429       3       org.eclipse.jdt.core.dom.MethodInvocation::propertyDescriptors (13 bytes)
Event: 2079.946 Thread 0x000001ffc3689ef0 nmethod 25429 0x000001ffadea8110 code [0x000001ffadea82a0, 0x000001ffadea83f8]
Event: 2080.274 Thread 0x000001ffc3686d80 25430       4       java.util.concurrent.locks.AbstractQueuedSynchronizer$ConditionObject::signal (34 bytes)
Event: 2080.275 Thread 0x000001ffc3686d80 nmethod 25430 0x000001ffb569c310 code [0x000001ffb569c4a0, 0x000001ffb569c5c8]
Event: 2080.633 Thread 0x000001ffc3686d80 25431       4       org.eclipse.jdt.internal.compiler.ast.Annotation::isTypeUseCompatible (197 bytes)
Event: 2080.639 Thread 0x000001ffc3686d80 nmethod 25431 0x000001ffb513f990 code [0x000001ffb513fb80, 0x000001ffb5140010]

GC Heap History (20 events):
Event: 2079.947 GC heap after
{Heap after GC invocations=8325 (full 55):
 PSYoungGen      total 5632K, used 544K [0x00000000eab00000, 0x00000000eb400000, 0x0000000100000000)
  eden space 4608K, 0% used [0x00000000eab00000,0x00000000eab00000,0x00000000eaf80000)
  from space 1024K, 53% used [0x00000000eb300000,0x00000000eb388020,0x00000000eb400000)
  to   space 1024K, 0% used [0x00000000eaf80000,0x00000000eaf80000,0x00000000eb080000)
 ParOldGen       total 209920K, used 153934K [0x00000000c0000000, 0x00000000ccd00000, 0x00000000eab00000)
  object space 209920K, 73% used [0x00000000c0000000,0x00000000c9653aa8,0x00000000ccd00000)
 Metaspace       used 92359K, committed 93696K, reserved 1179648K
  class space    used 9082K, committed 9728K, reserved 1048576K
}
Event: 2080.617 GC heap before
{Heap before GC invocations=8326 (full 55):
 PSYoungGen      total 5632K, used 5152K [0x00000000eab00000, 0x00000000eb400000, 0x0000000100000000)
  eden space 4608K, 100% used [0x00000000eab00000,0x00000000eaf80000,0x00000000eaf80000)
  from space 1024K, 53% used [0x00000000eb300000,0x00000000eb388020,0x00000000eb400000)
  to   space 1024K, 0% used [0x00000000eaf80000,0x00000000eaf80000,0x00000000eb080000)
 ParOldGen       total 209920K, used 153934K [0x00000000c0000000, 0x00000000ccd00000, 0x00000000eab00000)
  object space 209920K, 73% used [0x00000000c0000000,0x00000000c9653aa8,0x00000000ccd00000)
 Metaspace       used 92359K, committed 93696K, reserved 1179648K
  class space    used 9082K, committed 9728K, reserved 1048576K
}
Event: 2080.618 GC heap after
{Heap after GC invocations=8326 (full 55):
 PSYoungGen      total 5632K, used 1016K [0x00000000eab00000, 0x00000000eb680000, 0x0000000100000000)
  eden space 4608K, 0% used [0x00000000eab00000,0x00000000eab00000,0x00000000eaf80000)
  from space 1024K, 99% used [0x00000000eaf80000,0x00000000eb07e0f0,0x00000000eb080000)
  to   space 3584K, 0% used [0x00000000eb300000,0x00000000eb300000,0x00000000eb680000)
 ParOldGen       total 209920K, used 155723K [0x00000000c0000000, 0x00000000ccd00000, 0x00000000eab00000)
  object space 209920K, 74% used [0x00000000c0000000,0x00000000c9812f48,0x00000000ccd00000)
 Metaspace       used 92359K, committed 93696K, reserved 1179648K
  class space    used 9082K, committed 9728K, reserved 1048576K
}
Event: 2080.625 GC heap before
{Heap before GC invocations=8327 (full 55):
 PSYoungGen      total 5632K, used 5624K [0x00000000eab00000, 0x00000000eb680000, 0x0000000100000000)
  eden space 4608K, 100% used [0x00000000eab00000,0x00000000eaf80000,0x00000000eaf80000)
  from space 1024K, 99% used [0x00000000eaf80000,0x00000000eb07e0f0,0x00000000eb080000)
  to   space 3584K, 0% used [0x00000000eb300000,0x00000000eb300000,0x00000000eb680000)
 ParOldGen       total 209920K, used 155723K [0x00000000c0000000, 0x00000000ccd00000, 0x00000000eab00000)
  object space 209920K, 74% used [0x00000000c0000000,0x00000000c9812f48,0x00000000ccd00000)
 Metaspace       used 92359K, committed 93696K, reserved 1179648K
  class space    used 9082K, committed 9728K, reserved 1048576K
}
Event: 2080.626 GC heap after
{Heap after GC invocations=8327 (full 55):
 PSYoungGen      total 5632K, used 3580K [0x00000000eab00000, 0x00000000ebb80000, 0x0000000100000000)
  eden space 2048K, 0% used [0x00000000eab00000,0x00000000eab00000,0x00000000ead00000)
  from space 3584K, 99% used [0x00000000eb300000,0x00000000eb67f2f0,0x00000000eb680000)
  to   space 6144K, 0% used [0x00000000ead00000,0x00000000ead00000,0x00000000eb300000)
 ParOldGen       total 209920K, used 157711K [0x00000000c0000000, 0x00000000ccd00000, 0x00000000eab00000)
  object space 209920K, 75% used [0x00000000c0000000,0x00000000c9a03f18,0x00000000ccd00000)
 Metaspace       used 92359K, committed 93696K, reserved 1179648K
  class space    used 9082K, committed 9728K, reserved 1048576K
}
Event: 2080.629 GC heap before
{Heap before GC invocations=8328 (full 55):
 PSYoungGen      total 5632K, used 5628K [0x00000000eab00000, 0x00000000ebb80000, 0x0000000100000000)
  eden space 2048K, 99% used [0x00000000eab00000,0x00000000eacfffc8,0x00000000ead00000)
  from space 3584K, 99% used [0x00000000eb300000,0x00000000eb67f2f0,0x00000000eb680000)
  to   space 6144K, 0% used [0x00000000ead00000,0x00000000ead00000,0x00000000eb300000)
 ParOldGen       total 209920K, used 157711K [0x00000000c0000000, 0x00000000ccd00000, 0x00000000eab00000)
  object space 209920K, 75% used [0x00000000c0000000,0x00000000c9a03f18,0x00000000ccd00000)
 Metaspace       used 92359K, committed 93696K, reserved 1179648K
  class space    used 9082K, committed 9728K, reserved 1048576K
}
Event: 2080.631 GC heap after
{Heap after GC invocations=8328 (full 55):
 PSYoungGen      total 4608K, used 2112K [0x00000000eab00000, 0x00000000eb400000, 0x0000000100000000)
  eden space 2048K, 0% used [0x00000000eab00000,0x00000000eab00000,0x00000000ead00000)
  from space 2560K, 82% used [0x00000000ead00000,0x00000000eaf10000,0x00000000eaf80000)
  to   space 3584K, 0% used [0x00000000eb080000,0x00000000eb080000,0x00000000eb400000)
 ParOldGen       total 209920K, used 161348K [0x00000000c0000000, 0x00000000ccd00000, 0x00000000eab00000)
  object space 209920K, 76% used [0x00000000c0000000,0x00000000c9d91208,0x00000000ccd00000)
 Metaspace       used 92359K, committed 93696K, reserved 1179648K
  class space    used 9082K, committed 9728K, reserved 1048576K
}
Event: 2080.634 GC heap before
{Heap before GC invocations=8329 (full 55):
 PSYoungGen      total 4608K, used 4160K [0x00000000eab00000, 0x00000000eb400000, 0x0000000100000000)
  eden space 2048K, 100% used [0x00000000eab00000,0x00000000ead00000,0x00000000ead00000)
  from space 2560K, 82% used [0x00000000ead00000,0x00000000eaf10000,0x00000000eaf80000)
  to   space 3584K, 0% used [0x00000000eb080000,0x00000000eb080000,0x00000000eb400000)
 ParOldGen       total 209920K, used 161348K [0x00000000c0000000, 0x00000000ccd00000, 0x00000000eab00000)
  object space 209920K, 76% used [0x00000000c0000000,0x00000000c9d91208,0x00000000ccd00000)
 Metaspace       used 92359K, committed 93696K, reserved 1179648K
  class space    used 9082K, committed 9728K, reserved 1048576K
}
Event: 2080.635 GC heap after
{Heap after GC invocations=8329 (full 55):
 PSYoungGen      total 3584K, used 768K [0x00000000eab00000, 0x00000000eb180000, 0x0000000100000000)
  eden space 2560K, 0% used [0x00000000eab00000,0x00000000eab00000,0x00000000ead80000)
  from space 1024K, 75% used [0x00000000eb080000,0x00000000eb140000,0x00000000eb180000)
  to   space 1536K, 0% used [0x00000000eae80000,0x00000000eae80000,0x00000000eb000000)
 ParOldGen       total 209920K, used 163388K [0x00000000c0000000, 0x00000000ccd00000, 0x00000000eab00000)
  object space 209920K, 77% used [0x00000000c0000000,0x00000000c9f8f208,0x00000000ccd00000)
 Metaspace       used 92359K, committed 93696K, reserved 1179648K
  class space    used 9082K, committed 9728K, reserved 1048576K
}
Event: 2080.638 GC heap before
{Heap before GC invocations=8330 (full 55):
 PSYoungGen      total 3584K, used 3328K [0x00000000eab00000, 0x00000000eb180000, 0x0000000100000000)
  eden space 2560K, 100% used [0x00000000eab00000,0x00000000ead80000,0x00000000ead80000)
  from space 1024K, 75% used [0x00000000eb080000,0x00000000eb140000,0x00000000eb180000)
  to   space 1536K, 0% used [0x00000000eae80000,0x00000000eae80000,0x00000000eb000000)
 ParOldGen       total 209920K, used 163388K [0x00000000c0000000, 0x00000000ccd00000, 0x00000000eab00000)
  object space 209920K, 77% used [0x00000000c0000000,0x00000000c9f8f208,0x00000000ccd00000)
 Metaspace       used 92359K, committed 93696K, reserved 1179648K
  class space    used 9082K, committed 9728K, reserved 1048576K
}
Event: 2080.639 GC heap after
{Heap after GC invocations=8330 (full 55):
 PSYoungGen      total 4608K, used 1240K [0x00000000eab00000, 0x00000000eb100000, 0x0000000100000000)
  eden space 3072K, 0% used [0x00000000eab00000,0x00000000eab00000,0x00000000eae00000)
  from space 1536K, 80% used [0x00000000eae80000,0x00000000eafb60d0,0x00000000eb000000)
  to   space 1024K, 0% used [0x00000000eb000000,0x00000000eb000000,0x00000000eb100000)
 ParOldGen       total 209920K, used 163971K [0x00000000c0000000, 0x00000000ccd00000, 0x00000000eab00000)
  object space 209920K, 78% used [0x00000000c0000000,0x00000000ca020c48,0x00000000ccd00000)
 Metaspace       used 92359K, committed 93696K, reserved 1179648K
  class space    used 9082K, committed 9728K, reserved 1048576K
}
Event: 2080.643 GC heap before
{Heap before GC invocations=8331 (full 55):
 PSYoungGen      total 4608K, used 4312K [0x00000000eab00000, 0x00000000eb100000, 0x0000000100000000)
  eden space 3072K, 100% used [0x00000000eab00000,0x00000000eae00000,0x00000000eae00000)
  from space 1536K, 80% used [0x00000000eae80000,0x00000000eafb60d0,0x00000000eb000000)
  to   space 1024K, 0% used [0x00000000eb000000,0x00000000eb000000,0x00000000eb100000)
 ParOldGen       total 209920K, used 163971K [0x00000000c0000000, 0x00000000ccd00000, 0x00000000eab00000)
  object space 209920K, 78% used [0x00000000c0000000,0x00000000ca020c48,0x00000000ccd00000)
 Metaspace       used 92359K, committed 93696K, reserved 1179648K
  class space    used 9082K, committed 9728K, reserved 1048576K
}
Event: 2080.645 GC heap after
{Heap after GC invocations=8331 (full 55):
 PSYoungGen      total 1536K, used 1020K [0x00000000eab00000, 0x00000000eb900000, 0x0000000100000000)
  eden space 512K, 0% used [0x00000000eab00000,0x00000000eab00000,0x00000000eab80000)
  from space 1024K, 99% used [0x00000000eb000000,0x00000000eb0ff2f0,0x00000000eb100000)
  to   space 4608K, 0% used [0x00000000eab80000,0x00000000eab80000,0x00000000eb000000)
 ParOldGen       total 209920K, used 167176K [0x00000000c0000000, 0x00000000ccd00000, 0x00000000eab00000)
  object space 209920K, 79% used [0x00000000c0000000,0x00000000ca342198,0x00000000ccd00000)
 Metaspace       used 92359K, committed 93696K, reserved 1179648K
  class space    used 9082K, committed 9728K, reserved 1048576K
}
Event: 2080.646 GC heap before
{Heap before GC invocations=8332 (full 55):
 PSYoungGen      total 1536K, used 1532K [0x00000000eab00000, 0x00000000eb900000, 0x0000000100000000)
  eden space 512K, 100% used [0x00000000eab00000,0x00000000eab80000,0x00000000eab80000)
  from space 1024K, 99% used [0x00000000eb000000,0x00000000eb0ff2f0,0x00000000eb100000)
  to   space 4608K, 0% used [0x00000000eab80000,0x00000000eab80000,0x00000000eb000000)
 ParOldGen       total 209920K, used 167176K [0x00000000c0000000, 0x00000000ccd00000, 0x00000000eab00000)
  object space 209920K, 79% used [0x00000000c0000000,0x00000000ca342198,0x00000000ccd00000)
 Metaspace       used 92359K, committed 93696K, reserved 1179648K
  class space    used 9082K, committed 9728K, reserved 1048576K
}
Event: 2080.647 GC heap after
{Heap after GC invocations=8332 (full 55):
 PSYoungGen      total 1024K, used 512K [0x00000000eab00000, 0x00000000eb080000, 0x0000000100000000)
  eden space 512K, 0% used [0x00000000eab00000,0x00000000eab00000,0x00000000eab80000)
  from space 512K, 100% used [0x00000000eab80000,0x00000000eac00000,0x00000000eac00000)
  to   space 2048K, 0% used [0x00000000eae80000,0x00000000eae80000,0x00000000eb080000)
 ParOldGen       total 209920K, used 168213K [0x00000000c0000000, 0x00000000ccd00000, 0x00000000eab00000)
  object space 209920K, 80% used [0x00000000c0000000,0x00000000ca445488,0x00000000ccd00000)
 Metaspace       used 92359K, committed 93696K, reserved 1179648K
  class space    used 9082K, committed 9728K, reserved 1048576K
}
Event: 2080.648 GC heap before
{Heap before GC invocations=8333 (full 55):
 PSYoungGen      total 1024K, used 1024K [0x00000000eab00000, 0x00000000eb080000, 0x0000000100000000)
  eden space 512K, 100% used [0x00000000eab00000,0x00000000eab80000,0x00000000eab80000)
  from space 512K, 100% used [0x00000000eab80000,0x00000000eac00000,0x00000000eac00000)
  to   space 2048K, 0% used [0x00000000eae80000,0x00000000eae80000,0x00000000eb080000)
 ParOldGen       total 209920K, used 168213K [0x00000000c0000000, 0x00000000ccd00000, 0x00000000eab00000)
  object space 209920K, 80% used [0x00000000c0000000,0x00000000ca445488,0x00000000ccd00000)
 Metaspace       used 92359K, committed 93696K, reserved 1179648K
  class space    used 9082K, committed 9728K, reserved 1048576K
}
Event: 2080.649 GC heap after
{Heap after GC invocations=8333 (full 55):
 PSYoungGen      total 2048K, used 544K [0x00000000eab00000, 0x00000000eaf80000, 0x0000000100000000)
  eden space 1024K, 0% used [0x00000000eab00000,0x00000000eab00000,0x00000000eac00000)
  from space 1024K, 53% used [0x00000000eae80000,0x00000000eaf08000,0x00000000eaf80000)
  to   space 1024K, 0% used [0x00000000ead80000,0x00000000ead80000,0x00000000eae80000)
 ParOldGen       total 209920K, used 168717K [0x00000000c0000000, 0x00000000ccd00000, 0x00000000eab00000)
  object space 209920K, 80% used [0x00000000c0000000,0x00000000ca4c3488,0x00000000ccd00000)
 Metaspace       used 92359K, committed 93696K, reserved 1179648K
  class space    used 9082K, committed 9728K, reserved 1048576K
}
Event: 2080.650 GC heap before
{Heap before GC invocations=8334 (full 55):
 PSYoungGen      total 2048K, used 1568K [0x00000000eab00000, 0x00000000eaf80000, 0x0000000100000000)
  eden space 1024K, 100% used [0x00000000eab00000,0x00000000eac00000,0x00000000eac00000)
  from space 1024K, 53% used [0x00000000eae80000,0x00000000eaf08000,0x00000000eaf80000)
  to   space 1024K, 0% used [0x00000000ead80000,0x00000000ead80000,0x00000000eae80000)
 ParOldGen       total 209920K, used 168717K [0x00000000c0000000, 0x00000000ccd00000, 0x00000000eab00000)
  object space 209920K, 80% used [0x00000000c0000000,0x00000000ca4c3488,0x00000000ccd00000)
 Metaspace       used 92359K, committed 93696K, reserved 1179648K
  class space    used 9082K, committed 9728K, reserved 1048576K
}
Event: 2080.652 GC heap after
{Heap after GC invocations=8334 (full 55):
 PSYoungGen      total 2560K, used 1024K [0x00000000eab00000, 0x00000000eaf80000, 0x0000000100000000)
  eden space 1536K, 0% used [0x00000000eab00000,0x00000000eab00000,0x00000000eac80000)
  from space 1024K, 100% used [0x00000000ead80000,0x00000000eae80000,0x00000000eae80000)
  to   space 1024K, 0% used [0x00000000eae80000,0x00000000eae80000,0x00000000eaf80000)
 ParOldGen       total 209920K, used 169213K [0x00000000c0000000, 0x00000000ccd00000, 0x00000000eab00000)
  object space 209920K, 80% used [0x00000000c0000000,0x00000000ca53f488,0x00000000ccd00000)
 Metaspace       used 92359K, committed 93696K, reserved 1179648K
  class space    used 9082K, committed 9728K, reserved 1048576K
}
Event: 2080.654 GC heap before
{Heap before GC invocations=8335 (full 55):
 PSYoungGen      total 2560K, used 2560K [0x00000000eab00000, 0x00000000eaf80000, 0x0000000100000000)
  eden space 1536K, 100% used [0x00000000eab00000,0x00000000eac80000,0x00000000eac80000)
  from space 1024K, 100% used [0x00000000ead80000,0x00000000eae80000,0x00000000eae80000)
  to   space 1024K, 0% used [0x00000000eae80000,0x00000000eae80000,0x00000000eaf80000)
 ParOldGen       total 209920K, used 169213K [0x00000000c0000000, 0x00000000ccd00000, 0x00000000eab00000)
  object space 209920K, 80% used [0x00000000c0000000,0x00000000ca53f488,0x00000000ccd00000)
 Metaspace       used 92359K, committed 93696K, reserved 1179648K
  class space    used 9082K, committed 9728K, reserved 1048576K
}

Dll operation events (13 events):
Event: 0.006 Loaded shared library c:\Users\Giuseppe\.vscode\extensions\redhat.java-1.26.0-win32-x64\jre\17.0.9-win32-x86_64\bin\java.dll
Event: 0.097 Loaded shared library c:\Users\Giuseppe\.vscode\extensions\redhat.java-1.26.0-win32-x64\jre\17.0.9-win32-x86_64\bin\zip.dll
Event: 0.099 Loaded shared library C:\Users\Giuseppe\.vscode\extensions\redhat.java-1.26.0-win32-x64\jre\17.0.9-win32-x86_64\bin\instrument.dll
Event: 0.125 Loaded shared library C:\Users\Giuseppe\.vscode\extensions\redhat.java-1.26.0-win32-x64\jre\17.0.9-win32-x86_64\bin\net.dll
Event: 0.142 Loaded shared library C:\Users\Giuseppe\.vscode\extensions\redhat.java-1.26.0-win32-x64\jre\17.0.9-win32-x86_64\bin\nio.dll
Event: 0.147 Loaded shared library C:\Users\Giuseppe\.vscode\extensions\redhat.java-1.26.0-win32-x64\jre\17.0.9-win32-x86_64\bin\zip.dll
Event: 0.160 Loaded shared library C:\Users\Giuseppe\.vscode\extensions\redhat.java-1.26.0-win32-x64\jre\17.0.9-win32-x86_64\bin\jimage.dll
Event: 0.217 Loaded shared library c:\Users\Giuseppe\.vscode\extensions\redhat.java-1.26.0-win32-x64\jre\17.0.9-win32-x86_64\bin\verify.dll
Event: 3.506 Loaded shared library C:\Users\Giuseppe\AppData\Roaming\Code\User\globalStorage\redhat.java\1.26.0\config_win\org.eclipse.equinox.launcher\org.eclipse.equinox.launcher.win32.win32.x86_64_1.2.800.v20231003-1442\eclipse_11802.dll
Event: 7.976 Loaded shared library C:\Users\Giuseppe\.vscode\extensions\redhat.java-1.26.0-win32-x64\jre\17.0.9-win32-x86_64\bin\management.dll
Event: 8.001 Loaded shared library C:\Users\Giuseppe\.vscode\extensions\redhat.java-1.26.0-win32-x64\jre\17.0.9-win32-x86_64\bin\management_ext.dll
Event: 8.726 Loaded shared library C:\Users\Giuseppe\AppData\Local\Temp\jna-1343023872\jna15768627726866107079.dll
Event: 12.343 Loaded shared library C:\Users\Giuseppe\.vscode\extensions\redhat.java-1.26.0-win32-x64\jre\17.0.9-win32-x86_64\bin\sunmscapi.dll

Deoptimization events (20 events):
Event: 2070.081 Thread 0x000001ffc4297680 DEOPT PACKING pc=0x000001ffb4cf7550 sp=0x0000006778efe7e0
Event: 2070.081 Thread 0x000001ffc4297680 DEOPT UNPACKING pc=0x000001ffb43966a3 sp=0x0000006778efe598 mode 2
Event: 2070.582 Thread 0x000001ffc4297680 Uncommon trap: trap_request=0xffffffde fr.pc=0x000001ffb5ff6bec relative=0x000000000000122c
Event: 2070.582 Thread 0x000001ffc4297680 Uncommon trap: reason=class_check action=maybe_recompile pc=0x000001ffb5ff6bec method=org.eclipse.jdt.internal.compiler.parser.Parser.consumeRule(I)V @ 6894 c2
Event: 2070.582 Thread 0x000001ffc4297680 DEOPT PACKING pc=0x000001ffb5ff6bec sp=0x0000006778efe910
Event: 2070.583 Thread 0x000001ffc4297680 DEOPT UNPACKING pc=0x000001ffb43966a3 sp=0x0000006778efe898 mode 2
Event: 2076.400 Thread 0x000001ffc7702810 DEOPT PACKING pc=0x000001ffae332510 sp=0x0000006779bfdac0
Event: 2076.400 Thread 0x000001ffc7702810 DEOPT UNPACKING pc=0x000001ffb4396e43 sp=0x0000006779bfcfb8 mode 0
Event: 2076.765 Thread 0x000001ffc84603e0 Uncommon trap: trap_request=0xffffff45 fr.pc=0x000001ffb529ed40 relative=0x0000000000000560
Event: 2076.765 Thread 0x000001ffc84603e0 Uncommon trap: reason=unstable_if action=reinterpret pc=0x000001ffb529ed40 method=java.util.concurrent.ForkJoinPool.scan(Ljava/util/concurrent/ForkJoinPool$WorkQueue;II)I @ 176 c2
Event: 2076.765 Thread 0x000001ffc84603e0 DEOPT PACKING pc=0x000001ffb529ed40 sp=0x0000006776fff2e0
Event: 2076.765 Thread 0x000001ffc84603e0 DEOPT UNPACKING pc=0x000001ffb43966a3 sp=0x0000006776fff250 mode 2
Event: 2079.682 Thread 0x000001ffc84603e0 Uncommon trap: trap_request=0xffffffe4 fr.pc=0x000001ffb4ce5d20 relative=0x00000000000007c0
Event: 2079.682 Thread 0x000001ffc84603e0 Uncommon trap: reason=range_check action=make_not_entrant pc=0x000001ffb4ce5d20 method=org.eclipse.jdt.internal.compiler.parser.Scanner.scanForTextBlockBeginning()Z @ 27 c2
Event: 2079.682 Thread 0x000001ffc84603e0 DEOPT PACKING pc=0x000001ffb4ce5d20 sp=0x0000006776ffdfe0
Event: 2079.682 Thread 0x000001ffc84603e0 DEOPT UNPACKING pc=0x000001ffb43966a3 sp=0x0000006776ffdf18 mode 2
Event: 2079.895 Thread 0x000001ffc84603e0 Uncommon trap: trap_request=0xffffff45 fr.pc=0x000001ffb5405418 relative=0x0000000000000158
Event: 2079.895 Thread 0x000001ffc84603e0 Uncommon trap: reason=unstable_if action=reinterpret pc=0x000001ffb5405418 method=org.eclipse.jdt.internal.corext.dom.Selection.coveredBy(Lorg/eclipse/jdt/core/dom/ASTNode;)Z @ 10 c2
Event: 2079.895 Thread 0x000001ffc84603e0 DEOPT PACKING pc=0x000001ffb5405418 sp=0x0000006776ffe000
Event: 2079.895 Thread 0x000001ffc84603e0 DEOPT UNPACKING pc=0x000001ffb43966a3 sp=0x0000006776ffdf28 mode 2

Classes unloaded (20 events):
Event: 1222.704 Thread 0x000001ffbdfe89a0 Unloading class 0x0000000100740800 'java/lang/invoke/LambdaForm$MH+0x0000000100740800'
Event: 1222.704 Thread 0x000001ffbdfe89a0 Unloading class 0x0000000100740400 'java/lang/invoke/LambdaForm$MH+0x0000000100740400'
Event: 1222.704 Thread 0x000001ffbdfe89a0 Unloading class 0x0000000100740000 'java/lang/invoke/LambdaForm$MH+0x0000000100740000'
Event: 1222.704 Thread 0x000001ffbdfe89a0 Unloading class 0x000000010073dc00 'java/lang/invoke/LambdaForm$MH+0x000000010073dc00'
Event: 1222.704 Thread 0x000001ffbdfe89a0 Unloading class 0x0000000100261400 'java/lang/invoke/LambdaForm$MH+0x0000000100261400'
Event: 1428.010 Thread 0x000001ffbdfe89a0 Unloading class 0x00000001008bcc00 'jdk/internal/reflect/GeneratedConstructorAccessor57'
Event: 1484.517 Thread 0x000001ffbdfe89a0 Unloading class 0x000000010090c400 'jdk/internal/reflect/GeneratedConstructorAccessor66'
Event: 1484.517 Thread 0x000001ffbdfe89a0 Unloading class 0x00000001008cdc00 'jdk/internal/reflect/GeneratedConstructorAccessor64'
Event: 1484.517 Thread 0x000001ffbdfe89a0 Unloading class 0x00000001008cd400 'jdk/internal/reflect/GeneratedConstructorAccessor62'
Event: 1484.517 Thread 0x000001ffbdfe89a0 Unloading class 0x00000001008cd000 'jdk/internal/reflect/GeneratedConstructorAccessor61'
Event: 1484.517 Thread 0x000001ffbdfe89a0 Unloading class 0x00000001008ccc00 'jdk/internal/reflect/GeneratedConstructorAccessor60'
Event: 1779.352 Thread 0x000001ffbdfe89a0 Unloading class 0x0000000100680000 'java/lang/invoke/LambdaForm$MH+0x0000000100680000'
Event: 1779.352 Thread 0x000001ffbdfe89a0 Unloading class 0x0000000100679c00 'java/lang/invoke/LambdaForm$MH+0x0000000100679c00'
Event: 1779.352 Thread 0x000001ffbdfe89a0 Unloading class 0x0000000100679800 'java/lang/invoke/LambdaForm$MH+0x0000000100679800'
Event: 1779.352 Thread 0x000001ffbdfe89a0 Unloading class 0x0000000100679400 'java/lang/invoke/LambdaForm$MH+0x0000000100679400'
Event: 1779.352 Thread 0x000001ffbdfe89a0 Unloading class 0x0000000100679000 'java/lang/invoke/LambdaForm$MH+0x0000000100679000'
Event: 1779.352 Thread 0x000001ffbdfe89a0 Unloading class 0x0000000100678c00 'java/lang/invoke/LambdaForm$MH+0x0000000100678c00'
Event: 1779.352 Thread 0x000001ffbdfe89a0 Unloading class 0x0000000100220c00 'java/lang/invoke/LambdaForm$MH+0x0000000100220c00'
Event: 1779.352 Thread 0x000001ffbdfe89a0 Unloading class 0x0000000100220800 'java/lang/invoke/LambdaForm$MH+0x0000000100220800'
Event: 1779.352 Thread 0x000001ffbdfe89a0 Unloading class 0x0000000100220400 'java/lang/invoke/LambdaForm$MH+0x0000000100220400'

Classes redefined (0 events):
No events

Internal exceptions (20 events):
Event: 2061.562 Thread 0x000001ffc8462750 Exception <a 'java/lang/ClassNotFoundException'{0x00000000eab655f8}: sun/net/www/protocol/jdt/Handler> (0x00000000eab655f8) 
thrown [s\src\hotspot\share\classfile\systemDictionary.cpp, line 256]
Event: 2061.563 Thread 0x000001ffc8462750 Exception <a 'java/lang/ClassNotFoundException'{0x00000000eab69ab8}: sun/net/www/protocol/jdt/Handler> (0x00000000eab69ab8) 
thrown [s\src\hotspot\share\classfile\systemDictionary.cpp, line 256]
Event: 2061.563 Thread 0x000001ffc8462750 Exception <a 'java/lang/ClassNotFoundException'{0x00000000eab82cf0}: sun/net/www/protocol/jdt/Handler> (0x00000000eab82cf0) 
thrown [s\src\hotspot\share\classfile\systemDictionary.cpp, line 256]
Event: 2061.563 Thread 0x000001ffc8462750 Exception <a 'java/lang/ClassNotFoundException'{0x00000000eab84d58}: sun/net/www/protocol/jdt/Handler> (0x00000000eab84d58) 
thrown [s\src\hotspot\share\classfile\systemDictionary.cpp, line 256]
Event: 2061.563 Thread 0x000001ffc8462750 Exception <a 'java/lang/ClassNotFoundException'{0x00000000eab87160}: sun/net/www/protocol/jdt/Handler> (0x00000000eab87160) 
thrown [s\src\hotspot\share\classfile\systemDictionary.cpp, line 256]
Event: 2064.203 Thread 0x000001ffc4297680 Exception <a 'sun/nio/fs/WindowsException'{0x00000000eac379c0}> (0x00000000eac379c0) 
thrown [s\src\hotspot\share\prims\jni.cpp, line 516]
Event: 2064.253 Thread 0x000001ffc4297680 Exception <a 'sun/nio/fs/WindowsException'{0x00000000eace8fd0}> (0x00000000eace8fd0) 
thrown [s\src\hotspot\share\prims\jni.cpp, line 516]
Event: 2065.733 Thread 0x000001ffc8462750 Exception <a 'java/lang/ClassNotFoundException'{0x00000000eab9f560}: sun/net/www/protocol/jdt/Handler> (0x00000000eab9f560) 
thrown [s\src\hotspot\share\classfile\systemDictionary.cpp, line 256]
Event: 2065.733 Thread 0x000001ffc8462750 Exception <a 'java/lang/ClassNotFoundException'{0x00000000eabb1588}: sun/net/www/protocol/jdt/Handler> (0x00000000eabb1588) 
thrown [s\src\hotspot\share\classfile\systemDictionary.cpp, line 256]
Event: 2066.028 Thread 0x000001ffc8462750 Exception <a 'java/lang/ClassNotFoundException'{0x00000000eab2c3b8}: sun/net/www/protocol/jdt/Handler> (0x00000000eab2c3b8) 
thrown [s\src\hotspot\share\classfile\systemDictionary.cpp, line 256]
Event: 2066.028 Thread 0x000001ffc8462750 Exception <a 'java/lang/ClassNotFoundException'{0x00000000eab2e190}: sun/net/www/protocol/jdt/Handler> (0x00000000eab2e190) 
thrown [s\src\hotspot\share\classfile\systemDictionary.cpp, line 256]
Event: 2066.028 Thread 0x000001ffc8462750 Exception <a 'java/lang/ClassNotFoundException'{0x00000000eab30168}: sun/net/www/protocol/jdt/Handler> (0x00000000eab30168) 
thrown [s\src\hotspot\share\classfile\systemDictionary.cpp, line 256]
Event: 2066.028 Thread 0x000001ffc8462750 Exception <a 'java/lang/ClassNotFoundException'{0x00000000eab33b20}: sun/net/www/protocol/jdt/Handler> (0x00000000eab33b20) 
thrown [s\src\hotspot\share\classfile\systemDictionary.cpp, line 256]
Event: 2066.028 Thread 0x000001ffc8462750 Exception <a 'java/lang/ClassNotFoundException'{0x00000000eab39518}: sun/net/www/protocol/jdt/Handler> (0x00000000eab39518) 
thrown [s\src\hotspot\share\classfile\systemDictionary.cpp, line 256]
Event: 2070.031 Thread 0x000001ffc4297680 Exception <a 'sun/nio/fs/WindowsException'{0x00000000eab97a18}> (0x00000000eab97a18) 
thrown [s\src\hotspot\share\prims\jni.cpp, line 516]
Event: 2070.079 Thread 0x000001ffc4297680 Exception <a 'sun/nio/fs/WindowsException'{0x00000000eab856b0}> (0x00000000eab856b0) 
thrown [s\src\hotspot\share\prims\jni.cpp, line 516]
Event: 2079.682 Thread 0x000001ffc84603e0 Exception <a 'java/lang/ArrayIndexOutOfBoundsException'{0x00000000eaccc898}: Index 2 out of bounds for length 2> (0x00000000eaccc898) 
thrown [s\src\hotspot\share\interpreter\interpreterRuntime.cpp, line 428]
Event: 2079.682 Thread 0x000001ffc84603e0 Exception <a 'java/lang/ArrayIndexOutOfBoundsException'{0x00000000eace46c0}> (0x00000000eace46c0) 
thrown [s\src\hotspot\share\runtime\sharedRuntime.cpp, line 631]
Event: 2079.945 Thread 0x000001ffc84603e0 Exception <a 'java/lang/ArrayIndexOutOfBoundsException'{0x00000000eae5fcf0}> (0x00000000eae5fcf0) 
thrown [s\src\hotspot\share\runtime\sharedRuntime.cpp, line 631]
Event: 2079.945 Thread 0x000001ffc84603e0 Exception <a 'java/lang/ArrayIndexOutOfBoundsException'{0x00000000eae77b10}> (0x00000000eae77b10) 
thrown [s\src\hotspot\share\runtime\sharedRuntime.cpp, line 631]

VM Operations (20 events):
Event: 2079.947 Executing VM operation: ParallelGCFailedAllocation done
Event: 2080.617 Executing VM operation: ParallelGCFailedAllocation
Event: 2080.618 Executing VM operation: ParallelGCFailedAllocation done
Event: 2080.625 Executing VM operation: ParallelGCFailedAllocation
Event: 2080.626 Executing VM operation: ParallelGCFailedAllocation done
Event: 2080.629 Executing VM operation: ParallelGCFailedAllocation
Event: 2080.631 Executing VM operation: ParallelGCFailedAllocation done
Event: 2080.634 Executing VM operation: ParallelGCFailedAllocation
Event: 2080.635 Executing VM operation: ParallelGCFailedAllocation done
Event: 2080.638 Executing VM operation: ParallelGCFailedAllocation
Event: 2080.639 Executing VM operation: ParallelGCFailedAllocation done
Event: 2080.643 Executing VM operation: ParallelGCFailedAllocation
Event: 2080.645 Executing VM operation: ParallelGCFailedAllocation done
Event: 2080.646 Executing VM operation: ParallelGCFailedAllocation
Event: 2080.647 Executing VM operation: ParallelGCFailedAllocation done
Event: 2080.648 Executing VM operation: ParallelGCFailedAllocation
Event: 2080.649 Executing VM operation: ParallelGCFailedAllocation done
Event: 2080.650 Executing VM operation: ParallelGCFailedAllocation
Event: 2080.652 Executing VM operation: ParallelGCFailedAllocation done
Event: 2080.654 Executing VM operation: ParallelGCFailedAllocation

Events (20 events):
Event: 2070.598 Thread 0x000001ffc368afa0 flushing nmethod 0x000001ffaead3390
Event: 2070.599 Thread 0x000001ffc368afa0 flushing nmethod 0x000001ffaee48d10
Event: 2070.599 Thread 0x000001ffc368afa0 flushing nmethod 0x000001ffaef16b90
Event: 2070.599 Thread 0x000001ffc368afa0 flushing nmethod 0x000001ffaef49c90
Event: 2070.599 Thread 0x000001ffc368afa0 flushing nmethod 0x000001ffaef80b90
Event: 2070.599 Thread 0x000001ffc368afa0 flushing nmethod 0x000001ffaefaf390
Event: 2070.600 Thread 0x000001ffc368afa0 flushing nmethod 0x000001ffaf27a290
Event: 2070.600 Thread 0x000001ffc368afa0 flushing nmethod 0x000001ffaf2b1310
Event: 2070.601 Thread 0x000001ffc368afa0 flushing nmethod 0x000001ffaf46c590
Event: 2070.601 Thread 0x000001ffc368afa0 flushing nmethod 0x000001ffaf4acc90
Event: 2070.601 Thread 0x000001ffc368afa0 flushing nmethod 0x000001ffaf4dfd10
Event: 2070.601 Thread 0x000001ffc368afa0 flushing nmethod 0x000001ffaf4e6a10
Event: 2070.601 Thread 0x000001ffc368afa0 flushing nmethod 0x000001ffaf4e6e10
Event: 2070.601 Thread 0x000001ffc368afa0 flushing nmethod 0x000001ffaf4e7e10
Event: 2079.370 Thread 0x000001ffc8462c60 Thread added: 0x000001ffc8462c60
Event: 2079.370 Thread 0x000001ffc84654e0 Thread added: 0x000001ffc84654e0
Event: 2079.370 Thread 0x000001ffc8463170 Thread added: 0x000001ffc8463170
Event: 2079.370 Thread 0x000001ffc8462c60 Thread exited: 0x000001ffc8462c60
Event: 2079.370 Thread 0x000001ffc84654e0 Thread exited: 0x000001ffc84654e0
Event: 2079.370 Thread 0x000001ffc8463170 Thread exited: 0x000001ffc8463170


Dynamic libraries:
0x00007ff68e600000 - 0x00007ff68e60e000 	c:\Users\Giuseppe\.vscode\extensions\redhat.java-1.26.0-win32-x64\jre\17.0.9-win32-x86_64\bin\java.exe
0x00007ff9e8da0000 - 0x00007ff9e8fa9000 	C:\WINDOWS\SYSTEM32\ntdll.dll
0x00007ff9e6bf0000 - 0x00007ff9e6cad000 	C:\WINDOWS\System32\KERNEL32.DLL
0x00007ff9e6860000 - 0x00007ff9e6be4000 	C:\WINDOWS\System32\KERNELBASE.dll
0x00007ff9e6370000 - 0x00007ff9e6481000 	C:\WINDOWS\System32\ucrtbase.dll
0x00007ff9bf970000 - 0x00007ff9bf987000 	c:\Users\Giuseppe\.vscode\extensions\redhat.java-1.26.0-win32-x64\jre\17.0.9-win32-x86_64\bin\jli.dll
0x00007ff9e83f0000 - 0x00007ff9e859d000 	C:\WINDOWS\System32\USER32.dll
0x00007ff9e6340000 - 0x00007ff9e6366000 	C:\WINDOWS\System32\win32u.dll
0x00007ff9e7310000 - 0x00007ff9e733a000 	C:\WINDOWS\System32\GDI32.dll
0x00007ff9e65d0000 - 0x00007ff9e66ee000 	C:\WINDOWS\System32\gdi32full.dll
0x00007ff9e6230000 - 0x00007ff9e62cd000 	C:\WINDOWS\System32\msvcp_win.dll
0x00007ff9c13d0000 - 0x00007ff9c13eb000 	c:\Users\Giuseppe\.vscode\extensions\redhat.java-1.26.0-win32-x64\jre\17.0.9-win32-x86_64\bin\VCRUNTIME140.dll
0x00007ff9ce810000 - 0x00007ff9ceab5000 	C:\WINDOWS\WinSxS\amd64_microsoft.windows.common-controls_6595b64144ccf1df_6.0.22000.120_none_9d947278b86cc467\COMCTL32.dll
0x00007ff9e73f0000 - 0x00007ff9e7493000 	C:\WINDOWS\System32\msvcrt.dll
0x00007ff9e6cb0000 - 0x00007ff9e6ce1000 	C:\WINDOWS\System32\IMM32.DLL
0x00007ff9c7fa0000 - 0x00007ff9c7fac000 	c:\Users\Giuseppe\.vscode\extensions\redhat.java-1.26.0-win32-x64\jre\17.0.9-win32-x86_64\bin\vcruntime140_1.dll
0x00007ff9beb30000 - 0x00007ff9bebbd000 	c:\Users\Giuseppe\.vscode\extensions\redhat.java-1.26.0-win32-x64\jre\17.0.9-win32-x86_64\bin\msvcp140.dll
0x00007ff971db0000 - 0x00007ff972a11000 	c:\Users\Giuseppe\.vscode\extensions\redhat.java-1.26.0-win32-x64\jre\17.0.9-win32-x86_64\bin\server\jvm.dll
0x00007ff9e7340000 - 0x00007ff9e73ee000 	C:\WINDOWS\System32\ADVAPI32.dll
0x00007ff9e74a0000 - 0x00007ff9e753e000 	C:\WINDOWS\System32\sechost.dll
0x00007ff9e8ab0000 - 0x00007ff9e8bd1000 	C:\WINDOWS\System32\RPCRT4.dll
0x00007ff9e5480000 - 0x00007ff9e54cd000 	C:\WINDOWS\SYSTEM32\POWRPROF.dll
0x00007ff9c7cb0000 - 0x00007ff9c7cb9000 	C:\WINDOWS\SYSTEM32\WSOCK32.dll
0x00007ff9e85f0000 - 0x00007ff9e865f000 	C:\WINDOWS\System32\WS2_32.dll
0x00007ff9df500000 - 0x00007ff9df533000 	C:\WINDOWS\SYSTEM32\WINMM.dll
0x00007ff9e17c0000 - 0x00007ff9e17ca000 	C:\WINDOWS\SYSTEM32\VERSION.dll
0x00007ff9e5460000 - 0x00007ff9e5473000 	C:\WINDOWS\SYSTEM32\UMPDC.dll
0x00007ff9e52c0000 - 0x00007ff9e52d8000 	C:\WINDOWS\SYSTEM32\kernel.appcore.dll
0x00007ff9c77b0000 - 0x00007ff9c77ba000 	c:\Users\Giuseppe\.vscode\extensions\redhat.java-1.26.0-win32-x64\jre\17.0.9-win32-x86_64\bin\jimage.dll
0x00007ff9daf60000 - 0x00007ff9db181000 	C:\WINDOWS\SYSTEM32\DBGHELP.DLL
0x00007ff9aaae0000 - 0x00007ff9aab11000 	C:\WINDOWS\SYSTEM32\dbgcore.DLL
0x00007ff9e6490000 - 0x00007ff9e650f000 	C:\WINDOWS\System32\bcryptPrimitives.dll
0x00007ff9c6020000 - 0x00007ff9c602e000 	c:\Users\Giuseppe\.vscode\extensions\redhat.java-1.26.0-win32-x64\jre\17.0.9-win32-x86_64\bin\instrument.dll
0x00007ff9bf940000 - 0x00007ff9bf965000 	c:\Users\Giuseppe\.vscode\extensions\redhat.java-1.26.0-win32-x64\jre\17.0.9-win32-x86_64\bin\java.dll
0x00007ff9bf2d0000 - 0x00007ff9bf2e8000 	c:\Users\Giuseppe\.vscode\extensions\redhat.java-1.26.0-win32-x64\jre\17.0.9-win32-x86_64\bin\zip.dll
0x00007ff9e7b60000 - 0x00007ff9e8325000 	C:\WINDOWS\System32\SHELL32.dll
0x00007ff9e42c0000 - 0x00007ff9e4b22000 	C:\WINDOWS\SYSTEM32\windows.storage.dll
0x00007ff9e6e10000 - 0x00007ff9e7186000 	C:\WINDOWS\System32\combase.dll
0x00007ff9e4150000 - 0x00007ff9e42b7000 	C:\WINDOWS\SYSTEM32\wintypes.dll
0x00007ff9e8660000 - 0x00007ff9e874a000 	C:\WINDOWS\System32\SHCORE.dll
0x00007ff9e8330000 - 0x00007ff9e838d000 	C:\WINDOWS\System32\shlwapi.dll
0x00007ff9e6160000 - 0x00007ff9e6185000 	C:\WINDOWS\SYSTEM32\profapi.dll
0x00007ff9bf2b0000 - 0x00007ff9bf2c9000 	C:\Users\Giuseppe\.vscode\extensions\redhat.java-1.26.0-win32-x64\jre\17.0.9-win32-x86_64\bin\net.dll
0x00007ff9e00c0000 - 0x00007ff9e01d4000 	C:\WINDOWS\SYSTEM32\WINHTTP.dll
0x00007ff9e57f0000 - 0x00007ff9e5857000 	C:\WINDOWS\system32\mswsock.dll
0x00007ff9bf290000 - 0x00007ff9bf2a6000 	C:\Users\Giuseppe\.vscode\extensions\redhat.java-1.26.0-win32-x64\jre\17.0.9-win32-x86_64\bin\nio.dll
0x00007ff9c13c0000 - 0x00007ff9c13d0000 	c:\Users\Giuseppe\.vscode\extensions\redhat.java-1.26.0-win32-x64\jre\17.0.9-win32-x86_64\bin\verify.dll
0x00007ff9beab0000 - 0x00007ff9beaee000 	C:\Users\Giuseppe\AppData\Roaming\Code\User\globalStorage\redhat.java\1.26.0\config_win\org.eclipse.equinox.launcher\org.eclipse.equinox.launcher.win32.win32.x86_64_1.2.800.v20231003-1442\eclipse_11802.dll
0x00007ff9e79c0000 - 0x00007ff9e7b5a000 	C:\WINDOWS\System32\ole32.dll
0x00007ff9c06e0000 - 0x00007ff9c06e9000 	C:\Users\Giuseppe\.vscode\extensions\redhat.java-1.26.0-win32-x64\jre\17.0.9-win32-x86_64\bin\management.dll
0x00007ff9c0400000 - 0x00007ff9c040b000 	C:\Users\Giuseppe\.vscode\extensions\redhat.java-1.26.0-win32-x64\jre\17.0.9-win32-x86_64\bin\management_ext.dll
0x00007ff9e8ce0000 - 0x00007ff9e8ce8000 	C:\WINDOWS\System32\PSAPI.DLL
0x00007ff9e5ac0000 - 0x00007ff9e5ad8000 	C:\WINDOWS\SYSTEM32\CRYPTSP.dll
0x00007ff9e5220000 - 0x00007ff9e5255000 	C:\WINDOWS\system32\rsaenh.dll
0x00007ff9e5890000 - 0x00007ff9e58bc000 	C:\WINDOWS\SYSTEM32\USERENV.dll
0x00007ff9e5c00000 - 0x00007ff9e5c27000 	C:\WINDOWS\SYSTEM32\bcrypt.dll
0x00007ff9e59e0000 - 0x00007ff9e59ec000 	C:\WINDOWS\SYSTEM32\CRYPTBASE.dll
0x00007ff9e4d80000 - 0x00007ff9e4dad000 	C:\WINDOWS\SYSTEM32\IPHLPAPI.DLL
0x00007ff9e85c0000 - 0x00007ff9e85c9000 	C:\WINDOWS\System32\NSI.dll
0x00007ff9e10a0000 - 0x00007ff9e10b9000 	C:\WINDOWS\SYSTEM32\dhcpcsvc6.DLL
0x00007ff9e1800000 - 0x00007ff9e181e000 	C:\WINDOWS\SYSTEM32\dhcpcsvc.DLL
0x00007ff9e4db0000 - 0x00007ff9e4e97000 	C:\WINDOWS\SYSTEM32\DNSAPI.dll
0x00007ff9be8f0000 - 0x00007ff9be935000 	C:\Users\Giuseppe\AppData\Local\Temp\jna-1343023872\jna15768627726866107079.dll
0x00007ff9c0220000 - 0x00007ff9c022e000 	C:\Users\Giuseppe\.vscode\extensions\redhat.java-1.26.0-win32-x64\jre\17.0.9-win32-x86_64\bin\sunmscapi.dll
0x00007ff9e66f0000 - 0x00007ff9e6852000 	C:\WINDOWS\System32\CRYPT32.dll
0x00007ff9e5bd0000 - 0x00007ff9e5bf8000 	C:\WINDOWS\SYSTEM32\ncrypt.dll
0x00007ff9e5b90000 - 0x00007ff9e5bc7000 	C:\WINDOWS\SYSTEM32\NTASN1.dll
0x00007ff9da940000 - 0x00007ff9da94a000 	C:\Windows\System32\rasadhlp.dll
0x00007ff9de290000 - 0x00007ff9de311000 	C:\WINDOWS\System32\fwpuclnt.dll

dbghelp: loaded successfully - version: 4.0.5 - missing functions: none
symbol engine: initialized successfully - sym options: 0x614 - pdb path: .;c:\Users\Giuseppe\.vscode\extensions\redhat.java-1.26.0-win32-x64\jre\17.0.9-win32-x86_64\bin;C:\WINDOWS\SYSTEM32;C:\WINDOWS\WinSxS\amd64_microsoft.windows.common-controls_6595b64144ccf1df_6.0.22000.120_none_9d947278b86cc467;c:\Users\Giuseppe\.vscode\extensions\redhat.java-1.26.0-win32-x64\jre\17.0.9-win32-x86_64\bin\server;C:\Users\Giuseppe\AppData\Roaming\Code\User\globalStorage\redhat.java\1.26.0\config_win\org.eclipse.equinox.launcher\org.eclipse.equinox.launcher.win32.win32.x86_64_1.2.800.v20231003-1442;C:\Users\Giuseppe\AppData\Local\Temp\jna-1343023872

VM Arguments:
jvm_args: --add-modules=ALL-SYSTEM --add-opens=java.base/java.util=ALL-UNNAMED --add-opens=java.base/java.lang=ALL-UNNAMED --add-opens=java.base/sun.nio.fs=ALL-UNNAMED -Declipse.application=org.eclipse.jdt.ls.core.id1 -Dosgi.bundles.defaultStartLevel=4 -Declipse.product=org.eclipse.jdt.ls.core.product -Djava.import.generatesMetadataFilesAtProjectRoot=false -DDetectVMInstallationsJob.disabled=true -Dfile.encoding=utf8 -XX:+UseParallelGC -XX:GCTimeRatio=4 -XX:AdaptiveSizePolicyWeight=90 -Dsun.zip.disableMemoryMapping=true -Xmx1G -Xms100m -Xlog:disable -javaagent:c:\Users\Giuseppe\.vscode\extensions\redhat.java-1.26.0-win32-x64\lombok\lombok-1.18.31-3454.jar -XX:+HeapDumpOnOutOfMemoryError -XX:HeapDumpPath=c:\Users\Giuseppe\AppData\Roaming\Code\User\workspaceStorage\7586336d78be6876f13d5c18bfc6c5c1\redhat.java -Daether.dependencyCollector.impl=bf 
java_command: c:\Users\Giuseppe\.vscode\extensions\redhat.java-1.26.0-win32-x64\server\plugins\org.eclipse.equinox.launcher_1.6.700.v20231214-2017.jar -configuration c:\Users\Giuseppe\AppData\Roaming\Code\User\globalStorage\redhat.java\1.26.0\config_win -data c:\Users\Giuseppe\AppData\Roaming\Code\User\workspaceStorage\7586336d78be6876f13d5c18bfc6c5c1\redhat.java\jdt_ws --stdio
java_class_path (initial): c:\Users\Giuseppe\.vscode\extensions\redhat.java-1.26.0-win32-x64\server\plugins\org.eclipse.equinox.launcher_1.6.700.v20231214-2017.jar
Launcher Type: SUN_STANDARD

[Global flags]
    uintx AdaptiveSizePolicyWeight                 = 90                                        {product} {command line}
     intx CICompilerCount                          = 3                                         {product} {ergonomic}
    uintx GCTimeRatio                              = 4                                         {product} {command line}
     bool HeapDumpOnOutOfMemoryError               = true                                   {manageable} {command line}
    ccstr HeapDumpPath                             = c:\Users\Giuseppe\AppData\Roaming\Code\User\workspaceStorage\7586336d78be6876f13d5c18bfc6c5c1\redhat.java         {manageable} {command line}
   size_t InitialHeapSize                          = 104857600                                 {product} {command line}
   size_t MaxHeapSize                              = 1073741824                                {product} {command line}
   size_t MaxNewSize                               = 357564416                                 {product} {ergonomic}
   size_t MinHeapDeltaBytes                        = 524288                                    {product} {ergonomic}
   size_t MinHeapSize                              = 104857600                                 {product} {command line}
   size_t NewSize                                  = 34603008                                  {product} {ergonomic}
    uintx NonNMethodCodeHeapSize                   = 5832780                                {pd product} {ergonomic}
    uintx NonProfiledCodeHeapSize                  = 122912730                              {pd product} {ergonomic}
   size_t OldSize                                  = 70254592                                  {product} {ergonomic}
    uintx ProfiledCodeHeapSize                     = 122912730                              {pd product} {ergonomic}
    uintx ReservedCodeCacheSize                    = 251658240                              {pd product} {ergonomic}
     bool SegmentedCodeCache                       = true                                      {product} {ergonomic}
   size_t SoftMaxHeapSize                          = 1073741824                             {manageable} {ergonomic}
     bool UseCompressedClassPointers               = true                           {product lp64_product} {ergonomic}
     bool UseCompressedOops                        = true                           {product lp64_product} {ergonomic}
     bool UseLargePagesIndividualAllocation        = false                                  {pd product} {ergonomic}
     bool UseParallelGC                            = true                                      {product} {command line}

Logging:
Log output configuration:
 #0: stdout all=off uptime,level,tags
 #1: stderr all=off uptime,level,tags

Environment Variables:
PATH=c:\program files\eclipse adoptium\jdk-17.0.6.10-hotspot\bin;c:\program files\common files\oracle\java\javapath;c:\program files (x86)\common files\oracle\java\javapath;c:\program files (x86)\razer chroma sdk\bin;c:\program files\razer chroma sdk\bin;c:\program files (x86)\razer\chromabroadcast\bin;c:\program files\razer\chromabroadcast\bin;c:\windows\system32;c:\windows;c:\windows\system32\wbem;c:\windows\system32\windowspowershell\v1.0\;c:\windows\system32\openssh\;c:\program files\nvidia corporation\nvidia nvdlisr;c:\program files\dotnet\;c:\users\giuseppe\appdata\local\microsoft\windowsapps;c:\users\giuseppe\appdata\local\programs\microsoft vs code\bin;c:\users\giuseppe\appdata\roaming\npm;c:\windows\system32\config\systemprofile\appdata\local\microsoft\windowsapps;c:\program files\calibre2\;c:\program files\git\cmd;c:\program files (x86)\windows kits\10\windows performance toolkit\;c:\program files\nodejs\;c:\program files\cmake\bin;c:\program files\go\bin;c:\programdata\chocolatey\bin;c:\program files\powershell\7\;C:\Program Files (x86)\NVIDIA Corporation\PhysX\Common;C:\Users\Giuseppe\AppData\Local\Microsoft\WindowsApps;C:\Users\Giuseppe\AppData\Local\Programs\Microsoft VS Code\bin;C:\Users\Giuseppe\AppData\Local\spicetify;C:\Users\Giuseppe\AppData\Local\GitHubDesktop\bin;C:\Users\Giuseppe\.dotnet\tools;C:\MinGW\bin;C:\Users\Giuseppe\AppData\Local\Programs\Python\Python311;C:\Users\Giuseppe\AppData\Roaming\npm;C:\Users\Giuseppe\AppData\Local\Programs\Neovim\bin;C:\Users\Giuseppe\AppData\Local\JetBrains\Toolbox\scripts;C:\Users\Giuseppe\go\bin;C:\Users\Giuseppe\AppData\Local\Microsoft\WinGet\Packages\Genymobile.scrcpy_Microsoft.Winget.Source_8wekyb3d8bbwe\scrcpy-win64-v2.1.1;;C:\Users\Giuseppe\AppData\Local\Programs\oh-my-posh\bin
USERNAME=Giuseppe
OS=Windows_NT
PROCESSOR_IDENTIFIER=Intel64 Family 6 Model 158 Stepping 12, GenuineIntel
TMP=C:\Users\Giuseppe\AppData\Local\Temp
TEMP=C:\Users\Giuseppe\AppData\Local\Temp



Periodic native trim disabled


---------------  S Y S T E M  ---------------

OS:
 Windows 11 , 64 bit Build 22000 (10.0.22000.2538)
OS uptime: 0 days 1:03 hours
Hyper-V role detected

CPU: total 6 (initial active 6) (6 cores per cpu, 1 threads per core) family 6 model 158 stepping 12 microcode 0xde, cx8, cmov, fxsr, mmx, 3dnowpref, sse, sse2, sse3, ssse3, sse4.1, sse4.2, popcnt, lzcnt, tsc, tscinvbit, avx, avx2, aes, erms, clmul, bmi1, bmi2, rtm, adx, fma, vzeroupper, clflush, clflushopt, hv
Processor Information for all 6 processors :
  Max Mhz: 3701, Current Mhz: 3701, Mhz Limit: 3701

Memory: 4k page, system-wide physical 16055M (9015M free)
TotalPageFile size 24759M (AvailPageFile size 15217M)
current process WorkingSet (physical memory assigned to process): 622M, peak: 850M
current process commit charge ("private bytes"): 520M, peak: 763M

vm_info: OpenJDK 64-Bit Server VM (17.0.9+9) for windows-amd64 JRE (17.0.9+9), built on Oct 26 2023 14:01:42 by "admin" with MS VC++ 16.10 / 16.11 (VS2019)

END.
