#
# A fatal error has been detected by the Java Runtime Environment:
#
#  EXCEPTION_ACCESS_VIOLATION (0xc0000005) at pc=0x00007ff972e2c967, pid=5072, tid=15164
#
# JRE version: OpenJDK Runtime Environment Temurin-17.0.9+9 (17.0.9+9) (build 17.0.9+9)
# Java VM: OpenJDK 64-Bit Server VM Temurin-17.0.9+9 (17.0.9+9, mixed mode, tiered, compressed oops, compressed class ptrs, parallel gc, windows-amd64)
# Problematic frame:
# V  [jvm.dll+0x2ec967]
#
# No core dump will be written. Minidumps are not enabled by default on client versions of Windows
#
# If you would like to submit a bug report, please visit:
#   https://github.com/adoptium/adoptium-support/issues
#

---------------  S U M M A R Y ------------

Command Line: --add-modules=ALL-SYSTEM --add-opens=java.base/java.util=ALL-UNNAMED --add-opens=java.base/java.lang=ALL-UNNAMED --add-opens=java.base/sun.nio.fs=ALL-UNNAMED -Declipse.application=org.eclipse.jdt.ls.core.id1 -Dosgi.bundles.defaultStartLevel=4 -Declipse.product=org.eclipse.jdt.ls.core.product -Djava.import.generatesMetadataFilesAtProjectRoot=false -DDetectVMInstallationsJob.disabled=true -Dfile.encoding=utf8 -XX:+UseParallelGC -XX:GCTimeRatio=4 -XX:AdaptiveSizePolicyWeight=90 -Dsun.zip.disableMemoryMapping=true -Xmx1G -Xms100m -Xlog:disable -javaagent:c:\Users\Giuseppe\.vscode\extensions\redhat.java-1.26.0-win32-x64\lombok\lombok-1.18.31-3454.jar -XX:+HeapDumpOnOutOfMemoryError -XX:HeapDumpPath=c:\Users\Giuseppe\AppData\Roaming\Code\User\workspaceStorage\8a3324fcd6aab793212283498fa97532\redhat.java -Daether.dependencyCollector.impl=bf c:\Users\Giuseppe\.vscode\extensions\redhat.java-1.26.0-win32-x64\server\plugins\org.eclipse.equinox.launcher_1.6.700.v20231214-2017.jar -configuration c:\Users\Giuseppe\AppData\Roaming\Code\User\globalStorage\redhat.java\1.26.0\config_win -data c:\Users\Giuseppe\AppData\Roaming\Code\User\workspaceStorage\8a3324fcd6aab793212283498fa97532\redhat.java\jdt_ws --stdio

Host: Intel(R) Core(TM) i5-9600K CPU @ 3.70GHz, 6 cores, 15G,  Windows 11 , 64 bit Build 22000 (10.0.22000.2538)
Time: Sun Jan 14 16:00:19 2024 W. Europe Standard Time elapsed time: 176.819105 seconds (0d 0h 2m 56s)

---------------  T H R E A D  ---------------

Current thread (0x000002ebdda517b0):  GCTaskThread "GC Thread#3" [stack: 0x000000f3ec400000,0x000000f3ec500000] [id=15164]

Stack: [0x000000f3ec400000,0x000000f3ec500000],  sp=0x000000f3ec4ffc28,  free space=1023k
Native frames: (J=compiled Java code, j=interpreted, Vv=VM code, C=native code)
V  [jvm.dll+0x2ec967]
V  [jvm.dll+0x6bdd78]
V  [jvm.dll+0x6be1ef]
V  [jvm.dll+0x861e7b]
V  [jvm.dll+0x861ec6]
V  [jvm.dll+0x7e3c3a]
V  [jvm.dll+0x67be35]
C  [ucrtbase.dll+0x26c0c]
C  [KERNEL32.DLL+0x153e0]
C  [ntdll.dll+0x485b]


siginfo: EXCEPTION_ACCESS_VIOLATION (0xc0000005), reading address 0x00000000438be46d


Registers:
RAX=0x00000000438be465, RBX=0x0000000000000002, RCX=0x000002ebd7b068e0, RDX=0x0000000000000003
RSP=0x000000f3ec4ffc28, RBP=0x0000000000000000, RSI=0x0000000000000018, RDI=0x000002ebd7a18240
R8 =0x0000000000000000, R9 =0x0000000000000001, R10=0x0000000000000b08, R11=0x000002ebd7b06260
R12=0x0000000000000000, R13=0x000002ebddcb1ff0, R14=0x0000000000000008, R15=0x000000f3ec4ffc90
RIP=0x00007ff972e2c967, EFLAGS=0x0000000000010206


Register to memory mapping:

RIP=0x00007ff972e2c967 jvm.dll
RAX=0x00000000438be465 is an unknown value
RBX=0x0000000000000002 is an unknown value
RCX=0x000002ebd7b068e0 points into unknown readable memory: 0x0000000000000000 | 00 00 00 00 00 00 00 00
RDX=0x0000000000000003 is an unknown value
RSP=0x000000f3ec4ffc28 points into unknown readable memory: 0x000000f3eb4ff158 | 58 f1 4f eb f3 00 00 00
RBP=0x0 is NULL
RSI=0x0000000000000018 is an unknown value
RDI=0x000002ebd7a18240 points into unknown readable memory: 0x00007ff973493040 | 40 30 49 73 f9 7f 00 00
R8 =0x0 is NULL
R9 =0x0000000000000001 is an unknown value
R10=0x0000000000000b08 is an unknown value
R11=0x000002ebd7b06260 points into unknown readable memory: 0x0000000000000000 | 00 00 00 00 00 00 00 00
R12=0x0 is NULL
R13=0x000002ebddcb1ff0 points into unknown readable memory: 0x006e006f00000002 | 02 00 00 00 6f 00 6e 00
R14=0x0000000000000008 is an unknown value
R15=0x000000f3ec4ffc90 points into unknown readable memory: 0x0000000000000000 | 00 00 00 00 00 00 00 00


Top of Stack: (sp=0x000000f3ec4ffc28)
0x000000f3ec4ffc28:   000000f3eb4ff158 0000000000000002
0x000000f3ec4ffc38:   0000000000000005 0000000000000002
0x000000f3ec4ffc48:   00007ff9731fdd78 000002ebd7b06200
0x000000f3ec4ffc58:   000002ebd7b06200 0000000000000000
0x000000f3ec4ffc68:   000000f3eb4ff1b0 000000f3eb4ff050
0x000000f3ec4ffc78:   00007ff9731fe1ef 000002ebd7b06200
0x000000f3ec4ffc88:   000000f3ec4ffd19 0000000000000000
0x000000f3ec4ffc98:   000000f3eb4ff190 000002ebd7b06200
0x000000f3ec4ffca8:   0000000000000002 0000000000000006
0x000000f3ec4ffcb8:   000000f3eb4febb8 0000000200000002
0x000000f3ec4ffcc8:   000002ebd7b06200 00007ff9734f1dc8
0x000000f3ec4ffcd8:   000002ebd7b06200 000000f3eb4ff050
0x000000f3ec4ffce8:   000002ebdd281540 00000000000003d8
0x000000f3ec4ffcf8:   000002ebdd281550 000002ebdd281928
0x000000f3ec4ffd08:   00007ff9734f1f18 0000000000000002
0x000000f3ec4ffd18:   0000000000000000 0000000000000000
0x000000f3ec4ffd28:   0000000000000000 0000000000000000
0x000000f3ec4ffd38:   00005e6e98d63413 0000000000000000
0x000000f3ec4ffd48:   000002ebdda517b0 0000000000000000
0x000000f3ec4ffd58:   0000000000000000 000000f3eb4ff050
0x000000f3ec4ffd68:   000002ebdda517b0 0000000000000000
0x000000f3ec4ffd78:   00007ff9733a1e7b 0000000000000003
0x000000f3ec4ffd88:   0000000000000000 0000000000000003
0x000000f3ec4ffd98:   000000f3eb4ff050 00000000000075a3
0x000000f3ec4ffda8:   00007ff9733a1ec6 000002ebdda517b0
0x000000f3ec4ffdb8:   000000f3ffffffff 000002ebc1d2d030
0x000000f3ec4ffdc8:   0000000000000000 000002ebdda517b0
0x000000f3ec4ffdd8:   00007ff973323c3a 0000000000000000
0x000000f3ec4ffde8:   00000000000075a3 000002ebdda517b0
0x000000f3ec4ffdf8:   00007ff9e68bc98b 0000000000000000
0x000000f3ec4ffe08:   0000000000000000 0000000000000000
0x000000f3ec4ffe18:   00007ff9731bbe35 000002ebdda517b0 

Instructions: (pc=0x00007ff972e2c967)
0x00007ff972e2c867:   ff 7f 2b c1 85 c0 8d 88 ff ff ff 7f 0f 4e c1 33
0x00007ff972e2c877:   d2 41 89 83 04 02 00 00 f7 77 08 44 8b ca 3b d3
0x00007ff972e2c887:   74 b7 8b d3 0f 1f 44 00 00 3b d3 74 05 41 3b d1
0x00007ff972e2c897:   75 44 45 8b 83 04 02 00 00 b8 5f 0b 4e 83 41 f7
0x00007ff972e2c8a7:   e8 41 03 d0 c1 fa 10 8b c2 c1 e8 1f 03 d0 41 69
0x00007ff972e2c8b7:   c0 a7 41 00 00 69 ca ff ff ff 7f 2b c1 85 c0 8d
0x00007ff972e2c8c7:   88 ff ff ff 7f 0f 4e c1 33 d2 41 89 83 04 02 00
0x00007ff972e2c8d7:   00 f7 77 08 eb b3 41 8b c1 4c 8d 34 c5 00 00 00
0x00007ff972e2c8e7:   00 48 8b 47 10 49 8b 0c 06 8b 81 00 01 00 00 44
0x00007ff972e2c8f7:   8b 91 80 00 00 00 44 2b d0 8b c2 41 81 e2 ff ff
0x00007ff972e2c907:   01 00 41 81 fa ff ff 01 00 45 0f 44 d4 48 8d 34
0x00007ff972e2c917:   c5 00 00 00 00 48 8b 47 10 48 8b 0c 06 8b 81 00
0x00007ff972e2c927:   01 00 00 44 8b 81 80 00 00 00 44 2b c0 32 c0 41
0x00007ff972e2c937:   81 e0 ff ff 01 00 41 81 f8 ff ff 01 00 45 0f 44
0x00007ff972e2c947:   c4 45 3b c2 76 0a 48 8b 47 10 48 8b 34 06 eb 14
0x00007ff972e2c957:   45 85 d2 0f 84 84 00 00 00 48 8b 47 10 41 8b d1
0x00007ff972e2c967:   49 8b 34 06 48 8b 86 00 01 00 00 90 8b 8e 80 00
0x00007ff972e2c977:   00 00 2b c8 81 e1 ff ff 01 00 81 f9 ff ff 01 00
0x00007ff972e2c987:   41 0f 44 cc 85 c9 75 13 ba ff ff ff ff 32 c0 41
0x00007ff972e2c997:   89 93 00 02 00 00 e9 c5 00 00 00 48 8b 8e 80 01
0x00007ff972e2c9a7:   00 00 4c 8b c8 44 8b c0 4e 8b 04 c1 8d 48 01 81
0x00007ff972e2c9b7:   e1 ff ff 01 00 4d 89 07 45 8b c4 41 0f 94 c0 49
0x00007ff972e2c9c7:   c1 e9 20 45 03 c8 49 c1 e1 20 4c 0b c9 f0 4c 0f
0x00007ff972e2c9d7:   b1 8e 00 01 00 00 0f 94 c0 84 c0 75 05 ba ff ff
0x00007ff972e2c9e7:   ff ff 41 89 93 00 02 00 00 eb 75 75 77 48 8b 47
0x00007ff972e2c9f7:   10 8d 4b ff 83 e1 01 4c 8b 14 c8 49 8b 82 00 01
0x00007ff972e2ca07:   00 00 90 41 8b 8a 80 00 00 00 2b c8 81 e1 ff ff
0x00007ff972e2ca17:   01 00 81 f9 ff ff 01 00 41 0f 44 cc 85 c9 75 04
0x00007ff972e2ca27:   32 c0 eb 3c 49 8b 8a 80 01 00 00 4c 8b c0 8b d0
0x00007ff972e2ca37:   48 8b 14 d1 8d 48 01 81 e1 ff ff 01 00 49 89 17
0x00007ff972e2ca47:   41 8b d4 0f 94 c2 49 c1 e8 20 44 03 c2 49 c1 e0
0x00007ff972e2ca57:   20 4c 0b c1 f0 4d 0f b1 82 00 01 00 00 0f 94 c0 


Stack slot to memory mapping:
stack at sp + 0 slots: 0x000000f3eb4ff158 points into unknown readable memory: 0x000002ebc1d3e2e0 | e0 e2 d3 c1 eb 02 00 00
stack at sp + 1 slots: 0x0000000000000002 is an unknown value
stack at sp + 2 slots: 0x0000000000000005 is an unknown value
stack at sp + 3 slots: 0x0000000000000002 is an unknown value
stack at sp + 4 slots: 0x00007ff9731fdd78 jvm.dll
stack at sp + 5 slots: 0x000002ebd7b06200 points into unknown readable memory: 0x00007ff9734f1c78 | 78 1c 4f 73 f9 7f 00 00
stack at sp + 6 slots: 0x000002ebd7b06200 points into unknown readable memory: 0x00007ff9734f1c78 | 78 1c 4f 73 f9 7f 00 00
stack at sp + 7 slots: 0x0 is NULL


---------------  P R O C E S S  ---------------

Threads class SMR info:
_java_thread_list=0x000002ebddaf4ce0, length=34, elements={
0x000002ebc1d309c0, 0x000002ebc1de9860, 0x000002ebc1dead90, 0x000002ebd7b24f10,
0x000002ebd7b25d40, 0x000002ebd7b268d0, 0x000002ebdd22c430, 0x000002ebdd22d030,
0x000002ebdd280fd0, 0x000002ebdd28bc90, 0x000002ebdd3607e0, 0x000002ebdd53bc30,
0x000002ebdddfb7f0, 0x000002ebdddd67f0, 0x000002ebdddd6cd0, 0x000002ebddd94120,
0x000002ebde877640, 0x000002ebde8dd850, 0x000002ebde8da0a0, 0x000002ebde8dce30,
0x000002ebde8dc410, 0x000002ebde8dd340, 0x000002ebde8db4e0, 0x000002ebde8dbf00,
0x000002ebde8daac0, 0x000002ebde8db9f0, 0x000002ebe12a1420, 0x000002ebe12a46c0,
0x000002ebe12a3280, 0x000002ebe12a1930, 0x000002ebe12a2350, 0x000002ebe12a1e40,
0x000002ebe12a3ca0, 0x000002ebe129e690
}

Java Threads: ( => current thread )
  0x000002ebc1d309c0 JavaThread "main" [_thread_blocked, id=15176, stack(0x000000f3eb100000,0x000000f3eb200000)]
  0x000002ebc1de9860 JavaThread "Reference Handler" daemon [_thread_blocked, id=14332, stack(0x000000f3eb500000,0x000000f3eb600000)]
  0x000002ebc1dead90 JavaThread "Finalizer" daemon [_thread_blocked, id=14764, stack(0x000000f3eb600000,0x000000f3eb700000)]
  0x000002ebd7b24f10 JavaThread "Signal Dispatcher" daemon [_thread_blocked, id=13144, stack(0x000000f3eb700000,0x000000f3eb800000)]
  0x000002ebd7b25d40 JavaThread "Attach Listener" daemon [_thread_blocked, id=9608, stack(0x000000f3eb800000,0x000000f3eb900000)]
  0x000002ebd7b268d0 JavaThread "Service Thread" daemon [_thread_blocked, id=7892, stack(0x000000f3eb900000,0x000000f3eba00000)]
  0x000002ebdd22c430 JavaThread "Monitor Deflation Thread" daemon [_thread_blocked, id=14476, stack(0x000000f3eba00000,0x000000f3ebb00000)]
  0x000002ebdd22d030 JavaThread "C2 CompilerThread0" daemon [_thread_blocked, id=15208, stack(0x000000f3ebb00000,0x000000f3ebc00000)]
  0x000002ebdd280fd0 JavaThread "C1 CompilerThread0" daemon [_thread_blocked, id=14504, stack(0x000000f3ebc00000,0x000000f3ebd00000)]
  0x000002ebdd28bc90 JavaThread "Sweeper thread" daemon [_thread_blocked, id=14812, stack(0x000000f3ebd00000,0x000000f3ebe00000)]
  0x000002ebdd3607e0 JavaThread "Common-Cleaner" daemon [_thread_blocked, id=15304, stack(0x000000f3ebe00000,0x000000f3ebf00000)]
  0x000002ebdd53bc30 JavaThread "Notification Thread" daemon [_thread_blocked, id=15352, stack(0x000000f3ebf00000,0x000000f3ec000000)]
  0x000002ebdddfb7f0 JavaThread "Active Thread: Equinox Container: 3b9423b2-208e-423a-96bc-857efdc552b4" [_thread_blocked, id=15396, stack(0x000000f3ec700000,0x000000f3ec800000)]
  0x000002ebdddd67f0 JavaThread "Framework Event Dispatcher: Equinox Container: 3b9423b2-208e-423a-96bc-857efdc552b4" daemon [_thread_blocked, id=15400, stack(0x000000f3ec800000,0x000000f3ec900000)]
  0x000002ebdddd6cd0 JavaThread "Start Level: Equinox Container: 3b9423b2-208e-423a-96bc-857efdc552b4" daemon [_thread_blocked, id=15404, stack(0x000000f3ec900000,0x000000f3eca00000)]
  0x000002ebddd94120 JavaThread "Bundle File Closer" daemon [_thread_blocked, id=15456, stack(0x000000f3eca00000,0x000000f3ecb00000)]
  0x000002ebde877640 JavaThread "SCR Component Actor" daemon [_thread_blocked, id=15472, stack(0x000000f3ecb00000,0x000000f3ecc00000)]
  0x000002ebde8dd850 JavaThread "Worker-JM" [_thread_blocked, id=15488, stack(0x000000f3ecd00000,0x000000f3ece00000)]
  0x000002ebde8da0a0 JavaThread "Worker-0" [_thread_blocked, id=15540, stack(0x000000f3ece00000,0x000000f3ecf00000)]
  0x000002ebde8dce30 JavaThread "Worker-1" [_thread_blocked, id=15548, stack(0x000000f3ecf00000,0x000000f3ed000000)]
  0x000002ebde8dc410 JavaThread "Java indexing" daemon [_thread_blocked, id=15748, stack(0x000000f3ed000000,0x000000f3ed100000)]
  0x000002ebde8dd340 JavaThread "JNA Cleaner" daemon [_thread_blocked, id=15872, stack(0x000000f3ed100000,0x000000f3ed200000)]
  0x000002ebde8db4e0 JavaThread "pool-2-thread-1" [_thread_blocked, id=15888, stack(0x000000f3ed400000,0x000000f3ed500000)]
  0x000002ebde8dbf00 JavaThread "WorkspaceEventsHandler" [_thread_blocked, id=15896, stack(0x000000f3ed500000,0x000000f3ed600000)]
  0x000002ebde8daac0 JavaThread "pool-1-thread-1" [_thread_in_native, id=15900, stack(0x000000f3ed600000,0x000000f3ed700000)]
  0x000002ebde8db9f0 JavaThread "Worker-2" [_thread_blocked, id=15904, stack(0x000000f3ed700000,0x000000f3ed800000)]
  0x000002ebe12a1420 JavaThread "Worker-3" [_thread_blocked, id=15920, stack(0x000000f3ed800000,0x000000f3ed900000)]
  0x000002ebe12a46c0 JavaThread "Worker-4" [_thread_blocked, id=15984, stack(0x000000f3ed900000,0x000000f3eda00000)]
  0x000002ebe12a3280 JavaThread "ForkJoinPool.commonPool-worker-1" daemon [_thread_blocked, id=14400, stack(0x000000f3ecc00000,0x000000f3ecd00000)]
  0x000002ebe12a1930 JavaThread "ForkJoinPool.commonPool-worker-2" daemon [_thread_blocked, id=14344, stack(0x000000f3eda00000,0x000000f3edb00000)]
  0x000002ebe12a2350 JavaThread "ForkJoinPool.commonPool-worker-3" daemon [_thread_blocked, id=12028, stack(0x000000f3edb00000,0x000000f3edc00000)]
  0x000002ebe12a1e40 JavaThread "ForkJoinPool.commonPool-worker-4" daemon [_thread_blocked, id=15612, stack(0x000000f3edc00000,0x000000f3edd00000)]
  0x000002ebe12a3ca0 JavaThread "ForkJoinPool.commonPool-worker-5" daemon [_thread_blocked, id=15648, stack(0x000000f3ede00000,0x000000f3edf00000)]
  0x000002ebe129e690 JavaThread "pool-1-thread-2" [_thread_blocked, id=12056, stack(0x000000f3edd00000,0x000000f3ede00000)]

Other Threads:
  0x000002ebd7b08bc0 VMThread "VM Thread" [stack: 0x000000f3eb400000,0x000000f3eb500000] [id=2908]
  0x000002ebdd541da0 WatcherThread [stack: 0x000000f3ec000000,0x000000f3ec100000] [id=11216]
  0x000002ebc1d47cc0 GCTaskThread "GC Thread#0" [stack: 0x000000f3eb200000,0x000000f3eb300000] [id=15108]
  0x000002ebdddeb9a0 GCTaskThread "GC Thread#1" [stack: 0x000000f3ec200000,0x000000f3ec300000] [id=11968]
  0x000002ebddc5fe00 GCTaskThread "GC Thread#2" [stack: 0x000000f3ec300000,0x000000f3ec400000] [id=7480]
=>0x000002ebdda517b0 GCTaskThread "GC Thread#3" [stack: 0x000000f3ec400000,0x000000f3ec500000] [id=15164]
  0x000002ebdda51a70 GCTaskThread "GC Thread#4" [stack: 0x000000f3ec500000,0x000000f3ec600000] [id=996]
  0x000002ebde060890 GCTaskThread "GC Thread#5" [stack: 0x000000f3ec600000,0x000000f3ec700000] [id=15364]

Threads with active compile tasks:

VM state: at safepoint (normal execution)

VM Mutex/Monitor currently owned by a thread:  ([mutex/lock_event])
[0x000002ebc1d2bb60] Threads_lock - owner thread: 0x000002ebd7b08bc0
[0x000002ebc1d2c070] Heap_lock - owner thread: 0x000002ebde8dc410

Heap address: 0x00000000c0000000, size: 1024 MB, Compressed Oops mode: 32-bit

CDS archive(s) not mapped
Compressed class space mapped at: 0x0000000100000000-0x0000000140000000, reserved size: 1073741824
Narrow klass base: 0x0000000000000000, Narrow klass shift: 3, Narrow klass range: 0x140000000

GC Precious Log:
 CPUs: 6 total, 6 available
 Memory: 16055M
 Large Page Support: Disabled
 NUMA Support: Disabled
 Compressed Oops: Enabled (32-bit)
 Alignments: Space 512K, Generation 512K, Heap 2M
 Heap Min Capacity: 100M
 Heap Initial Capacity: 100M
 Heap Max Capacity: 1G
 Pre-touch: Disabled
 Parallel Workers: 6

Heap:
 PSYoungGen      total 2560K, used 2112K [0x00000000eab00000, 0x00000000eb080000, 0x0000000100000000)
  eden space 1024K, 100% used [0x00000000eab00000,0x00000000eac00000,0x00000000eac00000)
  from space 1536K, 70% used [0x00000000eac00000,0x00000000ead10000,0x00000000ead80000)
  to   space 2048K, 45% used [0x00000000eae80000,0x00000000eaf6a000,0x00000000eb080000)
 ParOldGen       total 324608K, used 306871K [0x00000000c0000000, 0x00000000d3d00000, 0x00000000eab00000)
  object space 324608K, 94% used [0x00000000c0000000,0x00000000d2badde0,0x00000000d3d00000)
 Metaspace       used 81532K, committed 82816K, reserved 1179648K
  class space    used 8526K, committed 9088K, reserved 1048576K

Card table byte_map: [0x000002ebd53a0000,0x000002ebd55b0000] _byte_map_base: 0x000002ebd4da0000

Marking Bits: (ParMarkBitMap*) 0x00007ff9736dd0b0
 Begin Bits: [0x000002ebd5710000, 0x000002ebd6710000)
 End Bits:   [0x000002ebd6710000, 0x000002ebd7710000)

Polling page: 0x000002ebc1df0000

Metaspace:

Usage:
  Non-class:     71.29 MB used.
      Class:      8.33 MB used.
       Both:     79.62 MB used.

Virtual space:
  Non-class space:      128.00 MB reserved,      72.00 MB ( 56%) committed,  2 nodes.
      Class space:        1.00 GB reserved,       8.88 MB ( <1%) committed,  1 nodes.
             Both:        1.12 GB reserved,      80.88 MB (  7%) committed. 

Chunk freelists:
   Non-Class:  7.16 MB
       Class:  7.03 MB
        Both:  14.19 MB

MaxMetaspaceSize: unlimited
CompressedClassSpaceSize: 1.00 GB
Initial GC threshold: 21.00 MB
Current GC threshold: 113.25 MB
CDS: off
MetaspaceReclaimPolicy: balanced
 - commit_granule_bytes: 65536.
 - commit_granule_words: 8192.
 - virtual_space_node_default_size: 8388608.
 - enlarge_chunks_in_place: 1.
 - new_chunks_are_fully_committed: 0.
 - uncommit_free_chunks: 1.
 - use_allocation_guard: 0.
 - handle_deallocations: 1.


Internal statistics:

num_allocs_failed_limit: 9.
num_arena_births: 746.
num_arena_deaths: 14.
num_vsnodes_births: 3.
num_vsnodes_deaths: 0.
num_space_committed: 1294.
num_space_uncommitted: 0.
num_chunks_returned_to_freelist: 23.
num_chunks_taken_from_freelist: 3962.
num_chunk_merges: 14.
num_chunk_splits: 2486.
num_chunks_enlarged: 1516.
num_inconsistent_stats: 0.

CodeHeap 'non-profiled nmethods': size=120000Kb used=10226Kb max_used=10226Kb free=109773Kb
 bounds [0x000002ebcdc90000, 0x000002ebce690000, 0x000002ebd51c0000]
CodeHeap 'profiled nmethods': size=120000Kb used=25086Kb max_used=25086Kb free=94913Kb
 bounds [0x000002ebc61c0000, 0x000002ebc7a50000, 0x000002ebcd6f0000]
CodeHeap 'non-nmethods': size=5760Kb used=1408Kb max_used=1457Kb free=4351Kb
 bounds [0x000002ebcd6f0000, 0x000002ebcd960000, 0x000002ebcdc90000]
 total_blobs=11997 nmethods=11240 adapters=667
 compilation: enabled
              stopped_count=0, restarted_count=0
 full_count=0

Compilation events (20 events):
Event: 176.145 Thread 0x000002ebdd22d030 14481       4       org.eclipse.jdt.core.dom.TypeBinding::isClass (50 bytes)
Event: 176.146 Thread 0x000002ebdd22d030 nmethod 14481 0x000002ebce688c90 code [0x000002ebce688e20, 0x000002ebce688fd8]
Event: 176.165 Thread 0x000002ebdd280fd0 14482       3       java.util.concurrent.CompletableFuture::unipush (44 bytes)
Event: 176.166 Thread 0x000002ebdd280fd0 nmethod 14482 0x000002ebc76f2810 code [0x000002ebc76f29e0, 0x000002ebc76f2f08]
Event: 176.166 Thread 0x000002ebdd280fd0 14483       3       java.util.concurrent.CompletableFuture::postFire (69 bytes)
Event: 176.166 Thread 0x000002ebdd280fd0 nmethod 14483 0x000002ebc76f2090 code [0x000002ebc76f2260, 0x000002ebc76f26a8]
Event: 176.203 Thread 0x000002ebdd22d030 14484       4       lombok.eclipse.EclipseNode::traverse (800 bytes)
Event: 176.222 Thread 0x000002ebdd22d030 nmethod 14484 0x000002ebce689190 code [0x000002ebce689580, 0x000002ebce68ae38]
Event: 176.783 Thread 0x000002ebdd280fd0 14485       3       org.eclipse.jdt.ls.core.internal.cleanup.CleanUpRegistry$$Lambda$544/0x0000000100781d00::accept (12 bytes)
Event: 176.783 Thread 0x000002ebdd280fd0 nmethod 14485 0x000002ebc76f1290 code [0x000002ebc76f14c0, 0x000002ebc76f1d68]
Event: 176.783 Thread 0x000002ebdd280fd0 14486       3       org.eclipse.jdt.ls.core.internal.cleanup.CleanUpRegistry::lambda$0 (19 bytes)
Event: 176.783 Thread 0x000002ebdd280fd0 nmethod 14486 0x000002ebc76f0690 code [0x000002ebc76f08a0, 0x000002ebc76f0fc8]
Event: 176.784 Thread 0x000002ebdd280fd0 14487       3       java.util.concurrent.ForkJoinTask::compareAndSetForkJoinTaskTag (33 bytes)
Event: 176.784 Thread 0x000002ebdd280fd0 nmethod 14487 0x000002ebc76ef810 code [0x000002ebc76efa40, 0x000002ebc76f0338]
Event: 176.796 Thread 0x000002ebdd280fd0 14488       3       org.eclipse.core.internal.resources.ProjectContentTypes$ProjectContentTypeSelectionPolicy::getDelegate (22 bytes)
Event: 176.796 Thread 0x000002ebdd280fd0 nmethod 14488 0x000002ebc76ef190 code [0x000002ebc76ef360, 0x000002ebc76ef678]
Event: 176.798 Thread 0x000002ebdd280fd0 14489       3       org.eclipse.jdt.internal.core.JavaModel::equals (15 bytes)
Event: 176.798 Thread 0x000002ebdd280fd0 nmethod 14489 0x000002ebc76eec90 code [0x000002ebc76eee40, 0x000002ebc76ef0c8]
Event: 176.801 Thread 0x000002ebdd280fd0 14490       3       org.eclipse.jdt.internal.core.JavaElementDelta::equalsAndSameParent (36 bytes)
Event: 176.801 Thread 0x000002ebdd280fd0 nmethod 14490 0x000002ebc76ee210 code [0x000002ebc76ee3e0, 0x000002ebc76eea78]

GC Heap History (20 events):
Event: 170.906 GC heap after
{Heap after GC invocations=309 (full 9):
 PSYoungGen      total 3584K, used 976K [0x00000000eab00000, 0x00000000eb000000, 0x0000000100000000)
  eden space 2048K, 0% used [0x00000000eab00000,0x00000000eab00000,0x00000000ead00000)
  from space 1536K, 63% used [0x00000000eae80000,0x00000000eaf74000,0x00000000eb000000)
  to   space 1536K, 0% used [0x00000000ead00000,0x00000000ead00000,0x00000000eae80000)
 ParOldGen       total 324608K, used 300903K [0x00000000c0000000, 0x00000000d3d00000, 0x00000000eab00000)
  object space 324608K, 92% used [0x00000000c0000000,0x00000000d25d9f60,0x00000000d3d00000)
 Metaspace       used 81525K, committed 82816K, reserved 1179648K
  class space    used 8526K, committed 9088K, reserved 1048576K
}
Event: 171.174 GC heap before
{Heap before GC invocations=310 (full 9):
 PSYoungGen      total 3584K, used 3024K [0x00000000eab00000, 0x00000000eb000000, 0x0000000100000000)
  eden space 2048K, 100% used [0x00000000eab00000,0x00000000ead00000,0x00000000ead00000)
  from space 1536K, 63% used [0x00000000eae80000,0x00000000eaf74000,0x00000000eb000000)
  to   space 1536K, 0% used [0x00000000ead00000,0x00000000ead00000,0x00000000eae80000)
 ParOldGen       total 324608K, used 300903K [0x00000000c0000000, 0x00000000d3d00000, 0x00000000eab00000)
  object space 324608K, 92% used [0x00000000c0000000,0x00000000d25d9f60,0x00000000d3d00000)
 Metaspace       used 81528K, committed 82816K, reserved 1179648K
  class space    used 8526K, committed 9088K, reserved 1048576K
}
Event: 171.175 GC heap after
{Heap after GC invocations=310 (full 9):
 PSYoungGen      total 3584K, used 352K [0x00000000eab00000, 0x00000000eaf80000, 0x0000000100000000)
  eden space 2048K, 0% used [0x00000000eab00000,0x00000000eab00000,0x00000000ead00000)
  from space 1536K, 22% used [0x00000000ead00000,0x00000000ead58020,0x00000000eae80000)
  to   space 1024K, 0% used [0x00000000eae80000,0x00000000eae80000,0x00000000eaf80000)
 ParOldGen       total 324608K, used 301471K [0x00000000c0000000, 0x00000000d3d00000, 0x00000000eab00000)
  object space 324608K, 92% used [0x00000000c0000000,0x00000000d2667f60,0x00000000d3d00000)
 Metaspace       used 81528K, committed 82816K, reserved 1179648K
  class space    used 8526K, committed 9088K, reserved 1048576K
}
Event: 171.384 GC heap before
{Heap before GC invocations=311 (full 9):
 PSYoungGen      total 3584K, used 2399K [0x00000000eab00000, 0x00000000eaf80000, 0x0000000100000000)
  eden space 2048K, 99% used [0x00000000eab00000,0x00000000eacfffd8,0x00000000ead00000)
  from space 1536K, 22% used [0x00000000ead00000,0x00000000ead58020,0x00000000eae80000)
  to   space 1024K, 0% used [0x00000000eae80000,0x00000000eae80000,0x00000000eaf80000)
 ParOldGen       total 324608K, used 301471K [0x00000000c0000000, 0x00000000d3d00000, 0x00000000eab00000)
  object space 324608K, 92% used [0x00000000c0000000,0x00000000d2667f60,0x00000000d3d00000)
 Metaspace       used 81529K, committed 82816K, reserved 1179648K
  class space    used 8526K, committed 9088K, reserved 1048576K
}
Event: 171.385 GC heap after
{Heap after GC invocations=311 (full 9):
 PSYoungGen      total 2560K, used 160K [0x00000000eab00000, 0x00000000eaf00000, 0x0000000100000000)
  eden space 2048K, 0% used [0x00000000eab00000,0x00000000eab00000,0x00000000ead00000)
  from space 512K, 31% used [0x00000000eae80000,0x00000000eaea8000,0x00000000eaf00000)
  to   space 512K, 0% used [0x00000000eae00000,0x00000000eae00000,0x00000000eae80000)
 ParOldGen       total 324608K, used 301495K [0x00000000c0000000, 0x00000000d3d00000, 0x00000000eab00000)
  object space 324608K, 92% used [0x00000000c0000000,0x00000000d266df60,0x00000000d3d00000)
 Metaspace       used 81529K, committed 82816K, reserved 1179648K
  class space    used 8526K, committed 9088K, reserved 1048576K
}
Event: 175.928 GC heap before
{Heap before GC invocations=312 (full 9):
 PSYoungGen      total 2560K, used 2208K [0x00000000eab00000, 0x00000000eaf00000, 0x0000000100000000)
  eden space 2048K, 100% used [0x00000000eab00000,0x00000000ead00000,0x00000000ead00000)
  from space 512K, 31% used [0x00000000eae80000,0x00000000eaea8000,0x00000000eaf00000)
  to   space 512K, 0% used [0x00000000eae00000,0x00000000eae00000,0x00000000eae80000)
 ParOldGen       total 324608K, used 301495K [0x00000000c0000000, 0x00000000d3d00000, 0x00000000eab00000)
  object space 324608K, 92% used [0x00000000c0000000,0x00000000d266df60,0x00000000d3d00000)
 Metaspace       used 81529K, committed 82816K, reserved 1179648K
  class space    used 8526K, committed 9088K, reserved 1048576K
}
Event: 175.929 GC heap after
{Heap after GC invocations=312 (full 9):
 PSYoungGen      total 2560K, used 192K [0x00000000eab00000, 0x00000000eaf00000, 0x0000000100000000)
  eden space 2048K, 0% used [0x00000000eab00000,0x00000000eab00000,0x00000000ead00000)
  from space 512K, 37% used [0x00000000eae00000,0x00000000eae30000,0x00000000eae80000)
  to   space 512K, 0% used [0x00000000eae80000,0x00000000eae80000,0x00000000eaf00000)
 ParOldGen       total 324608K, used 301527K [0x00000000c0000000, 0x00000000d3d00000, 0x00000000eab00000)
  object space 324608K, 92% used [0x00000000c0000000,0x00000000d2675f60,0x00000000d3d00000)
 Metaspace       used 81529K, committed 82816K, reserved 1179648K
  class space    used 8526K, committed 9088K, reserved 1048576K
}
Event: 176.135 GC heap before
{Heap before GC invocations=313 (full 9):
 PSYoungGen      total 2560K, used 2240K [0x00000000eab00000, 0x00000000eaf00000, 0x0000000100000000)
  eden space 2048K, 100% used [0x00000000eab00000,0x00000000ead00000,0x00000000ead00000)
  from space 512K, 37% used [0x00000000eae00000,0x00000000eae30000,0x00000000eae80000)
  to   space 512K, 0% used [0x00000000eae80000,0x00000000eae80000,0x00000000eaf00000)
 ParOldGen       total 324608K, used 301527K [0x00000000c0000000, 0x00000000d3d00000, 0x00000000eab00000)
  object space 324608K, 92% used [0x00000000c0000000,0x00000000d2675f60,0x00000000d3d00000)
 Metaspace       used 81529K, committed 82816K, reserved 1179648K
  class space    used 8526K, committed 9088K, reserved 1048576K
}
Event: 176.136 GC heap after
{Heap after GC invocations=313 (full 9):
 PSYoungGen      total 2560K, used 480K [0x00000000eab00000, 0x00000000eaf00000, 0x0000000100000000)
  eden space 2048K, 0% used [0x00000000eab00000,0x00000000eab00000,0x00000000ead00000)
  from space 512K, 93% used [0x00000000eae80000,0x00000000eaef8040,0x00000000eaf00000)
  to   space 1024K, 0% used [0x00000000ead00000,0x00000000ead00000,0x00000000eae00000)
 ParOldGen       total 324608K, used 301835K [0x00000000c0000000, 0x00000000d3d00000, 0x00000000eab00000)
  object space 324608K, 92% used [0x00000000c0000000,0x00000000d26c2e40,0x00000000d3d00000)
 Metaspace       used 81529K, committed 82816K, reserved 1179648K
  class space    used 8526K, committed 9088K, reserved 1048576K
}
Event: 176.202 GC heap before
{Heap before GC invocations=314 (full 9):
 PSYoungGen      total 2560K, used 2528K [0x00000000eab00000, 0x00000000eaf00000, 0x0000000100000000)
  eden space 2048K, 100% used [0x00000000eab00000,0x00000000ead00000,0x00000000ead00000)
  from space 512K, 93% used [0x00000000eae80000,0x00000000eaef8040,0x00000000eaf00000)
  to   space 1024K, 0% used [0x00000000ead00000,0x00000000ead00000,0x00000000eae00000)
 ParOldGen       total 324608K, used 301835K [0x00000000c0000000, 0x00000000d3d00000, 0x00000000eab00000)
  object space 324608K, 92% used [0x00000000c0000000,0x00000000d26c2e40,0x00000000d3d00000)
 Metaspace       used 81529K, committed 82816K, reserved 1179648K
  class space    used 8526K, committed 9088K, reserved 1048576K
}
Event: 176.202 GC heap after
{Heap after GC invocations=314 (full 9):
 PSYoungGen      total 3072K, used 304K [0x00000000eab00000, 0x00000000eaf00000, 0x0000000100000000)
  eden space 2048K, 0% used [0x00000000eab00000,0x00000000eab00000,0x00000000ead00000)
  from space 1024K, 29% used [0x00000000ead00000,0x00000000ead4c010,0x00000000eae00000)
  to   space 512K, 0% used [0x00000000eae80000,0x00000000eae80000,0x00000000eaf00000)
 ParOldGen       total 324608K, used 302331K [0x00000000c0000000, 0x00000000d3d00000, 0x00000000eab00000)
  object space 324608K, 93% used [0x00000000c0000000,0x00000000d273eea0,0x00000000d3d00000)
 Metaspace       used 81529K, committed 82816K, reserved 1179648K
  class space    used 8526K, committed 9088K, reserved 1048576K
}
Event: 176.793 GC heap before
{Heap before GC invocations=315 (full 9):
 PSYoungGen      total 3072K, used 2352K [0x00000000eab00000, 0x00000000eaf00000, 0x0000000100000000)
  eden space 2048K, 99% used [0x00000000eab00000,0x00000000eacffff8,0x00000000ead00000)
  from space 1024K, 29% used [0x00000000ead00000,0x00000000ead4c010,0x00000000eae00000)
  to   space 512K, 0% used [0x00000000eae80000,0x00000000eae80000,0x00000000eaf00000)
 ParOldGen       total 324608K, used 302331K [0x00000000c0000000, 0x00000000d3d00000, 0x00000000eab00000)
  object space 324608K, 93% used [0x00000000c0000000,0x00000000d273eea0,0x00000000d3d00000)
 Metaspace       used 81531K, committed 82816K, reserved 1179648K
  class space    used 8526K, committed 9088K, reserved 1048576K
}
Event: 176.794 GC heap after
{Heap after GC invocations=315 (full 9):
 PSYoungGen      total 2560K, used 192K [0x00000000eab00000, 0x00000000eaf00000, 0x0000000100000000)
  eden space 2048K, 0% used [0x00000000eab00000,0x00000000eab00000,0x00000000ead00000)
  from space 512K, 37% used [0x00000000eae80000,0x00000000eaeb0000,0x00000000eaf00000)
  to   space 512K, 0% used [0x00000000eae00000,0x00000000eae00000,0x00000000eae80000)
 ParOldGen       total 324608K, used 302331K [0x00000000c0000000, 0x00000000d3d00000, 0x00000000eab00000)
  object space 324608K, 93% used [0x00000000c0000000,0x00000000d273eea0,0x00000000d3d00000)
 Metaspace       used 81531K, committed 82816K, reserved 1179648K
  class space    used 8526K, committed 9088K, reserved 1048576K
}
Event: 176.803 GC heap before
{Heap before GC invocations=316 (full 9):
 PSYoungGen      total 2560K, used 2240K [0x00000000eab00000, 0x00000000eaf00000, 0x0000000100000000)
  eden space 2048K, 100% used [0x00000000eab00000,0x00000000ead00000,0x00000000ead00000)
  from space 512K, 37% used [0x00000000eae80000,0x00000000eaeb0000,0x00000000eaf00000)
  to   space 512K, 0% used [0x00000000eae00000,0x00000000eae00000,0x00000000eae80000)
 ParOldGen       total 324608K, used 302331K [0x00000000c0000000, 0x00000000d3d00000, 0x00000000eab00000)
  object space 324608K, 93% used [0x00000000c0000000,0x00000000d273eea0,0x00000000d3d00000)
 Metaspace       used 81532K, committed 82816K, reserved 1179648K
  class space    used 8526K, committed 9088K, reserved 1048576K
}
Event: 176.804 GC heap after
{Heap after GC invocations=316 (full 9):
 PSYoungGen      total 2560K, used 485K [0x00000000eab00000, 0x00000000eb100000, 0x0000000100000000)
  eden space 2048K, 0% used [0x00000000eab00000,0x00000000eab00000,0x00000000ead00000)
  from space 512K, 94% used [0x00000000eae00000,0x00000000eae797a0,0x00000000eae80000)
  to   space 2048K, 0% used [0x00000000eaf00000,0x00000000eaf00000,0x00000000eb100000)
 ParOldGen       total 324608K, used 303313K [0x00000000c0000000, 0x00000000d3d00000, 0x00000000eab00000)
  object space 324608K, 93% used [0x00000000c0000000,0x00000000d2834640,0x00000000d3d00000)
 Metaspace       used 81532K, committed 82816K, reserved 1179648K
  class space    used 8526K, committed 9088K, reserved 1048576K
}
Event: 176.807 GC heap before
{Heap before GC invocations=317 (full 9):
 PSYoungGen      total 2560K, used 2533K [0x00000000eab00000, 0x00000000eb100000, 0x0000000100000000)
  eden space 2048K, 100% used [0x00000000eab00000,0x00000000ead00000,0x00000000ead00000)
  from space 512K, 94% used [0x00000000eae00000,0x00000000eae797a0,0x00000000eae80000)
  to   space 2048K, 0% used [0x00000000eaf00000,0x00000000eaf00000,0x00000000eb100000)
 ParOldGen       total 324608K, used 303313K [0x00000000c0000000, 0x00000000d3d00000, 0x00000000eab00000)
  object space 324608K, 93% used [0x00000000c0000000,0x00000000d2834640,0x00000000d3d00000)
 Metaspace       used 81532K, committed 82816K, reserved 1179648K
  class space    used 8526K, committed 9088K, reserved 1048576K
}
Event: 176.808 GC heap after
{Heap after GC invocations=317 (full 9):
 PSYoungGen      total 3072K, used 2021K [0x00000000eab00000, 0x00000000eb300000, 0x0000000100000000)
  eden space 1024K, 0% used [0x00000000eab00000,0x00000000eab00000,0x00000000eac00000)
  from space 2048K, 98% used [0x00000000eaf00000,0x00000000eb0f97a0,0x00000000eb100000)
  to   space 3072K, 0% used [0x00000000eac00000,0x00000000eac00000,0x00000000eaf00000)
 ParOldGen       total 324608K, used 303801K [0x00000000c0000000, 0x00000000d3d00000, 0x00000000eab00000)
  object space 324608K, 93% used [0x00000000c0000000,0x00000000d28ae640,0x00000000d3d00000)
 Metaspace       used 81532K, committed 82816K, reserved 1179648K
  class space    used 8526K, committed 9088K, reserved 1048576K
}
Event: 176.810 GC heap before
{Heap before GC invocations=318 (full 9):
 PSYoungGen      total 3072K, used 3045K [0x00000000eab00000, 0x00000000eb300000, 0x0000000100000000)
  eden space 1024K, 99% used [0x00000000eab00000,0x00000000eabfff98,0x00000000eac00000)
  from space 2048K, 98% used [0x00000000eaf00000,0x00000000eb0f97a0,0x00000000eb100000)
  to   space 3072K, 0% used [0x00000000eac00000,0x00000000eac00000,0x00000000eaf00000)
 ParOldGen       total 324608K, used 303801K [0x00000000c0000000, 0x00000000d3d00000, 0x00000000eab00000)
  object space 324608K, 93% used [0x00000000c0000000,0x00000000d28ae640,0x00000000d3d00000)
 Metaspace       used 81532K, committed 82816K, reserved 1179648K
  class space    used 8526K, committed 9088K, reserved 1048576K
}
Event: 176.812 GC heap after
{Heap after GC invocations=318 (full 9):
 PSYoungGen      total 2560K, used 1088K [0x00000000eab00000, 0x00000000eb080000, 0x0000000100000000)
  eden space 1024K, 0% used [0x00000000eab00000,0x00000000eab00000,0x00000000eac00000)
  from space 1536K, 70% used [0x00000000eac00000,0x00000000ead10000,0x00000000ead80000)
  to   space 2048K, 0% used [0x00000000eae80000,0x00000000eae80000,0x00000000eb080000)
 ParOldGen       total 324608K, used 305855K [0x00000000c0000000, 0x00000000d3d00000, 0x00000000eab00000)
  object space 324608K, 94% used [0x00000000c0000000,0x00000000d2aafde0,0x00000000d3d00000)
 Metaspace       used 81532K, committed 82816K, reserved 1179648K
  class space    used 8526K, committed 9088K, reserved 1048576K
}
Event: 176.814 GC heap before
{Heap before GC invocations=319 (full 9):
 PSYoungGen      total 2560K, used 2112K [0x00000000eab00000, 0x00000000eb080000, 0x0000000100000000)
  eden space 1024K, 100% used [0x00000000eab00000,0x00000000eac00000,0x00000000eac00000)
  from space 1536K, 70% used [0x00000000eac00000,0x00000000ead10000,0x00000000ead80000)
  to   space 2048K, 0% used [0x00000000eae80000,0x00000000eae80000,0x00000000eb080000)
 ParOldGen       total 324608K, used 305855K [0x00000000c0000000, 0x00000000d3d00000, 0x00000000eab00000)
  object space 324608K, 94% used [0x00000000c0000000,0x00000000d2aafde0,0x00000000d3d00000)
 Metaspace       used 81532K, committed 82816K, reserved 1179648K
  class space    used 8526K, committed 9088K, reserved 1048576K
}

Dll operation events (13 events):
Event: 0.006 Loaded shared library c:\Users\Giuseppe\.vscode\extensions\redhat.java-1.26.0-win32-x64\jre\17.0.9-win32-x86_64\bin\java.dll
Event: 0.232 Loaded shared library c:\Users\Giuseppe\.vscode\extensions\redhat.java-1.26.0-win32-x64\jre\17.0.9-win32-x86_64\bin\zip.dll
Event: 0.234 Loaded shared library C:\Users\Giuseppe\.vscode\extensions\redhat.java-1.26.0-win32-x64\jre\17.0.9-win32-x86_64\bin\instrument.dll
Event: 0.243 Loaded shared library C:\Users\Giuseppe\.vscode\extensions\redhat.java-1.26.0-win32-x64\jre\17.0.9-win32-x86_64\bin\net.dll
Event: 0.244 Loaded shared library C:\Users\Giuseppe\.vscode\extensions\redhat.java-1.26.0-win32-x64\jre\17.0.9-win32-x86_64\bin\nio.dll
Event: 0.251 Loaded shared library C:\Users\Giuseppe\.vscode\extensions\redhat.java-1.26.0-win32-x64\jre\17.0.9-win32-x86_64\bin\zip.dll
Event: 0.271 Loaded shared library C:\Users\Giuseppe\.vscode\extensions\redhat.java-1.26.0-win32-x64\jre\17.0.9-win32-x86_64\bin\jimage.dll
Event: 0.339 Loaded shared library c:\Users\Giuseppe\.vscode\extensions\redhat.java-1.26.0-win32-x64\jre\17.0.9-win32-x86_64\bin\verify.dll
Event: 1.230 Loaded shared library C:\Users\Giuseppe\AppData\Roaming\Code\User\globalStorage\redhat.java\1.26.0\config_win\org.eclipse.equinox.launcher\org.eclipse.equinox.launcher.win32.win32.x86_64_1.2.800.v20231003-1442\eclipse_11802.dll
Event: 2.106 Loaded shared library C:\Users\Giuseppe\.vscode\extensions\redhat.java-1.26.0-win32-x64\jre\17.0.9-win32-x86_64\bin\management.dll
Event: 2.108 Loaded shared library C:\Users\Giuseppe\.vscode\extensions\redhat.java-1.26.0-win32-x64\jre\17.0.9-win32-x86_64\bin\management_ext.dll
Event: 3.251 Loaded shared library C:\Users\Giuseppe\AppData\Local\Temp\jna-1343023872\jna18081132101311212673.dll
Event: 95.484 Loaded shared library C:\Users\Giuseppe\.vscode\extensions\redhat.java-1.26.0-win32-x64\jre\17.0.9-win32-x86_64\bin\sunmscapi.dll

Deoptimization events (20 events):
Event: 167.885 Thread 0x000002ebe12a3280 Uncommon trap: trap_request=0xffffff45 fr.pc=0x000002ebce56f69c relative=0x000000000000017c
Event: 167.885 Thread 0x000002ebe12a3280 Uncommon trap: reason=unstable_if action=reinterpret pc=0x000002ebce56f69c method=org.eclipse.jdt.internal.compiler.parser.Scanner.getNextChar(CC)I @ 8 c2
Event: 167.885 Thread 0x000002ebe12a3280 DEOPT PACKING pc=0x000002ebce56f69c sp=0x000000f3eccfe300
Event: 167.885 Thread 0x000002ebe12a3280 DEOPT UNPACKING pc=0x000002ebcd7466a3 sp=0x000000f3eccfe280 mode 2
Event: 168.111 Thread 0x000002ebe12a46c0 Uncommon trap: trap_request=0xffffffcc fr.pc=0x000002ebce660764 relative=0x0000000000000144
Event: 168.111 Thread 0x000002ebe12a46c0 Uncommon trap: reason=intrinsic_or_type_checked_inlining action=make_not_entrant pc=0x000002ebce660764 method=java.util.ArrayList$SubList.toArray([Ljava/lang/Object;)[Ljava/lang/Object; @ 58 c2
Event: 168.111 Thread 0x000002ebe12a46c0 DEOPT PACKING pc=0x000002ebce660764 sp=0x000000f3ed9fe570
Event: 168.111 Thread 0x000002ebe12a46c0 DEOPT UNPACKING pc=0x000002ebcd7466a3 sp=0x000000f3ed9fe510 mode 2
Event: 168.701 Thread 0x000002ebde8dc410 Uncommon trap: trap_request=0xffffffc6 fr.pc=0x000002ebce648bd4 relative=0x0000000000000c94
Event: 168.701 Thread 0x000002ebde8dc410 Uncommon trap: reason=bimorphic_or_optimized_type_check action=maybe_recompile pc=0x000002ebce648bd4 method=org.eclipse.jdt.internal.compiler.parser.Parser.consumeRule(I)V @ 5108 c2
Event: 168.701 Thread 0x000002ebde8dc410 DEOPT PACKING pc=0x000002ebce648bd4 sp=0x000000f3ed0fe9a0
Event: 168.701 Thread 0x000002ebde8dc410 DEOPT UNPACKING pc=0x000002ebcd7466a3 sp=0x000000f3ed0fe930 mode 2
Event: 168.701 Thread 0x000002ebde8dc410 Uncommon trap: trap_request=0xffffffc6 fr.pc=0x000002ebce648b10 relative=0x0000000000000bd0
Event: 168.701 Thread 0x000002ebde8dc410 Uncommon trap: reason=bimorphic_or_optimized_type_check action=maybe_recompile pc=0x000002ebce648b10 method=org.eclipse.jdt.internal.compiler.parser.Parser.consumeRule(I)V @ 5073 c2
Event: 168.701 Thread 0x000002ebde8dc410 DEOPT PACKING pc=0x000002ebce648b10 sp=0x000000f3ed0fe9a0
Event: 168.701 Thread 0x000002ebde8dc410 DEOPT UNPACKING pc=0x000002ebcd7466a3 sp=0x000000f3ed0fe930 mode 2
Event: 168.741 Thread 0x000002ebe0ccf310 Uncommon trap: trap_request=0xffffffc6 fr.pc=0x000002ebce648bd4 relative=0x0000000000000c94
Event: 168.741 Thread 0x000002ebe0ccf310 Uncommon trap: reason=bimorphic_or_optimized_type_check action=maybe_recompile pc=0x000002ebce648bd4 method=org.eclipse.jdt.internal.compiler.parser.Parser.consumeRule(I)V @ 5108 c2
Event: 168.741 Thread 0x000002ebe0ccf310 DEOPT PACKING pc=0x000002ebce648bd4 sp=0x000000f3eb0fee90
Event: 168.741 Thread 0x000002ebe0ccf310 DEOPT UNPACKING pc=0x000002ebcd7466a3 sp=0x000000f3eb0fee20 mode 2

Classes unloaded (7 events):
Event: 2.126 Thread 0x000002ebd7b08bc0 Unloading class 0x000000010024b400 'java/lang/invoke/LambdaForm$MH+0x000000010024b400'
Event: 2.126 Thread 0x000002ebd7b08bc0 Unloading class 0x000000010024b000 'java/lang/invoke/LambdaForm$MH+0x000000010024b000'
Event: 2.126 Thread 0x000002ebd7b08bc0 Unloading class 0x000000010024ac00 'java/lang/invoke/LambdaForm$MH+0x000000010024ac00'
Event: 2.126 Thread 0x000002ebd7b08bc0 Unloading class 0x000000010024a800 'java/lang/invoke/LambdaForm$MH+0x000000010024a800'
Event: 2.126 Thread 0x000002ebd7b08bc0 Unloading class 0x000000010024a400 'java/lang/invoke/LambdaForm$BMH+0x000000010024a400'
Event: 2.126 Thread 0x000002ebd7b08bc0 Unloading class 0x000000010024a000 'java/lang/invoke/LambdaForm$DMH+0x000000010024a000'
Event: 2.126 Thread 0x000002ebd7b08bc0 Unloading class 0x0000000100244400 'java/lang/invoke/LambdaForm$DMH+0x0000000100244400'

Classes redefined (0 events):
No events

Internal exceptions (20 events):
Event: 162.447 Thread 0x000002ebde8daac0 Exception <a 'java/lang/ArrayIndexOutOfBoundsException'{0x00000000eaddd970}> (0x00000000eaddd970) 
thrown [s\src\hotspot\share\runtime\sharedRuntime.cpp, line 631]
Event: 162.447 Thread 0x000002ebde8daac0 Exception <a 'java/lang/ArrayIndexOutOfBoundsException'{0x00000000eaddf0c8}> (0x00000000eaddf0c8) 
thrown [s\src\hotspot\share\runtime\sharedRuntime.cpp, line 631]
Event: 162.447 Thread 0x000002ebde8daac0 Exception <a 'java/lang/ArrayIndexOutOfBoundsException'{0x00000000eaddf9a0}> (0x00000000eaddf9a0) 
thrown [s\src\hotspot\share\runtime\sharedRuntime.cpp, line 631]
Event: 162.506 Thread 0x000002ebe129e690 Exception <a 'java/lang/ClassNotFoundException'{0x00000000ead5be78}: sun/net/www/protocol/jdt/Handler> (0x00000000ead5be78) 
thrown [s\src\hotspot\share\classfile\systemDictionary.cpp, line 256]
Event: 162.506 Thread 0x000002ebe129e690 Exception <a 'java/lang/ClassNotFoundException'{0x00000000ead6e008}: sun/net/www/protocol/jdt/Handler> (0x00000000ead6e008) 
thrown [s\src\hotspot\share\classfile\systemDictionary.cpp, line 256]
Event: 162.506 Thread 0x000002ebe129e690 Exception <a 'java/lang/ClassNotFoundException'{0x00000000ead6fee0}: sun/net/www/protocol/jdt/Handler> (0x00000000ead6fee0) 
thrown [s\src\hotspot\share\classfile\systemDictionary.cpp, line 256]
Event: 162.506 Thread 0x000002ebe129e690 Exception <a 'java/lang/ClassNotFoundException'{0x00000000ead74b80}: sun/net/www/protocol/jdt/Handler> (0x00000000ead74b80) 
thrown [s\src\hotspot\share\classfile\systemDictionary.cpp, line 256]
Event: 162.506 Thread 0x000002ebe129e690 Exception <a 'java/lang/ClassNotFoundException'{0x00000000ead773b0}: sun/net/www/protocol/jdt/Handler> (0x00000000ead773b0) 
thrown [s\src\hotspot\share\classfile\systemDictionary.cpp, line 256]
Event: 162.506 Thread 0x000002ebe129e690 Exception <a 'java/lang/ClassNotFoundException'{0x00000000ead79650}: sun/net/www/protocol/jdt/Handler> (0x00000000ead79650) 
thrown [s\src\hotspot\share\classfile\systemDictionary.cpp, line 256]
Event: 162.506 Thread 0x000002ebe129e690 Exception <a 'java/lang/ClassNotFoundException'{0x00000000ead7bd00}: sun/net/www/protocol/jdt/Handler> (0x00000000ead7bd00) 
thrown [s\src\hotspot\share\classfile\systemDictionary.cpp, line 256]
Event: 163.554 Thread 0x000002ebde8daac0 Exception <a 'java/lang/ArrayIndexOutOfBoundsException'{0x00000000eaff65d8}> (0x00000000eaff65d8) 
thrown [s\src\hotspot\share\runtime\sharedRuntime.cpp, line 631]
Event: 163.555 Thread 0x000002ebde8daac0 Exception <a 'java/lang/ArrayIndexOutOfBoundsException'{0x00000000eb0570a0}> (0x00000000eb0570a0) 
thrown [s\src\hotspot\share\runtime\sharedRuntime.cpp, line 631]
Event: 163.555 Thread 0x000002ebde8daac0 Exception <a 'java/lang/ArrayIndexOutOfBoundsException'{0x00000000eb057728}> (0x00000000eb057728) 
thrown [s\src\hotspot\share\runtime\sharedRuntime.cpp, line 631]
Event: 166.564 Thread 0x000002ebde8dc410 Exception <a 'sun/nio/fs/WindowsException'{0x00000000eab18860}> (0x00000000eab18860) 
thrown [s\src\hotspot\share\prims\jni.cpp, line 516]
Event: 166.628 Thread 0x000002ebde8dc410 Exception <a 'sun/nio/fs/WindowsException'{0x00000000eab5bf90}> (0x00000000eab5bf90) 
thrown [s\src\hotspot\share\prims\jni.cpp, line 516]
Event: 168.644 Thread 0x000002ebde8dc410 Exception <a 'sun/nio/fs/WindowsException'{0x00000000eab70130}> (0x00000000eab70130) 
thrown [s\src\hotspot\share\prims\jni.cpp, line 516]
Event: 168.700 Thread 0x000002ebde8dc410 Exception <a 'sun/nio/fs/WindowsException'{0x00000000eab08368}> (0x00000000eab08368) 
thrown [s\src\hotspot\share\prims\jni.cpp, line 516]
Event: 170.741 Thread 0x000002ebde8dc410 Exception <a 'sun/nio/fs/WindowsException'{0x00000000eace66c8}> (0x00000000eace66c8) 
thrown [s\src\hotspot\share\prims\jni.cpp, line 516]
Event: 170.798 Thread 0x000002ebde8dc410 Exception <a 'sun/nio/fs/WindowsException'{0x00000000eab860b0}> (0x00000000eab860b0) 
thrown [s\src\hotspot\share\prims\jni.cpp, line 516]
Event: 176.800 Thread 0x000002ebde8dc410 Exception <a 'sun/nio/fs/WindowsException'{0x00000000eab63de0}> (0x00000000eab63de0) 
thrown [s\src\hotspot\share\prims\jni.cpp, line 516]

VM Operations (20 events):
Event: 170.906 Executing VM operation: ParallelGCFailedAllocation done
Event: 171.174 Executing VM operation: ParallelGCFailedAllocation
Event: 171.175 Executing VM operation: ParallelGCFailedAllocation done
Event: 171.384 Executing VM operation: ParallelGCFailedAllocation
Event: 171.385 Executing VM operation: ParallelGCFailedAllocation done
Event: 175.928 Executing VM operation: ParallelGCFailedAllocation
Event: 175.929 Executing VM operation: ParallelGCFailedAllocation done
Event: 176.135 Executing VM operation: ParallelGCFailedAllocation
Event: 176.136 Executing VM operation: ParallelGCFailedAllocation done
Event: 176.202 Executing VM operation: ParallelGCFailedAllocation
Event: 176.202 Executing VM operation: ParallelGCFailedAllocation done
Event: 176.793 Executing VM operation: ParallelGCFailedAllocation
Event: 176.794 Executing VM operation: ParallelGCFailedAllocation done
Event: 176.803 Executing VM operation: ParallelGCFailedAllocation
Event: 176.804 Executing VM operation: ParallelGCFailedAllocation done
Event: 176.807 Executing VM operation: ParallelGCFailedAllocation
Event: 176.808 Executing VM operation: ParallelGCFailedAllocation done
Event: 176.810 Executing VM operation: ParallelGCFailedAllocation
Event: 176.812 Executing VM operation: ParallelGCFailedAllocation done
Event: 176.814 Executing VM operation: ParallelGCFailedAllocation

Events (20 events):
Event: 163.466 Thread 0x000002ebdd28bc90 flushing nmethod 0x000002ebc726cc10
Event: 163.467 Thread 0x000002ebdd28bc90 flushing nmethod 0x000002ebc7300590
Event: 163.467 Thread 0x000002ebdd28bc90 flushing nmethod 0x000002ebc7315290
Event: 163.467 Thread 0x000002ebdd28bc90 flushing nmethod 0x000002ebc7342c90
Event: 163.467 Thread 0x000002ebdd28bc90 flushing nmethod 0x000002ebc737a710
Event: 163.467 Thread 0x000002ebdd28bc90 flushing nmethod 0x000002ebc746b810
Event: 163.467 Thread 0x000002ebdd28bc90 flushing nmethod 0x000002ebc74ba490
Event: 163.468 Thread 0x000002ebdd28bc90 flushing nmethod 0x000002ebc76ed910
Event: 163.468 Thread 0x000002ebdd28bc90 flushing nmethod 0x000002ebc76fa410
Event: 163.468 Thread 0x000002ebdd28bc90 flushing nmethod 0x000002ebc76faf90
Event: 163.468 Thread 0x000002ebdd28bc90 flushing nmethod 0x000002ebc770a110
Event: 163.468 Thread 0x000002ebdd28bc90 flushing nmethod 0x000002ebc7767c10
Event: 163.468 Thread 0x000002ebdd28bc90 flushing nmethod 0x000002ebc7769490
Event: 163.468 Thread 0x000002ebdd28bc90 flushing nmethod 0x000002ebc77e9790
Event: 166.659 Thread 0x000002ebe0cd1680 Thread added: 0x000002ebe0cd1680
Event: 166.661 Thread 0x000002ebe0cd1680 Thread exited: 0x000002ebe0cd1680
Event: 168.740 Thread 0x000002ebe0ccf310 Thread added: 0x000002ebe0ccf310
Event: 168.742 Thread 0x000002ebe0ccf310 Thread exited: 0x000002ebe0ccf310
Event: 170.903 Thread 0x000002ebe0cd34e0 Thread added: 0x000002ebe0cd34e0
Event: 170.904 Thread 0x000002ebe0cd34e0 Thread exited: 0x000002ebe0cd34e0


Dynamic libraries:
0x00007ff68e600000 - 0x00007ff68e60e000 	c:\Users\Giuseppe\.vscode\extensions\redhat.java-1.26.0-win32-x64\jre\17.0.9-win32-x86_64\bin\java.exe
0x00007ff9e8da0000 - 0x00007ff9e8fa9000 	C:\WINDOWS\SYSTEM32\ntdll.dll
0x00007ff9e6bf0000 - 0x00007ff9e6cad000 	C:\WINDOWS\System32\KERNEL32.DLL
0x00007ff9e6860000 - 0x00007ff9e6be4000 	C:\WINDOWS\System32\KERNELBASE.dll
0x00007ff9e6370000 - 0x00007ff9e6481000 	C:\WINDOWS\System32\ucrtbase.dll
0x00007ff9e32d0000 - 0x00007ff9e32e7000 	c:\Users\Giuseppe\.vscode\extensions\redhat.java-1.26.0-win32-x64\jre\17.0.9-win32-x86_64\bin\jli.dll
0x00007ff9e83f0000 - 0x00007ff9e859d000 	C:\WINDOWS\System32\USER32.dll
0x00007ff9e6340000 - 0x00007ff9e6366000 	C:\WINDOWS\System32\win32u.dll
0x00007ff9e7310000 - 0x00007ff9e733a000 	C:\WINDOWS\System32\GDI32.dll
0x00007ff9e65d0000 - 0x00007ff9e66ee000 	C:\WINDOWS\System32\gdi32full.dll
0x00007ff9e6230000 - 0x00007ff9e62cd000 	C:\WINDOWS\System32\msvcp_win.dll
0x00007ff9e0b50000 - 0x00007ff9e0b6b000 	c:\Users\Giuseppe\.vscode\extensions\redhat.java-1.26.0-win32-x64\jre\17.0.9-win32-x86_64\bin\VCRUNTIME140.dll
0x00007ff9ce810000 - 0x00007ff9ceab5000 	C:\WINDOWS\WinSxS\amd64_microsoft.windows.common-controls_6595b64144ccf1df_6.0.22000.120_none_9d947278b86cc467\COMCTL32.dll
0x00007ff9e73f0000 - 0x00007ff9e7493000 	C:\WINDOWS\System32\msvcrt.dll
0x00007ff9e6cb0000 - 0x00007ff9e6ce1000 	C:\WINDOWS\System32\IMM32.DLL
0x00007ff9e1ba0000 - 0x00007ff9e1bac000 	c:\Users\Giuseppe\.vscode\extensions\redhat.java-1.26.0-win32-x64\jre\17.0.9-win32-x86_64\bin\vcruntime140_1.dll
0x00007ff9bf3c0000 - 0x00007ff9bf44d000 	c:\Users\Giuseppe\.vscode\extensions\redhat.java-1.26.0-win32-x64\jre\17.0.9-win32-x86_64\bin\msvcp140.dll
0x00007ff972b40000 - 0x00007ff9737a1000 	c:\Users\Giuseppe\.vscode\extensions\redhat.java-1.26.0-win32-x64\jre\17.0.9-win32-x86_64\bin\server\jvm.dll
0x00007ff9e7340000 - 0x00007ff9e73ee000 	C:\WINDOWS\System32\ADVAPI32.dll
0x00007ff9e74a0000 - 0x00007ff9e753e000 	C:\WINDOWS\System32\sechost.dll
0x00007ff9e8ab0000 - 0x00007ff9e8bd1000 	C:\WINDOWS\System32\RPCRT4.dll
0x00007ff9e5480000 - 0x00007ff9e54cd000 	C:\WINDOWS\SYSTEM32\POWRPROF.dll
0x00007ff9df550000 - 0x00007ff9df559000 	C:\WINDOWS\SYSTEM32\WSOCK32.dll
0x00007ff9e85f0000 - 0x00007ff9e865f000 	C:\WINDOWS\System32\WS2_32.dll
0x00007ff9df500000 - 0x00007ff9df533000 	C:\WINDOWS\SYSTEM32\WINMM.dll
0x00007ff9e17c0000 - 0x00007ff9e17ca000 	C:\WINDOWS\SYSTEM32\VERSION.dll
0x00007ff9e5460000 - 0x00007ff9e5473000 	C:\WINDOWS\SYSTEM32\UMPDC.dll
0x00007ff9e52c0000 - 0x00007ff9e52d8000 	C:\WINDOWS\SYSTEM32\kernel.appcore.dll
0x00007ff9decf0000 - 0x00007ff9decfa000 	c:\Users\Giuseppe\.vscode\extensions\redhat.java-1.26.0-win32-x64\jre\17.0.9-win32-x86_64\bin\jimage.dll
0x00007ff9daf60000 - 0x00007ff9db181000 	C:\WINDOWS\SYSTEM32\DBGHELP.DLL
0x00007ff9aaae0000 - 0x00007ff9aab11000 	C:\WINDOWS\SYSTEM32\dbgcore.DLL
0x00007ff9e6490000 - 0x00007ff9e650f000 	C:\WINDOWS\System32\bcryptPrimitives.dll
0x00007ff9dece0000 - 0x00007ff9decee000 	c:\Users\Giuseppe\.vscode\extensions\redhat.java-1.26.0-win32-x64\jre\17.0.9-win32-x86_64\bin\instrument.dll
0x00007ff9c13c0000 - 0x00007ff9c13e5000 	c:\Users\Giuseppe\.vscode\extensions\redhat.java-1.26.0-win32-x64\jre\17.0.9-win32-x86_64\bin\java.dll
0x00007ff9d6230000 - 0x00007ff9d6248000 	c:\Users\Giuseppe\.vscode\extensions\redhat.java-1.26.0-win32-x64\jre\17.0.9-win32-x86_64\bin\zip.dll
0x00007ff9e7b60000 - 0x00007ff9e8325000 	C:\WINDOWS\System32\SHELL32.dll
0x00007ff9e42c0000 - 0x00007ff9e4b22000 	C:\WINDOWS\SYSTEM32\windows.storage.dll
0x00007ff9e6e10000 - 0x00007ff9e7186000 	C:\WINDOWS\System32\combase.dll
0x00007ff9e4150000 - 0x00007ff9e42b7000 	C:\WINDOWS\SYSTEM32\wintypes.dll
0x00007ff9e8660000 - 0x00007ff9e874a000 	C:\WINDOWS\System32\SHCORE.dll
0x00007ff9e8330000 - 0x00007ff9e838d000 	C:\WINDOWS\System32\shlwapi.dll
0x00007ff9e6160000 - 0x00007ff9e6185000 	C:\WINDOWS\SYSTEM32\profapi.dll
0x00007ff9d60e0000 - 0x00007ff9d60f9000 	C:\Users\Giuseppe\.vscode\extensions\redhat.java-1.26.0-win32-x64\jre\17.0.9-win32-x86_64\bin\net.dll
0x00007ff9e00c0000 - 0x00007ff9e01d4000 	C:\WINDOWS\SYSTEM32\WINHTTP.dll
0x00007ff9e57f0000 - 0x00007ff9e5857000 	C:\WINDOWS\system32\mswsock.dll
0x00007ff9d6090000 - 0x00007ff9d60a6000 	C:\Users\Giuseppe\.vscode\extensions\redhat.java-1.26.0-win32-x64\jre\17.0.9-win32-x86_64\bin\nio.dll
0x00007ff9dad10000 - 0x00007ff9dad20000 	c:\Users\Giuseppe\.vscode\extensions\redhat.java-1.26.0-win32-x64\jre\17.0.9-win32-x86_64\bin\verify.dll
0x00007ff9bf2b0000 - 0x00007ff9bf2ee000 	C:\Users\Giuseppe\AppData\Roaming\Code\User\globalStorage\redhat.java\1.26.0\config_win\org.eclipse.equinox.launcher\org.eclipse.equinox.launcher.win32.win32.x86_64_1.2.800.v20231003-1442\eclipse_11802.dll
0x00007ff9e79c0000 - 0x00007ff9e7b5a000 	C:\WINDOWS\System32\ole32.dll
0x00007ff9dabb0000 - 0x00007ff9dabb9000 	C:\Users\Giuseppe\.vscode\extensions\redhat.java-1.26.0-win32-x64\jre\17.0.9-win32-x86_64\bin\management.dll
0x00007ff9d6010000 - 0x00007ff9d601b000 	C:\Users\Giuseppe\.vscode\extensions\redhat.java-1.26.0-win32-x64\jre\17.0.9-win32-x86_64\bin\management_ext.dll
0x00007ff9e8ce0000 - 0x00007ff9e8ce8000 	C:\WINDOWS\System32\PSAPI.DLL
0x00007ff9e5ac0000 - 0x00007ff9e5ad8000 	C:\WINDOWS\SYSTEM32\CRYPTSP.dll
0x00007ff9e5220000 - 0x00007ff9e5255000 	C:\WINDOWS\system32\rsaenh.dll
0x00007ff9e5890000 - 0x00007ff9e58bc000 	C:\WINDOWS\SYSTEM32\USERENV.dll
0x00007ff9e5c00000 - 0x00007ff9e5c27000 	C:\WINDOWS\SYSTEM32\bcrypt.dll
0x00007ff9e59e0000 - 0x00007ff9e59ec000 	C:\WINDOWS\SYSTEM32\CRYPTBASE.dll
0x00007ff9e4d80000 - 0x00007ff9e4dad000 	C:\WINDOWS\SYSTEM32\IPHLPAPI.DLL
0x00007ff9e85c0000 - 0x00007ff9e85c9000 	C:\WINDOWS\System32\NSI.dll
0x00007ff9e10a0000 - 0x00007ff9e10b9000 	C:\WINDOWS\SYSTEM32\dhcpcsvc6.DLL
0x00007ff9e1800000 - 0x00007ff9e181e000 	C:\WINDOWS\SYSTEM32\dhcpcsvc.DLL
0x00007ff9e4db0000 - 0x00007ff9e4e97000 	C:\WINDOWS\SYSTEM32\DNSAPI.dll
0x00007ff9be8a0000 - 0x00007ff9be8e5000 	C:\Users\Giuseppe\AppData\Local\Temp\jna-1343023872\jna18081132101311212673.dll
0x00007ff9dac00000 - 0x00007ff9dac0e000 	C:\Users\Giuseppe\.vscode\extensions\redhat.java-1.26.0-win32-x64\jre\17.0.9-win32-x86_64\bin\sunmscapi.dll
0x00007ff9e66f0000 - 0x00007ff9e6852000 	C:\WINDOWS\System32\CRYPT32.dll
0x00007ff9e5bd0000 - 0x00007ff9e5bf8000 	C:\WINDOWS\SYSTEM32\ncrypt.dll
0x00007ff9e5b90000 - 0x00007ff9e5bc7000 	C:\WINDOWS\SYSTEM32\NTASN1.dll
0x00007ff9da940000 - 0x00007ff9da94a000 	C:\Windows\System32\rasadhlp.dll
0x00007ff9de290000 - 0x00007ff9de311000 	C:\WINDOWS\System32\fwpuclnt.dll

dbghelp: loaded successfully - version: 4.0.5 - missing functions: none
symbol engine: initialized successfully - sym options: 0x614 - pdb path: .;c:\Users\Giuseppe\.vscode\extensions\redhat.java-1.26.0-win32-x64\jre\17.0.9-win32-x86_64\bin;C:\WINDOWS\SYSTEM32;C:\WINDOWS\WinSxS\amd64_microsoft.windows.common-controls_6595b64144ccf1df_6.0.22000.120_none_9d947278b86cc467;c:\Users\Giuseppe\.vscode\extensions\redhat.java-1.26.0-win32-x64\jre\17.0.9-win32-x86_64\bin\server;C:\Users\Giuseppe\AppData\Roaming\Code\User\globalStorage\redhat.java\1.26.0\config_win\org.eclipse.equinox.launcher\org.eclipse.equinox.launcher.win32.win32.x86_64_1.2.800.v20231003-1442;C:\Users\Giuseppe\AppData\Local\Temp\jna-1343023872

VM Arguments:
jvm_args: --add-modules=ALL-SYSTEM --add-opens=java.base/java.util=ALL-UNNAMED --add-opens=java.base/java.lang=ALL-UNNAMED --add-opens=java.base/sun.nio.fs=ALL-UNNAMED -Declipse.application=org.eclipse.jdt.ls.core.id1 -Dosgi.bundles.defaultStartLevel=4 -Declipse.product=org.eclipse.jdt.ls.core.product -Djava.import.generatesMetadataFilesAtProjectRoot=false -DDetectVMInstallationsJob.disabled=true -Dfile.encoding=utf8 -XX:+UseParallelGC -XX:GCTimeRatio=4 -XX:AdaptiveSizePolicyWeight=90 -Dsun.zip.disableMemoryMapping=true -Xmx1G -Xms100m -Xlog:disable -javaagent:c:\Users\Giuseppe\.vscode\extensions\redhat.java-1.26.0-win32-x64\lombok\lombok-1.18.31-3454.jar -XX:+HeapDumpOnOutOfMemoryError -XX:HeapDumpPath=c:\Users\Giuseppe\AppData\Roaming\Code\User\workspaceStorage\8a3324fcd6aab793212283498fa97532\redhat.java -Daether.dependencyCollector.impl=bf 
java_command: c:\Users\Giuseppe\.vscode\extensions\redhat.java-1.26.0-win32-x64\server\plugins\org.eclipse.equinox.launcher_1.6.700.v20231214-2017.jar -configuration c:\Users\Giuseppe\AppData\Roaming\Code\User\globalStorage\redhat.java\1.26.0\config_win -data c:\Users\Giuseppe\AppData\Roaming\Code\User\workspaceStorage\8a3324fcd6aab793212283498fa97532\redhat.java\jdt_ws --stdio
java_class_path (initial): c:\Users\Giuseppe\.vscode\extensions\redhat.java-1.26.0-win32-x64\server\plugins\org.eclipse.equinox.launcher_1.6.700.v20231214-2017.jar
Launcher Type: SUN_STANDARD

[Global flags]
    uintx AdaptiveSizePolicyWeight                 = 90                                        {product} {command line}
     intx CICompilerCount                          = 3                                         {product} {ergonomic}
    uintx GCTimeRatio                              = 4                                         {product} {command line}
     bool HeapDumpOnOutOfMemoryError               = true                                   {manageable} {command line}
    ccstr HeapDumpPath                             = c:\Users\Giuseppe\AppData\Roaming\Code\User\workspaceStorage\8a3324fcd6aab793212283498fa97532\redhat.java         {manageable} {command line}
   size_t InitialHeapSize                          = 104857600                                 {product} {command line}
   size_t MaxHeapSize                              = 1073741824                                {product} {command line}
   size_t MaxNewSize                               = 357564416                                 {product} {ergonomic}
   size_t MinHeapDeltaBytes                        = 524288                                    {product} {ergonomic}
   size_t MinHeapSize                              = 104857600                                 {product} {command line}
   size_t NewSize                                  = 34603008                                  {product} {ergonomic}
    uintx NonNMethodCodeHeapSize                   = 5832780                                {pd product} {ergonomic}
    uintx NonProfiledCodeHeapSize                  = 122912730                              {pd product} {ergonomic}
   size_t OldSize                                  = 70254592                                  {product} {ergonomic}
    uintx ProfiledCodeHeapSize                     = 122912730                              {pd product} {ergonomic}
    uintx ReservedCodeCacheSize                    = 251658240                              {pd product} {ergonomic}
     bool SegmentedCodeCache                       = true                                      {product} {ergonomic}
   size_t SoftMaxHeapSize                          = 1073741824                             {manageable} {ergonomic}
     bool UseCompressedClassPointers               = true                           {product lp64_product} {ergonomic}
     bool UseCompressedOops                        = true                           {product lp64_product} {ergonomic}
     bool UseLargePagesIndividualAllocation        = false                                  {pd product} {ergonomic}
     bool UseParallelGC                            = true                                      {product} {command line}

Logging:
Log output configuration:
 #0: stdout all=off uptime,level,tags
 #1: stderr all=off uptime,level,tags

Environment Variables:
PATH=c:\program files\eclipse adoptium\jdk-17.0.6.10-hotspot\bin;c:\program files\common files\oracle\java\javapath;c:\program files (x86)\common files\oracle\java\javapath;c:\program files (x86)\razer chroma sdk\bin;c:\program files\razer chroma sdk\bin;c:\program files (x86)\razer\chromabroadcast\bin;c:\program files\razer\chromabroadcast\bin;c:\windows\system32;c:\windows;c:\windows\system32\wbem;c:\windows\system32\windowspowershell\v1.0\;c:\windows\system32\openssh\;c:\program files\nvidia corporation\nvidia nvdlisr;c:\program files\dotnet\;c:\users\giuseppe\appdata\local\microsoft\windowsapps;c:\users\giuseppe\appdata\local\programs\microsoft vs code\bin;c:\users\giuseppe\appdata\roaming\npm;c:\windows\system32\config\systemprofile\appdata\local\microsoft\windowsapps;c:\program files\calibre2\;c:\program files\git\cmd;c:\program files (x86)\windows kits\10\windows performance toolkit\;c:\program files\nodejs\;c:\program files\cmake\bin;c:\program files\go\bin;c:\programdata\chocolatey\bin;c:\program files\powershell\7\;C:\Program Files (x86)\NVIDIA Corporation\PhysX\Common;C:\Users\Giuseppe\AppData\Local\Microsoft\WindowsApps;C:\Users\Giuseppe\AppData\Local\Programs\Microsoft VS Code\bin;C:\Users\Giuseppe\AppData\Local\spicetify;C:\Users\Giuseppe\AppData\Local\GitHubDesktop\bin;C:\Users\Giuseppe\.dotnet\tools;C:\MinGW\bin;C:\Users\Giuseppe\AppData\Local\Programs\Python\Python311;C:\Users\Giuseppe\AppData\Roaming\npm;C:\Users\Giuseppe\AppData\Local\Programs\Neovim\bin;C:\Users\Giuseppe\AppData\Local\JetBrains\Toolbox\scripts;C:\Users\Giuseppe\go\bin;C:\Users\Giuseppe\AppData\Local\Microsoft\WinGet\Packages\Genymobile.scrcpy_Microsoft.Winget.Source_8wekyb3d8bbwe\scrcpy-win64-v2.1.1;;C:\Users\Giuseppe\AppData\Local\Programs\oh-my-posh\bin
USERNAME=Giuseppe
OS=Windows_NT
PROCESSOR_IDENTIFIER=Intel64 Family 6 Model 158 Stepping 12, GenuineIntel
TMP=C:\Users\Giuseppe\AppData\Local\Temp
TEMP=C:\Users\Giuseppe\AppData\Local\Temp



Periodic native trim disabled


---------------  S Y S T E M  ---------------

OS:
 Windows 11 , 64 bit Build 22000 (10.0.22000.2538)
OS uptime: 0 days 4:43 hours
Hyper-V role detected

CPU: total 6 (initial active 6) (6 cores per cpu, 1 threads per core) family 6 model 158 stepping 12 microcode 0xde, cx8, cmov, fxsr, mmx, 3dnowpref, sse, sse2, sse3, ssse3, sse4.1, sse4.2, popcnt, lzcnt, tsc, tscinvbit, avx, avx2, aes, erms, clmul, bmi1, bmi2, rtm, adx, fma, vzeroupper, clflush, clflushopt, hv
Processor Information for all 6 processors :
  Max Mhz: 3701, Current Mhz: 3701, Mhz Limit: 3701

Memory: 4k page, system-wide physical 16055M (6531M free)
TotalPageFile size 24759M (AvailPageFile size 11908M)
current process WorkingSet (physical memory assigned to process): 682M, peak: 724M
current process commit charge ("private bytes"): 582M, peak: 667M

vm_info: OpenJDK 64-Bit Server VM (17.0.9+9) for windows-amd64 JRE (17.0.9+9), built on Oct 26 2023 14:01:42 by "admin" with MS VC++ 16.10 / 16.11 (VS2019)

END.
