#
# A fatal error has been detected by the Java Runtime Environment:
#
#  EXCEPTION_ACCESS_VIOLATION (0xc0000005) at pc=0x00007ffeef15c960, pid=1640, tid=4508
#
# JRE version: OpenJDK Runtime Environment Temurin-17.0.9+9 (17.0.9+9) (build 17.0.9+9)
# Java VM: OpenJDK 64-Bit Server VM Temurin-17.0.9+9 (17.0.9+9, mixed mode, tiered, compressed oops, compressed class ptrs, parallel gc, windows-amd64)
# Problematic frame:
# V  [jvm.dll+0x2ec960]
#
# No core dump will be written. Minidumps are not enabled by default on client versions of Windows
#
# If you would like to submit a bug report, please visit:
#   https://github.com/adoptium/adoptium-support/issues
#

---------------  S U M M A R Y ------------

Command Line: --add-modules=ALL-SYSTEM --add-opens=java.base/java.util=ALL-UNNAMED --add-opens=java.base/java.lang=ALL-UNNAMED --add-opens=java.base/sun.nio.fs=ALL-UNNAMED -Declipse.application=org.eclipse.jdt.ls.core.id1 -Dosgi.bundles.defaultStartLevel=4 -Declipse.product=org.eclipse.jdt.ls.core.product -Djava.import.generatesMetadataFilesAtProjectRoot=false -DDetectVMInstallationsJob.disabled=true -Dfile.encoding=utf8 -XX:+UseParallelGC -XX:GCTimeRatio=4 -XX:AdaptiveSizePolicyWeight=90 -Dsun.zip.disableMemoryMapping=true -Xmx1G -Xms100m -Xlog:disable -javaagent:c:\Users\Giuseppe\.vscode\extensions\redhat.java-1.25.1-win32-x64\lombok\lombok-1.18.30.jar -XX:+HeapDumpOnOutOfMemoryError -XX:HeapDumpPath=c:\Users\Giuseppe\AppData\Roaming\Code\User\workspaceStorage\3e34d31183eca03a675ef397297749f6\redhat.java -Daether.dependencyCollector.impl=bf c:\Users\Giuseppe\.vscode\extensions\redhat.java-1.25.1-win32-x64\server\plugins\org.eclipse.equinox.launcher_1.6.600.v20231106-1826.jar -configuration c:\Users\Giuseppe\AppData\Roaming\Code\User\globalStorage\redhat.java\1.25.1\config_win -data c:\Users\Giuseppe\AppData\Roaming\Code\User\workspaceStorage\3e34d31183eca03a675ef397297749f6\redhat.java\jdt_ws --stdio

Host: Intel(R) Core(TM) i5-9600K CPU @ 3.70GHz, 6 cores, 15G,  Windows 11 , 64 bit Build 22000 (10.0.22000.2538)
Time: Tue Jan  9 20:38:31 2024 W. Europe Standard Time elapsed time: 606.003560 seconds (0d 0h 10m 6s)

---------------  T H R E A D  ---------------

Current thread (0x000002c87a60e310):  GCTaskThread "GC Thread#3" [stack: 0x000000f20fa00000,0x000000f20fb00000] [id=4508]

Stack: [0x000000f20fa00000,0x000000f20fb00000],  sp=0x000000f20faffa98,  free space=1022k
Native frames: (J=compiled Java code, j=interpreted, Vv=VM code, C=native code)
V  [jvm.dll+0x2ec960]
V  [jvm.dll+0x6bdd78]
V  [jvm.dll+0x6be1ef]
V  [jvm.dll+0x861e7b]
V  [jvm.dll+0x861ec6]
V  [jvm.dll+0x7e3c3a]
V  [jvm.dll+0x67be35]
C  [ucrtbase.dll+0x26c0c]
C  [KERNEL32.DLL+0x153e0]
C  [ntdll.dll+0x485b]


siginfo: EXCEPTION_ACCESS_VIOLATION (0xc0000005), reading address 0xffffffffffffffff


Registers:
RAX=0x000000000000a200, RBX=0x0000000000000001, RCX=0x000002c860626ae0, RDX=0x0000000000000004
RSP=0x000000f20faffa98, RBP=0x0000000000000000, RSI=0x0000000000000020, RDI=0x000002c8742f81a0
R8 =0x0000000000000005, R9 =0x0000000000000003, R10=0x0000000000000009, R11=0x000002c860625760
R12=0x0000000000000000, R13=0x000002c87a531c70, R14=0x0000000000000018, R15=0x000000f20faffb00
RIP=0x00007ffeef15c960, EFLAGS=0x0000000000010206


Register to memory mapping:

RIP=0x00007ffeef15c960 jvm.dll
RAX=0x000000000000a200 is an unknown value
RBX=0x0000000000000001 is an unknown value
RCX=0x000002c860626ae0 points into unknown readable memory: 0x0000000000000000 | 00 00 00 00 00 00 00 00
RDX=0x0000000000000004 is an unknown value
RSP=0x000000f20faffa98 points into unknown readable memory: 0x000000f20eaff078 | 78 f0 af 0e f2 00 00 00
RBP=0x0 is NULL
RSI=0x0000000000000020 is an unknown value
RDI=0x000002c8742f81a0 points into unknown readable memory: 0x00007ffeef7c3040 | 40 30 7c ef fe 7f 00 00
R8 =0x0000000000000005 is an unknown value
R9 =0x0000000000000003 is an unknown value
R10=0x0000000000000009 is an unknown value
R11=0x000002c860625760 points into unknown readable memory: 0x0000000000000000 | 00 00 00 00 00 00 00 00
R12=0x0 is NULL
R13=0x000002c87a531c70 points into unknown readable memory: 0x0000000200000002 | 02 00 00 00 02 00 00 00
R14=0x0000000000000018 is an unknown value
R15=0x000000f20faffb00 points into unknown readable memory: 0x0000000000000000 | 00 00 00 00 00 00 00 00


Top of Stack: (sp=0x000000f20faffa98)
0x000000f20faffa98:   000000f20eaff078 0000000000000020
0x000000f20faffaa8:   0000000000000005 0000000000000001
0x000000f20faffab8:   00007ffeef52dd78 000002c860625700
0x000000f20faffac8:   000002c860625700 0000000000000000
0x000000f20faffad8:   000000f20eaff0d0 000000f20eafef70
0x000000f20faffae8:   00007ffeef52e1ef 0000000000000000
0x000000f20faffaf8:   000000f20faffb89 0000000000000000
0x000000f20faffb08:   0000000000000001 000002c860625700
0x000000f20faffb18:   0000000000000001 0000000000000006
0x000000f20faffb28:   000000f20eafead8 0000000100000002
0x000000f20faffb38:   000002c860625700 00007ffeef821dc8
0x000000f20faffb48:   000002c860625700 000000f20eafef70
0x000000f20faffb58:   000002c879b05d80 00000000000003d8
0x000000f20faffb68:   000002c879b05d90 000002c879b06168
0x000000f20faffb78:   00007ffeef821f18 0000000000000001
0x000000f20faffb88:   0000000000000000 0000000000000000
0x000000f20faffb98:   0000000000000000 0000000000000000
0x000000f20faffba8:   000091f5ff83de4f 0000000000000000
0x000000f20faffbb8:   000002c87a60e310 0000000000000000
0x000000f20faffbc8:   0000000000000000 000000f20eafef70
0x000000f20faffbd8:   000002c87a60e310 0000000000000000
0x000000f20faffbe8:   00007ffeef6d1e7b 0000000000000002
0x000000f20faffbf8:   0000000000000000 0000000000000002
0x000000f20faffc08:   000000f20eafef70 00000000000075a3
0x000000f20faffc18:   00007ffeef6d1ec6 000002c87a60e310
0x000000f20faffc28:   000000f2ffffffff 000002c860572a30
0x000000f20faffc38:   0000000000000000 000002c87a60e310
0x000000f20faffc48:   00007ffeef653c3a 0000000000000000
0x000000f20faffc58:   00000000000075a3 000002c87a60e310
0x000000f20faffc68:   00007fff5157c98b 0000000000000000
0x000000f20faffc78:   0000000000000000 0000000000000000
0x000000f20faffc88:   00007ffeef4ebe35 000002c87a60e310 

Instructions: (pc=0x00007ffeef15c960)
0x00007ffeef15c860:   41 00 00 69 ca ff ff ff 7f 2b c1 85 c0 8d 88 ff
0x00007ffeef15c870:   ff ff 7f 0f 4e c1 33 d2 41 89 83 04 02 00 00 f7
0x00007ffeef15c880:   77 08 44 8b ca 3b d3 74 b7 8b d3 0f 1f 44 00 00
0x00007ffeef15c890:   3b d3 74 05 41 3b d1 75 44 45 8b 83 04 02 00 00
0x00007ffeef15c8a0:   b8 5f 0b 4e 83 41 f7 e8 41 03 d0 c1 fa 10 8b c2
0x00007ffeef15c8b0:   c1 e8 1f 03 d0 41 69 c0 a7 41 00 00 69 ca ff ff
0x00007ffeef15c8c0:   ff 7f 2b c1 85 c0 8d 88 ff ff ff 7f 0f 4e c1 33
0x00007ffeef15c8d0:   d2 41 89 83 04 02 00 00 f7 77 08 eb b3 41 8b c1
0x00007ffeef15c8e0:   4c 8d 34 c5 00 00 00 00 48 8b 47 10 49 8b 0c 06
0x00007ffeef15c8f0:   8b 81 00 01 00 00 44 8b 91 80 00 00 00 44 2b d0
0x00007ffeef15c900:   8b c2 41 81 e2 ff ff 01 00 41 81 fa ff ff 01 00
0x00007ffeef15c910:   45 0f 44 d4 48 8d 34 c5 00 00 00 00 48 8b 47 10
0x00007ffeef15c920:   48 8b 0c 06 8b 81 00 01 00 00 44 8b 81 80 00 00
0x00007ffeef15c930:   00 44 2b c0 32 c0 41 81 e0 ff ff 01 00 41 81 f8
0x00007ffeef15c940:   ff ff 01 00 45 0f 44 c4 45 3b c2 76 0a 48 8b 47
0x00007ffeef15c950:   10 48 8b 34 06 eb 14 45 85 d2 0f 84 84 00 00 00
0x00007ffeef15c960:   48 8b 47 10 41 8b d1 49 8b 34 06 48 8b 86 00 01
0x00007ffeef15c970:   00 00 90 8b 8e 80 00 00 00 2b c8 81 e1 ff ff 01
0x00007ffeef15c980:   00 81 f9 ff ff 01 00 41 0f 44 cc 85 c9 75 13 ba
0x00007ffeef15c990:   ff ff ff ff 32 c0 41 89 93 00 02 00 00 e9 c5 00
0x00007ffeef15c9a0:   00 00 48 8b 8e 80 01 00 00 4c 8b c8 44 8b c0 4e
0x00007ffeef15c9b0:   8b 04 c1 8d 48 01 81 e1 ff ff 01 00 4d 89 07 45
0x00007ffeef15c9c0:   8b c4 41 0f 94 c0 49 c1 e9 20 45 03 c8 49 c1 e1
0x00007ffeef15c9d0:   20 4c 0b c9 f0 4c 0f b1 8e 00 01 00 00 0f 94 c0
0x00007ffeef15c9e0:   84 c0 75 05 ba ff ff ff ff 41 89 93 00 02 00 00
0x00007ffeef15c9f0:   eb 75 75 77 48 8b 47 10 8d 4b ff 83 e1 01 4c 8b
0x00007ffeef15ca00:   14 c8 49 8b 82 00 01 00 00 90 41 8b 8a 80 00 00
0x00007ffeef15ca10:   00 2b c8 81 e1 ff ff 01 00 81 f9 ff ff 01 00 41
0x00007ffeef15ca20:   0f 44 cc 85 c9 75 04 32 c0 eb 3c 49 8b 8a 80 01
0x00007ffeef15ca30:   00 00 4c 8b c0 8b d0 48 8b 14 d1 8d 48 01 81 e1
0x00007ffeef15ca40:   ff ff 01 00 49 89 17 41 8b d4 0f 94 c2 49 c1 e8
0x00007ffeef15ca50:   20 44 03 c2 49 c1 e0 20 4c 0b c1 f0 4d 0f b1 82 


Stack slot to memory mapping:
stack at sp + 0 slots: 0x000000f20eaff078 points into unknown readable memory: 0x000002c8605857b0 | b0 57 58 60 c8 02 00 00
stack at sp + 1 slots: 0x0000000000000020 is an unknown value
stack at sp + 2 slots: 0x0000000000000005 is an unknown value
stack at sp + 3 slots: 0x0000000000000001 is an unknown value
stack at sp + 4 slots: 0x00007ffeef52dd78 jvm.dll
stack at sp + 5 slots: 0x000002c860625700 points into unknown readable memory: 0x00007ffeef821c78 | 78 1c 82 ef fe 7f 00 00
stack at sp + 6 slots: 0x000002c860625700 points into unknown readable memory: 0x00007ffeef821c78 | 78 1c 82 ef fe 7f 00 00
stack at sp + 7 slots: 0x0 is NULL


---------------  P R O C E S S  ---------------

Threads class SMR info:
_java_thread_list=0x000002c87e04f450, length=37, elements={
0x000002c860577e30, 0x000002c86062cfc0, 0x000002c86062e770, 0x000002c874400000,
0x000002c874402a40, 0x000002c8744055e0, 0x000002c879abe320, 0x000002c879ac0f30,
0x000002c879b03c80, 0x000002c879b2f120, 0x000002c8605da020, 0x000002c879d94990,
0x000002c87a61dc10, 0x000002c87a665060, 0x000002c87aa93f30, 0x000002c87ad784b0,
0x000002c87b09aee0, 0x000002c87a245c00, 0x000002c87a2451e0, 0x000002c87a246110,
0x000002c87a242e70, 0x000002c87a246620, 0x000002c87a243da0, 0x000002c87a2447c0,
0x000002c87d582a80, 0x000002c87d5848e0, 0x000002c87d584df0, 0x000002c87d57edc0,
0x000002c87d580c20, 0x000002c87d5839b0, 0x000002c87d581130, 0x000002c87d582060,
0x000002c87c8b3560, 0x000002c87c8b2b40, 0x000002c87c8b02c0, 0x000002c87c8adf50,
0x000002c87c8ad020
}

Java Threads: ( => current thread )
  0x000002c860577e30 JavaThread "main" [_thread_blocked, id=9656, stack(0x000000f20e800000,0x000000f20e900000)]
  0x000002c86062cfc0 JavaThread "Reference Handler" daemon [_thread_blocked, id=5668, stack(0x000000f20eb00000,0x000000f20ec00000)]
  0x000002c86062e770 JavaThread "Finalizer" daemon [_thread_blocked, id=3528, stack(0x000000f20ec00000,0x000000f20ed00000)]
  0x000002c874400000 JavaThread "Signal Dispatcher" daemon [_thread_blocked, id=15700, stack(0x000000f20ed00000,0x000000f20ee00000)]
  0x000002c874402a40 JavaThread "Attach Listener" daemon [_thread_blocked, id=9592, stack(0x000000f20ee00000,0x000000f20ef00000)]
  0x000002c8744055e0 JavaThread "Service Thread" daemon [_thread_blocked, id=9432, stack(0x000000f20ef00000,0x000000f20f000000)]
  0x000002c879abe320 JavaThread "Monitor Deflation Thread" daemon [_thread_blocked, id=10908, stack(0x000000f20f000000,0x000000f20f100000)]
  0x000002c879ac0f30 JavaThread "C2 CompilerThread0" daemon [_thread_blocked, id=10608, stack(0x000000f20f100000,0x000000f20f200000)]
  0x000002c879b03c80 JavaThread "C1 CompilerThread0" daemon [_thread_blocked, id=10580, stack(0x000000f20f200000,0x000000f20f300000)]
  0x000002c879b2f120 JavaThread "Sweeper thread" daemon [_thread_blocked, id=13232, stack(0x000000f20f300000,0x000000f20f400000)]
  0x000002c8605da020 JavaThread "Common-Cleaner" daemon [_thread_blocked, id=9992, stack(0x000000f20f400000,0x000000f20f500000)]
  0x000002c879d94990 JavaThread "Notification Thread" daemon [_thread_blocked, id=15416, stack(0x000000f20f600000,0x000000f20f700000)]
  0x000002c87a61dc10 JavaThread "Active Thread: Equinox Container: 8529eebd-eedc-4e01-b4a0-da47f3792320" [_thread_blocked, id=14228, stack(0x000000f20fd00000,0x000000f20fe00000)]
  0x000002c87a665060 JavaThread "Framework Event Dispatcher: Equinox Container: 8529eebd-eedc-4e01-b4a0-da47f3792320" daemon [_thread_blocked, id=5240, stack(0x000000f20fe00000,0x000000f20ff00000)]
  0x000002c87aa93f30 JavaThread "Start Level: Equinox Container: 8529eebd-eedc-4e01-b4a0-da47f3792320" daemon [_thread_blocked, id=12112, stack(0x000000f20ff00000,0x000000f210000000)]
  0x000002c87ad784b0 JavaThread "Bundle File Closer" daemon [_thread_blocked, id=5644, stack(0x000000f210000000,0x000000f210100000)]
  0x000002c87b09aee0 JavaThread "SCR Component Actor" daemon [_thread_blocked, id=12636, stack(0x000000f210100000,0x000000f210200000)]
  0x000002c87a245c00 JavaThread "Worker-JM" [_thread_blocked, id=12944, stack(0x000000f210300000,0x000000f210400000)]
  0x000002c87a2451e0 JavaThread "Worker-0" [_thread_blocked, id=12148, stack(0x000000f210400000,0x000000f210500000)]
  0x000002c87a246110 JavaThread "Worker-1" [_thread_blocked, id=9988, stack(0x000000f210500000,0x000000f210600000)]
  0x000002c87a242e70 JavaThread "Java indexing" daemon [_thread_blocked, id=7576, stack(0x000000f210600000,0x000000f210700000)]
  0x000002c87a246620 JavaThread "JNA Cleaner" daemon [_thread_blocked, id=10120, stack(0x000000f210700000,0x000000f210800000)]
  0x000002c87a243da0 JavaThread "pool-2-thread-1" [_thread_blocked, id=10852, stack(0x000000f210a00000,0x000000f210b00000)]
  0x000002c87a2447c0 JavaThread "Worker-2" [_thread_blocked, id=4628, stack(0x000000f210b00000,0x000000f210c00000)]
  0x000002c87d582a80 JavaThread "Worker-3" [_thread_blocked, id=12752, stack(0x000000f210c00000,0x000000f210d00000)]
  0x000002c87d5848e0 JavaThread "WorkspaceEventsHandler" [_thread_blocked, id=11884, stack(0x000000f210d00000,0x000000f210e00000)]
  0x000002c87d584df0 JavaThread "pool-1-thread-1" [_thread_in_native, id=8320, stack(0x000000f210e00000,0x000000f210f00000)]
  0x000002c87d57edc0 JavaThread "ForkJoinPool.commonPool-worker-1" daemon [_thread_blocked, id=14908, stack(0x000000f210200000,0x000000f210300000)]
  0x000002c87d580c20 JavaThread "ForkJoinPool.commonPool-worker-2" daemon [_thread_blocked, id=9376, stack(0x000000f210f00000,0x000000f211000000)]
  0x000002c87d5839b0 JavaThread "ForkJoinPool.commonPool-worker-3" daemon [_thread_blocked, id=14180, stack(0x000000f211000000,0x000000f211100000)]
  0x000002c87d581130 JavaThread "ForkJoinPool.commonPool-worker-4" daemon [_thread_blocked, id=5692, stack(0x000000f211100000,0x000000f211200000)]
  0x000002c87d582060 JavaThread "ForkJoinPool.commonPool-worker-5" daemon [_thread_blocked, id=12928, stack(0x000000f211200000,0x000000f211300000)]
  0x000002c87c8b3560 JavaThread "Java Debug Server" daemon [_thread_in_native, id=5072, stack(0x000000f20e600000,0x000000f20e700000)]
  0x000002c87c8b2b40 JavaThread "RxSchedulerPurge-1" daemon [_thread_blocked, id=12352, stack(0x000000f20f500000,0x000000f20f600000)]
  0x000002c87c8b02c0 JavaThread "RxCachedWorkerPoolEvictor-1" daemon [_thread_blocked, id=15536, stack(0x000000f211400000,0x000000f211500000)]
  0x000002c87c8adf50 JavaThread "process reaper" daemon [_thread_blocked, id=10488, stack(0x000000f20e160000,0x000000f20e180000)]
  0x000002c87c8ad020 JavaThread "pool-3-thread-3" [_thread_blocked, id=8928, stack(0x000000f20e700000,0x000000f20e800000)]

Other Threads:
  0x000002c8605fbdd0 VMThread "VM Thread" [stack: 0x000000f20ea00000,0x000000f20eb00000] [id=13440]
  0x000002c879dfdd20 WatcherThread [stack: 0x000000f20f700000,0x000000f20f800000] [id=11920]
  0x000002c86058f130 GCTaskThread "GC Thread#0" [stack: 0x000000f20e900000,0x000000f20ea00000] [id=4348]
  0x000002c87a4af390 GCTaskThread "GC Thread#1" [stack: 0x000000f20f800000,0x000000f20f900000] [id=16256]
  0x000002c87a3bbc20 GCTaskThread "GC Thread#2" [stack: 0x000000f20f900000,0x000000f20fa00000] [id=14084]
=>0x000002c87a60e310 GCTaskThread "GC Thread#3" [stack: 0x000000f20fa00000,0x000000f20fb00000] [id=4508]
  0x000002c87a60e5d0 GCTaskThread "GC Thread#4" [stack: 0x000000f20fb00000,0x000000f20fc00000] [id=7980]
  0x000002c87a60e890 GCTaskThread "GC Thread#5" [stack: 0x000000f20fc00000,0x000000f20fd00000] [id=5784]

Threads with active compile tasks:

VM state: at safepoint (normal execution)

VM Mutex/Monitor currently owned by a thread:  ([mutex/lock_event])
[0x000002c860574260] Threads_lock - owner thread: 0x000002c8605fbdd0
[0x000002c8605727f0] Heap_lock - owner thread: 0x000002c87d582060

Heap address: 0x00000000c0000000, size: 1024 MB, Compressed Oops mode: 32-bit

CDS archive(s) not mapped
Compressed class space mapped at: 0x0000000100000000-0x0000000140000000, reserved size: 1073741824
Narrow klass base: 0x0000000000000000, Narrow klass shift: 3, Narrow klass range: 0x140000000

GC Precious Log:
 CPUs: 6 total, 6 available
 Memory: 16055M
 Large Page Support: Disabled
 NUMA Support: Disabled
 Compressed Oops: Enabled (32-bit)
 Alignments: Space 512K, Generation 512K, Heap 2M
 Heap Min Capacity: 100M
 Heap Initial Capacity: 100M
 Heap Max Capacity: 1G
 Pre-touch: Disabled
 Parallel Workers: 6

Heap:
 PSYoungGen      total 3584K, used 3423K [0x00000000eab00000, 0x00000000eb080000, 0x0000000100000000)
  eden space 2048K, 99% used [0x00000000eab00000,0x00000000eacffff8,0x00000000ead00000)
  from space 1536K, 89% used [0x00000000eaf00000,0x00000000eb058000,0x00000000eb080000)
  to   space 1536K, 67% used [0x00000000ead80000,0x00000000eae84010,0x00000000eaf00000)
 ParOldGen       total 309248K, used 283721K [0x00000000c0000000, 0x00000000d2e00000, 0x00000000eab00000)
  object space 309248K, 91% used [0x00000000c0000000,0x00000000d1512738,0x00000000d2e00000)
 Metaspace       used 91594K, committed 92992K, reserved 1179648K
  class space    used 9427K, committed 10112K, reserved 1048576K

Card table byte_map: [0x000002c85ff10000,0x000002c860120000] _byte_map_base: 0x000002c85f910000

Marking Bits: (ParMarkBitMap*) 0x00007ffeefa0d0b0
 Begin Bits: [0x000002c872210000, 0x000002c873210000)
 End Bits:   [0x000002c873210000, 0x000002c874210000)

Polling page: 0x000002c85e4b0000

Metaspace:

Usage:
  Non-class:     80.24 MB used.
      Class:      9.21 MB used.
       Both:     89.45 MB used.

Virtual space:
  Non-class space:      128.00 MB reserved,      80.94 MB ( 63%) committed,  2 nodes.
      Class space:        1.00 GB reserved,       9.88 MB ( <1%) committed,  1 nodes.
             Both:        1.12 GB reserved,      90.81 MB (  8%) committed. 

Chunk freelists:
   Non-Class:  14.12 MB
       Class:  6.11 MB
        Both:  20.23 MB

MaxMetaspaceSize: unlimited
CompressedClassSpaceSize: 1.00 GB
Initial GC threshold: 21.00 MB
Current GC threshold: 151.25 MB
CDS: off
MetaspaceReclaimPolicy: balanced
 - commit_granule_bytes: 65536.
 - commit_granule_words: 8192.
 - virtual_space_node_default_size: 8388608.
 - enlarge_chunks_in_place: 1.
 - new_chunks_are_fully_committed: 0.
 - uncommit_free_chunks: 1.
 - use_allocation_guard: 0.
 - handle_deallocations: 1.


Internal statistics:

num_allocs_failed_limit: 9.
num_arena_births: 930.
num_arena_deaths: 20.
num_vsnodes_births: 3.
num_vsnodes_deaths: 0.
num_space_committed: 1453.
num_space_uncommitted: 0.
num_chunks_returned_to_freelist: 31.
num_chunks_taken_from_freelist: 4763.
num_chunk_merges: 13.
num_chunk_splits: 2933.
num_chunks_enlarged: 1681.
num_inconsistent_stats: 0.

CodeHeap 'non-profiled nmethods': size=120000Kb used=15968Kb max_used=16286Kb free=104031Kb
 bounds [0x000002c86ace0000, 0x000002c86bcd0000, 0x000002c872210000]
CodeHeap 'profiled nmethods': size=120000Kb used=32900Kb max_used=33121Kb free=87099Kb
 bounds [0x000002c863210000, 0x000002c865280000, 0x000002c86a740000]
CodeHeap 'non-nmethods': size=5760Kb used=1442Kb max_used=1492Kb free=4317Kb
 bounds [0x000002c86a740000, 0x000002c86a9b0000, 0x000002c86ace0000]
 total_blobs=15788 nmethods=14990 adapters=703
 compilation: enabled
              stopped_count=0, restarted_count=0
 full_count=0

Compilation events (20 events):
Event: 605.276 Thread 0x000002c879b03c80 nmethod 20148 0x000002c864009990 code [0x000002c864009be0, 0x000002c86400a8a8]
Event: 605.281 Thread 0x000002c879b03c80 20150       3       org.eclipse.jdt.internal.corext.codemanipulation.ContextSensitiveImportRewriteContext::isSameType (19 bytes)
Event: 605.281 Thread 0x000002c879b03c80 nmethod 20150 0x000002c864009410 code [0x000002c8640095e0, 0x000002c864009828]
Event: 605.291 Thread 0x000002c879ac0f30 nmethod 20146 0x000002c86baa8c10 code [0x000002c86baa8e40, 0x000002c86baaa1e0]
Event: 605.291 Thread 0x000002c879ac0f30 20149       4       org.eclipse.jdt.internal.compiler.problem.ProblemReporter::computeSeverity (635 bytes)
Event: 605.293 Thread 0x000002c879ac0f30 nmethod 20149 0x000002c86baa8290 code [0x000002c86baa8440, 0x000002c86baa8828]
Event: 605.469 Thread 0x000002c879b03c80 20151       3       org.eclipse.jdt.core.dom.ArrayType::getElementType (45 bytes)
Event: 605.470 Thread 0x000002c879b03c80 nmethod 20151 0x000002c86459d890 code [0x000002c86459dae0, 0x000002c86459e3e8]
Event: 605.470 Thread 0x000002c879b03c80 20152   !   3       org.eclipse.jdt.core.dom.ArrayType::internalGetType (59 bytes)
Event: 605.470 Thread 0x000002c879b03c80 nmethod 20152 0x000002c86459c910 code [0x000002c86459cb20, 0x000002c86459d398]
Event: 605.473 Thread 0x000002c879b03c80 20153       3       org.eclipse.jdt.internal.core.CompilationUnitProblemFinder::process (13 bytes)
Event: 605.473 Thread 0x000002c879b03c80 nmethod 20153 0x000002c86472d190 code [0x000002c86472d320, 0x000002c86472d468]
Event: 605.473 Thread 0x000002c879b03c80 20154   !   3       org.eclipse.jdt.internal.core.CompilationUnitProblemFinder::process (563 bytes)
Event: 605.475 Thread 0x000002c879ac0f30 20155       4       java.util.TreeSet::iterator (15 bytes)
Event: 605.476 Thread 0x000002c879b03c80 nmethod 20154 0x000002c864fede10 code [0x000002c864fee440, 0x000002c864ff2938]
Event: 605.477 Thread 0x000002c879ac0f30 nmethod 20155 0x000002c86b968010 code [0x000002c86b9681c0, 0x000002c86b968438]
Event: 605.642 Thread 0x000002c879b03c80 20156       3       org.eclipse.jdt.internal.core.DeltaProcessor::createElement (677 bytes)
Event: 605.645 Thread 0x000002c879b03c80 nmethod 20156 0x000002c8643e2010 code [0x000002c8643e2860, 0x000002c8643e7c38]
Event: 605.748 Thread 0x000002c879b03c80 20157       3       org.eclipse.core.internal.jobs.JobManager::beginRule (20 bytes)
Event: 605.749 Thread 0x000002c879b03c80 nmethod 20157 0x000002c864008c90 code [0x000002c864008e40, 0x000002c864009028]

GC Heap History (20 events):
Event: 605.375 GC heap after
{Heap after GC invocations=881 (full 14):
 PSYoungGen      total 3584K, used 816K [0x00000000eab00000, 0x00000000eaf80000, 0x0000000100000000)
  eden space 2560K, 0% used [0x00000000eab00000,0x00000000eab00000,0x00000000ead80000)
  from space 1024K, 79% used [0x00000000eae00000,0x00000000eaecc010,0x00000000eaf00000)
  to   space 512K, 0% used [0x00000000eaf00000,0x00000000eaf00000,0x00000000eaf80000)
 ParOldGen       total 309248K, used 273357K [0x00000000c0000000, 0x00000000d2e00000, 0x00000000eab00000)
  object space 309248K, 88% used [0x00000000c0000000,0x00000000d0af37b8,0x00000000d2e00000)
 Metaspace       used 91584K, committed 92992K, reserved 1179648K
  class space    used 9427K, committed 10112K, reserved 1048576K
}
Event: 605.467 GC heap before
{Heap before GC invocations=882 (full 14):
 PSYoungGen      total 3584K, used 3376K [0x00000000eab00000, 0x00000000eaf80000, 0x0000000100000000)
  eden space 2560K, 100% used [0x00000000eab00000,0x00000000ead80000,0x00000000ead80000)
  from space 1024K, 79% used [0x00000000eae00000,0x00000000eaecc010,0x00000000eaf00000)
  to   space 512K, 0% used [0x00000000eaf00000,0x00000000eaf00000,0x00000000eaf80000)
 ParOldGen       total 309248K, used 273357K [0x00000000c0000000, 0x00000000d2e00000, 0x00000000eab00000)
  object space 309248K, 88% used [0x00000000c0000000,0x00000000d0af37b8,0x00000000d2e00000)
 Metaspace       used 91584K, committed 92992K, reserved 1179648K
  class space    used 9427K, committed 10112K, reserved 1048576K
}
Event: 605.468 GC heap after
{Heap after GC invocations=882 (full 14):
 PSYoungGen      total 3072K, used 160K [0x00000000eab00000, 0x00000000eaf80000, 0x0000000100000000)
  eden space 2560K, 0% used [0x00000000eab00000,0x00000000eab00000,0x00000000ead80000)
  from space 512K, 31% used [0x00000000eaf00000,0x00000000eaf28000,0x00000000eaf80000)
  to   space 512K, 0% used [0x00000000eae80000,0x00000000eae80000,0x00000000eaf00000)
 ParOldGen       total 309248K, used 274069K [0x00000000c0000000, 0x00000000d2e00000, 0x00000000eab00000)
  object space 309248K, 88% used [0x00000000c0000000,0x00000000d0ba56a8,0x00000000d2e00000)
 Metaspace       used 91584K, committed 92992K, reserved 1179648K
  class space    used 9427K, committed 10112K, reserved 1048576K
}
Event: 605.474 GC heap before
{Heap before GC invocations=883 (full 14):
 PSYoungGen      total 3072K, used 2720K [0x00000000eab00000, 0x00000000eaf80000, 0x0000000100000000)
  eden space 2560K, 100% used [0x00000000eab00000,0x00000000ead80000,0x00000000ead80000)
  from space 512K, 31% used [0x00000000eaf00000,0x00000000eaf28000,0x00000000eaf80000)
  to   space 512K, 0% used [0x00000000eae80000,0x00000000eae80000,0x00000000eaf00000)
 ParOldGen       total 309248K, used 274069K [0x00000000c0000000, 0x00000000d2e00000, 0x00000000eab00000)
  object space 309248K, 88% used [0x00000000c0000000,0x00000000d0ba56a8,0x00000000d2e00000)
 Metaspace       used 91585K, committed 92992K, reserved 1179648K
  class space    used 9427K, committed 10112K, reserved 1048576K
}
Event: 605.474 GC heap after
{Heap after GC invocations=883 (full 14):
 PSYoungGen      total 3072K, used 224K [0x00000000eab00000, 0x00000000eaf80000, 0x0000000100000000)
  eden space 2560K, 0% used [0x00000000eab00000,0x00000000eab00000,0x00000000ead80000)
  from space 512K, 43% used [0x00000000eae80000,0x00000000eaeb8000,0x00000000eaf00000)
  to   space 512K, 0% used [0x00000000eaf00000,0x00000000eaf00000,0x00000000eaf80000)
 ParOldGen       total 309248K, used 274069K [0x00000000c0000000, 0x00000000d2e00000, 0x00000000eab00000)
  object space 309248K, 88% used [0x00000000c0000000,0x00000000d0ba56a8,0x00000000d2e00000)
 Metaspace       used 91585K, committed 92992K, reserved 1179648K
  class space    used 9427K, committed 10112K, reserved 1048576K
}
Event: 605.642 GC heap before
{Heap before GC invocations=884 (full 14):
 PSYoungGen      total 3072K, used 2779K [0x00000000eab00000, 0x00000000eaf80000, 0x0000000100000000)
  eden space 2560K, 99% used [0x00000000eab00000,0x00000000ead7ef80,0x00000000ead80000)
  from space 512K, 43% used [0x00000000eae80000,0x00000000eaeb8000,0x00000000eaf00000)
  to   space 512K, 0% used [0x00000000eaf00000,0x00000000eaf00000,0x00000000eaf80000)
 ParOldGen       total 309248K, used 274069K [0x00000000c0000000, 0x00000000d2e00000, 0x00000000eab00000)
  object space 309248K, 88% used [0x00000000c0000000,0x00000000d0ba56a8,0x00000000d2e00000)
 Metaspace       used 91590K, committed 92992K, reserved 1179648K
  class space    used 9427K, committed 10112K, reserved 1048576K
}
Event: 605.643 GC heap after
{Heap after GC invocations=884 (full 14):
 PSYoungGen      total 3072K, used 192K [0x00000000eab00000, 0x00000000eaf80000, 0x0000000100000000)
  eden space 2560K, 0% used [0x00000000eab00000,0x00000000eab00000,0x00000000ead80000)
  from space 512K, 37% used [0x00000000eaf00000,0x00000000eaf30000,0x00000000eaf80000)
  to   space 512K, 0% used [0x00000000eae80000,0x00000000eae80000,0x00000000eaf00000)
 ParOldGen       total 309248K, used 274077K [0x00000000c0000000, 0x00000000d2e00000, 0x00000000eab00000)
  object space 309248K, 88% used [0x00000000c0000000,0x00000000d0ba76a8,0x00000000d2e00000)
 Metaspace       used 91590K, committed 92992K, reserved 1179648K
  class space    used 9427K, committed 10112K, reserved 1048576K
}
Event: 605.657 GC heap before
{Heap before GC invocations=885 (full 14):
 PSYoungGen      total 3072K, used 2752K [0x00000000eab00000, 0x00000000eaf80000, 0x0000000100000000)
  eden space 2560K, 100% used [0x00000000eab00000,0x00000000ead80000,0x00000000ead80000)
  from space 512K, 37% used [0x00000000eaf00000,0x00000000eaf30000,0x00000000eaf80000)
  to   space 512K, 0% used [0x00000000eae80000,0x00000000eae80000,0x00000000eaf00000)
 ParOldGen       total 309248K, used 274077K [0x00000000c0000000, 0x00000000d2e00000, 0x00000000eab00000)
  object space 309248K, 88% used [0x00000000c0000000,0x00000000d0ba76a8,0x00000000d2e00000)
 Metaspace       used 91594K, committed 92992K, reserved 1179648K
  class space    used 9427K, committed 10112K, reserved 1048576K
}
Event: 605.659 GC heap after
{Heap after GC invocations=885 (full 14):
 PSYoungGen      total 3072K, used 485K [0x00000000eab00000, 0x00000000eb280000, 0x0000000100000000)
  eden space 2560K, 0% used [0x00000000eab00000,0x00000000eab00000,0x00000000ead80000)
  from space 512K, 94% used [0x00000000eae80000,0x00000000eaef97e0,0x00000000eaf00000)
  to   space 2560K, 0% used [0x00000000eb000000,0x00000000eb000000,0x00000000eb280000)
 ParOldGen       total 309248K, used 275563K [0x00000000c0000000, 0x00000000d2e00000, 0x00000000eab00000)
  object space 309248K, 89% used [0x00000000c0000000,0x00000000d0d1ae88,0x00000000d2e00000)
 Metaspace       used 91594K, committed 92992K, reserved 1179648K
  class space    used 9427K, committed 10112K, reserved 1048576K
}
Event: 605.663 GC heap before
{Heap before GC invocations=886 (full 14):
 PSYoungGen      total 3072K, used 3045K [0x00000000eab00000, 0x00000000eb280000, 0x0000000100000000)
  eden space 2560K, 100% used [0x00000000eab00000,0x00000000ead80000,0x00000000ead80000)
  from space 512K, 94% used [0x00000000eae80000,0x00000000eaef97e0,0x00000000eaf00000)
  to   space 2560K, 0% used [0x00000000eb000000,0x00000000eb000000,0x00000000eb280000)
 ParOldGen       total 309248K, used 275563K [0x00000000c0000000, 0x00000000d2e00000, 0x00000000eab00000)
  object space 309248K, 89% used [0x00000000c0000000,0x00000000d0d1ae88,0x00000000d2e00000)
 Metaspace       used 91594K, committed 92992K, reserved 1179648K
  class space    used 9427K, committed 10112K, reserved 1048576K
}
Event: 605.665 GC heap after
{Heap after GC invocations=886 (full 14):
 PSYoungGen      total 4096K, used 2560K [0x00000000eab00000, 0x00000000eb480000, 0x0000000100000000)
  eden space 1536K, 0% used [0x00000000eab00000,0x00000000eab00000,0x00000000eac80000)
  from space 2560K, 100% used [0x00000000eb000000,0x00000000eb280000,0x00000000eb280000)
  to   space 3584K, 0% used [0x00000000eac80000,0x00000000eac80000,0x00000000eb000000)
 ParOldGen       total 309248K, used 276089K [0x00000000c0000000, 0x00000000d2e00000, 0x00000000eab00000)
  object space 309248K, 89% used [0x00000000c0000000,0x00000000d0d9e668,0x00000000d2e00000)
 Metaspace       used 91594K, committed 92992K, reserved 1179648K
  class space    used 9427K, committed 10112K, reserved 1048576K
}
Event: 605.670 GC heap before
{Heap before GC invocations=887 (full 14):
 PSYoungGen      total 4096K, used 4095K [0x00000000eab00000, 0x00000000eb480000, 0x0000000100000000)
  eden space 1536K, 99% used [0x00000000eab00000,0x00000000eac7fff0,0x00000000eac80000)
  from space 2560K, 100% used [0x00000000eb000000,0x00000000eb280000,0x00000000eb280000)
  to   space 3584K, 0% used [0x00000000eac80000,0x00000000eac80000,0x00000000eb000000)
 ParOldGen       total 309248K, used 276089K [0x00000000c0000000, 0x00000000d2e00000, 0x00000000eab00000)
  object space 309248K, 89% used [0x00000000c0000000,0x00000000d0d9e668,0x00000000d2e00000)
 Metaspace       used 91594K, committed 92992K, reserved 1179648K
  class space    used 9427K, committed 10112K, reserved 1048576K
}
Event: 605.674 GC heap after
{Heap after GC invocations=887 (full 14):
 PSYoungGen      total 3072K, used 1300K [0x00000000eab00000, 0x00000000eb080000, 0x0000000100000000)
  eden space 1536K, 0% used [0x00000000eab00000,0x00000000eab00000,0x00000000eac80000)
  from space 1536K, 84% used [0x00000000eac80000,0x00000000eadc5000,0x00000000eae00000)
  to   space 2048K, 0% used [0x00000000eae80000,0x00000000eae80000,0x00000000eb080000)
 ParOldGen       total 309248K, used 278625K [0x00000000c0000000, 0x00000000d2e00000, 0x00000000eab00000)
  object space 309248K, 90% used [0x00000000c0000000,0x00000000d1018668,0x00000000d2e00000)
 Metaspace       used 91594K, committed 92992K, reserved 1179648K
  class space    used 9427K, committed 10112K, reserved 1048576K
}
Event: 605.690 GC heap before
{Heap before GC invocations=888 (full 14):
 PSYoungGen      total 3072K, used 2836K [0x00000000eab00000, 0x00000000eb080000, 0x0000000100000000)
  eden space 1536K, 100% used [0x00000000eab00000,0x00000000eac80000,0x00000000eac80000)
  from space 1536K, 84% used [0x00000000eac80000,0x00000000eadc5000,0x00000000eae00000)
  to   space 2048K, 0% used [0x00000000eae80000,0x00000000eae80000,0x00000000eb080000)
 ParOldGen       total 309248K, used 278625K [0x00000000c0000000, 0x00000000d2e00000, 0x00000000eab00000)
  object space 309248K, 90% used [0x00000000c0000000,0x00000000d1018668,0x00000000d2e00000)
 Metaspace       used 91594K, committed 92992K, reserved 1179648K
  class space    used 9427K, committed 10112K, reserved 1048576K
}
Event: 605.691 GC heap after
{Heap after GC invocations=888 (full 14):
 PSYoungGen      total 3584K, used 1632K [0x00000000eab00000, 0x00000000eb080000, 0x0000000100000000)
  eden space 1536K, 0% used [0x00000000eab00000,0x00000000eab00000,0x00000000eac80000)
  from space 2048K, 79% used [0x00000000eae80000,0x00000000eb0180d0,0x00000000eb080000)
  to   space 2048K, 0% used [0x00000000eac80000,0x00000000eac80000,0x00000000eae80000)
 ParOldGen       total 309248K, used 279553K [0x00000000c0000000, 0x00000000d2e00000, 0x00000000eab00000)
  object space 309248K, 90% used [0x00000000c0000000,0x00000000d1100668,0x00000000d2e00000)
 Metaspace       used 91594K, committed 92992K, reserved 1179648K
  class space    used 9427K, committed 10112K, reserved 1048576K
}
Event: 605.694 GC heap before
{Heap before GC invocations=889 (full 14):
 PSYoungGen      total 3584K, used 3168K [0x00000000eab00000, 0x00000000eb080000, 0x0000000100000000)
  eden space 1536K, 100% used [0x00000000eab00000,0x00000000eac80000,0x00000000eac80000)
  from space 2048K, 79% used [0x00000000eae80000,0x00000000eb0180d0,0x00000000eb080000)
  to   space 2048K, 0% used [0x00000000eac80000,0x00000000eac80000,0x00000000eae80000)
 ParOldGen       total 309248K, used 279553K [0x00000000c0000000, 0x00000000d2e00000, 0x00000000eab00000)
  object space 309248K, 90% used [0x00000000c0000000,0x00000000d1100668,0x00000000d2e00000)
 Metaspace       used 91594K, committed 92992K, reserved 1179648K
  class space    used 9427K, committed 10112K, reserved 1048576K
}
Event: 605.695 GC heap after
{Heap after GC invocations=889 (full 14):
 PSYoungGen      total 3584K, used 1600K [0x00000000eab00000, 0x00000000eb100000, 0x0000000100000000)
  eden space 1536K, 0% used [0x00000000eab00000,0x00000000eab00000,0x00000000eac80000)
  from space 2048K, 78% used [0x00000000eac80000,0x00000000eae10000,0x00000000eae80000)
  to   space 2048K, 0% used [0x00000000eaf00000,0x00000000eaf00000,0x00000000eb100000)
 ParOldGen       total 309248K, used 281097K [0x00000000c0000000, 0x00000000d2e00000, 0x00000000eab00000)
  object space 309248K, 90% used [0x00000000c0000000,0x00000000d1282738,0x00000000d2e00000)
 Metaspace       used 91594K, committed 92992K, reserved 1179648K
  class space    used 9427K, committed 10112K, reserved 1048576K
}
Event: 605.699 GC heap before
{Heap before GC invocations=890 (full 14):
 PSYoungGen      total 3584K, used 3136K [0x00000000eab00000, 0x00000000eb100000, 0x0000000100000000)
  eden space 1536K, 100% used [0x00000000eab00000,0x00000000eac80000,0x00000000eac80000)
  from space 2048K, 78% used [0x00000000eac80000,0x00000000eae10000,0x00000000eae80000)
  to   space 2048K, 0% used [0x00000000eaf00000,0x00000000eaf00000,0x00000000eb100000)
 ParOldGen       total 309248K, used 281097K [0x00000000c0000000, 0x00000000d2e00000, 0x00000000eab00000)
  object space 309248K, 90% used [0x00000000c0000000,0x00000000d1282738,0x00000000d2e00000)
 Metaspace       used 91594K, committed 92992K, reserved 1179648K
  class space    used 9427K, committed 10112K, reserved 1048576K
}
Event: 605.701 GC heap after
{Heap after GC invocations=890 (full 14):
 PSYoungGen      total 3584K, used 1376K [0x00000000eab00000, 0x00000000eb080000, 0x0000000100000000)
  eden space 2048K, 0% used [0x00000000eab00000,0x00000000eab00000,0x00000000ead00000)
  from space 1536K, 89% used [0x00000000eaf00000,0x00000000eb058000,0x00000000eb080000)
  to   space 1536K, 0% used [0x00000000ead80000,0x00000000ead80000,0x00000000eaf00000)
 ParOldGen       total 309248K, used 282633K [0x00000000c0000000, 0x00000000d2e00000, 0x00000000eab00000)
  object space 309248K, 91% used [0x00000000c0000000,0x00000000d1402738,0x00000000d2e00000)
 Metaspace       used 91594K, committed 92992K, reserved 1179648K
  class space    used 9427K, committed 10112K, reserved 1048576K
}
Event: 605.996 GC heap before
{Heap before GC invocations=891 (full 14):
 PSYoungGen      total 3584K, used 3423K [0x00000000eab00000, 0x00000000eb080000, 0x0000000100000000)
  eden space 2048K, 99% used [0x00000000eab00000,0x00000000eacffff8,0x00000000ead00000)
  from space 1536K, 89% used [0x00000000eaf00000,0x00000000eb058000,0x00000000eb080000)
  to   space 1536K, 0% used [0x00000000ead80000,0x00000000ead80000,0x00000000eaf00000)
 ParOldGen       total 309248K, used 282633K [0x00000000c0000000, 0x00000000d2e00000, 0x00000000eab00000)
  object space 309248K, 91% used [0x00000000c0000000,0x00000000d1402738,0x00000000d2e00000)
 Metaspace       used 91594K, committed 92992K, reserved 1179648K
  class space    used 9427K, committed 10112K, reserved 1048576K
}

Dll operation events (13 events):
Event: 0.005 Loaded shared library c:\Users\Giuseppe\.vscode\extensions\redhat.java-1.25.1-win32-x64\jre\17.0.9-win32-x86_64\bin\java.dll
Event: 0.128 Loaded shared library c:\Users\Giuseppe\.vscode\extensions\redhat.java-1.25.1-win32-x64\jre\17.0.9-win32-x86_64\bin\zip.dll
Event: 0.131 Loaded shared library C:\Users\Giuseppe\.vscode\extensions\redhat.java-1.25.1-win32-x64\jre\17.0.9-win32-x86_64\bin\instrument.dll
Event: 0.139 Loaded shared library C:\Users\Giuseppe\.vscode\extensions\redhat.java-1.25.1-win32-x64\jre\17.0.9-win32-x86_64\bin\net.dll
Event: 0.141 Loaded shared library C:\Users\Giuseppe\.vscode\extensions\redhat.java-1.25.1-win32-x64\jre\17.0.9-win32-x86_64\bin\nio.dll
Event: 0.149 Loaded shared library C:\Users\Giuseppe\.vscode\extensions\redhat.java-1.25.1-win32-x64\jre\17.0.9-win32-x86_64\bin\zip.dll
Event: 0.164 Loaded shared library C:\Users\Giuseppe\.vscode\extensions\redhat.java-1.25.1-win32-x64\jre\17.0.9-win32-x86_64\bin\jimage.dll
Event: 0.207 Loaded shared library c:\Users\Giuseppe\.vscode\extensions\redhat.java-1.25.1-win32-x64\jre\17.0.9-win32-x86_64\bin\verify.dll
Event: 1.267 Loaded shared library C:\Users\Giuseppe\AppData\Roaming\Code\User\globalStorage\redhat.java\1.25.1\config_win\org.eclipse.equinox.launcher\org.eclipse.equinox.launcher.win32.win32.x86_64_1.2.800.v20231003-1442\eclipse_11802.dll
Event: 2.240 Loaded shared library C:\Users\Giuseppe\.vscode\extensions\redhat.java-1.25.1-win32-x64\jre\17.0.9-win32-x86_64\bin\management.dll
Event: 2.242 Loaded shared library C:\Users\Giuseppe\.vscode\extensions\redhat.java-1.25.1-win32-x64\jre\17.0.9-win32-x86_64\bin\management_ext.dll
Event: 3.696 Loaded shared library C:\Users\Giuseppe\AppData\Local\Temp\jna-1343023872\jna17391791362280700075.dll
Event: 489.953 Loaded shared library C:\Users\Giuseppe\.vscode\extensions\redhat.java-1.25.1-win32-x64\jre\17.0.9-win32-x86_64\bin\sunmscapi.dll

Deoptimization events (20 events):
Event: 602.922 Thread 0x000002c87d5839b0 DEOPT PACKING pc=0x000002c86bb8ba18 sp=0x000000f2110fdfa0
Event: 602.922 Thread 0x000002c87d5839b0 DEOPT UNPACKING pc=0x000002c86a7966a3 sp=0x000000f2110fdf98 mode 2
Event: 602.922 Thread 0x000002c87d5839b0 Uncommon trap: trap_request=0xffffffc6 fr.pc=0x000002c86bb8ba18 relative=0x0000000000003b78
Event: 602.922 Thread 0x000002c87d5839b0 Uncommon trap: reason=bimorphic_or_optimized_type_check action=maybe_recompile pc=0x000002c86bb8ba18 method=org.eclipse.jdt.internal.compiler.lookup.Scope.findMethodInSuperInterfaces(Lorg/eclipse/jdt/internal/compiler/lookup/ReferenceBinding;[CLorg/eclips
Event: 602.922 Thread 0x000002c87d5839b0 DEOPT PACKING pc=0x000002c86bb8ba18 sp=0x000000f2110fdfa0
Event: 602.922 Thread 0x000002c87d5839b0 DEOPT UNPACKING pc=0x000002c86a7966a3 sp=0x000000f2110fdf98 mode 2
Event: 602.923 Thread 0x000002c87d5839b0 DEOPT PACKING pc=0x000002c864ad662d sp=0x000000f2110fe860
Event: 602.923 Thread 0x000002c87d5839b0 DEOPT UNPACKING pc=0x000002c86a796e43 sp=0x000000f2110fdd30 mode 0
Event: 602.982 Thread 0x000002c87d5839b0 Uncommon trap: trap_request=0xffffff45 fr.pc=0x000002c86b5ba1e0 relative=0x0000000000000140
Event: 602.982 Thread 0x000002c87d5839b0 Uncommon trap: reason=unstable_if action=reinterpret pc=0x000002c86b5ba1e0 method=org.eclipse.jdt.internal.codeassist.select.SelectionScanner.scanIdentifierOrKeyword()I @ 19 c2
Event: 602.982 Thread 0x000002c87d5839b0 DEOPT PACKING pc=0x000002c86b5ba1e0 sp=0x000000f2110fe4e0
Event: 602.982 Thread 0x000002c87d5839b0 DEOPT UNPACKING pc=0x000002c86a7966a3 sp=0x000000f2110fe478 mode 2
Event: 603.031 Thread 0x000002c87d584df0 Uncommon trap: trap_request=0xffffffde fr.pc=0x000002c86b1e1e98 relative=0x0000000000000458
Event: 603.031 Thread 0x000002c87d584df0 Uncommon trap: reason=class_check action=maybe_recompile pc=0x000002c86b1e1e98 method=java.util.HashMap.removeNode(ILjava/lang/Object;Ljava/lang/Object;ZZ)Ljava/util/HashMap$Node; @ 143 c2
Event: 603.031 Thread 0x000002c87d584df0 DEOPT PACKING pc=0x000002c86b1e1e98 sp=0x000000f210efea60
Event: 603.031 Thread 0x000002c87d584df0 DEOPT UNPACKING pc=0x000002c86a7966a3 sp=0x000000f210efe968 mode 2
Event: 605.373 Thread 0x000002c87d582060 Uncommon trap: trap_request=0xffffff45 fr.pc=0x000002c86baa8760 relative=0x0000000000000320
Event: 605.373 Thread 0x000002c87d582060 Uncommon trap: reason=unstable_if action=reinterpret pc=0x000002c86baa8760 method=org.eclipse.jdt.internal.compiler.problem.ProblemReporter.computeSeverity(I)I @ 1 c2
Event: 605.373 Thread 0x000002c87d582060 DEOPT PACKING pc=0x000002c86baa8760 sp=0x000000f2112fdff0
Event: 605.373 Thread 0x000002c87d582060 DEOPT UNPACKING pc=0x000002c86a7966a3 sp=0x000000f2112fdf78 mode 2

Classes unloaded (10 events):
Event: 2.260 Thread 0x000002c8605fbdd0 Unloading class 0x0000000100250000 'java/lang/invoke/LambdaForm$MH+0x0000000100250000'
Event: 2.260 Thread 0x000002c8605fbdd0 Unloading class 0x000000010024fc00 'java/lang/invoke/LambdaForm$MH+0x000000010024fc00'
Event: 2.260 Thread 0x000002c8605fbdd0 Unloading class 0x000000010024f800 'java/lang/invoke/LambdaForm$MH+0x000000010024f800'
Event: 2.260 Thread 0x000002c8605fbdd0 Unloading class 0x000000010024f400 'java/lang/invoke/LambdaForm$MH+0x000000010024f400'
Event: 2.260 Thread 0x000002c8605fbdd0 Unloading class 0x000000010024f000 'java/lang/invoke/LambdaForm$BMH+0x000000010024f000'
Event: 2.260 Thread 0x000002c8605fbdd0 Unloading class 0x000000010024ec00 'java/lang/invoke/LambdaForm$DMH+0x000000010024ec00'
Event: 2.260 Thread 0x000002c8605fbdd0 Unloading class 0x000000010024c000 'java/lang/invoke/LambdaForm$DMH+0x000000010024c000'
Event: 9.143 Thread 0x000002c8605fbdd0 Unloading class 0x0000000100592c00 'java/lang/invoke/LambdaForm$DMH+0x0000000100592c00'
Event: 596.762 Thread 0x000002c8605fbdd0 Unloading class 0x00000001009dc400 'java/lang/invoke/LambdaForm$DMH+0x00000001009dc400'
Event: 596.762 Thread 0x000002c8605fbdd0 Unloading class 0x00000001009c0400 'java/lang/invoke/LambdaForm$DMH+0x00000001009c0400'

Classes redefined (0 events):
No events

Internal exceptions (20 events):
Event: 553.631 Thread 0x000002c87c8b3a70 Exception <a 'sun/nio/fs/WindowsException'{0x00000000eab773a0}> (0x00000000eab773a0) 
thrown [s\src\hotspot\share\prims\jni.cpp, line 516]
Event: 553.631 Thread 0x000002c87c8b3a70 Exception <a 'sun/nio/fs/WindowsException'{0x00000000eab77618}> (0x00000000eab77618) 
thrown [s\src\hotspot\share\prims\jni.cpp, line 516]
Event: 553.631 Thread 0x000002c87c8b3a70 Exception <a 'sun/nio/fs/WindowsException'{0x00000000eab781f0}> (0x00000000eab781f0) 
thrown [s\src\hotspot\share\prims\jni.cpp, line 516]
Event: 553.631 Thread 0x000002c87c8b3a70 Exception <a 'sun/nio/fs/WindowsException'{0x00000000eab78488}> (0x00000000eab78488) 
thrown [s\src\hotspot\share\prims\jni.cpp, line 516]
Event: 584.492 Thread 0x000002c87c8b1c10 Exception <a 'sun/nio/fs/WindowsException'{0x00000000eac938c0}> (0x00000000eac938c0) 
thrown [s\src\hotspot\share\prims\jni.cpp, line 516]
Event: 584.492 Thread 0x000002c87c8b1c10 Exception <a 'sun/nio/fs/WindowsException'{0x00000000eac93b38}> (0x00000000eac93b38) 
thrown [s\src\hotspot\share\prims\jni.cpp, line 516]
Event: 584.492 Thread 0x000002c87c8b1c10 Exception <a 'sun/nio/fs/WindowsException'{0x00000000eac94470}> (0x00000000eac94470) 
thrown [s\src\hotspot\share\prims\jni.cpp, line 516]
Event: 584.492 Thread 0x000002c87c8b1c10 Exception <a 'sun/nio/fs/WindowsException'{0x00000000eac94708}> (0x00000000eac94708) 
thrown [s\src\hotspot\share\prims\jni.cpp, line 516]
Event: 586.150 Thread 0x000002c87c8af8a0 Exception <a 'sun/nio/fs/WindowsException'{0x00000000eab24fd0}> (0x00000000eab24fd0) 
thrown [s\src\hotspot\share\prims\jni.cpp, line 516]
Event: 586.150 Thread 0x000002c87c8af8a0 Exception <a 'sun/nio/fs/WindowsException'{0x00000000eab25248}> (0x00000000eab25248) 
thrown [s\src\hotspot\share\prims\jni.cpp, line 516]
Event: 586.150 Thread 0x000002c87c8af8a0 Exception <a 'sun/nio/fs/WindowsException'{0x00000000eab25b80}> (0x00000000eab25b80) 
thrown [s\src\hotspot\share\prims\jni.cpp, line 516]
Event: 586.150 Thread 0x000002c87c8af8a0 Exception <a 'sun/nio/fs/WindowsException'{0x00000000eab25e18}> (0x00000000eab25e18) 
thrown [s\src\hotspot\share\prims\jni.cpp, line 516]
Event: 594.332 Thread 0x000002c87a242e70 Exception <a 'sun/nio/fs/WindowsException'{0x00000000eabb0128}> (0x00000000eabb0128) 
thrown [s\src\hotspot\share\prims\jni.cpp, line 516]
Event: 594.401 Thread 0x000002c87a242e70 Exception <a 'sun/nio/fs/WindowsException'{0x00000000eacb1df8}> (0x00000000eacb1df8) 
thrown [s\src\hotspot\share\prims\jni.cpp, line 516]
Event: 600.263 Thread 0x000002c87a242e70 Exception <a 'sun/nio/fs/WindowsException'{0x00000000eaba89b8}> (0x00000000eaba89b8) 
thrown [s\src\hotspot\share\prims\jni.cpp, line 516]
Event: 600.319 Thread 0x000002c87a242e70 Exception <a 'sun/nio/fs/WindowsException'{0x00000000eac26748}> (0x00000000eac26748) 
thrown [s\src\hotspot\share\prims\jni.cpp, line 516]
Event: 603.041 Thread 0x000002c87a242e70 Exception <a 'sun/nio/fs/WindowsException'{0x00000000eab11320}> (0x00000000eab11320) 
thrown [s\src\hotspot\share\prims\jni.cpp, line 516]
Event: 603.096 Thread 0x000002c87a242e70 Exception <a 'sun/nio/fs/WindowsException'{0x00000000eabf3110}> (0x00000000eabf3110) 
thrown [s\src\hotspot\share\prims\jni.cpp, line 516]
Event: 605.652 Thread 0x000002c87a242e70 Exception <a 'sun/nio/fs/WindowsException'{0x00000000eab57290}> (0x00000000eab57290) 
thrown [s\src\hotspot\share\prims\jni.cpp, line 516]
Event: 605.713 Thread 0x000002c87a242e70 Exception <a 'sun/nio/fs/WindowsException'{0x00000000eab9e738}> (0x00000000eab9e738) 
thrown [s\src\hotspot\share\prims\jni.cpp, line 516]

VM Operations (20 events):
Event: 605.375 Executing VM operation: ParallelGCFailedAllocation done
Event: 605.467 Executing VM operation: ParallelGCFailedAllocation
Event: 605.468 Executing VM operation: ParallelGCFailedAllocation done
Event: 605.474 Executing VM operation: ParallelGCFailedAllocation
Event: 605.474 Executing VM operation: ParallelGCFailedAllocation done
Event: 605.642 Executing VM operation: ParallelGCFailedAllocation
Event: 605.643 Executing VM operation: ParallelGCFailedAllocation done
Event: 605.657 Executing VM operation: ParallelGCFailedAllocation
Event: 605.659 Executing VM operation: ParallelGCFailedAllocation done
Event: 605.663 Executing VM operation: ParallelGCFailedAllocation
Event: 605.665 Executing VM operation: ParallelGCFailedAllocation done
Event: 605.670 Executing VM operation: ParallelGCFailedAllocation
Event: 605.674 Executing VM operation: ParallelGCFailedAllocation done
Event: 605.690 Executing VM operation: ParallelGCFailedAllocation
Event: 605.691 Executing VM operation: ParallelGCFailedAllocation done
Event: 605.693 Executing VM operation: ParallelGCFailedAllocation
Event: 605.695 Executing VM operation: ParallelGCFailedAllocation done
Event: 605.699 Executing VM operation: ParallelGCFailedAllocation
Event: 605.701 Executing VM operation: ParallelGCFailedAllocation done
Event: 605.996 Executing VM operation: ParallelGCFailedAllocation

Events (20 events):
Event: 553.741 Thread 0x000002c87c8b3a70 Thread exited: 0x000002c87c8b3a70
Event: 553.813 Thread 0x000002c87c8acb10 Thread exited: 0x000002c87c8acb10
Event: 583.530 Thread 0x000002c87c8b3f80 Thread exited: 0x000002c87c8b3f80
Event: 583.816 Thread 0x000002c87c8b1c10 Thread exited: 0x000002c87c8b1c10
Event: 584.474 Thread 0x000002c87c8ad020 Thread added: 0x000002c87c8ad020
Event: 584.475 Thread 0x000002c87c8b0ce0 Thread added: 0x000002c87c8b0ce0
Event: 584.477 Thread 0x000002c87c8b3f80 Thread added: 0x000002c87c8b3f80
Event: 584.490 Thread 0x000002c87c8b1c10 Thread added: 0x000002c87c8b1c10
Event: 584.491 Thread 0x000002c87c8b3f80 Thread exited: 0x000002c87c8b3f80
Event: 584.716 Thread 0x000002c87c8b1c10 Thread exited: 0x000002c87c8b1c10
Event: 584.786 Thread 0x000002c87c8b0ce0 Thread exited: 0x000002c87c8b0ce0
Event: 586.142 Thread 0x000002c87c8b0ce0 Thread added: 0x000002c87c8b0ce0
Event: 586.144 Thread 0x000002c87c8ae460 Thread added: 0x000002c87c8ae460
Event: 586.149 Thread 0x000002c87c8af8a0 Thread added: 0x000002c87c8af8a0
Event: 586.149 Thread 0x000002c87c8ae460 Thread exited: 0x000002c87c8ae460
Event: 586.288 Thread 0x000002c87c8af8a0 Thread exited: 0x000002c87c8af8a0
Event: 586.364 Thread 0x000002c87c8b0ce0 Thread exited: 0x000002c87c8b0ce0
Event: 591.874 Thread 0x000002c87c8ac600 Thread exited: 0x000002c87c8ac600
Event: 599.806 Thread 0x000002c879b2f120 flushing nmethod 0x000002c863fa7190
Event: 599.812 Thread 0x000002c879b2f120 flushing nmethod 0x000002c865201590


Dynamic libraries:
0x00007ff79de40000 - 0x00007ff79de4e000 	c:\Users\Giuseppe\.vscode\extensions\redhat.java-1.25.1-win32-x64\jre\17.0.9-win32-x86_64\bin\java.exe
0x00007fff53f20000 - 0x00007fff54129000 	C:\WINDOWS\SYSTEM32\ntdll.dll
0x00007fff52960000 - 0x00007fff52a1d000 	C:\WINDOWS\System32\KERNEL32.DLL
0x00007fff51520000 - 0x00007fff518a4000 	C:\WINDOWS\System32\KERNELBASE.dll
0x00007fff518b0000 - 0x00007fff519c1000 	C:\WINDOWS\System32\ucrtbase.dll
0x00007fff2b370000 - 0x00007fff2b387000 	c:\Users\Giuseppe\.vscode\extensions\redhat.java-1.25.1-win32-x64\jre\17.0.9-win32-x86_64\bin\jli.dll
0x00007fff53470000 - 0x00007fff5361d000 	C:\WINDOWS\System32\USER32.dll
0x00007fff513b0000 - 0x00007fff513d6000 	C:\WINDOWS\System32\win32u.dll
0x00007fff2b390000 - 0x00007fff2b3ab000 	c:\Users\Giuseppe\.vscode\extensions\redhat.java-1.25.1-win32-x64\jre\17.0.9-win32-x86_64\bin\VCRUNTIME140.dll
0x00007fff52910000 - 0x00007fff5293a000 	C:\WINDOWS\System32\GDI32.dll
0x00007fff51a70000 - 0x00007fff51b8e000 	C:\WINDOWS\System32\gdi32full.dll
0x00007fff41750000 - 0x00007fff419f5000 	C:\WINDOWS\WinSxS\amd64_microsoft.windows.common-controls_6595b64144ccf1df_6.0.22000.120_none_9d947278b86cc467\COMCTL32.dll
0x00007fff519d0000 - 0x00007fff51a6d000 	C:\WINDOWS\System32\msvcp_win.dll
0x00007fff527f0000 - 0x00007fff52893000 	C:\WINDOWS\System32\msvcrt.dll
0x00007fff527b0000 - 0x00007fff527e1000 	C:\WINDOWS\System32\IMM32.DLL
0x00007fff4cfe0000 - 0x00007fff4cfec000 	c:\Users\Giuseppe\.vscode\extensions\redhat.java-1.25.1-win32-x64\jre\17.0.9-win32-x86_64\bin\vcruntime140_1.dll
0x00007fff02570000 - 0x00007fff025fd000 	c:\Users\Giuseppe\.vscode\extensions\redhat.java-1.25.1-win32-x64\jre\17.0.9-win32-x86_64\bin\msvcp140.dll
0x00007ffeeee70000 - 0x00007ffeefad1000 	c:\Users\Giuseppe\.vscode\extensions\redhat.java-1.25.1-win32-x64\jre\17.0.9-win32-x86_64\bin\server\jvm.dll
0x00007fff52b30000 - 0x00007fff52bde000 	C:\WINDOWS\System32\ADVAPI32.dll
0x00007fff52a90000 - 0x00007fff52b2e000 	C:\WINDOWS\System32\sechost.dll
0x00007fff52680000 - 0x00007fff527a1000 	C:\WINDOWS\System32\RPCRT4.dll
0x00007fff50600000 - 0x00007fff5064d000 	C:\WINDOWS\SYSTEM32\POWRPROF.dll
0x00007fff31e40000 - 0x00007fff31e49000 	C:\WINDOWS\SYSTEM32\WSOCK32.dll
0x00007fff52a20000 - 0x00007fff52a8f000 	C:\WINDOWS\System32\WS2_32.dll
0x00007fff4a680000 - 0x00007fff4a6b3000 	C:\WINDOWS\SYSTEM32\WINMM.dll
0x00007fff4b6b0000 - 0x00007fff4b6ba000 	C:\WINDOWS\SYSTEM32\VERSION.dll
0x00007fff505e0000 - 0x00007fff505f3000 	C:\WINDOWS\SYSTEM32\UMPDC.dll
0x00007fff50450000 - 0x00007fff50468000 	C:\WINDOWS\SYSTEM32\kernel.appcore.dll
0x00007fff31310000 - 0x00007fff3131a000 	c:\Users\Giuseppe\.vscode\extensions\redhat.java-1.25.1-win32-x64\jre\17.0.9-win32-x86_64\bin\jimage.dll
0x00007fff468b0000 - 0x00007fff46ad1000 	C:\WINDOWS\SYSTEM32\DBGHELP.DLL
0x00007fff174c0000 - 0x00007fff174f1000 	C:\WINDOWS\SYSTEM32\dbgcore.DLL
0x00007fff514a0000 - 0x00007fff5151f000 	C:\WINDOWS\System32\bcryptPrimitives.dll
0x00007fff2cf90000 - 0x00007fff2cf9e000 	c:\Users\Giuseppe\.vscode\extensions\redhat.java-1.25.1-win32-x64\jre\17.0.9-win32-x86_64\bin\instrument.dll
0x00007fff2b340000 - 0x00007fff2b365000 	c:\Users\Giuseppe\.vscode\extensions\redhat.java-1.25.1-win32-x64\jre\17.0.9-win32-x86_64\bin\java.dll
0x00007fff2ae10000 - 0x00007fff2ae28000 	c:\Users\Giuseppe\.vscode\extensions\redhat.java-1.25.1-win32-x64\jre\17.0.9-win32-x86_64\bin\zip.dll
0x00007fff51eb0000 - 0x00007fff52675000 	C:\WINDOWS\System32\SHELL32.dll
0x00007fff4f440000 - 0x00007fff4fca2000 	C:\WINDOWS\SYSTEM32\windows.storage.dll
0x00007fff52d00000 - 0x00007fff53076000 	C:\WINDOWS\System32\combase.dll
0x00007fff4f2d0000 - 0x00007fff4f437000 	C:\WINDOWS\SYSTEM32\wintypes.dll
0x00007fff53180000 - 0x00007fff5326a000 	C:\WINDOWS\System32\SHCORE.dll
0x00007fff53410000 - 0x00007fff5346d000 	C:\WINDOWS\System32\shlwapi.dll
0x00007fff512e0000 - 0x00007fff51305000 	C:\WINDOWS\SYSTEM32\profapi.dll
0x00007fff17460000 - 0x00007fff17479000 	C:\Users\Giuseppe\.vscode\extensions\redhat.java-1.25.1-win32-x64\jre\17.0.9-win32-x86_64\bin\net.dll
0x00007fff4b090000 - 0x00007fff4b1a4000 	C:\WINDOWS\SYSTEM32\WINHTTP.dll
0x00007fff50970000 - 0x00007fff509d7000 	C:\WINDOWS\system32\mswsock.dll
0x00007fff15070000 - 0x00007fff15086000 	C:\Users\Giuseppe\.vscode\extensions\redhat.java-1.25.1-win32-x64\jre\17.0.9-win32-x86_64\bin\nio.dll
0x00007fff2cce0000 - 0x00007fff2ccf0000 	c:\Users\Giuseppe\.vscode\extensions\redhat.java-1.25.1-win32-x64\jre\17.0.9-win32-x86_64\bin\verify.dll
0x00007fff02850000 - 0x00007fff0288e000 	C:\Users\Giuseppe\AppData\Roaming\Code\User\globalStorage\redhat.java\1.25.1\config_win\org.eclipse.equinox.launcher\org.eclipse.equinox.launcher.win32.win32.x86_64_1.2.800.v20231003-1442\eclipse_11802.dll
0x00007fff53270000 - 0x00007fff5340a000 	C:\WINDOWS\System32\ole32.dll
0x00007fff2caa0000 - 0x00007fff2caa9000 	C:\Users\Giuseppe\.vscode\extensions\redhat.java-1.25.1-win32-x64\jre\17.0.9-win32-x86_64\bin\management.dll
0x00007fff2c950000 - 0x00007fff2c95b000 	C:\Users\Giuseppe\.vscode\extensions\redhat.java-1.25.1-win32-x64\jre\17.0.9-win32-x86_64\bin\management_ext.dll
0x00007fff53ed0000 - 0x00007fff53ed8000 	C:\WINDOWS\System32\PSAPI.DLL
0x00007fff50c40000 - 0x00007fff50c58000 	C:\WINDOWS\SYSTEM32\CRYPTSP.dll
0x00007fff503b0000 - 0x00007fff503e5000 	C:\WINDOWS\system32\rsaenh.dll
0x00007fff50a10000 - 0x00007fff50a3c000 	C:\WINDOWS\SYSTEM32\USERENV.dll
0x00007fff50d80000 - 0x00007fff50da7000 	C:\WINDOWS\SYSTEM32\bcrypt.dll
0x00007fff50b60000 - 0x00007fff50b6c000 	C:\WINDOWS\SYSTEM32\CRYPTBASE.dll
0x00007fff4ff00000 - 0x00007fff4ff2d000 	C:\WINDOWS\SYSTEM32\IPHLPAPI.DLL
0x00007fff52950000 - 0x00007fff52959000 	C:\WINDOWS\System32\NSI.dll
0x00007fff4ad40000 - 0x00007fff4ad59000 	C:\WINDOWS\SYSTEM32\dhcpcsvc6.DLL
0x00007fff4c430000 - 0x00007fff4c44e000 	C:\WINDOWS\SYSTEM32\dhcpcsvc.DLL
0x00007fff4ff30000 - 0x00007fff50017000 	C:\WINDOWS\SYSTEM32\DNSAPI.dll
0x00007fff00610000 - 0x00007fff00655000 	C:\Users\Giuseppe\AppData\Local\Temp\jna-1343023872\jna17391791362280700075.dll
0x00007fff2cf60000 - 0x00007fff2cf6e000 	C:\Users\Giuseppe\.vscode\extensions\redhat.java-1.25.1-win32-x64\jre\17.0.9-win32-x86_64\bin\sunmscapi.dll
0x00007fff51b90000 - 0x00007fff51cf2000 	C:\WINDOWS\System32\CRYPT32.dll
0x00007fff50d50000 - 0x00007fff50d78000 	C:\WINDOWS\SYSTEM32\ncrypt.dll
0x00007fff50d10000 - 0x00007fff50d47000 	C:\WINDOWS\SYSTEM32\NTASN1.dll
0x00007fff3ffe0000 - 0x00007fff3ffea000 	C:\Windows\System32\rasadhlp.dll
0x00007fff49410000 - 0x00007fff49491000 	C:\WINDOWS\System32\fwpuclnt.dll

dbghelp: loaded successfully - version: 4.0.5 - missing functions: none
symbol engine: initialized successfully - sym options: 0x614 - pdb path: .;c:\Users\Giuseppe\.vscode\extensions\redhat.java-1.25.1-win32-x64\jre\17.0.9-win32-x86_64\bin;C:\WINDOWS\SYSTEM32;C:\WINDOWS\WinSxS\amd64_microsoft.windows.common-controls_6595b64144ccf1df_6.0.22000.120_none_9d947278b86cc467;c:\Users\Giuseppe\.vscode\extensions\redhat.java-1.25.1-win32-x64\jre\17.0.9-win32-x86_64\bin\server;C:\Users\Giuseppe\AppData\Roaming\Code\User\globalStorage\redhat.java\1.25.1\config_win\org.eclipse.equinox.launcher\org.eclipse.equinox.launcher.win32.win32.x86_64_1.2.800.v20231003-1442;C:\Users\Giuseppe\AppData\Local\Temp\jna-1343023872

VM Arguments:
jvm_args: --add-modules=ALL-SYSTEM --add-opens=java.base/java.util=ALL-UNNAMED --add-opens=java.base/java.lang=ALL-UNNAMED --add-opens=java.base/sun.nio.fs=ALL-UNNAMED -Declipse.application=org.eclipse.jdt.ls.core.id1 -Dosgi.bundles.defaultStartLevel=4 -Declipse.product=org.eclipse.jdt.ls.core.product -Djava.import.generatesMetadataFilesAtProjectRoot=false -DDetectVMInstallationsJob.disabled=true -Dfile.encoding=utf8 -XX:+UseParallelGC -XX:GCTimeRatio=4 -XX:AdaptiveSizePolicyWeight=90 -Dsun.zip.disableMemoryMapping=true -Xmx1G -Xms100m -Xlog:disable -javaagent:c:\Users\Giuseppe\.vscode\extensions\redhat.java-1.25.1-win32-x64\lombok\lombok-1.18.30.jar -XX:+HeapDumpOnOutOfMemoryError -XX:HeapDumpPath=c:\Users\Giuseppe\AppData\Roaming\Code\User\workspaceStorage\3e34d31183eca03a675ef397297749f6\redhat.java -Daether.dependencyCollector.impl=bf 
java_command: c:\Users\Giuseppe\.vscode\extensions\redhat.java-1.25.1-win32-x64\server\plugins\org.eclipse.equinox.launcher_1.6.600.v20231106-1826.jar -configuration c:\Users\Giuseppe\AppData\Roaming\Code\User\globalStorage\redhat.java\1.25.1\config_win -data c:\Users\Giuseppe\AppData\Roaming\Code\User\workspaceStorage\3e34d31183eca03a675ef397297749f6\redhat.java\jdt_ws --stdio
java_class_path (initial): c:\Users\Giuseppe\.vscode\extensions\redhat.java-1.25.1-win32-x64\server\plugins\org.eclipse.equinox.launcher_1.6.600.v20231106-1826.jar
Launcher Type: SUN_STANDARD

[Global flags]
    uintx AdaptiveSizePolicyWeight                 = 90                                        {product} {command line}
     intx CICompilerCount                          = 3                                         {product} {ergonomic}
    uintx GCTimeRatio                              = 4                                         {product} {command line}
     bool HeapDumpOnOutOfMemoryError               = true                                   {manageable} {command line}
    ccstr HeapDumpPath                             = c:\Users\Giuseppe\AppData\Roaming\Code\User\workspaceStorage\3e34d31183eca03a675ef397297749f6\redhat.java         {manageable} {command line}
   size_t InitialHeapSize                          = 104857600                                 {product} {command line}
   size_t MaxHeapSize                              = 1073741824                                {product} {command line}
   size_t MaxNewSize                               = 357564416                                 {product} {ergonomic}
   size_t MinHeapDeltaBytes                        = 524288                                    {product} {ergonomic}
   size_t MinHeapSize                              = 104857600                                 {product} {command line}
   size_t NewSize                                  = 34603008                                  {product} {ergonomic}
    uintx NonNMethodCodeHeapSize                   = 5832780                                {pd product} {ergonomic}
    uintx NonProfiledCodeHeapSize                  = 122912730                              {pd product} {ergonomic}
   size_t OldSize                                  = 70254592                                  {product} {ergonomic}
    uintx ProfiledCodeHeapSize                     = 122912730                              {pd product} {ergonomic}
    uintx ReservedCodeCacheSize                    = 251658240                              {pd product} {ergonomic}
     bool SegmentedCodeCache                       = true                                      {product} {ergonomic}
   size_t SoftMaxHeapSize                          = 1073741824                             {manageable} {ergonomic}
     bool UseCompressedClassPointers               = true                           {product lp64_product} {ergonomic}
     bool UseCompressedOops                        = true                           {product lp64_product} {ergonomic}
     bool UseLargePagesIndividualAllocation        = false                                  {pd product} {ergonomic}
     bool UseParallelGC                            = true                                      {product} {command line}

Logging:
Log output configuration:
 #0: stdout all=off uptime,level,tags
 #1: stderr all=off uptime,level,tags

Environment Variables:
PATH=c:\program files\eclipse adoptium\jdk-17.0.6.10-hotspot\bin;c:\program files\common files\oracle\java\javapath;c:\program files (x86)\common files\oracle\java\javapath;c:\program files (x86)\razer chroma sdk\bin;c:\program files\razer chroma sdk\bin;c:\program files (x86)\razer\chromabroadcast\bin;c:\program files\razer\chromabroadcast\bin;c:\windows\system32;c:\windows;c:\windows\system32\wbem;c:\windows\system32\windowspowershell\v1.0\;c:\windows\system32\openssh\;c:\program files\nvidia corporation\nvidia nvdlisr;c:\program files\dotnet\;c:\users\giuseppe\appdata\local\microsoft\windowsapps;c:\users\giuseppe\appdata\local\programs\microsoft vs code\bin;c:\users\giuseppe\appdata\roaming\npm;c:\windows\system32\config\systemprofile\appdata\local\microsoft\windowsapps;c:\program files\calibre2\;c:\program files\git\cmd;c:\program files (x86)\windows kits\10\windows performance toolkit\;c:\program files\nodejs\;c:\program files\cmake\bin;c:\program files\go\bin;c:\programdata\chocolatey\bin;c:\program files\powershell\7\;C:\Program Files (x86)\NVIDIA Corporation\PhysX\Common;C:\Users\Giuseppe\AppData\Local\Microsoft\WindowsApps;C:\Users\Giuseppe\AppData\Local\Programs\Microsoft VS Code\bin;C:\Users\Giuseppe\AppData\Local\spicetify;C:\Users\Giuseppe\AppData\Local\GitHubDesktop\bin;C:\Users\Giuseppe\.dotnet\tools;C:\MinGW\bin;C:\Users\Giuseppe\AppData\Local\Programs\Python\Python311;C:\Users\Giuseppe\AppData\Roaming\npm;C:\Users\Giuseppe\AppData\Local\Programs\Neovim\bin;C:\Users\Giuseppe\AppData\Local\JetBrains\Toolbox\scripts;C:\Users\Giuseppe\go\bin;C:\Users\Giuseppe\AppData\Local\Microsoft\WinGet\Packages\Genymobile.scrcpy_Microsoft.Winget.Source_8wekyb3d8bbwe\scrcpy-win64-v2.1.1;;C:\Users\Giuseppe\AppData\Local\Programs\oh-my-posh\bin
USERNAME=Giuseppe
OS=Windows_NT
PROCESSOR_IDENTIFIER=Intel64 Family 6 Model 158 Stepping 12, GenuineIntel
TMP=C:\Users\Giuseppe\AppData\Local\Temp
TEMP=C:\Users\Giuseppe\AppData\Local\Temp



Periodic native trim disabled


---------------  S Y S T E M  ---------------

OS:
 Windows 11 , 64 bit Build 22000 (10.0.22000.2538)
OS uptime: 0 days 11:30 hours
Hyper-V role detected

CPU: total 6 (initial active 6) (6 cores per cpu, 1 threads per core) family 6 model 158 stepping 12 microcode 0xde, cx8, cmov, fxsr, mmx, 3dnowpref, sse, sse2, sse3, ssse3, sse4.1, sse4.2, popcnt, lzcnt, tsc, tscinvbit, avx, avx2, aes, erms, clmul, bmi1, bmi2, rtm, adx, fma, vzeroupper, clflush, clflushopt, hv
Processor Information for all 6 processors :
  Max Mhz: 3701, Current Mhz: 3701, Mhz Limit: 3701

Memory: 4k page, system-wide physical 16055M (7046M free)
TotalPageFile size 24759M (AvailPageFile size 12809M)
current process WorkingSet (physical memory assigned to process): 695M, peak: 787M
current process commit charge ("private bytes"): 595M, peak: 752M

vm_info: OpenJDK 64-Bit Server VM (17.0.9+9) for windows-amd64 JRE (17.0.9+9), built on Oct 26 2023 14:01:42 by "admin" with MS VC++ 16.10 / 16.11 (VS2019)

END.
