#
# A fatal error has been detected by the Java Runtime Environment:
#
#  EXCEPTION_ACCESS_VIOLATION (0xc0000005) at pc=0x00007ff8adbbc970, pid=1404, tid=15508
#
# JRE version: OpenJDK Runtime Environment Temurin-17.0.9+9 (17.0.9+9) (build 17.0.9+9)
# Java VM: OpenJDK 64-Bit Server VM Temurin-17.0.9+9 (17.0.9+9, mixed mode, tiered, compressed oops, compressed class ptrs, parallel gc, windows-amd64)
# Problematic frame:
# V  [jvm.dll+0x2ec970]
#
# No core dump will be written. Minidumps are not enabled by default on client versions of Windows
#
# If you would like to submit a bug report, please visit:
#   https://github.com/adoptium/adoptium-support/issues
#

---------------  S U M M A R Y ------------

Command Line: --add-modules=ALL-SYSTEM --add-opens=java.base/java.util=ALL-UNNAMED --add-opens=java.base/java.lang=ALL-UNNAMED --add-opens=java.base/sun.nio.fs=ALL-UNNAMED -Declipse.application=org.eclipse.jdt.ls.core.id1 -Dosgi.bundles.defaultStartLevel=4 -Declipse.product=org.eclipse.jdt.ls.core.product -Djava.import.generatesMetadataFilesAtProjectRoot=false -DDetectVMInstallationsJob.disabled=true -Dfile.encoding=utf8 -XX:+UseParallelGC -XX:GCTimeRatio=4 -XX:AdaptiveSizePolicyWeight=90 -Dsun.zip.disableMemoryMapping=true -Xmx1G -Xms100m -Xlog:disable -javaagent:c:\Users\Giuseppe\.vscode\extensions\redhat.java-1.26.0-win32-x64\lombok\lombok-1.18.31-3454.jar -XX:+HeapDumpOnOutOfMemoryError -XX:HeapDumpPath=c:\Users\Giuseppe\AppData\Roaming\Code\User\workspaceStorage\4cbeea3b465922f3fd27fee5a920d1b6\redhat.java -Daether.dependencyCollector.impl=bf c:\Users\Giuseppe\.vscode\extensions\redhat.java-1.26.0-win32-x64\server\plugins\org.eclipse.equinox.launcher_1.6.700.v20231214-2017.jar -configuration c:\Users\Giuseppe\AppData\Roaming\Code\User\globalStorage\redhat.java\1.26.0\config_win -data c:\Users\Giuseppe\AppData\Roaming\Code\User\workspaceStorage\4cbeea3b465922f3fd27fee5a920d1b6\redhat.java\jdt_ws --stdio

Host: Intel(R) Core(TM) i5-9600K CPU @ 3.70GHz, 6 cores, 15G,  Windows 11 , 64 bit Build 22000 (10.0.22000.2538)
Time: Mon Jan 15 17:07:50 2024 W. Europe Standard Time elapsed time: 5397.351379 seconds (0d 1h 29m 57s)

---------------  T H R E A D  ---------------

Current thread (0x000001140988e260):  GCTaskThread "GC Thread#0" [stack: 0x00000006e2400000,0x00000006e2500000] [id=15508]

Stack: [0x00000006e2400000,0x00000006e2500000],  sp=0x00000006e24ff918,  free space=1022k
Native frames: (J=compiled Java code, j=interpreted, Vv=VM code, C=native code)
V  [jvm.dll+0x2ec970]
V  [jvm.dll+0x6bdd78]
V  [jvm.dll+0x6be1ef]
V  [jvm.dll+0x861e7b]
V  [jvm.dll+0x861ec6]
V  [jvm.dll+0x7e3c3a]
V  [jvm.dll+0x67be35]
C  [ucrtbase.dll+0x26c0c]
C  [KERNEL32.DLL+0x153e0]
C  [ntdll.dll+0x485b]


siginfo: EXCEPTION_ACCESS_VIOLATION (0xc0000005), writing address 0x0000000000000000


Registers:
RAX=0x0000000000000000, RBX=0x0000000000000003, RCX=0x000001141d6e6be0, RDX=0x0000000000000004
RSP=0x00000006e24ff918, RBP=0x0000000000000000, RSI=0x0000000000000020, RDI=0x000001141d5f87b0
R8 =0x0000000000000000, R9 =0x000001141d6e6be0, R10=0x0000000000000005, R11=0x000001141d6e6560
R12=0x0000000000000000, R13=0x00000114077f67c0, R14=0x0000000000000028, R15=0x00000006e24ff980
RIP=0x00007ff8adbbc970, EFLAGS=0x0000000000010246


Register to memory mapping:

RIP=0x00007ff8adbbc970 jvm.dll
RAX=0x0 is NULL
RBX=0x0000000000000003 is an unknown value
RCX=0x000001141d6e6be0 points into unknown readable memory: 0x0000000000000000 | 00 00 00 00 00 00 00 00
RDX=0x0000000000000004 is an unknown value
RSP=0x00000006e24ff918 points into unknown readable memory: 0x00000006e25ff408 | 08 f4 5f e2 06 00 00 00
RBP=0x0 is NULL
RSI=0x0000000000000020 is an unknown value
RDI=0x000001141d5f87b0 points into unknown readable memory: 0x00007ff8ae223040 | 40 30 22 ae f8 7f 00 00
R8 =0x0 is NULL
R9 =0x000001141d6e6be0 points into unknown readable memory: 0x0000000000000000 | 00 00 00 00 00 00 00 00
R10=0x0000000000000005 is an unknown value
R11=0x000001141d6e6560 points into unknown readable memory: 0x0000000000000000 | 00 00 00 00 00 00 00 00
R12=0x0 is NULL
R13=0x00000114077f67c0 points into unknown readable memory: 0x0000000000000002 | 02 00 00 00 00 00 00 00
R14=0x0000000000000028 is an unknown value
R15=0x00000006e24ff980 points into unknown readable memory: 0x0000000000000000 | 00 00 00 00 00 00 00 00


Top of Stack: (sp=0x00000006e24ff918)
0x00000006e24ff918:   00000006e25ff408 0000000000000003
0x00000006e24ff928:   0000000000000005 0000000000000003
0x00000006e24ff938:   00007ff8adf8dd78 000001141d6e6500
0x00000006e24ff948:   000001141d6e6500 0000000000000000
0x00000006e24ff958:   00000006e25ff460 00000006e25ff300
0x00000006e24ff968:   00007ff8adf8e1ef 000001141d6e6500
0x00000006e24ff978:   00000006e24ffa09 0000000000000000
0x00000006e24ff988:   00000006e25ff440 000001141d6e6500
0x00000006e24ff998:   0000000000000003 0000000000000006
0x00000006e24ff9a8:   00000006e25fee68 0000000300000002
0x00000006e24ff9b8:   000001141d6e6500 00007ff8ae281dc8
0x00000006e24ff9c8:   000001141d6e6500 00000006e25ff300
0x00000006e24ff9d8:   0000011409887690 00000000000003d8
0x00000006e24ff9e8:   00000114098876a0 0000011409887a78
0x00000006e24ff9f8:   00007ff8ae281f18 0000000000000003
0x00000006e24ffa08:   0000000000000000 0000000000000000
0x00000006e24ffa18:   0000000000000000 0000000000000000
0x00000006e24ffa28:   0000c616e1a35d9a 0000000000000000
0x00000006e24ffa38:   000001140988e260 0000000000000000
0x00000006e24ffa48:   0000000000000000 00000006e25ff300
0x00000006e24ffa58:   000001140988e260 0000000000000000
0x00000006e24ffa68:   00007ff8ae131e7b 0000000000000004
0x00000006e24ffa78:   0000000000000000 0000000000000004
0x00000006e24ffa88:   00000006e25ff300 00000000000075a3
0x00000006e24ffa98:   00007ff8ae131ec6 000001140988e260
0x00000006e24ffaa8:   00000006ffffffff 00000114098735b0
0x00000006e24ffab8:   0000000000000000 000001140988e260
0x00000006e24ffac8:   00007ff8ae0b3c3a 0000000000000000
0x00000006e24ffad8:   00000000000075a3 000001140988e260
0x00000006e24ffae8:   00007ff94149c98b 0000000000000000
0x00000006e24ffaf8:   0000000000000000 0000000000000000
0x00000006e24ffb08:   00007ff8adf4be35 000001140988e260 

Instructions: (pc=0x00007ff8adbbc970)
0x00007ff8adbbc870:   ff ff 7f 0f 4e c1 33 d2 41 89 83 04 02 00 00 f7
0x00007ff8adbbc880:   77 08 44 8b ca 3b d3 74 b7 8b d3 0f 1f 44 00 00
0x00007ff8adbbc890:   3b d3 74 05 41 3b d1 75 44 45 8b 83 04 02 00 00
0x00007ff8adbbc8a0:   b8 5f 0b 4e 83 41 f7 e8 41 03 d0 c1 fa 10 8b c2
0x00007ff8adbbc8b0:   c1 e8 1f 03 d0 41 69 c0 a7 41 00 00 69 ca ff ff
0x00007ff8adbbc8c0:   ff 7f 2b c1 85 c0 8d 88 ff ff ff 7f 0f 4e c1 33
0x00007ff8adbbc8d0:   d2 41 89 83 04 02 00 00 f7 77 08 eb b3 41 8b c1
0x00007ff8adbbc8e0:   4c 8d 34 c5 00 00 00 00 48 8b 47 10 49 8b 0c 06
0x00007ff8adbbc8f0:   8b 81 00 01 00 00 44 8b 91 80 00 00 00 44 2b d0
0x00007ff8adbbc900:   8b c2 41 81 e2 ff ff 01 00 41 81 fa ff ff 01 00
0x00007ff8adbbc910:   45 0f 44 d4 48 8d 34 c5 00 00 00 00 48 8b 47 10
0x00007ff8adbbc920:   48 8b 0c 06 8b 81 00 01 00 00 44 8b 81 80 00 00
0x00007ff8adbbc930:   00 44 2b c0 32 c0 41 81 e0 ff ff 01 00 41 81 f8
0x00007ff8adbbc940:   ff ff 01 00 45 0f 44 c4 45 3b c2 76 0a 48 8b 47
0x00007ff8adbbc950:   10 48 8b 34 06 eb 14 45 85 d2 0f 84 84 00 00 00
0x00007ff8adbbc960:   48 8b 47 10 41 8b d1 49 8b 34 06 48 8b 86 00 01
0x00007ff8adbbc970:   00 00 90 8b 8e 80 00 00 00 2b c8 81 e1 ff ff 01
0x00007ff8adbbc980:   00 81 f9 ff ff 01 00 41 0f 44 cc 85 c9 75 13 ba
0x00007ff8adbbc990:   ff ff ff ff 32 c0 41 89 93 00 02 00 00 e9 c5 00
0x00007ff8adbbc9a0:   00 00 48 8b 8e 80 01 00 00 4c 8b c8 44 8b c0 4e
0x00007ff8adbbc9b0:   8b 04 c1 8d 48 01 81 e1 ff ff 01 00 4d 89 07 45
0x00007ff8adbbc9c0:   8b c4 41 0f 94 c0 49 c1 e9 20 45 03 c8 49 c1 e1
0x00007ff8adbbc9d0:   20 4c 0b c9 f0 4c 0f b1 8e 00 01 00 00 0f 94 c0
0x00007ff8adbbc9e0:   84 c0 75 05 ba ff ff ff ff 41 89 93 00 02 00 00
0x00007ff8adbbc9f0:   eb 75 75 77 48 8b 47 10 8d 4b ff 83 e1 01 4c 8b
0x00007ff8adbbca00:   14 c8 49 8b 82 00 01 00 00 90 41 8b 8a 80 00 00
0x00007ff8adbbca10:   00 2b c8 81 e1 ff ff 01 00 81 f9 ff ff 01 00 41
0x00007ff8adbbca20:   0f 44 cc 85 c9 75 04 32 c0 eb 3c 49 8b 8a 80 01
0x00007ff8adbbca30:   00 00 4c 8b c0 8b d0 48 8b 14 d1 8d 48 01 81 e1
0x00007ff8adbbca40:   ff ff 01 00 49 89 17 41 8b d4 0f 94 c2 49 c1 e8
0x00007ff8adbbca50:   20 44 03 c2 49 c1 e0 20 4c 0b c1 f0 4d 0f b1 82
0x00007ff8adbbca60:   00 01 00 00 0f 94 c0 84 c0 75 29 8b 4f 08 ff c5 


Stack slot to memory mapping:
stack at sp + 0 slots: 0x00000006e25ff408 points into unknown readable memory: 0x0000011409884190 | 90 41 88 09 14 01 00 00
stack at sp + 1 slots: 0x0000000000000003 is an unknown value
stack at sp + 2 slots: 0x0000000000000005 is an unknown value
stack at sp + 3 slots: 0x0000000000000003 is an unknown value
stack at sp + 4 slots: 0x00007ff8adf8dd78 jvm.dll
stack at sp + 5 slots: 0x000001141d6e6500 points into unknown readable memory: 0x00007ff8ae281c78 | 78 1c 28 ae f8 7f 00 00
stack at sp + 6 slots: 0x000001141d6e6500 points into unknown readable memory: 0x00007ff8ae281c78 | 78 1c 28 ae f8 7f 00 00
stack at sp + 7 slots: 0x0 is NULL


---------------  P R O C E S S  ---------------

Threads class SMR info:
_java_thread_list=0x00000114259d72f0, length=35, elements={
0x00000114098770f0, 0x000001140992a270, 0x000001140992d010, 0x000001141d705310,
0x000001141d705d40, 0x000001141d7068d0, 0x0000011422dec420, 0x0000011422df0520,
0x0000011422df2ef0, 0x0000011422df5810, 0x0000011422f3ac20, 0x00000114230e6440,
0x000001142354a240, 0x0000011423b159e0, 0x0000011423e79010, 0x000001142402c8e0,
0x00000114231983d0, 0x0000011423196570, 0x0000011423199300, 0x0000011423196a80,
0x0000011423196f90, 0x000001142336c790, 0x0000011423369f10, 0x00000114233680b0,
0x0000011425bdded0, 0x000001142336dbd0, 0x0000011424311d10, 0x0000011424316e10,
0x0000011424312220, 0x0000011424317830, 0x0000011424317320, 0x0000011424313660,
0x0000011424315ee0, 0x000001142336ae40, 0x000001142336a930
}

Java Threads: ( => current thread )
  0x00000114098770f0 JavaThread "main" [_thread_blocked, id=7780, stack(0x00000006e2300000,0x00000006e2400000)]
  0x000001140992a270 JavaThread "Reference Handler" daemon [_thread_blocked, id=17796, stack(0x00000006e2600000,0x00000006e2700000)]
  0x000001140992d010 JavaThread "Finalizer" daemon [_thread_blocked, id=15000, stack(0x00000006e2700000,0x00000006e2800000)]
  0x000001141d705310 JavaThread "Signal Dispatcher" daemon [_thread_blocked, id=9248, stack(0x00000006e2800000,0x00000006e2900000)]
  0x000001141d705d40 JavaThread "Attach Listener" daemon [_thread_blocked, id=8368, stack(0x00000006e2900000,0x00000006e2a00000)]
  0x000001141d7068d0 JavaThread "Service Thread" daemon [_thread_blocked, id=16336, stack(0x00000006e2a00000,0x00000006e2b00000)]
  0x0000011422dec420 JavaThread "Monitor Deflation Thread" daemon [_thread_blocked, id=17656, stack(0x00000006e2b00000,0x00000006e2c00000)]
  0x0000011422df0520 JavaThread "C2 CompilerThread0" daemon [_thread_blocked, id=18248, stack(0x00000006e2c00000,0x00000006e2d00000)]
  0x0000011422df2ef0 JavaThread "C1 CompilerThread0" daemon [_thread_blocked, id=14788, stack(0x00000006e2d00000,0x00000006e2e00000)]
  0x0000011422df5810 JavaThread "Sweeper thread" daemon [_thread_blocked, id=10936, stack(0x00000006e2e00000,0x00000006e2f00000)]
  0x0000011422f3ac20 JavaThread "Common-Cleaner" daemon [_thread_blocked, id=15456, stack(0x00000006e2f00000,0x00000006e3000000)]
  0x00000114230e6440 JavaThread "Notification Thread" daemon [_thread_blocked, id=6092, stack(0x00000006e3000000,0x00000006e3100000)]
  0x000001142354a240 JavaThread "Active Thread: Equinox Container: 40fd283f-8636-4882-abc7-974b7eb8fd31" [_thread_blocked, id=16288, stack(0x00000006e3800000,0x00000006e3900000)]
  0x0000011423b159e0 JavaThread "Framework Event Dispatcher: Equinox Container: 40fd283f-8636-4882-abc7-974b7eb8fd31" daemon [_thread_blocked, id=14096, stack(0x00000006e3200000,0x00000006e3300000)]
  0x0000011423e79010 JavaThread "Start Level: Equinox Container: 40fd283f-8636-4882-abc7-974b7eb8fd31" daemon [_thread_blocked, id=16564, stack(0x00000006e3900000,0x00000006e3a00000)]
  0x000001142402c8e0 JavaThread "Bundle File Closer" daemon [_thread_blocked, id=4452, stack(0x00000006e3b00000,0x00000006e3c00000)]
  0x00000114231983d0 JavaThread "SCR Component Actor" daemon [_thread_blocked, id=9664, stack(0x00000006e3a00000,0x00000006e3b00000)]
  0x0000011423196570 JavaThread "Worker-JM" [_thread_blocked, id=15780, stack(0x00000006e3d00000,0x00000006e3e00000)]
  0x0000011423199300 JavaThread "Java indexing" daemon [_thread_blocked, id=14768, stack(0x00000006e4100000,0x00000006e4200000)]
  0x0000011423196a80 JavaThread "JNA Cleaner" daemon [_thread_blocked, id=11816, stack(0x00000006e4300000,0x00000006e4400000)]
  0x0000011423196f90 JavaThread "pool-2-thread-1" [_thread_blocked, id=15624, stack(0x00000006e4600000,0x00000006e4700000)]
  0x000001142336c790 JavaThread "WorkspaceEventsHandler" [_thread_blocked, id=15060, stack(0x00000006e4700000,0x00000006e4800000)]
  0x0000011423369f10 JavaThread "pool-1-thread-1" [_thread_in_native, id=6344, stack(0x00000006e4800000,0x00000006e4900000)]
  0x00000114233680b0 JavaThread "ForkJoinPool.commonPool-worker-3" daemon [_thread_blocked, id=8600, stack(0x00000006e4c00000,0x00000006e4d00000)]
  0x0000011425bdded0 JavaThread "ForkJoinPool.commonPool-worker-6" daemon [_thread_blocked, id=17852, stack(0x00000006e2000000,0x00000006e2100000)]
  0x000001142336dbd0 JavaThread "ForkJoinPool.commonPool-worker-8" daemon [_thread_blocked, id=17568, stack(0x00000006e2200000,0x00000006e2300000)]
  0x0000011424311d10 JavaThread "ForkJoinPool.commonPool-worker-10" daemon [_thread_blocked, id=8104, stack(0x00000006e2100000,0x00000006e2200000)]
  0x0000011424316e10 JavaThread "ForkJoinPool.commonPool-worker-11" daemon [_thread_blocked, id=11460, stack(0x00000006e3c00000,0x00000006e3d00000)]
  0x0000011424312220 JavaThread "ForkJoinPool.commonPool-worker-13" daemon [_thread_blocked, id=12892, stack(0x00000006e4500000,0x00000006e4600000)]
  0x0000011424317830 JavaThread "Worker-33" [_thread_blocked, id=10876, stack(0x00000006e3e00000,0x00000006e3f00000)]
  0x0000011424317320 JavaThread "Worker-34" [_thread_blocked, id=16500, stack(0x00000006e3f00000,0x00000006e4000000)]
  0x0000011424313660 JavaThread "Worker-35" [_thread_blocked, id=16604, stack(0x00000006e4000000,0x00000006e4100000)]
  0x0000011424315ee0 JavaThread "Worker-36" [_thread_blocked, id=16796, stack(0x00000006e4400000,0x00000006e4500000)]
  0x000001142336ae40 JavaThread "Worker-37" [_thread_blocked, id=4812, stack(0x00000006e4200000,0x00000006e4300000)]
  0x000001142336a930 JavaThread "pool-1-thread-23" [_thread_blocked, id=15420, stack(0x00000006e4900000,0x00000006e4a00000)]

Other Threads:
  0x000001141d6e8870 VMThread "VM Thread" [stack: 0x00000006e2500000,0x00000006e2600000] [id=17504]
  0x00000114230e6920 WatcherThread [stack: 0x00000006e3100000,0x00000006e3200000] [id=8648]
=>0x000001140988e260 GCTaskThread "GC Thread#0" [stack: 0x00000006e2400000,0x00000006e2500000] [id=15508]
  0x00000114233ae480 GCTaskThread "GC Thread#1" [stack: 0x00000006e3300000,0x00000006e3400000] [id=16508]
  0x00000114233ae740 GCTaskThread "GC Thread#2" [stack: 0x00000006e3400000,0x00000006e3500000] [id=13612]
  0x00000114233aea00 GCTaskThread "GC Thread#3" [stack: 0x00000006e3500000,0x00000006e3600000] [id=10832]
  0x00000114233aecc0 GCTaskThread "GC Thread#4" [stack: 0x00000006e3600000,0x00000006e3700000] [id=10880]
  0x0000011423621d80 GCTaskThread "GC Thread#5" [stack: 0x00000006e3700000,0x00000006e3800000] [id=13296]

Threads with active compile tasks:

VM state: at safepoint (normal execution)

VM Mutex/Monitor currently owned by a thread:  ([mutex/lock_event])
[0x0000011409872a70] Threads_lock - owner thread: 0x000001141d6e8870
[0x0000011409872680] Heap_lock - owner thread: 0x0000011423199300

Heap address: 0x00000000c0000000, size: 1024 MB, Compressed Oops mode: 32-bit

CDS archive(s) not mapped
Compressed class space mapped at: 0x0000000100000000-0x0000000140000000, reserved size: 1073741824
Narrow klass base: 0x0000000000000000, Narrow klass shift: 3, Narrow klass range: 0x140000000

GC Precious Log:
 CPUs: 6 total, 6 available
 Memory: 16055M
 Large Page Support: Disabled
 NUMA Support: Disabled
 Compressed Oops: Enabled (32-bit)
 Alignments: Space 512K, Generation 512K, Heap 2M
 Heap Min Capacity: 100M
 Heap Initial Capacity: 100M
 Heap Max Capacity: 1G
 Pre-touch: Disabled
 Parallel Workers: 6

Heap:
 PSYoungGen      total 2560K, used 2388K [0x00000000eab00000, 0x00000000eaf80000, 0x0000000100000000)
  eden space 1536K, 100% used [0x00000000eab00000,0x00000000eac80000,0x00000000eac80000)
  from space 1024K, 83% used [0x00000000eae80000,0x00000000eaf55000,0x00000000eaf80000)
  to   space 1536K, 97% used [0x00000000eac80000,0x00000000eadf80d0,0x00000000eae00000)
 ParOldGen       total 187392K, used 165177K [0x00000000c0000000, 0x00000000cb700000, 0x00000000eab00000)
  object space 187392K, 88% used [0x00000000c0000000,0x00000000ca14e470,0x00000000cb700000)
 Metaspace       used 95539K, committed 96704K, reserved 1179648K
  class space    used 9208K, committed 9728K, reserved 1048576K

Card table byte_map: [0x0000011409210000,0x0000011409420000] _byte_map_base: 0x0000011408c10000

Marking Bits: (ParMarkBitMap*) 0x00007ff8ae46d0b0
 Begin Bits: [0x000001141b510000, 0x000001141c510000)
 End Bits:   [0x000001141c510000, 0x000001141d510000)

Polling page: 0x0000011407830000

Metaspace:

Usage:
  Non-class:     84.31 MB used.
      Class:      8.99 MB used.
       Both:     93.30 MB used.

Virtual space:
  Non-class space:      128.00 MB reserved,      84.94 MB ( 66%) committed,  2 nodes.
      Class space:        1.00 GB reserved,       9.50 MB ( <1%) committed,  1 nodes.
             Both:        1.12 GB reserved,      94.44 MB (  8%) committed. 

Chunk freelists:
   Non-Class:  10.20 MB
       Class:  6.51 MB
        Both:  16.71 MB

MaxMetaspaceSize: unlimited
CompressedClassSpaceSize: 1.00 GB
Initial GC threshold: 21.00 MB
Current GC threshold: 157.19 MB
CDS: off
MetaspaceReclaimPolicy: balanced
 - commit_granule_bytes: 65536.
 - commit_granule_words: 8192.
 - virtual_space_node_default_size: 8388608.
 - enlarge_chunks_in_place: 1.
 - new_chunks_are_fully_committed: 0.
 - uncommit_free_chunks: 1.
 - use_allocation_guard: 0.
 - handle_deallocations: 1.


Internal statistics:

num_allocs_failed_limit: 9.
num_arena_births: 1042.
num_arena_deaths: 336.
num_vsnodes_births: 3.
num_vsnodes_deaths: 0.
num_space_committed: 1511.
num_space_uncommitted: 0.
num_chunks_returned_to_freelist: 406.
num_chunks_taken_from_freelist: 5237.
num_chunk_merges: 153.
num_chunk_splits: 3098.
num_chunks_enlarged: 1725.
num_inconsistent_stats: 0.

CodeHeap 'non-profiled nmethods': size=120000Kb used=33063Kb max_used=33973Kb free=86936Kb
 bounds [0x0000011413fe0000, 0x0000011416140000, 0x000001141b510000]
CodeHeap 'profiled nmethods': size=120000Kb used=42349Kb max_used=43270Kb free=77650Kb
 bounds [0x000001140c510000, 0x000001140efa0000, 0x0000011413a40000]
CodeHeap 'non-nmethods': size=5760Kb used=1441Kb max_used=1512Kb free=4319Kb
 bounds [0x0000011413a40000, 0x0000011413cb0000, 0x0000011413fe0000]
 total_blobs=21344 nmethods=20560 adapters=690
 compilation: enabled
              stopped_count=0, restarted_count=0
 full_count=0

Compilation events (20 events):
Event: 5365.125 Thread 0x0000011422df0520 31066   !   4       org.eclipse.jdt.core.dom.ASTConverter::retrieveEndOfElementTypeNamePosition (192 bytes)
Event: 5365.130 Thread 0x0000011422df0520 nmethod 31066 0x000001141601b090 code [0x000001141601b2a0, 0x000001141601b870]
Event: 5369.691 Thread 0x0000011422df2ef0 31067       3       org.eclipse.jdt.core.JavaConventions::validateClassFileName (157 bytes)
Event: 5369.691 Thread 0x0000011422df2ef0 nmethod 31067 0x000001140db57490 code [0x000001140db57800, 0x000001140db58998]
Event: 5370.411 Thread 0x0000011422df2ef0 31068       1       org.eclipse.jdt.ui.text.java.correction.ASTRewriteCorrectionProposalCore::setImportRewrite (6 bytes)
Event: 5370.411 Thread 0x0000011422df2ef0 nmethod 31068 0x0000011415f08b10 code [0x0000011415f08ca0, 0x0000011415f08d78]
Event: 5370.411 Thread 0x0000011422df2ef0 31069       3       org.eclipse.jdt.ls.core.internal.corrections.proposals.NewCUProposal::<init> (51 bytes)
Event: 5370.411 Thread 0x0000011422df2ef0 nmethod 31069 0x000001140d95ca90 code [0x000001140d95cc60, 0x000001140d95cf78]
Event: 5370.411 Thread 0x0000011422df2ef0 31070       3       org.eclipse.jdt.ls.core.internal.corrections.proposals.NewCUProposal::getTypeName (136 bytes)
Event: 5370.412 Thread 0x0000011422df2ef0 nmethod 31070 0x000001140dd34e10 code [0x000001140dd35160, 0x000001140dd36538]
Event: 5391.907 Thread 0x0000011422df2ef0 31071       3       org.eclipse.jdt.internal.compiler.ast.LocalDeclaration::generateCode (187 bytes)
Event: 5391.907 Thread 0x0000011422df2ef0 nmethod 31071 0x000001140db54190 code [0x000001140db54420, 0x000001140db55548]
Event: 5392.310 Thread 0x0000011422df0520 31072       4       org.eclipse.jdt.internal.compiler.ast.ASTNode::isMethodUseDeprecated (193 bytes)
Event: 5392.314 Thread 0x0000011422df0520 nmethod 31072 0x0000011415d57190 code [0x0000011415d57340, 0x0000011415d57608]
Event: 5395.685 Thread 0x0000011422df0520 31073       4       org.eclipse.jdt.internal.codeassist.complete.CompletionParser::attachOrphanCompletionNode (2598 bytes)
Event: 5395.828 Thread 0x0000011422df0520 nmethod 31073 0x0000011415f58710 code [0x0000011415f58cc0, 0x0000011415f5e358]
Event: 5396.153 Thread 0x0000011422df2ef0 31074       3       org.eclipse.jdt.internal.compiler.parser.Parser::consumeAllocationHeader (193 bytes)
Event: 5396.154 Thread 0x0000011422df2ef0 nmethod 31074 0x000001140d5c3c90 code [0x000001140d5c3ee0, 0x000001140d5c49e8]
Event: 5397.306 Thread 0x0000011422df0520 31075       4       org.eclipse.core.internal.resources.ResourceInfo::incrementModificationStamp (11 bytes)
Event: 5397.307 Thread 0x0000011422df0520 nmethod 31075 0x0000011415b89a10 code [0x0000011415b89b80, 0x0000011415b89bf8]

GC Heap History (20 events):
Event: 5396.114 GC heap after
{Heap after GC invocations=22945 (full 545):
 PSYoungGen      total 3584K, used 160K [0x00000000eab00000, 0x00000000eaf80000, 0x0000000100000000)
  eden space 2560K, 0% used [0x00000000eab00000,0x00000000eab00000,0x00000000ead80000)
  from space 1024K, 15% used [0x00000000eae00000,0x00000000eae28000,0x00000000eaf00000)
  to   space 512K, 0% used [0x00000000eaf00000,0x00000000eaf00000,0x00000000eaf80000)
 ParOldGen       total 187392K, used 158194K [0x00000000c0000000, 0x00000000cb700000, 0x00000000eab00000)
  object space 187392K, 84% used [0x00000000c0000000,0x00000000c9a7cb60,0x00000000cb700000)
 Metaspace       used 95539K, committed 96704K, reserved 1179648K
  class space    used 9208K, committed 9728K, reserved 1048576K
}
Event: 5396.299 GC heap before
{Heap before GC invocations=22946 (full 545):
 PSYoungGen      total 3584K, used 2720K [0x00000000eab00000, 0x00000000eaf80000, 0x0000000100000000)
  eden space 2560K, 100% used [0x00000000eab00000,0x00000000ead80000,0x00000000ead80000)
  from space 1024K, 15% used [0x00000000eae00000,0x00000000eae28000,0x00000000eaf00000)
  to   space 512K, 0% used [0x00000000eaf00000,0x00000000eaf00000,0x00000000eaf80000)
 ParOldGen       total 187392K, used 158194K [0x00000000c0000000, 0x00000000cb700000, 0x00000000eab00000)
  object space 187392K, 84% used [0x00000000c0000000,0x00000000c9a7cb60,0x00000000cb700000)
 Metaspace       used 95539K, committed 96704K, reserved 1179648K
  class space    used 9208K, committed 9728K, reserved 1048576K
}
Event: 5396.299 GC heap after
{Heap after GC invocations=22946 (full 545):
 PSYoungGen      total 3072K, used 224K [0x00000000eab00000, 0x00000000eaf80000, 0x0000000100000000)
  eden space 2560K, 0% used [0x00000000eab00000,0x00000000eab00000,0x00000000ead80000)
  from space 512K, 43% used [0x00000000eaf00000,0x00000000eaf38000,0x00000000eaf80000)
  to   space 512K, 0% used [0x00000000eae80000,0x00000000eae80000,0x00000000eaf00000)
 ParOldGen       total 187392K, used 158218K [0x00000000c0000000, 0x00000000cb700000, 0x00000000eab00000)
  object space 187392K, 84% used [0x00000000c0000000,0x00000000c9a82b60,0x00000000cb700000)
 Metaspace       used 95539K, committed 96704K, reserved 1179648K
  class space    used 9208K, committed 9728K, reserved 1048576K
}
Event: 5396.304 GC heap before
{Heap before GC invocations=22947 (full 545):
 PSYoungGen      total 3072K, used 2784K [0x00000000eab00000, 0x00000000eaf80000, 0x0000000100000000)
  eden space 2560K, 100% used [0x00000000eab00000,0x00000000ead80000,0x00000000ead80000)
  from space 512K, 43% used [0x00000000eaf00000,0x00000000eaf38000,0x00000000eaf80000)
  to   space 512K, 0% used [0x00000000eae80000,0x00000000eae80000,0x00000000eaf00000)
 ParOldGen       total 187392K, used 158218K [0x00000000c0000000, 0x00000000cb700000, 0x00000000eab00000)
  object space 187392K, 84% used [0x00000000c0000000,0x00000000c9a82b60,0x00000000cb700000)
 Metaspace       used 95539K, committed 96704K, reserved 1179648K
  class space    used 9208K, committed 9728K, reserved 1048576K
}
Event: 5396.305 GC heap after
{Heap after GC invocations=22947 (full 545):
 PSYoungGen      total 3072K, used 512K [0x00000000eab00000, 0x00000000eaf80000, 0x0000000100000000)
  eden space 2560K, 0% used [0x00000000eab00000,0x00000000eab00000,0x00000000ead80000)
  from space 512K, 100% used [0x00000000eae80000,0x00000000eaf00000,0x00000000eaf00000)
  to   space 512K, 0% used [0x00000000eaf00000,0x00000000eaf00000,0x00000000eaf80000)
 ParOldGen       total 187392K, used 158608K [0x00000000c0000000, 0x00000000cb700000, 0x00000000eab00000)
  object space 187392K, 84% used [0x00000000c0000000,0x00000000c9ae4000,0x00000000cb700000)
 Metaspace       used 95539K, committed 96704K, reserved 1179648K
  class space    used 9208K, committed 9728K, reserved 1048576K
}
Event: 5396.656 GC heap before
{Heap before GC invocations=22948 (full 545):
 PSYoungGen      total 3072K, used 3072K [0x00000000eab00000, 0x00000000eaf80000, 0x0000000100000000)
  eden space 2560K, 100% used [0x00000000eab00000,0x00000000ead80000,0x00000000ead80000)
  from space 512K, 100% used [0x00000000eae80000,0x00000000eaf00000,0x00000000eaf00000)
  to   space 512K, 0% used [0x00000000eaf00000,0x00000000eaf00000,0x00000000eaf80000)
 ParOldGen       total 187392K, used 158608K [0x00000000c0000000, 0x00000000cb700000, 0x00000000eab00000)
  object space 187392K, 84% used [0x00000000c0000000,0x00000000c9ae4000,0x00000000cb700000)
 Metaspace       used 95539K, committed 96704K, reserved 1179648K
  class space    used 9208K, committed 9728K, reserved 1048576K
}
Event: 5396.657 GC heap after
{Heap after GC invocations=22948 (full 545):
 PSYoungGen      total 3072K, used 480K [0x00000000eab00000, 0x00000000eaf80000, 0x0000000100000000)
  eden space 2560K, 0% used [0x00000000eab00000,0x00000000eab00000,0x00000000ead80000)
  from space 512K, 93% used [0x00000000eaf00000,0x00000000eaf78020,0x00000000eaf80000)
  to   space 1024K, 0% used [0x00000000ead80000,0x00000000ead80000,0x00000000eae80000)
 ParOldGen       total 187392K, used 159088K [0x00000000c0000000, 0x00000000cb700000, 0x00000000eab00000)
  object space 187392K, 84% used [0x00000000c0000000,0x00000000c9b5c000,0x00000000cb700000)
 Metaspace       used 95539K, committed 96704K, reserved 1179648K
  class space    used 9208K, committed 9728K, reserved 1048576K
}
Event: 5396.769 GC heap before
{Heap before GC invocations=22949 (full 545):
 PSYoungGen      total 3072K, used 3040K [0x00000000eab00000, 0x00000000eaf80000, 0x0000000100000000)
  eden space 2560K, 100% used [0x00000000eab00000,0x00000000ead80000,0x00000000ead80000)
  from space 512K, 93% used [0x00000000eaf00000,0x00000000eaf78020,0x00000000eaf80000)
  to   space 1024K, 0% used [0x00000000ead80000,0x00000000ead80000,0x00000000eae80000)
 ParOldGen       total 187392K, used 159088K [0x00000000c0000000, 0x00000000cb700000, 0x00000000eab00000)
  object space 187392K, 84% used [0x00000000c0000000,0x00000000c9b5c000,0x00000000cb700000)
 Metaspace       used 95539K, committed 96704K, reserved 1179648K
  class space    used 9208K, committed 9728K, reserved 1048576K
}
Event: 5396.769 GC heap after
{Heap after GC invocations=22949 (full 545):
 PSYoungGen      total 3584K, used 368K [0x00000000eab00000, 0x00000000eaf80000, 0x0000000100000000)
  eden space 2560K, 0% used [0x00000000eab00000,0x00000000eab00000,0x00000000ead80000)
  from space 1024K, 35% used [0x00000000ead80000,0x00000000eaddc010,0x00000000eae80000)
  to   space 1024K, 0% used [0x00000000eae80000,0x00000000eae80000,0x00000000eaf80000)
 ParOldGen       total 187392K, used 159509K [0x00000000c0000000, 0x00000000cb700000, 0x00000000eab00000)
  object space 187392K, 85% used [0x00000000c0000000,0x00000000c9bc54c0,0x00000000cb700000)
 Metaspace       used 95539K, committed 96704K, reserved 1179648K
  class space    used 9208K, committed 9728K, reserved 1048576K
}
Event: 5397.304 GC heap before
{Heap before GC invocations=22950 (full 545):
 PSYoungGen      total 3584K, used 2928K [0x00000000eab00000, 0x00000000eaf80000, 0x0000000100000000)
  eden space 2560K, 100% used [0x00000000eab00000,0x00000000ead80000,0x00000000ead80000)
  from space 1024K, 35% used [0x00000000ead80000,0x00000000eaddc010,0x00000000eae80000)
  to   space 1024K, 0% used [0x00000000eae80000,0x00000000eae80000,0x00000000eaf80000)
 ParOldGen       total 187392K, used 159509K [0x00000000c0000000, 0x00000000cb700000, 0x00000000eab00000)
  object space 187392K, 85% used [0x00000000c0000000,0x00000000c9bc54c0,0x00000000cb700000)
 Metaspace       used 95539K, committed 96704K, reserved 1179648K
  class space    used 9208K, committed 9728K, reserved 1048576K
}
Event: 5397.305 GC heap after
{Heap after GC invocations=22950 (full 545):
 PSYoungGen      total 3072K, used 128K [0x00000000eab00000, 0x00000000eaf00000, 0x0000000100000000)
  eden space 2560K, 0% used [0x00000000eab00000,0x00000000eab00000,0x00000000ead80000)
  from space 512K, 25% used [0x00000000eae80000,0x00000000eaea0000,0x00000000eaf00000)
  to   space 512K, 0% used [0x00000000eae00000,0x00000000eae00000,0x00000000eae80000)
 ParOldGen       total 187392K, used 159589K [0x00000000c0000000, 0x00000000cb700000, 0x00000000eab00000)
  object space 187392K, 85% used [0x00000000c0000000,0x00000000c9bd94c0,0x00000000cb700000)
 Metaspace       used 95539K, committed 96704K, reserved 1179648K
  class space    used 9208K, committed 9728K, reserved 1048576K
}
Event: 5397.319 GC heap before
{Heap before GC invocations=22951 (full 545):
 PSYoungGen      total 3072K, used 2688K [0x00000000eab00000, 0x00000000eaf00000, 0x0000000100000000)
  eden space 2560K, 100% used [0x00000000eab00000,0x00000000ead80000,0x00000000ead80000)
  from space 512K, 25% used [0x00000000eae80000,0x00000000eaea0000,0x00000000eaf00000)
  to   space 512K, 0% used [0x00000000eae00000,0x00000000eae00000,0x00000000eae80000)
 ParOldGen       total 187392K, used 159589K [0x00000000c0000000, 0x00000000cb700000, 0x00000000eab00000)
  object space 187392K, 85% used [0x00000000c0000000,0x00000000c9bd94c0,0x00000000cb700000)
 Metaspace       used 95539K, committed 96704K, reserved 1179648K
  class space    used 9208K, committed 9728K, reserved 1048576K
}
Event: 5397.320 GC heap after
{Heap after GC invocations=22951 (full 545):
 PSYoungGen      total 3072K, used 485K [0x00000000eab00000, 0x00000000eb180000, 0x0000000100000000)
  eden space 2560K, 0% used [0x00000000eab00000,0x00000000eab00000,0x00000000ead80000)
  from space 512K, 94% used [0x00000000eae00000,0x00000000eae797d8,0x00000000eae80000)
  to   space 2048K, 0% used [0x00000000eaf80000,0x00000000eaf80000,0x00000000eb180000)
 ParOldGen       total 187392K, used 160643K [0x00000000c0000000, 0x00000000cb700000, 0x00000000eab00000)
  object space 187392K, 85% used [0x00000000c0000000,0x00000000c9ce0c98,0x00000000cb700000)
 Metaspace       used 95539K, committed 96704K, reserved 1179648K
  class space    used 9208K, committed 9728K, reserved 1048576K
}
Event: 5397.323 GC heap before
{Heap before GC invocations=22952 (full 545):
 PSYoungGen      total 3072K, used 3045K [0x00000000eab00000, 0x00000000eb180000, 0x0000000100000000)
  eden space 2560K, 100% used [0x00000000eab00000,0x00000000ead80000,0x00000000ead80000)
  from space 512K, 94% used [0x00000000eae00000,0x00000000eae797d8,0x00000000eae80000)
  to   space 2048K, 0% used [0x00000000eaf80000,0x00000000eaf80000,0x00000000eb180000)
 ParOldGen       total 187392K, used 160643K [0x00000000c0000000, 0x00000000cb700000, 0x00000000eab00000)
  object space 187392K, 85% used [0x00000000c0000000,0x00000000c9ce0c98,0x00000000cb700000)
 Metaspace       used 95539K, committed 96704K, reserved 1179648K
  class space    used 9208K, committed 9728K, reserved 1048576K
}
Event: 5397.325 GC heap after
{Heap after GC invocations=22952 (full 545):
 PSYoungGen      total 3072K, used 2048K [0x00000000eab00000, 0x00000000eb480000, 0x0000000100000000)
  eden space 1024K, 0% used [0x00000000eab00000,0x00000000eab00000,0x00000000eac00000)
  from space 2048K, 100% used [0x00000000eaf80000,0x00000000eb180000,0x00000000eb180000)
  to   space 3584K, 0% used [0x00000000eac00000,0x00000000eac00000,0x00000000eaf80000)
 ParOldGen       total 187392K, used 161633K [0x00000000c0000000, 0x00000000cb700000, 0x00000000eab00000)
  object space 187392K, 86% used [0x00000000c0000000,0x00000000c9dd8470,0x00000000cb700000)
 Metaspace       used 95539K, committed 96704K, reserved 1179648K
  class space    used 9208K, committed 9728K, reserved 1048576K
}
Event: 5397.326 GC heap before
{Heap before GC invocations=22953 (full 545):
 PSYoungGen      total 3072K, used 3072K [0x00000000eab00000, 0x00000000eb480000, 0x0000000100000000)
  eden space 1024K, 100% used [0x00000000eab00000,0x00000000eac00000,0x00000000eac00000)
  from space 2048K, 100% used [0x00000000eaf80000,0x00000000eb180000,0x00000000eb180000)
  to   space 3584K, 0% used [0x00000000eac00000,0x00000000eac00000,0x00000000eaf80000)
 ParOldGen       total 187392K, used 161633K [0x00000000c0000000, 0x00000000cb700000, 0x00000000eab00000)
  object space 187392K, 86% used [0x00000000c0000000,0x00000000c9dd8470,0x00000000cb700000)
 Metaspace       used 95539K, committed 96704K, reserved 1179648K
  class space    used 9208K, committed 9728K, reserved 1048576K
}
Event: 5397.328 GC heap after
{Heap after GC invocations=22953 (full 545):
 PSYoungGen      total 2560K, used 1030K [0x00000000eab00000, 0x00000000eb080000, 0x0000000100000000)
  eden space 1024K, 0% used [0x00000000eab00000,0x00000000eab00000,0x00000000eac00000)
  from space 1536K, 67% used [0x00000000eac00000,0x00000000ead01a00,0x00000000ead80000)
  to   space 2048K, 0% used [0x00000000eae80000,0x00000000eae80000,0x00000000eb080000)
 ParOldGen       total 187392K, used 163721K [0x00000000c0000000, 0x00000000cb700000, 0x00000000eab00000)
  object space 187392K, 87% used [0x00000000c0000000,0x00000000c9fe2470,0x00000000cb700000)
 Metaspace       used 95539K, committed 96704K, reserved 1179648K
  class space    used 9208K, committed 9728K, reserved 1048576K
}
Event: 5397.332 GC heap before
{Heap before GC invocations=22954 (full 545):
 PSYoungGen      total 2560K, used 2054K [0x00000000eab00000, 0x00000000eb080000, 0x0000000100000000)
  eden space 1024K, 100% used [0x00000000eab00000,0x00000000eac00000,0x00000000eac00000)
  from space 1536K, 67% used [0x00000000eac00000,0x00000000ead01a00,0x00000000ead80000)
  to   space 2048K, 0% used [0x00000000eae80000,0x00000000eae80000,0x00000000eb080000)
 ParOldGen       total 187392K, used 163721K [0x00000000c0000000, 0x00000000cb700000, 0x00000000eab00000)
  object space 187392K, 87% used [0x00000000c0000000,0x00000000c9fe2470,0x00000000cb700000)
 Metaspace       used 95539K, committed 96704K, reserved 1179648K
  class space    used 9208K, committed 9728K, reserved 1048576K
}
Event: 5397.333 GC heap after
{Heap after GC invocations=22954 (full 545):
 PSYoungGen      total 2560K, used 852K [0x00000000eab00000, 0x00000000eaf80000, 0x0000000100000000)
  eden space 1536K, 0% used [0x00000000eab00000,0x00000000eab00000,0x00000000eac80000)
  from space 1024K, 83% used [0x00000000eae80000,0x00000000eaf55000,0x00000000eaf80000)
  to   space 1536K, 0% used [0x00000000eac80000,0x00000000eac80000,0x00000000eae00000)
 ParOldGen       total 187392K, used 164657K [0x00000000c0000000, 0x00000000cb700000, 0x00000000eab00000)
  object space 187392K, 87% used [0x00000000c0000000,0x00000000ca0cc470,0x00000000cb700000)
 Metaspace       used 95539K, committed 96704K, reserved 1179648K
  class space    used 9208K, committed 9728K, reserved 1048576K
}
Event: 5397.345 GC heap before
{Heap before GC invocations=22955 (full 545):
 PSYoungGen      total 2560K, used 2388K [0x00000000eab00000, 0x00000000eaf80000, 0x0000000100000000)
  eden space 1536K, 100% used [0x00000000eab00000,0x00000000eac80000,0x00000000eac80000)
  from space 1024K, 83% used [0x00000000eae80000,0x00000000eaf55000,0x00000000eaf80000)
  to   space 1536K, 0% used [0x00000000eac80000,0x00000000eac80000,0x00000000eae00000)
 ParOldGen       total 187392K, used 164657K [0x00000000c0000000, 0x00000000cb700000, 0x00000000eab00000)
  object space 187392K, 87% used [0x00000000c0000000,0x00000000ca0cc470,0x00000000cb700000)
 Metaspace       used 95539K, committed 96704K, reserved 1179648K
  class space    used 9208K, committed 9728K, reserved 1048576K
}

Dll operation events (13 events):
Event: 0.006 Loaded shared library c:\Users\Giuseppe\.vscode\extensions\redhat.java-1.26.0-win32-x64\jre\17.0.9-win32-x86_64\bin\java.dll
Event: 0.102 Loaded shared library c:\Users\Giuseppe\.vscode\extensions\redhat.java-1.26.0-win32-x64\jre\17.0.9-win32-x86_64\bin\zip.dll
Event: 0.106 Loaded shared library C:\Users\Giuseppe\.vscode\extensions\redhat.java-1.26.0-win32-x64\jre\17.0.9-win32-x86_64\bin\instrument.dll
Event: 0.135 Loaded shared library C:\Users\Giuseppe\.vscode\extensions\redhat.java-1.26.0-win32-x64\jre\17.0.9-win32-x86_64\bin\net.dll
Event: 0.154 Loaded shared library C:\Users\Giuseppe\.vscode\extensions\redhat.java-1.26.0-win32-x64\jre\17.0.9-win32-x86_64\bin\nio.dll
Event: 0.160 Loaded shared library C:\Users\Giuseppe\.vscode\extensions\redhat.java-1.26.0-win32-x64\jre\17.0.9-win32-x86_64\bin\zip.dll
Event: 0.175 Loaded shared library C:\Users\Giuseppe\.vscode\extensions\redhat.java-1.26.0-win32-x64\jre\17.0.9-win32-x86_64\bin\jimage.dll
Event: 0.244 Loaded shared library c:\Users\Giuseppe\.vscode\extensions\redhat.java-1.26.0-win32-x64\jre\17.0.9-win32-x86_64\bin\verify.dll
Event: 3.102 Loaded shared library C:\Users\Giuseppe\AppData\Roaming\Code\User\globalStorage\redhat.java\1.26.0\config_win\org.eclipse.equinox.launcher\org.eclipse.equinox.launcher.win32.win32.x86_64_1.2.800.v20231003-1442\eclipse_11802.dll
Event: 7.095 Loaded shared library C:\Users\Giuseppe\.vscode\extensions\redhat.java-1.26.0-win32-x64\jre\17.0.9-win32-x86_64\bin\management.dll
Event: 7.097 Loaded shared library C:\Users\Giuseppe\.vscode\extensions\redhat.java-1.26.0-win32-x64\jre\17.0.9-win32-x86_64\bin\management_ext.dll
Event: 7.800 Loaded shared library C:\Users\Giuseppe\AppData\Local\Temp\jna-1343023872\jna7989550884207164099.dll
Event: 12.580 Loaded shared library C:\Users\Giuseppe\.vscode\extensions\redhat.java-1.26.0-win32-x64\jre\17.0.9-win32-x86_64\bin\sunmscapi.dll

Deoptimization events (20 events):
Event: 5288.137 Thread 0x0000011425bdded0 DEOPT PACKING pc=0x0000011414481088 sp=0x00000006e20fde70
Event: 5288.137 Thread 0x0000011425bdded0 DEOPT UNPACKING pc=0x0000011413a966a3 sp=0x00000006e20fde20 mode 2
Event: 5292.423 Thread 0x0000011425bdded0 DEOPT PACKING pc=0x000001140dd57aef sp=0x00000006e20fdd10
Event: 5292.423 Thread 0x0000011425bdded0 DEOPT UNPACKING pc=0x0000011413a96e43 sp=0x00000006e20fd190 mode 0
Event: 5292.803 Thread 0x000001140992a270 Uncommon trap: trap_request=0xffffff45 fr.pc=0x00000114157018c8 relative=0x0000000000000548
Event: 5292.803 Thread 0x000001140992a270 Uncommon trap: reason=unstable_if action=reinterpret pc=0x00000114157018c8 method=java.lang.ref.Reference.processPendingReferences()V @ 47 c2
Event: 5292.803 Thread 0x000001140992a270 DEOPT PACKING pc=0x00000114157018c8 sp=0x00000006e26ff2c0
Event: 5292.803 Thread 0x000001140992a270 DEOPT UNPACKING pc=0x0000011413a966a3 sp=0x00000006e26ff278 mode 2
Event: 5337.389 Thread 0x00000114233680b0 Uncommon trap: trap_request=0xffffffc6 fr.pc=0x00000114158ceb48 relative=0x00000000000034e8
Event: 5337.389 Thread 0x00000114233680b0 Uncommon trap: reason=bimorphic_or_optimized_type_check action=maybe_recompile pc=0x00000114158ceb48 method=org.eclipse.jdt.internal.codeassist.complete.CompletionParser.attachOrphanCompletionNode()V @ 808 c2
Event: 5337.389 Thread 0x00000114233680b0 DEOPT PACKING pc=0x00000114158ceb48 sp=0x00000006e4cfe730
Event: 5337.389 Thread 0x00000114233680b0 DEOPT UNPACKING pc=0x0000011413a966a3 sp=0x00000006e4cfe6d8 mode 2
Event: 5337.624 Thread 0x00000114233680b0 Uncommon trap: trap_request=0xffffffc6 fr.pc=0x00000114158ceb48 relative=0x00000000000034e8
Event: 5337.624 Thread 0x00000114233680b0 Uncommon trap: reason=bimorphic_or_optimized_type_check action=maybe_recompile pc=0x00000114158ceb48 method=org.eclipse.jdt.internal.codeassist.complete.CompletionParser.attachOrphanCompletionNode()V @ 808 c2
Event: 5337.624 Thread 0x00000114233680b0 DEOPT PACKING pc=0x00000114158ceb48 sp=0x00000006e4cfe730
Event: 5337.624 Thread 0x00000114233680b0 DEOPT UNPACKING pc=0x0000011413a966a3 sp=0x00000006e4cfe6d8 mode 2
Event: 5337.767 Thread 0x00000114233680b0 Uncommon trap: trap_request=0xffffffc6 fr.pc=0x00000114158ceb48 relative=0x00000000000034e8
Event: 5337.767 Thread 0x00000114233680b0 Uncommon trap: reason=bimorphic_or_optimized_type_check action=maybe_recompile pc=0x00000114158ceb48 method=org.eclipse.jdt.internal.codeassist.complete.CompletionParser.attachOrphanCompletionNode()V @ 808 c2
Event: 5337.767 Thread 0x00000114233680b0 DEOPT PACKING pc=0x00000114158ceb48 sp=0x00000006e4cfe730
Event: 5337.767 Thread 0x00000114233680b0 DEOPT UNPACKING pc=0x0000011413a966a3 sp=0x00000006e4cfe6d8 mode 2

Classes unloaded (20 events):
Event: 3358.294 Thread 0x000001141d6e8870 Unloading class 0x00000001008f8c00 'jdk/internal/reflect/GeneratedConstructorAccessor58'
Event: 3358.294 Thread 0x000001141d6e8870 Unloading class 0x00000001008f8800 'jdk/internal/reflect/GeneratedConstructorAccessor57'
Event: 3358.294 Thread 0x000001141d6e8870 Unloading class 0x00000001008f8400 'jdk/internal/reflect/GeneratedConstructorAccessor56'
Event: 3358.294 Thread 0x000001141d6e8870 Unloading class 0x00000001008f8000 'jdk/internal/reflect/GeneratedConstructorAccessor55'
Event: 4301.091 Thread 0x000001141d6e8870 Unloading class 0x0000000100198400 'java/lang/invoke/LambdaForm$MH+0x0000000100198400'
Event: 4301.091 Thread 0x000001141d6e8870 Unloading class 0x00000001006cc000 'java/lang/invoke/LambdaForm$MH+0x00000001006cc000'
Event: 4301.091 Thread 0x000001141d6e8870 Unloading class 0x0000000100129000 'java/lang/invoke/LambdaForm$MH+0x0000000100129000'
Event: 4301.091 Thread 0x000001141d6e8870 Unloading class 0x00000001008f9000 'java/lang/invoke/LambdaForm$MH+0x00000001008f9000'
Event: 4301.091 Thread 0x000001141d6e8870 Unloading class 0x000000010033c400 'java/lang/invoke/LambdaForm$MH+0x000000010033c400'
Event: 4301.091 Thread 0x000001141d6e8870 Unloading class 0x000000010088ec00 'java/lang/invoke/LambdaForm$MH+0x000000010088ec00'
Event: 5012.592 Thread 0x000001141d6e8870 Unloading class 0x0000000100922400 'java/lang/invoke/LambdaForm$MH+0x0000000100922400'
Event: 5012.592 Thread 0x000001141d6e8870 Unloading class 0x0000000100922000 'java/lang/invoke/LambdaForm$MH+0x0000000100922000'
Event: 5012.592 Thread 0x000001141d6e8870 Unloading class 0x0000000100921c00 'java/lang/invoke/LambdaForm$MH+0x0000000100921c00'
Event: 5012.592 Thread 0x000001141d6e8870 Unloading class 0x0000000100921800 'java/lang/invoke/LambdaForm$MH+0x0000000100921800'
Event: 5012.592 Thread 0x000001141d6e8870 Unloading class 0x0000000100921400 'java/lang/invoke/LambdaForm$MH+0x0000000100921400'
Event: 5070.873 Thread 0x000001141d6e8870 Unloading class 0x0000000100923c00 'jdk/internal/reflect/GeneratedConstructorAccessor83'
Event: 5070.873 Thread 0x000001141d6e8870 Unloading class 0x0000000100923800 'jdk/internal/reflect/GeneratedConstructorAccessor82'
Event: 5070.873 Thread 0x000001141d6e8870 Unloading class 0x0000000100923400 'jdk/internal/reflect/GeneratedConstructorAccessor81'
Event: 5070.873 Thread 0x000001141d6e8870 Unloading class 0x0000000100923000 'jdk/internal/reflect/GeneratedConstructorAccessor80'
Event: 5070.873 Thread 0x000001141d6e8870 Unloading class 0x000000010019a000 'jdk/internal/reflect/GeneratedConstructorAccessor69'

Classes redefined (0 events):
No events

Internal exceptions (20 events):
Event: 5299.992 Thread 0x0000011423199300 Exception <a 'sun/nio/fs/WindowsException'{0x00000000eac4e878}> (0x00000000eac4e878) 
thrown [s\src\hotspot\share\prims\jni.cpp, line 516]
Event: 5300.145 Thread 0x0000011423199300 Exception <a 'sun/nio/fs/WindowsException'{0x00000000eab855e0}> (0x00000000eab855e0) 
thrown [s\src\hotspot\share\prims\jni.cpp, line 516]
Event: 5302.687 Thread 0x0000011423199300 Exception <a 'sun/nio/fs/WindowsException'{0x00000000ead09798}> (0x00000000ead09798) 
thrown [s\src\hotspot\share\prims\jni.cpp, line 516]
Event: 5302.733 Thread 0x0000011423199300 Exception <a 'sun/nio/fs/WindowsException'{0x00000000eac19178}> (0x00000000eac19178) 
thrown [s\src\hotspot\share\prims\jni.cpp, line 516]
Event: 5316.629 Thread 0x0000011423199300 Exception <a 'sun/nio/fs/WindowsException'{0x00000000eac17400}> (0x00000000eac17400) 
thrown [s\src\hotspot\share\prims\jni.cpp, line 516]
Event: 5316.683 Thread 0x0000011423199300 Exception <a 'sun/nio/fs/WindowsException'{0x00000000eab87c18}> (0x00000000eab87c18) 
thrown [s\src\hotspot\share\prims\jni.cpp, line 516]
Event: 5338.670 Thread 0x0000011423199300 Exception <a 'sun/nio/fs/WindowsException'{0x00000000eab63dd8}> (0x00000000eab63dd8) 
thrown [s\src\hotspot\share\prims\jni.cpp, line 516]
Event: 5338.880 Thread 0x0000011423199300 Exception <a 'sun/nio/fs/WindowsException'{0x00000000eab23268}> (0x00000000eab23268) 
thrown [s\src\hotspot\share\prims\jni.cpp, line 516]
Event: 5345.913 Thread 0x0000011423199300 Exception <a 'sun/nio/fs/WindowsException'{0x00000000eacfc6d8}> (0x00000000eacfc6d8) 
thrown [s\src\hotspot\share\prims\jni.cpp, line 516]
Event: 5345.967 Thread 0x0000011423199300 Exception <a 'sun/nio/fs/WindowsException'{0x00000000eabf0648}> (0x00000000eabf0648) 
thrown [s\src\hotspot\share\prims\jni.cpp, line 516]
Event: 5353.483 Thread 0x0000011423199300 Exception <a 'sun/nio/fs/WindowsException'{0x00000000eac54378}> (0x00000000eac54378) 
thrown [s\src\hotspot\share\prims\jni.cpp, line 516]
Event: 5353.552 Thread 0x0000011423199300 Exception <a 'sun/nio/fs/WindowsException'{0x00000000eabd4238}> (0x00000000eabd4238) 
thrown [s\src\hotspot\share\prims\jni.cpp, line 516]
Event: 5359.810 Thread 0x0000011423199300 Exception <a 'sun/nio/fs/WindowsException'{0x00000000eabaa560}> (0x00000000eabaa560) 
thrown [s\src\hotspot\share\prims\jni.cpp, line 516]
Event: 5359.887 Thread 0x0000011423199300 Exception <a 'sun/nio/fs/WindowsException'{0x00000000eac6c3e0}> (0x00000000eac6c3e0) 
thrown [s\src\hotspot\share\prims\jni.cpp, line 516]
Event: 5369.694 Thread 0x000001142336a930 Exception <a 'java/lang/ClassNotFoundException'{0x00000000eac1d390}: sun/net/www/protocol/jdt/Handler> (0x00000000eac1d390) 
thrown [s\src\hotspot\share\classfile\systemDictionary.cpp, line 256]
Event: 5369.694 Thread 0x000001142336a930 Exception <a 'java/lang/ClassNotFoundException'{0x00000000eac21618}: sun/net/www/protocol/jdt/Handler> (0x00000000eac21618) 
thrown [s\src\hotspot\share\classfile\systemDictionary.cpp, line 256]
Event: 5369.694 Thread 0x000001142336a930 Exception <a 'java/lang/ClassNotFoundException'{0x00000000eac24898}: sun/net/www/protocol/jdt/Handler> (0x00000000eac24898) 
thrown [s\src\hotspot\share\classfile\systemDictionary.cpp, line 256]
Event: 5370.662 Thread 0x0000011423199300 Exception <a 'sun/nio/fs/WindowsException'{0x00000000eab00710}> (0x00000000eab00710) 
thrown [s\src\hotspot\share\prims\jni.cpp, line 516]
Event: 5370.712 Thread 0x0000011423199300 Exception <a 'sun/nio/fs/WindowsException'{0x00000000eab27408}> (0x00000000eab27408) 
thrown [s\src\hotspot\share\prims\jni.cpp, line 516]
Event: 5397.316 Thread 0x0000011423199300 Exception <a 'sun/nio/fs/WindowsException'{0x00000000eab567f0}> (0x00000000eab567f0) 
thrown [s\src\hotspot\share\prims\jni.cpp, line 516]

VM Operations (20 events):
Event: 5396.114 Executing VM operation: ParallelGCFailedAllocation done
Event: 5396.299 Executing VM operation: ParallelGCFailedAllocation
Event: 5396.299 Executing VM operation: ParallelGCFailedAllocation done
Event: 5396.304 Executing VM operation: ParallelGCFailedAllocation
Event: 5396.305 Executing VM operation: ParallelGCFailedAllocation done
Event: 5396.656 Executing VM operation: ParallelGCFailedAllocation
Event: 5396.657 Executing VM operation: ParallelGCFailedAllocation done
Event: 5396.769 Executing VM operation: ParallelGCFailedAllocation
Event: 5396.769 Executing VM operation: ParallelGCFailedAllocation done
Event: 5397.304 Executing VM operation: ParallelGCFailedAllocation
Event: 5397.305 Executing VM operation: ParallelGCFailedAllocation done
Event: 5397.319 Executing VM operation: ParallelGCFailedAllocation
Event: 5397.320 Executing VM operation: ParallelGCFailedAllocation done
Event: 5397.323 Executing VM operation: ParallelGCFailedAllocation
Event: 5397.325 Executing VM operation: ParallelGCFailedAllocation done
Event: 5397.326 Executing VM operation: ParallelGCFailedAllocation
Event: 5397.328 Executing VM operation: ParallelGCFailedAllocation done
Event: 5397.332 Executing VM operation: ParallelGCFailedAllocation
Event: 5397.333 Executing VM operation: ParallelGCFailedAllocation done
Event: 5397.345 Executing VM operation: ParallelGCFailedAllocation

Events (20 events):
Event: 5301.345 Thread 0x000001142336a930 Thread added: 0x000001142336a930
Event: 5301.352 Thread 0x000001142336a930 Thread exited: 0x000001142336a930
Event: 5302.836 Thread 0x000001142336ae40 Thread added: 0x000001142336ae40
Event: 5302.839 Thread 0x0000011423369a00 Thread added: 0x0000011423369a00
Event: 5302.843 Thread 0x0000011423369a00 Thread exited: 0x0000011423369a00
Event: 5316.725 Thread 0x0000011423369a00 Thread added: 0x0000011423369a00
Event: 5316.730 Thread 0x0000011423369a00 Thread exited: 0x0000011423369a00
Event: 5338.784 Thread 0x0000011423369a00 Thread added: 0x0000011423369a00
Event: 5338.798 Thread 0x0000011423369a00 Thread exited: 0x0000011423369a00
Event: 5346.010 Thread 0x0000011423369a00 Thread added: 0x0000011423369a00
Event: 5346.015 Thread 0x0000011423369a00 Thread exited: 0x0000011423369a00
Event: 5353.575 Thread 0x0000011423369a00 Thread added: 0x0000011423369a00
Event: 5353.578 Thread 0x0000011423369a00 Thread exited: 0x0000011423369a00
Event: 5359.988 Thread 0x0000011423369a00 Thread added: 0x0000011423369a00
Event: 5359.993 Thread 0x0000011423369a00 Thread exited: 0x0000011423369a00
Event: 5361.002 Thread 0x0000011423369a00 Thread added: 0x0000011423369a00
Event: 5361.006 Thread 0x0000011423369a00 Thread exited: 0x0000011423369a00
Event: 5369.682 Thread 0x000001142336a930 Thread added: 0x000001142336a930
Event: 5370.760 Thread 0x0000011423369a00 Thread added: 0x0000011423369a00
Event: 5370.765 Thread 0x0000011423369a00 Thread exited: 0x0000011423369a00


Dynamic libraries:
0x00007ff7ce8d0000 - 0x00007ff7ce8de000 	c:\Users\Giuseppe\.vscode\extensions\redhat.java-1.26.0-win32-x64\jre\17.0.9-win32-x86_64\bin\java.exe
0x00007ff943f00000 - 0x00007ff944109000 	C:\WINDOWS\SYSTEM32\ntdll.dll
0x00007ff943070000 - 0x00007ff94312d000 	C:\WINDOWS\System32\KERNEL32.DLL
0x00007ff941440000 - 0x00007ff9417c4000 	C:\WINDOWS\System32\KERNELBASE.dll
0x00007ff941960000 - 0x00007ff941a71000 	C:\WINDOWS\System32\ucrtbase.dll
0x00007ff91a3b0000 - 0x00007ff91a3c7000 	c:\Users\Giuseppe\.vscode\extensions\redhat.java-1.26.0-win32-x64\jre\17.0.9-win32-x86_64\bin\jli.dll
0x00007ff943650000 - 0x00007ff9437fd000 	C:\WINDOWS\System32\USER32.dll
0x00007ff941390000 - 0x00007ff9413b6000 	C:\WINDOWS\System32\win32u.dll
0x00007ff942040000 - 0x00007ff94206a000 	C:\WINDOWS\System32\GDI32.dll
0x00007ff9417d0000 - 0x00007ff9418ee000 	C:\WINDOWS\System32\gdi32full.dll
0x00007ff941cb0000 - 0x00007ff941d4d000 	C:\WINDOWS\System32\msvcp_win.dll
0x00007ff91a390000 - 0x00007ff91a3ab000 	c:\Users\Giuseppe\.vscode\extensions\redhat.java-1.26.0-win32-x64\jre\17.0.9-win32-x86_64\bin\VCRUNTIME140.dll
0x00007ff929970000 - 0x00007ff929c15000 	C:\WINDOWS\WinSxS\amd64_microsoft.windows.common-controls_6595b64144ccf1df_6.0.22000.120_none_9d947278b86cc467\COMCTL32.dll
0x00007ff942460000 - 0x00007ff942503000 	C:\WINDOWS\System32\msvcrt.dll
0x00007ff942070000 - 0x00007ff9420a1000 	C:\WINDOWS\System32\IMM32.DLL
0x00007ff91b5b0000 - 0x00007ff91b5bc000 	c:\Users\Giuseppe\.vscode\extensions\redhat.java-1.26.0-win32-x64\jre\17.0.9-win32-x86_64\bin\vcruntime140_1.dll
0x00007ff8b62d0000 - 0x00007ff8b635d000 	c:\Users\Giuseppe\.vscode\extensions\redhat.java-1.26.0-win32-x64\jre\17.0.9-win32-x86_64\bin\msvcp140.dll
0x00007ff8ad8d0000 - 0x00007ff8ae531000 	c:\Users\Giuseppe\.vscode\extensions\redhat.java-1.26.0-win32-x64\jre\17.0.9-win32-x86_64\bin\server\jvm.dll
0x00007ff942510000 - 0x00007ff9425be000 	C:\WINDOWS\System32\ADVAPI32.dll
0x00007ff9435b0000 - 0x00007ff94364e000 	C:\WINDOWS\System32\sechost.dll
0x00007ff9426a0000 - 0x00007ff9427c1000 	C:\WINDOWS\System32\RPCRT4.dll
0x00007ff9405e0000 - 0x00007ff94062d000 	C:\WINDOWS\SYSTEM32\POWRPROF.dll
0x00007ff911a40000 - 0x00007ff911a49000 	C:\WINDOWS\SYSTEM32\WSOCK32.dll
0x00007ff93a580000 - 0x00007ff93a5b3000 	C:\WINDOWS\SYSTEM32\WINMM.dll
0x00007ff942fa0000 - 0x00007ff94300f000 	C:\WINDOWS\System32\WS2_32.dll
0x00007ff939e40000 - 0x00007ff939e4a000 	C:\WINDOWS\SYSTEM32\VERSION.dll
0x00007ff940460000 - 0x00007ff940473000 	C:\WINDOWS\SYSTEM32\UMPDC.dll
0x00007ff940440000 - 0x00007ff940458000 	C:\WINDOWS\SYSTEM32\kernel.appcore.dll
0x00007ff9117a0000 - 0x00007ff9117aa000 	c:\Users\Giuseppe\.vscode\extensions\redhat.java-1.26.0-win32-x64\jre\17.0.9-win32-x86_64\bin\jimage.dll
0x00007ff935fd0000 - 0x00007ff9361f1000 	C:\WINDOWS\SYSTEM32\DBGHELP.DLL
0x00007ff9043f0000 - 0x00007ff904421000 	C:\WINDOWS\SYSTEM32\dbgcore.DLL
0x00007ff9413c0000 - 0x00007ff94143f000 	C:\WINDOWS\System32\bcryptPrimitives.dll
0x00007ff90d3d0000 - 0x00007ff90d3de000 	c:\Users\Giuseppe\.vscode\extensions\redhat.java-1.26.0-win32-x64\jre\17.0.9-win32-x86_64\bin\instrument.dll
0x00007ff908e50000 - 0x00007ff908e75000 	c:\Users\Giuseppe\.vscode\extensions\redhat.java-1.26.0-win32-x64\jre\17.0.9-win32-x86_64\bin\java.dll
0x00007ff908e30000 - 0x00007ff908e48000 	c:\Users\Giuseppe\.vscode\extensions\redhat.java-1.26.0-win32-x64\jre\17.0.9-win32-x86_64\bin\zip.dll
0x00007ff9427d0000 - 0x00007ff942f95000 	C:\WINDOWS\System32\SHELL32.dll
0x00007ff93f420000 - 0x00007ff93fc82000 	C:\WINDOWS\SYSTEM32\windows.storage.dll
0x00007ff943b20000 - 0x00007ff943e96000 	C:\WINDOWS\System32\combase.dll
0x00007ff93f2b0000 - 0x00007ff93f417000 	C:\WINDOWS\SYSTEM32\wintypes.dll
0x00007ff942120000 - 0x00007ff94220a000 	C:\WINDOWS\System32\SHCORE.dll
0x00007ff943010000 - 0x00007ff94306d000 	C:\WINDOWS\System32\shlwapi.dll
0x00007ff9412c0000 - 0x00007ff9412e5000 	C:\WINDOWS\SYSTEM32\profapi.dll
0x00007ff908e10000 - 0x00007ff908e29000 	C:\Users\Giuseppe\.vscode\extensions\redhat.java-1.26.0-win32-x64\jre\17.0.9-win32-x86_64\bin\net.dll
0x00007ff93b450000 - 0x00007ff93b564000 	C:\WINDOWS\SYSTEM32\WINHTTP.dll
0x00007ff940950000 - 0x00007ff9409b7000 	C:\WINDOWS\system32\mswsock.dll
0x00007ff9063c0000 - 0x00007ff9063d6000 	C:\Users\Giuseppe\.vscode\extensions\redhat.java-1.26.0-win32-x64\jre\17.0.9-win32-x86_64\bin\nio.dll
0x00007ff90b9c0000 - 0x00007ff90b9d0000 	c:\Users\Giuseppe\.vscode\extensions\redhat.java-1.26.0-win32-x64\jre\17.0.9-win32-x86_64\bin\verify.dll
0x00007ff903450000 - 0x00007ff90348e000 	C:\Users\Giuseppe\AppData\Roaming\Code\User\globalStorage\redhat.java\1.26.0\config_win\org.eclipse.equinox.launcher\org.eclipse.equinox.launcher.win32.win32.x86_64_1.2.800.v20231003-1442\eclipse_11802.dll
0x00007ff943810000 - 0x00007ff9439aa000 	C:\WINDOWS\System32\ole32.dll
0x00007ff90b0f0000 - 0x00007ff90b0f9000 	C:\Users\Giuseppe\.vscode\extensions\redhat.java-1.26.0-win32-x64\jre\17.0.9-win32-x86_64\bin\management.dll
0x00007ff906a00000 - 0x00007ff906a0b000 	C:\Users\Giuseppe\.vscode\extensions\redhat.java-1.26.0-win32-x64\jre\17.0.9-win32-x86_64\bin\management_ext.dll
0x00007ff943800000 - 0x00007ff943808000 	C:\WINDOWS\System32\PSAPI.DLL
0x00007ff940c20000 - 0x00007ff940c38000 	C:\WINDOWS\SYSTEM32\CRYPTSP.dll
0x00007ff940390000 - 0x00007ff9403c5000 	C:\WINDOWS\system32\rsaenh.dll
0x00007ff9409f0000 - 0x00007ff940a1c000 	C:\WINDOWS\SYSTEM32\USERENV.dll
0x00007ff940d60000 - 0x00007ff940d87000 	C:\WINDOWS\SYSTEM32\bcrypt.dll
0x00007ff940b40000 - 0x00007ff940b4c000 	C:\WINDOWS\SYSTEM32\CRYPTBASE.dll
0x00007ff93fee0000 - 0x00007ff93ff0d000 	C:\WINDOWS\SYSTEM32\IPHLPAPI.DLL
0x00007ff942010000 - 0x00007ff942019000 	C:\WINDOWS\System32\NSI.dll
0x00007ff93ad80000 - 0x00007ff93ad99000 	C:\WINDOWS\SYSTEM32\dhcpcsvc6.DLL
0x00007ff93c2c0000 - 0x00007ff93c2de000 	C:\WINDOWS\SYSTEM32\dhcpcsvc.DLL
0x00007ff93ff50000 - 0x00007ff940037000 	C:\WINDOWS\SYSTEM32\DNSAPI.dll
0x00007ff8d1d80000 - 0x00007ff8d1dc5000 	C:\Users\Giuseppe\AppData\Local\Temp\jna-1343023872\jna7989550884207164099.dll
0x00007ff906400000 - 0x00007ff90640e000 	C:\Users\Giuseppe\.vscode\extensions\redhat.java-1.26.0-win32-x64\jre\17.0.9-win32-x86_64\bin\sunmscapi.dll
0x00007ff941a80000 - 0x00007ff941be2000 	C:\WINDOWS\System32\CRYPT32.dll
0x00007ff940d30000 - 0x00007ff940d58000 	C:\WINDOWS\SYSTEM32\ncrypt.dll
0x00007ff940cf0000 - 0x00007ff940d27000 	C:\WINDOWS\SYSTEM32\NTASN1.dll
0x00007ff930040000 - 0x00007ff93004a000 	C:\Windows\System32\rasadhlp.dll
0x00007ff939400000 - 0x00007ff939481000 	C:\WINDOWS\System32\fwpuclnt.dll

dbghelp: loaded successfully - version: 4.0.5 - missing functions: none
symbol engine: initialized successfully - sym options: 0x614 - pdb path: .;c:\Users\Giuseppe\.vscode\extensions\redhat.java-1.26.0-win32-x64\jre\17.0.9-win32-x86_64\bin;C:\WINDOWS\SYSTEM32;C:\WINDOWS\WinSxS\amd64_microsoft.windows.common-controls_6595b64144ccf1df_6.0.22000.120_none_9d947278b86cc467;c:\Users\Giuseppe\.vscode\extensions\redhat.java-1.26.0-win32-x64\jre\17.0.9-win32-x86_64\bin\server;C:\Users\Giuseppe\AppData\Roaming\Code\User\globalStorage\redhat.java\1.26.0\config_win\org.eclipse.equinox.launcher\org.eclipse.equinox.launcher.win32.win32.x86_64_1.2.800.v20231003-1442;C:\Users\Giuseppe\AppData\Local\Temp\jna-1343023872

VM Arguments:
jvm_args: --add-modules=ALL-SYSTEM --add-opens=java.base/java.util=ALL-UNNAMED --add-opens=java.base/java.lang=ALL-UNNAMED --add-opens=java.base/sun.nio.fs=ALL-UNNAMED -Declipse.application=org.eclipse.jdt.ls.core.id1 -Dosgi.bundles.defaultStartLevel=4 -Declipse.product=org.eclipse.jdt.ls.core.product -Djava.import.generatesMetadataFilesAtProjectRoot=false -DDetectVMInstallationsJob.disabled=true -Dfile.encoding=utf8 -XX:+UseParallelGC -XX:GCTimeRatio=4 -XX:AdaptiveSizePolicyWeight=90 -Dsun.zip.disableMemoryMapping=true -Xmx1G -Xms100m -Xlog:disable -javaagent:c:\Users\Giuseppe\.vscode\extensions\redhat.java-1.26.0-win32-x64\lombok\lombok-1.18.31-3454.jar -XX:+HeapDumpOnOutOfMemoryError -XX:HeapDumpPath=c:\Users\Giuseppe\AppData\Roaming\Code\User\workspaceStorage\4cbeea3b465922f3fd27fee5a920d1b6\redhat.java -Daether.dependencyCollector.impl=bf 
java_command: c:\Users\Giuseppe\.vscode\extensions\redhat.java-1.26.0-win32-x64\server\plugins\org.eclipse.equinox.launcher_1.6.700.v20231214-2017.jar -configuration c:\Users\Giuseppe\AppData\Roaming\Code\User\globalStorage\redhat.java\1.26.0\config_win -data c:\Users\Giuseppe\AppData\Roaming\Code\User\workspaceStorage\4cbeea3b465922f3fd27fee5a920d1b6\redhat.java\jdt_ws --stdio
java_class_path (initial): c:\Users\Giuseppe\.vscode\extensions\redhat.java-1.26.0-win32-x64\server\plugins\org.eclipse.equinox.launcher_1.6.700.v20231214-2017.jar
Launcher Type: SUN_STANDARD

[Global flags]
    uintx AdaptiveSizePolicyWeight                 = 90                                        {product} {command line}
     intx CICompilerCount                          = 3                                         {product} {ergonomic}
    uintx GCTimeRatio                              = 4                                         {product} {command line}
     bool HeapDumpOnOutOfMemoryError               = true                                   {manageable} {command line}
    ccstr HeapDumpPath                             = c:\Users\Giuseppe\AppData\Roaming\Code\User\workspaceStorage\4cbeea3b465922f3fd27fee5a920d1b6\redhat.java         {manageable} {command line}
   size_t InitialHeapSize                          = 104857600                                 {product} {command line}
   size_t MaxHeapSize                              = 1073741824                                {product} {command line}
   size_t MaxNewSize                               = 357564416                                 {product} {ergonomic}
   size_t MinHeapDeltaBytes                        = 524288                                    {product} {ergonomic}
   size_t MinHeapSize                              = 104857600                                 {product} {command line}
   size_t NewSize                                  = 34603008                                  {product} {ergonomic}
    uintx NonNMethodCodeHeapSize                   = 5832780                                {pd product} {ergonomic}
    uintx NonProfiledCodeHeapSize                  = 122912730                              {pd product} {ergonomic}
   size_t OldSize                                  = 70254592                                  {product} {ergonomic}
    uintx ProfiledCodeHeapSize                     = 122912730                              {pd product} {ergonomic}
    uintx ReservedCodeCacheSize                    = 251658240                              {pd product} {ergonomic}
     bool SegmentedCodeCache                       = true                                      {product} {ergonomic}
   size_t SoftMaxHeapSize                          = 1073741824                             {manageable} {ergonomic}
     bool UseCompressedClassPointers               = true                           {product lp64_product} {ergonomic}
     bool UseCompressedOops                        = true                           {product lp64_product} {ergonomic}
     bool UseLargePagesIndividualAllocation        = false                                  {pd product} {ergonomic}
     bool UseParallelGC                            = true                                      {product} {command line}

Logging:
Log output configuration:
 #0: stdout all=off uptime,level,tags
 #1: stderr all=off uptime,level,tags

Environment Variables:
PATH=c:\program files\eclipse adoptium\jdk-17.0.6.10-hotspot\bin;c:\program files\common files\oracle\java\javapath;c:\program files (x86)\common files\oracle\java\javapath;c:\program files (x86)\razer chroma sdk\bin;c:\program files\razer chroma sdk\bin;c:\program files (x86)\razer\chromabroadcast\bin;c:\program files\razer\chromabroadcast\bin;c:\windows\system32;c:\windows;c:\windows\system32\wbem;c:\windows\system32\windowspowershell\v1.0\;c:\windows\system32\openssh\;c:\program files\nvidia corporation\nvidia nvdlisr;c:\program files\dotnet\;c:\users\giuseppe\appdata\local\microsoft\windowsapps;c:\users\giuseppe\appdata\local\programs\microsoft vs code\bin;c:\users\giuseppe\appdata\roaming\npm;c:\windows\system32\config\systemprofile\appdata\local\microsoft\windowsapps;c:\program files\calibre2\;c:\program files\git\cmd;c:\program files (x86)\windows kits\10\windows performance toolkit\;c:\program files\nodejs\;c:\program files\cmake\bin;c:\program files\go\bin;c:\programdata\chocolatey\bin;c:\program files\powershell\7\;C:\Program Files (x86)\NVIDIA Corporation\PhysX\Common;C:\Users\Giuseppe\AppData\Local\Microsoft\WindowsApps;C:\Users\Giuseppe\AppData\Local\Programs\Microsoft VS Code\bin;C:\Users\Giuseppe\AppData\Local\spicetify;C:\Users\Giuseppe\AppData\Local\GitHubDesktop\bin;C:\Users\Giuseppe\.dotnet\tools;C:\MinGW\bin;C:\Users\Giuseppe\AppData\Local\Programs\Python\Python311;C:\Users\Giuseppe\AppData\Roaming\npm;C:\Users\Giuseppe\AppData\Local\Programs\Neovim\bin;C:\Users\Giuseppe\AppData\Local\JetBrains\Toolbox\scripts;C:\Users\Giuseppe\go\bin;C:\Users\Giuseppe\AppData\Local\Microsoft\WinGet\Packages\Genymobile.scrcpy_Microsoft.Winget.Source_8wekyb3d8bbwe\scrcpy-win64-v2.1.1;;C:\Users\Giuseppe\AppData\Local\Programs\oh-my-posh\bin
USERNAME=Giuseppe
OS=Windows_NT
PROCESSOR_IDENTIFIER=Intel64 Family 6 Model 158 Stepping 12, GenuineIntel
TMP=C:\Users\Giuseppe\AppData\Local\Temp
TEMP=C:\Users\Giuseppe\AppData\Local\Temp



Periodic native trim disabled


---------------  S Y S T E M  ---------------

OS:
 Windows 11 , 64 bit Build 22000 (10.0.22000.2538)
OS uptime: 0 days 5:46 hours
Hyper-V role detected

CPU: total 6 (initial active 6) (6 cores per cpu, 1 threads per core) family 6 model 158 stepping 12 microcode 0xde, cx8, cmov, fxsr, mmx, 3dnowpref, sse, sse2, sse3, ssse3, sse4.1, sse4.2, popcnt, lzcnt, tsc, tscinvbit, avx, avx2, aes, erms, clmul, bmi1, bmi2, rtm, adx, fma, vzeroupper, clflush, clflushopt, hv
Processor Information for all 6 processors :
  Max Mhz: 3701, Current Mhz: 3701, Mhz Limit: 3701

Memory: 4k page, system-wide physical 16055M (5497M free)
TotalPageFile size 24759M (AvailPageFile size 10511M)
current process WorkingSet (physical memory assigned to process): 616M, peak: 762M
current process commit charge ("private bytes"): 516M, peak: 710M

vm_info: OpenJDK 64-Bit Server VM (17.0.9+9) for windows-amd64 JRE (17.0.9+9), built on Oct 26 2023 14:01:42 by "admin" with MS VC++ 16.10 / 16.11 (VS2019)

END.
