#
# A fatal error has been detected by the Java Runtime Environment:
#
#  EXCEPTION_ACCESS_VIOLATION (0xc0000005) at pc=0x00007ff8dc23c960, pid=16336, tid=18384
#
# JRE version: OpenJDK Runtime Environment Temurin-17.0.9+9 (17.0.9+9) (build 17.0.9+9)
# Java VM: OpenJDK 64-Bit Server VM Temurin-17.0.9+9 (17.0.9+9, mixed mode, tiered, compressed oops, compressed class ptrs, parallel gc, windows-amd64)
# Problematic frame:
# V  [jvm.dll+0x2ec960]
#
# No core dump will be written. Minidumps are not enabled by default on client versions of Windows
#
# If you would like to submit a bug report, please visit:
#   https://github.com/adoptium/adoptium-support/issues
#

---------------  S U M M A R Y ------------

Command Line: --add-modules=ALL-SYSTEM --add-opens=java.base/java.util=ALL-UNNAMED --add-opens=java.base/java.lang=ALL-UNNAMED --add-opens=java.base/sun.nio.fs=ALL-UNNAMED -Declipse.application=org.eclipse.jdt.ls.core.id1 -Dosgi.bundles.defaultStartLevel=4 -Declipse.product=org.eclipse.jdt.ls.core.product -Djava.import.generatesMetadataFilesAtProjectRoot=false -DDetectVMInstallationsJob.disabled=true -Dfile.encoding=utf8 -XX:+UseParallelGC -XX:GCTimeRatio=4 -XX:AdaptiveSizePolicyWeight=90 -Dsun.zip.disableMemoryMapping=true -Xmx1G -Xms100m -Xlog:disable -javaagent:c:\Users\Giuseppe\.vscode\extensions\redhat.java-1.26.0-win32-x64\lombok\lombok-1.18.31-3454.jar -XX:+HeapDumpOnOutOfMemoryError -XX:HeapDumpPath=c:\Users\Giuseppe\AppData\Roaming\Code\User\workspaceStorage\4cbeea3b465922f3fd27fee5a920d1b6\redhat.java -Daether.dependencyCollector.impl=bf c:\Users\Giuseppe\.vscode\extensions\redhat.java-1.26.0-win32-x64\server\plugins\org.eclipse.equinox.launcher_1.6.700.v20231214-2017.jar -configuration c:\Users\Giuseppe\AppData\Roaming\Code\User\globalStorage\redhat.java\1.26.0\config_win -data c:\Users\Giuseppe\AppData\Roaming\Code\User\workspaceStorage\4cbeea3b465922f3fd27fee5a920d1b6\redhat.java\jdt_ws --stdio

Host: Intel(R) Core(TM) i5-9600K CPU @ 3.70GHz, 6 cores, 15G,  Windows 11 , 64 bit Build 22000 (10.0.22000.2538)
Time: Mon Jan 15 19:57:07 2024 W. Europe Standard Time elapsed time: 2083.777993 seconds (0d 0h 34m 43s)

---------------  T H R E A D  ---------------

Current thread (0x00000299eb2d8150):  GCTaskThread "GC Thread#0" [stack: 0x000000e70b400000,0x000000e70b500000] [id=18384]

Stack: [0x000000e70b400000,0x000000e70b500000],  sp=0x000000e70b4ff9e8,  free space=1022k
Native frames: (J=compiled Java code, j=interpreted, Vv=VM code, C=native code)
V  [jvm.dll+0x2ec960]
V  [jvm.dll+0x6bdd78]
V  [jvm.dll+0x6be1ef]
V  [jvm.dll+0x861e7b]
V  [jvm.dll+0x861ec6]
V  [jvm.dll+0x7e3c3a]
V  [jvm.dll+0x67be35]
C  [ucrtbase.dll+0x26c0c]
C  [KERNEL32.DLL+0x153e0]
C  [ntdll.dll+0x485b]


siginfo: EXCEPTION_ACCESS_VIOLATION (0xc0000005), writing address 0x0000029a0112b959


Registers:
RAX=0x0000000000006300, RBX=0x0000000000000002, RCX=0x00000299ff12b960, RDX=0x0000000000000001
RSP=0x000000e70b4ff9e8, RBP=0x0000000000000000, RSI=0x0000000000000008, RDI=0x00000299ff040f50
R8 =0x0000000000002d17, R9 =0x0000000000000005, R10=0x0000000000003175, R11=0x00000299ff12bfe0
R12=0x0000000000000000, R13=0x00000299eb28c290, R14=0x0000000000000028, R15=0x000000e70b4ffa50
RIP=0x00007ff8dc23c960, EFLAGS=0x0000000000010202


Register to memory mapping:

RIP=0x00007ff8dc23c960 jvm.dll
RAX=0x0000000000006300 is an unknown value
RBX=0x0000000000000002 is an unknown value
RCX=0x00000299ff12b960 points into unknown readable memory: 0x0000000000000000 | 00 00 00 00 00 00 00 00
RDX=0x0000000000000001 is an unknown value
RSP=0x000000e70b4ff9e8 points into unknown readable memory: 0x000000e70b5fee98 | 98 ee 5f 0b e7 00 00 00
RBP=0x0 is NULL
RSI=0x0000000000000008 is an unknown value
RDI=0x00000299ff040f50 points into unknown readable memory: 0x00007ff8dc8a3040 | 40 30 8a dc f8 7f 00 00
R8 =0x0000000000002d17 is an unknown value
R9 =0x0000000000000005 is an unknown value
R10=0x0000000000003175 is an unknown value
R11=0x00000299ff12bfe0 points into unknown readable memory: 0x0000000000000000 | 00 00 00 00 00 00 00 00
R12=0x0 is NULL
R13=0x00000299eb28c290 points into unknown readable memory: 0x0000000000000002 | 02 00 00 00 00 00 00 00
R14=0x0000000000000028 is an unknown value
R15=0x000000e70b4ffa50 points into unknown readable memory: 0x0000000000000000 | 00 00 00 00 00 00 00 00


Top of Stack: (sp=0x000000e70b4ff9e8)
0x000000e70b4ff9e8:   000000e70b5fee98 0000000000000028
0x000000e70b4ff9f8:   0000000000000005 0000000000000002
0x000000e70b4ffa08:   00007ff8dc60dd78 00000299ff12bf80
0x000000e70b4ffa18:   00000299ff12bf80 0000000000000000
0x000000e70b4ffa28:   000000e70b5feef0 000000e70b5fed90
0x000000e70b4ffa38:   00007ff8dc60e1ef 0000000000000000
0x000000e70b4ffa48:   000000e70b4ffad9 0000000000000000
0x000000e70b4ffa58:   0000000000000002 00000299ff12bf80
0x000000e70b4ffa68:   ffffffff00000002 0000000000000006
0x000000e70b4ffa78:   00000299eb2b1370 0000000200000002
0x000000e70b4ffa88:   00000299ff12bf80 00007ff8dc901dc8
0x000000e70b4ffa98:   00000299ff12bf80 000000e70b5fed90
0x000000e70b4ffaa8:   00000299eb2d13f0 00000000000003d8
0x000000e70b4ffab8:   00000299eb2d1400 00000299eb2d17d8
0x000000e70b4ffac8:   00007ff8dc901f18 0000000000000002
0x000000e70b4ffad8:   0000000000000000 0000000000000000
0x000000e70b4ffae8:   0000000000000000 0000000000000000
0x000000e70b4ffaf8:   0000cd9170ddaac1 0000000000000000
0x000000e70b4ffb08:   00000299eb2d8150 0000000000000000
0x000000e70b4ffb18:   0000000000000000 000000e70b5fed90
0x000000e70b4ffb28:   00000299eb2d8150 0000000000000000
0x000000e70b4ffb38:   00007ff8dc7b1e7b 0000000000000003
0x000000e70b4ffb48:   0000000000000000 0000000000000003
0x000000e70b4ffb58:   000000e70b5fed90 00000000000075a3
0x000000e70b4ffb68:   00007ff8dc7b1ec6 00000299eb2d8150
0x000000e70b4ffb78:   000000e7ffffffff 00000299eb2bdee0
0x000000e70b4ffb88:   0000000000000000 00000299eb2d8150
0x000000e70b4ffb98:   00007ff8dc733c3a 0000000000000000
0x000000e70b4ffba8:   00000000000075a3 00000299eb2d8150
0x000000e70b4ffbb8:   00007ff94149c98b 0000000000000000
0x000000e70b4ffbc8:   0000000000000000 0000000000000000
0x000000e70b4ffbd8:   00007ff8dc5cbe35 00000299eb2d8150 

Instructions: (pc=0x00007ff8dc23c960)
0x00007ff8dc23c860:   41 00 00 69 ca ff ff ff 7f 2b c1 85 c0 8d 88 ff
0x00007ff8dc23c870:   ff ff 7f 0f 4e c1 33 d2 41 89 83 04 02 00 00 f7
0x00007ff8dc23c880:   77 08 44 8b ca 3b d3 74 b7 8b d3 0f 1f 44 00 00
0x00007ff8dc23c890:   3b d3 74 05 41 3b d1 75 44 45 8b 83 04 02 00 00
0x00007ff8dc23c8a0:   b8 5f 0b 4e 83 41 f7 e8 41 03 d0 c1 fa 10 8b c2
0x00007ff8dc23c8b0:   c1 e8 1f 03 d0 41 69 c0 a7 41 00 00 69 ca ff ff
0x00007ff8dc23c8c0:   ff 7f 2b c1 85 c0 8d 88 ff ff ff 7f 0f 4e c1 33
0x00007ff8dc23c8d0:   d2 41 89 83 04 02 00 00 f7 77 08 eb b3 41 8b c1
0x00007ff8dc23c8e0:   4c 8d 34 c5 00 00 00 00 48 8b 47 10 49 8b 0c 06
0x00007ff8dc23c8f0:   8b 81 00 01 00 00 44 8b 91 80 00 00 00 44 2b d0
0x00007ff8dc23c900:   8b c2 41 81 e2 ff ff 01 00 41 81 fa ff ff 01 00
0x00007ff8dc23c910:   45 0f 44 d4 48 8d 34 c5 00 00 00 00 48 8b 47 10
0x00007ff8dc23c920:   48 8b 0c 06 8b 81 00 01 00 00 44 8b 81 80 00 00
0x00007ff8dc23c930:   00 44 2b c0 32 c0 41 81 e0 ff ff 01 00 41 81 f8
0x00007ff8dc23c940:   ff ff 01 00 45 0f 44 c4 45 3b c2 76 0a 48 8b 47
0x00007ff8dc23c950:   10 48 8b 34 06 eb 14 45 85 d2 0f 84 84 00 00 00
0x00007ff8dc23c960:   48 8b 47 10 41 8b d1 49 8b 34 06 48 8b 86 00 01
0x00007ff8dc23c970:   00 00 90 8b 8e 80 00 00 00 2b c8 81 e1 ff ff 01
0x00007ff8dc23c980:   00 81 f9 ff ff 01 00 41 0f 44 cc 85 c9 75 13 ba
0x00007ff8dc23c990:   ff ff ff ff 32 c0 41 89 93 00 02 00 00 e9 c5 00
0x00007ff8dc23c9a0:   00 00 48 8b 8e 80 01 00 00 4c 8b c8 44 8b c0 4e
0x00007ff8dc23c9b0:   8b 04 c1 8d 48 01 81 e1 ff ff 01 00 4d 89 07 45
0x00007ff8dc23c9c0:   8b c4 41 0f 94 c0 49 c1 e9 20 45 03 c8 49 c1 e1
0x00007ff8dc23c9d0:   20 4c 0b c9 f0 4c 0f b1 8e 00 01 00 00 0f 94 c0
0x00007ff8dc23c9e0:   84 c0 75 05 ba ff ff ff ff 41 89 93 00 02 00 00
0x00007ff8dc23c9f0:   eb 75 75 77 48 8b 47 10 8d 4b ff 83 e1 01 4c 8b
0x00007ff8dc23ca00:   14 c8 49 8b 82 00 01 00 00 90 41 8b 8a 80 00 00
0x00007ff8dc23ca10:   00 2b c8 81 e1 ff ff 01 00 81 f9 ff ff 01 00 41
0x00007ff8dc23ca20:   0f 44 cc 85 c9 75 04 32 c0 eb 3c 49 8b 8a 80 01
0x00007ff8dc23ca30:   00 00 4c 8b c0 8b d0 48 8b 14 d1 8d 48 01 81 e1
0x00007ff8dc23ca40:   ff ff 01 00 49 89 17 41 8b d4 0f 94 c2 49 c1 e8
0x00007ff8dc23ca50:   20 44 03 c2 49 c1 e0 20 4c 0b c1 f0 4d 0f b1 82 


Stack slot to memory mapping:
stack at sp + 0 slots: 0x000000e70b5fee98 points into unknown readable memory: 0x00000299e904d9e0 | e0 d9 04 e9 99 02 00 00
stack at sp + 1 slots: 0x0000000000000028 is an unknown value
stack at sp + 2 slots: 0x0000000000000005 is an unknown value
stack at sp + 3 slots: 0x0000000000000002 is an unknown value
stack at sp + 4 slots: 0x00007ff8dc60dd78 jvm.dll
stack at sp + 5 slots: 0x00000299ff12bf80 points into unknown readable memory: 0x00007ff8dc901c78 | 78 1c 90 dc f8 7f 00 00
stack at sp + 6 slots: 0x00000299ff12bf80 points into unknown readable memory: 0x00007ff8dc901c78 | 78 1c 90 dc f8 7f 00 00
stack at sp + 7 slots: 0x0 is NULL


---------------  P R O C E S S  ---------------

Threads class SMR info:
_java_thread_list=0x00000299882bfc20, length=34, elements={
0x00000299eb2c2e60, 0x00000299eb37e860, 0x00000299ff145e20, 0x00000299ff157c50,
0x00000299ff15c6a0, 0x00000299ff15d230, 0x0000029984995320, 0x0000029984995ca0,
0x00000299849f9520, 0x00000299849fd130, 0x00000299eb3212e0, 0x0000029984ca69f0,
0x00000299854caa60, 0x00000299854c86f0, 0x00000299854ca550, 0x00000299854ca040,
0x00000299854c72b0, 0x00000299854c81e0, 0x00000299854c9620, 0x00000299867d94a0,
0x00000299867defc0, 0x00000299867d9ec0, 0x00000299867d8a80, 0x00000299867d8f90,
0x0000029986fad7a0, 0x0000029986fb3ce0, 0x0000029986fafb10, 0x00000299867df9e0,
0x0000029986fae6d0, 0x00000299927643a0, 0x00000299867da3d0, 0x00000299867db810,
0x00000299867df4d0, 0x0000029992761100
}

Java Threads: ( => current thread )
  0x00000299eb2c2e60 JavaThread "main" [_thread_blocked, id=17744, stack(0x000000e70b300000,0x000000e70b400000)]
  0x00000299eb37e860 JavaThread "Reference Handler" daemon [_thread_blocked, id=16664, stack(0x000000e70b600000,0x000000e70b700000)]
  0x00000299ff145e20 JavaThread "Finalizer" daemon [_thread_blocked, id=18416, stack(0x000000e70b700000,0x000000e70b800000)]
  0x00000299ff157c50 JavaThread "Signal Dispatcher" daemon [_thread_blocked, id=524, stack(0x000000e70b800000,0x000000e70b900000)]
  0x00000299ff15c6a0 JavaThread "Attach Listener" daemon [_thread_blocked, id=4036, stack(0x000000e70b900000,0x000000e70ba00000)]
  0x00000299ff15d230 JavaThread "Service Thread" daemon [_thread_blocked, id=16236, stack(0x000000e70ba00000,0x000000e70bb00000)]
  0x0000029984995320 JavaThread "Monitor Deflation Thread" daemon [_thread_blocked, id=15664, stack(0x000000e70bb00000,0x000000e70bc00000)]
  0x0000029984995ca0 JavaThread "C2 CompilerThread0" daemon [_thread_blocked, id=14868, stack(0x000000e70bc00000,0x000000e70bd00000)]
  0x00000299849f9520 JavaThread "C1 CompilerThread0" daemon [_thread_blocked, id=17424, stack(0x000000e70bd00000,0x000000e70be00000)]
  0x00000299849fd130 JavaThread "Sweeper thread" daemon [_thread_blocked, id=15448, stack(0x000000e70be00000,0x000000e70bf00000)]
  0x00000299eb3212e0 JavaThread "Common-Cleaner" daemon [_thread_blocked, id=6068, stack(0x000000e70bf00000,0x000000e70c000000)]
  0x0000029984ca69f0 JavaThread "Notification Thread" daemon [_thread_blocked, id=8804, stack(0x000000e70c100000,0x000000e70c200000)]
  0x00000299854caa60 JavaThread "Active Thread: Equinox Container: 86a499a6-6456-4a0e-a0a3-ff7c2755fa79" [_thread_blocked, id=16352, stack(0x000000e70c800000,0x000000e70c900000)]
  0x00000299854c86f0 JavaThread "Framework Event Dispatcher: Equinox Container: 86a499a6-6456-4a0e-a0a3-ff7c2755fa79" daemon [_thread_blocked, id=17708, stack(0x000000e70c900000,0x000000e70ca00000)]
  0x00000299854ca550 JavaThread "Start Level: Equinox Container: 86a499a6-6456-4a0e-a0a3-ff7c2755fa79" daemon [_thread_blocked, id=15604, stack(0x000000e70ca00000,0x000000e70cb00000)]
  0x00000299854ca040 JavaThread "Bundle File Closer" daemon [_thread_blocked, id=13344, stack(0x000000e70cb00000,0x000000e70cc00000)]
  0x00000299854c72b0 JavaThread "SCR Component Actor" daemon [_thread_blocked, id=14204, stack(0x000000e70cc00000,0x000000e70cd00000)]
  0x00000299854c81e0 JavaThread "Worker-JM" [_thread_blocked, id=14096, stack(0x000000e70ce00000,0x000000e70cf00000)]
  0x00000299854c9620 JavaThread "Java indexing" daemon [_thread_blocked, id=8800, stack(0x000000e70d100000,0x000000e70d200000)]
  0x00000299867d94a0 JavaThread "JNA Cleaner" daemon [_thread_blocked, id=17404, stack(0x000000e70d200000,0x000000e70d300000)]
  0x00000299867defc0 JavaThread "pool-2-thread-1" [_thread_blocked, id=7496, stack(0x000000e70d500000,0x000000e70d600000)]
  0x00000299867d9ec0 JavaThread "WorkspaceEventsHandler" [_thread_blocked, id=14572, stack(0x000000e70d600000,0x000000e70d700000)]
  0x00000299867d8a80 JavaThread "pool-1-thread-1" [_thread_in_native, id=15036, stack(0x000000e70d700000,0x000000e70d800000)]
  0x00000299867d8f90 JavaThread "ForkJoinPool.commonPool-worker-3" daemon [_thread_blocked, id=4536, stack(0x000000e70db00000,0x000000e70dc00000)]
  0x0000029986fad7a0 JavaThread "Java Debug Server" daemon [_thread_in_native, id=6096, stack(0x000000e70b000000,0x000000e70b100000)]
  0x0000029986fb3ce0 JavaThread "RxSchedulerPurge-1" daemon [_thread_blocked, id=3156, stack(0x000000e70c000000,0x000000e70c100000)]
  0x0000029986fafb10 JavaThread "RxCachedWorkerPoolEvictor-1" daemon [_thread_blocked, id=13456, stack(0x000000e70d300000,0x000000e70d400000)]
  0x00000299867df9e0 JavaThread "ForkJoinPool.commonPool-worker-6" daemon [_thread_blocked, id=17044, stack(0x000000e70cf00000,0x000000e70d000000)]
  0x0000029986fae6d0 JavaThread "Worker-9" [_thread_blocked, id=15216, stack(0x000000e70d000000,0x000000e70d100000)]
  0x00000299927643a0 JavaThread "Worker-12" [_thread_blocked, id=11060, stack(0x000000e70de00000,0x000000e70df00000)]
  0x00000299867da3d0 JavaThread "ForkJoinPool.commonPool-worker-7" daemon [_thread_blocked, id=18232, stack(0x000000e70b100000,0x000000e70b200000)]
  0x00000299867db810 JavaThread "ForkJoinPool.commonPool-worker-8" daemon [_thread_blocked, id=15972, stack(0x000000e70b200000,0x000000e70b300000)]
  0x00000299867df4d0 JavaThread "ForkJoinPool.commonPool-worker-9" daemon [_thread_blocked, id=17536, stack(0x000000e70cd00000,0x000000e70ce00000)]
  0x0000029992761100 JavaThread "Worker-15" [_thread_blocked, id=16064, stack(0x000000e70d800000,0x000000e70d900000)]

Other Threads:
  0x00000299ff12e990 VMThread "VM Thread" [stack: 0x000000e70b500000,0x000000e70b600000] [id=5580]
  0x0000029984da8030 WatcherThread [stack: 0x000000e70c200000,0x000000e70c300000] [id=5608]
=>0x00000299eb2d8150 GCTaskThread "GC Thread#0" [stack: 0x000000e70b400000,0x000000e70b500000] [id=18384]
  0x000002998520b050 GCTaskThread "GC Thread#1" [stack: 0x000000e70c300000,0x000000e70c400000] [id=17908]
  0x000002998520b310 GCTaskThread "GC Thread#2" [stack: 0x000000e70c400000,0x000000e70c500000] [id=7292]
  0x0000029984fbb1e0 GCTaskThread "GC Thread#3" [stack: 0x000000e70c500000,0x000000e70c600000] [id=16264]
  0x0000029984fbb4a0 GCTaskThread "GC Thread#4" [stack: 0x000000e70c600000,0x000000e70c700000] [id=14284]
  0x0000029984fbb760 GCTaskThread "GC Thread#5" [stack: 0x000000e70c700000,0x000000e70c800000] [id=12264]

Threads with active compile tasks:

VM state: at safepoint (normal execution)

VM Mutex/Monitor currently owned by a thread:  ([mutex/lock_event])
[0x00000299eb2bde50] Threads_lock - owner thread: 0x00000299ff12e990
[0x00000299eb2bf320] Heap_lock - owner thread: 0x00000299854c9620

Heap address: 0x00000000c0000000, size: 1024 MB, Compressed Oops mode: 32-bit

CDS archive(s) not mapped
Compressed class space mapped at: 0x0000000100000000-0x0000000140000000, reserved size: 1073741824
Narrow klass base: 0x0000000000000000, Narrow klass shift: 3, Narrow klass range: 0x140000000

GC Precious Log:
 CPUs: 6 total, 6 available
 Memory: 16055M
 Large Page Support: Disabled
 NUMA Support: Disabled
 Compressed Oops: Enabled (32-bit)
 Alignments: Space 512K, Generation 512K, Heap 2M
 Heap Min Capacity: 100M
 Heap Initial Capacity: 100M
 Heap Max Capacity: 1G
 Pre-touch: Disabled
 Parallel Workers: 6

Heap:
 PSYoungGen      total 4608K, used 2560K [0x00000000eab00000, 0x00000000eb180000, 0x0000000100000000)
  eden space 2560K, 100% used [0x00000000eab00000,0x00000000ead80000,0x00000000ead80000)
  from space 2048K, 0% used [0x00000000eaf80000,0x00000000eaf80000,0x00000000eb180000)
  to   space 2048K, 100% used [0x00000000ead80000,0x00000000eaf80000,0x00000000eaf80000)
 ParOldGen       total 154624K, used 132739K [0x00000000c0000000, 0x00000000c9700000, 0x00000000eab00000)
  object space 154624K, 85% used [0x00000000c0000000,0x00000000c81a0ee0,0x00000000c9700000)
 Metaspace       used 97581K, committed 98880K, reserved 1179648K
  class space    used 9659K, committed 10240K, reserved 1048576K

Card table byte_map: [0x00000299eac60000,0x00000299eae70000] _byte_map_base: 0x00000299ea660000

Marking Bits: (ParMarkBitMap*) 0x00007ff8dcaed0b0
 Begin Bits: [0x00000299fcf60000, 0x00000299fdf60000)
 End Bits:   [0x00000299fdf60000, 0x00000299fef60000)

Polling page: 0x00000299e9240000

Metaspace:

Usage:
  Non-class:     85.86 MB used.
      Class:      9.43 MB used.
       Both:     95.29 MB used.

Virtual space:
  Non-class space:      128.00 MB reserved,      86.56 MB ( 68%) committed,  2 nodes.
      Class space:        1.00 GB reserved,      10.00 MB ( <1%) committed,  1 nodes.
             Both:        1.12 GB reserved,      96.56 MB (  8%) committed. 

Chunk freelists:
   Non-Class:  9.39 MB
       Class:  5.97 MB
        Both:  15.36 MB

MaxMetaspaceSize: unlimited
CompressedClassSpaceSize: 1.00 GB
Initial GC threshold: 21.00 MB
Current GC threshold: 160.75 MB
CDS: off
MetaspaceReclaimPolicy: balanced
 - commit_granule_bytes: 65536.
 - commit_granule_words: 8192.
 - virtual_space_node_default_size: 8388608.
 - enlarge_chunks_in_place: 1.
 - new_chunks_are_fully_committed: 0.
 - uncommit_free_chunks: 1.
 - use_allocation_guard: 0.
 - handle_deallocations: 1.


Internal statistics:

num_allocs_failed_limit: 9.
num_arena_births: 992.
num_arena_deaths: 246.
num_vsnodes_births: 3.
num_vsnodes_deaths: 0.
num_space_committed: 1545.
num_space_uncommitted: 0.
num_chunks_returned_to_freelist: 280.
num_chunks_taken_from_freelist: 5167.
num_chunk_merges: 117.
num_chunk_splits: 3152.
num_chunks_enlarged: 1813.
num_inconsistent_stats: 0.

CodeHeap 'non-profiled nmethods': size=120000Kb used=29889Kb max_used=29889Kb free=90110Kb
 bounds [0x00000299f5a30000, 0x00000299f7770000, 0x00000299fcf60000]
CodeHeap 'profiled nmethods': size=120000Kb used=43559Kb max_used=43687Kb free=76440Kb
 bounds [0x00000299edf60000, 0x00000299f0a50000, 0x00000299f5490000]
CodeHeap 'non-nmethods': size=5760Kb used=1457Kb max_used=1549Kb free=4302Kb
 bounds [0x00000299f5490000, 0x00000299f5700000, 0x00000299f5a30000]
 total_blobs=21031 nmethods=20228 adapters=710
 compilation: enabled
              stopped_count=0, restarted_count=0
 full_count=0

Compilation events (20 events):
Event: 2076.329 Thread 0x00000299849f9520 29115       3       org.eclipse.jdt.internal.corext.dom.ScopeAnalyzer$DeclarationsAfterVisitor::visit (41 bytes)
Event: 2076.330 Thread 0x00000299849f9520 nmethod 29115 0x00000299f0148f10 code [0x00000299f01490e0, 0x00000299f0149598]
Event: 2076.809 Thread 0x00000299849f9520 29116       3       org.eclipse.text.edits.MultiTextEdit::aboutToBeAdded (9 bytes)
Event: 2076.809 Thread 0x00000299849f9520 nmethod 29116 0x00000299ef9d0610 code [0x00000299ef9d07c0, 0x00000299ef9d09d8]
Event: 2079.402 Thread 0x00000299849f9520 29117       3       java.util.stream.ReferencePipeline::distinct (5 bytes)
Event: 2079.402 Thread 0x00000299849f9520 nmethod 29117 0x00000299ef606a10 code [0x00000299ef606ba0, 0x00000299ef606cc8]
Event: 2079.402 Thread 0x00000299849f9520 29118       3       java.util.stream.DistinctOps::makeRef (19 bytes)
Event: 2079.402 Thread 0x00000299849f9520 nmethod 29118 0x00000299ef9d0010 code [0x00000299ef9d01c0, 0x00000299ef9d04a8]
Event: 2079.402 Thread 0x00000299849f9520 29119       3       java.util.stream.DistinctOps$1::<init> (8 bytes)
Event: 2079.402 Thread 0x00000299849f9520 nmethod 29119 0x00000299ef9cfb10 code [0x00000299ef9cfcc0, 0x00000299ef9cfee8]
Event: 2082.006 Thread 0x0000029984995ca0 29120       4       org.eclipse.jdt.internal.corext.dom.Selection::getVisitSelectionMode (44 bytes)
Event: 2082.007 Thread 0x0000029984995ca0 nmethod 29120 0x00000299f7760010 code [0x00000299f7760180, 0x00000299f7760238]
Event: 2082.676 Thread 0x00000299849f9520 29121       3       org.eclipse.jdt.internal.codeassist.impl.AssistParser::buildInitialRecoveryState (1366 bytes)
Event: 2082.679 Thread 0x00000299849f9520 nmethod 29121 0x00000299effab710 code [0x00000299effabe80, 0x00000299effb2208]
Event: 2082.922 Thread 0x00000299849f9520 29122       3       org.eclipse.jdt.internal.formatter.linewrap.WrapExecutor$LineAnalyzer::analyzeLine (137 bytes)
Event: 2082.923 Thread 0x00000299849f9520 nmethod 29122 0x00000299ef742090 code [0x00000299ef7422c0, 0x00000299ef742b28]
Event: 2082.923 Thread 0x00000299849f9520 29123       3       org.eclipse.jdt.internal.formatter.linewrap.WrapExecutor::getWrapPenalty (382 bytes)
Event: 2082.924 Thread 0x00000299849f9520 nmethod 29123 0x00000299efe1fa90 code [0x00000299efe1fe60, 0x00000299efe21f28]
Event: 2083.422 Thread 0x0000029984995ca0 29124 %     4       java.util.Arrays::fill @ 10 (28 bytes)
Event: 2083.423 Thread 0x0000029984995ca0 nmethod 29124% 0x00000299f7760310 code [0x00000299f7760480, 0x00000299f77605f8]

GC Heap History (20 events):
Event: 2083.026 GC heap after
{Heap after GC invocations=13152 (full 361):
 PSYoungGen      total 3072K, used 480K [0x00000000eab00000, 0x00000000eb080000, 0x0000000100000000)
  eden space 2560K, 0% used [0x00000000eab00000,0x00000000eab00000,0x00000000ead80000)
  from space 512K, 93% used [0x00000000eaf00000,0x00000000eaf78020,0x00000000eaf80000)
  to   space 1024K, 0% used [0x00000000eaf80000,0x00000000eaf80000,0x00000000eb080000)
 ParOldGen       total 153600K, used 150215K [0x00000000c0000000, 0x00000000c9600000, 0x00000000eab00000)
  object space 153600K, 97% used [0x00000000c0000000,0x00000000c92b1de0,0x00000000c9600000)
 Metaspace       used 97581K, committed 98880K, reserved 1179648K
  class space    used 9659K, committed 10240K, reserved 1048576K
}
Event: 2083.029 GC heap before
{Heap before GC invocations=13153 (full 361):
 PSYoungGen      total 3072K, used 3040K [0x00000000eab00000, 0x00000000eb080000, 0x0000000100000000)
  eden space 2560K, 100% used [0x00000000eab00000,0x00000000ead80000,0x00000000ead80000)
  from space 512K, 93% used [0x00000000eaf00000,0x00000000eaf78020,0x00000000eaf80000)
  to   space 1024K, 0% used [0x00000000eaf80000,0x00000000eaf80000,0x00000000eb080000)
 ParOldGen       total 153600K, used 150215K [0x00000000c0000000, 0x00000000c9600000, 0x00000000eab00000)
  object space 153600K, 97% used [0x00000000c0000000,0x00000000c92b1de0,0x00000000c9600000)
 Metaspace       used 97581K, committed 98880K, reserved 1179648K
  class space    used 9659K, committed 10240K, reserved 1048576K
}
Event: 2083.030 GC heap after
{Heap after GC invocations=13153 (full 361):
 PSYoungGen      total 3584K, used 960K [0x00000000eab00000, 0x00000000eb080000, 0x0000000100000000)
  eden space 2560K, 0% used [0x00000000eab00000,0x00000000eab00000,0x00000000ead80000)
  from space 1024K, 93% used [0x00000000eaf80000,0x00000000eb070000,0x00000000eb080000)
  to   space 1024K, 0% used [0x00000000eae80000,0x00000000eae80000,0x00000000eaf80000)
 ParOldGen       total 153600K, used 150711K [0x00000000c0000000, 0x00000000c9600000, 0x00000000eab00000)
  object space 153600K, 98% used [0x00000000c0000000,0x00000000c932de20,0x00000000c9600000)
 Metaspace       used 97581K, committed 98880K, reserved 1179648K
  class space    used 9659K, committed 10240K, reserved 1048576K
}
Event: 2083.125 GC heap before
{Heap before GC invocations=13154 (full 361):
 PSYoungGen      total 3584K, used 3519K [0x00000000eab00000, 0x00000000eb080000, 0x0000000100000000)
  eden space 2560K, 99% used [0x00000000eab00000,0x00000000ead7fff0,0x00000000ead80000)
  from space 1024K, 93% used [0x00000000eaf80000,0x00000000eb070000,0x00000000eb080000)
  to   space 1024K, 0% used [0x00000000eae80000,0x00000000eae80000,0x00000000eaf80000)
 ParOldGen       total 153600K, used 150711K [0x00000000c0000000, 0x00000000c9600000, 0x00000000eab00000)
  object space 153600K, 98% used [0x00000000c0000000,0x00000000c932de20,0x00000000c9600000)
 Metaspace       used 97581K, committed 98880K, reserved 1179648K
  class space    used 9659K, committed 10240K, reserved 1048576K
}
Event: 2083.125 GC heap after
{Heap after GC invocations=13154 (full 361):
 PSYoungGen      total 3584K, used 192K [0x00000000eab00000, 0x00000000eb000000, 0x0000000100000000)
  eden space 2560K, 0% used [0x00000000eab00000,0x00000000eab00000,0x00000000ead80000)
  from space 1024K, 18% used [0x00000000eae80000,0x00000000eaeb0000,0x00000000eaf80000)
  to   space 512K, 0% used [0x00000000eaf80000,0x00000000eaf80000,0x00000000eb000000)
 ParOldGen       total 153600K, used 150871K [0x00000000c0000000, 0x00000000c9600000, 0x00000000eab00000)
  object space 153600K, 98% used [0x00000000c0000000,0x00000000c9355e20,0x00000000c9600000)
 Metaspace       used 97581K, committed 98880K, reserved 1179648K
  class space    used 9659K, committed 10240K, reserved 1048576K
}
Event: 2083.132 GC heap before
{Heap before GC invocations=13155 (full 361):
 PSYoungGen      total 3584K, used 2752K [0x00000000eab00000, 0x00000000eb000000, 0x0000000100000000)
  eden space 2560K, 100% used [0x00000000eab00000,0x00000000ead80000,0x00000000ead80000)
  from space 1024K, 18% used [0x00000000eae80000,0x00000000eaeb0000,0x00000000eaf80000)
  to   space 512K, 0% used [0x00000000eaf80000,0x00000000eaf80000,0x00000000eb000000)
 ParOldGen       total 153600K, used 150871K [0x00000000c0000000, 0x00000000c9600000, 0x00000000eab00000)
  object space 153600K, 98% used [0x00000000c0000000,0x00000000c9355e20,0x00000000c9600000)
 Metaspace       used 97581K, committed 98880K, reserved 1179648K
  class space    used 9659K, committed 10240K, reserved 1048576K
}
Event: 2083.133 GC heap after
{Heap after GC invocations=13155 (full 361):
 PSYoungGen      total 3072K, used 512K [0x00000000eab00000, 0x00000000eb080000, 0x0000000100000000)
  eden space 2560K, 0% used [0x00000000eab00000,0x00000000eab00000,0x00000000ead80000)
  from space 512K, 100% used [0x00000000eaf80000,0x00000000eb000000,0x00000000eb000000)
  to   space 1536K, 0% used [0x00000000ead80000,0x00000000ead80000,0x00000000eaf00000)
 ParOldGen       total 153600K, used 151286K [0x00000000c0000000, 0x00000000c9600000, 0x00000000eab00000)
  object space 153600K, 98% used [0x00000000c0000000,0x00000000c93bd880,0x00000000c9600000)
 Metaspace       used 97581K, committed 98880K, reserved 1179648K
  class space    used 9659K, committed 10240K, reserved 1048576K
}
Event: 2083.139 GC heap before
{Heap before GC invocations=13156 (full 361):
 PSYoungGen      total 3072K, used 3072K [0x00000000eab00000, 0x00000000eb080000, 0x0000000100000000)
  eden space 2560K, 100% used [0x00000000eab00000,0x00000000ead80000,0x00000000ead80000)
  from space 512K, 100% used [0x00000000eaf80000,0x00000000eb000000,0x00000000eb000000)
  to   space 1536K, 0% used [0x00000000ead80000,0x00000000ead80000,0x00000000eaf00000)
 ParOldGen       total 153600K, used 151286K [0x00000000c0000000, 0x00000000c9600000, 0x00000000eab00000)
  object space 153600K, 98% used [0x00000000c0000000,0x00000000c93bd880,0x00000000c9600000)
 Metaspace       used 97581K, committed 98880K, reserved 1179648K
  class space    used 9659K, committed 10240K, reserved 1048576K
}
Event: 2083.140 GC heap after
{Heap after GC invocations=13156 (full 361):
 PSYoungGen      total 4096K, used 896K [0x00000000eab00000, 0x00000000eb000000, 0x0000000100000000)
  eden space 2560K, 0% used [0x00000000eab00000,0x00000000eab00000,0x00000000ead80000)
  from space 1536K, 58% used [0x00000000ead80000,0x00000000eae60000,0x00000000eaf00000)
  to   space 1024K, 0% used [0x00000000eaf00000,0x00000000eaf00000,0x00000000eb000000)
 ParOldGen       total 153600K, used 151814K [0x00000000c0000000, 0x00000000c9600000, 0x00000000eab00000)
  object space 153600K, 98% used [0x00000000c0000000,0x00000000c9441880,0x00000000c9600000)
 Metaspace       used 97581K, committed 98880K, reserved 1179648K
  class space    used 9659K, committed 10240K, reserved 1048576K
}
Event: 2083.410 GC heap before
{Heap before GC invocations=13157 (full 361):
 PSYoungGen      total 4096K, used 3456K [0x00000000eab00000, 0x00000000eb000000, 0x0000000100000000)
  eden space 2560K, 100% used [0x00000000eab00000,0x00000000ead80000,0x00000000ead80000)
  from space 1536K, 58% used [0x00000000ead80000,0x00000000eae60000,0x00000000eaf00000)
  to   space 1024K, 0% used [0x00000000eaf00000,0x00000000eaf00000,0x00000000eb000000)
 ParOldGen       total 153600K, used 151814K [0x00000000c0000000, 0x00000000c9600000, 0x00000000eab00000)
  object space 153600K, 98% used [0x00000000c0000000,0x00000000c9441880,0x00000000c9600000)
 Metaspace       used 97581K, committed 98880K, reserved 1179648K
  class space    used 9659K, committed 10240K, reserved 1048576K
}
Event: 2083.412 GC heap after
{Heap after GC invocations=13157 (full 361):
 PSYoungGen      total 3072K, used 288K [0x00000000eab00000, 0x00000000eaf80000, 0x0000000100000000)
  eden space 2560K, 0% used [0x00000000eab00000,0x00000000eab00000,0x00000000ead80000)
  from space 512K, 56% used [0x00000000eaf00000,0x00000000eaf48020,0x00000000eaf80000)
  to   space 1024K, 0% used [0x00000000ead80000,0x00000000ead80000,0x00000000eae80000)
 ParOldGen       total 153600K, used 151958K [0x00000000c0000000, 0x00000000c9600000, 0x00000000eab00000)
  object space 153600K, 98% used [0x00000000c0000000,0x00000000c9465880,0x00000000c9600000)
 Metaspace       used 97581K, committed 98880K, reserved 1179648K
  class space    used 9659K, committed 10240K, reserved 1048576K
}
Event: 2083.418 GC heap before
{Heap before GC invocations=13158 (full 361):
 PSYoungGen      total 3072K, used 2848K [0x00000000eab00000, 0x00000000eaf80000, 0x0000000100000000)
  eden space 2560K, 100% used [0x00000000eab00000,0x00000000ead80000,0x00000000ead80000)
  from space 512K, 56% used [0x00000000eaf00000,0x00000000eaf48020,0x00000000eaf80000)
  to   space 1024K, 0% used [0x00000000ead80000,0x00000000ead80000,0x00000000eae80000)
 ParOldGen       total 153600K, used 151958K [0x00000000c0000000, 0x00000000c9600000, 0x00000000eab00000)
  object space 153600K, 98% used [0x00000000c0000000,0x00000000c9465880,0x00000000c9600000)
 Metaspace       used 97581K, committed 98880K, reserved 1179648K
  class space    used 9659K, committed 10240K, reserved 1048576K
}
Event: 2083.418 GC heap after
{Heap after GC invocations=13158 (full 361):
 PSYoungGen      total 3584K, used 224K [0x00000000eab00000, 0x00000000eaf80000, 0x0000000100000000)
  eden space 2560K, 0% used [0x00000000eab00000,0x00000000eab00000,0x00000000ead80000)
  from space 1024K, 21% used [0x00000000ead80000,0x00000000eadb8000,0x00000000eae80000)
  to   space 512K, 0% used [0x00000000eaf00000,0x00000000eaf00000,0x00000000eaf80000)
 ParOldGen       total 153600K, used 152054K [0x00000000c0000000, 0x00000000c9600000, 0x00000000eab00000)
  object space 153600K, 98% used [0x00000000c0000000,0x00000000c947d8a0,0x00000000c9600000)
 Metaspace       used 97581K, committed 98880K, reserved 1179648K
  class space    used 9659K, committed 10240K, reserved 1048576K
}
Event: 2083.686 GC heap before
{Heap before GC invocations=13159 (full 361):
 PSYoungGen      total 3584K, used 2783K [0x00000000eab00000, 0x00000000eaf80000, 0x0000000100000000)
  eden space 2560K, 99% used [0x00000000eab00000,0x00000000ead7ffe8,0x00000000ead80000)
  from space 1024K, 21% used [0x00000000ead80000,0x00000000eadb8000,0x00000000eae80000)
  to   space 512K, 0% used [0x00000000eaf00000,0x00000000eaf00000,0x00000000eaf80000)
 ParOldGen       total 153600K, used 152054K [0x00000000c0000000, 0x00000000c9600000, 0x00000000eab00000)
  object space 153600K, 98% used [0x00000000c0000000,0x00000000c947d8a0,0x00000000c9600000)
 Metaspace       used 97581K, committed 98880K, reserved 1179648K
  class space    used 9659K, committed 10240K, reserved 1048576K
}
Event: 2083.687 GC heap after
{Heap after GC invocations=13159 (full 361):
 PSYoungGen      total 3072K, used 192K [0x00000000eab00000, 0x00000000eaf80000, 0x0000000100000000)
  eden space 2560K, 0% used [0x00000000eab00000,0x00000000eab00000,0x00000000ead80000)
  from space 512K, 37% used [0x00000000eaf00000,0x00000000eaf30000,0x00000000eaf80000)
  to   space 512K, 0% used [0x00000000eae80000,0x00000000eae80000,0x00000000eaf00000)
 ParOldGen       total 153600K, used 152070K [0x00000000c0000000, 0x00000000c9600000, 0x00000000eab00000)
  object space 153600K, 99% used [0x00000000c0000000,0x00000000c94818a0,0x00000000c9600000)
 Metaspace       used 97581K, committed 98880K, reserved 1179648K
  class space    used 9659K, committed 10240K, reserved 1048576K
}
Event: 2083.693 GC heap before
{Heap before GC invocations=13160 (full 361):
 PSYoungGen      total 3072K, used 2752K [0x00000000eab00000, 0x00000000eaf80000, 0x0000000100000000)
  eden space 2560K, 100% used [0x00000000eab00000,0x00000000ead80000,0x00000000ead80000)
  from space 512K, 37% used [0x00000000eaf00000,0x00000000eaf30000,0x00000000eaf80000)
  to   space 512K, 0% used [0x00000000eae80000,0x00000000eae80000,0x00000000eaf00000)
 ParOldGen       total 153600K, used 152070K [0x00000000c0000000, 0x00000000c9600000, 0x00000000eab00000)
  object space 153600K, 99% used [0x00000000c0000000,0x00000000c94818a0,0x00000000c9600000)
 Metaspace       used 97581K, committed 98880K, reserved 1179648K
  class space    used 9659K, committed 10240K, reserved 1048576K
}
Event: 2083.694 GC heap after
{Heap after GC invocations=13160 (full 361):
 PSYoungGen      total 3072K, used 485K [0x00000000eab00000, 0x00000000eb180000, 0x0000000100000000)
  eden space 2560K, 0% used [0x00000000eab00000,0x00000000eab00000,0x00000000ead80000)
  from space 512K, 94% used [0x00000000eae80000,0x00000000eaef97d8,0x00000000eaf00000)
  to   space 2048K, 0% used [0x00000000eaf80000,0x00000000eaf80000,0x00000000eb180000)
 ParOldGen       total 153600K, used 153028K [0x00000000c0000000, 0x00000000c9600000, 0x00000000eab00000)
  object space 153600K, 99% used [0x00000000c0000000,0x00000000c9571078,0x00000000c9600000)
 Metaspace       used 97581K, committed 98880K, reserved 1179648K
  class space    used 9659K, committed 10240K, reserved 1048576K
}
Event: 2083.694 GC heap before
{Heap before GC invocations=13161 (full 362):
 PSYoungGen      total 3072K, used 485K [0x00000000eab00000, 0x00000000eb180000, 0x0000000100000000)
  eden space 2560K, 0% used [0x00000000eab00000,0x00000000eab00000,0x00000000ead80000)
  from space 512K, 94% used [0x00000000eae80000,0x00000000eaef97d8,0x00000000eaf00000)
  to   space 2048K, 0% used [0x00000000eaf80000,0x00000000eaf80000,0x00000000eb180000)
 ParOldGen       total 153600K, used 153028K [0x00000000c0000000, 0x00000000c9600000, 0x00000000eab00000)
  object space 153600K, 99% used [0x00000000c0000000,0x00000000c9571078,0x00000000c9600000)
 Metaspace       used 97581K, committed 98880K, reserved 1179648K
  class space    used 9659K, committed 10240K, reserved 1048576K
}
Event: 2083.770 GC heap after
{Heap after GC invocations=13161 (full 362):
 PSYoungGen      total 4608K, used 0K [0x00000000eab00000, 0x00000000eb180000, 0x0000000100000000)
  eden space 2560K, 0% used [0x00000000eab00000,0x00000000eab00000,0x00000000ead80000)
  from space 2048K, 0% used [0x00000000eaf80000,0x00000000eaf80000,0x00000000eb180000)
  to   space 2048K, 0% used [0x00000000ead80000,0x00000000ead80000,0x00000000eaf80000)
 ParOldGen       total 154624K, used 132307K [0x00000000c0000000, 0x00000000c9700000, 0x00000000eab00000)
  object space 154624K, 85% used [0x00000000c0000000,0x00000000c8134ee0,0x00000000c9700000)
 Metaspace       used 97581K, committed 98880K, reserved 1179648K
  class space    used 9659K, committed 10240K, reserved 1048576K
}
Event: 2083.773 GC heap before
{Heap before GC invocations=13162 (full 362):
 PSYoungGen      total 4608K, used 2560K [0x00000000eab00000, 0x00000000eb180000, 0x0000000100000000)
  eden space 2560K, 100% used [0x00000000eab00000,0x00000000ead80000,0x00000000ead80000)
  from space 2048K, 0% used [0x00000000eaf80000,0x00000000eaf80000,0x00000000eb180000)
  to   space 2048K, 0% used [0x00000000ead80000,0x00000000ead80000,0x00000000eaf80000)
 ParOldGen       total 154624K, used 132307K [0x00000000c0000000, 0x00000000c9700000, 0x00000000eab00000)
  object space 154624K, 85% used [0x00000000c0000000,0x00000000c8134ee0,0x00000000c9700000)
 Metaspace       used 97581K, committed 98880K, reserved 1179648K
  class space    used 9659K, committed 10240K, reserved 1048576K
}

Dll operation events (11 events):
Event: 0.014 Loaded shared library c:\Users\Giuseppe\.vscode\extensions\redhat.java-1.26.0-win32-x64\jre\17.0.9-win32-x86_64\bin\java.dll
Event: 0.250 Loaded shared library c:\Users\Giuseppe\.vscode\extensions\redhat.java-1.26.0-win32-x64\jre\17.0.9-win32-x86_64\bin\zip.dll
Event: 0.252 Loaded shared library C:\Users\Giuseppe\.vscode\extensions\redhat.java-1.26.0-win32-x64\jre\17.0.9-win32-x86_64\bin\instrument.dll
Event: 0.260 Loaded shared library C:\Users\Giuseppe\.vscode\extensions\redhat.java-1.26.0-win32-x64\jre\17.0.9-win32-x86_64\bin\net.dll
Event: 0.261 Loaded shared library C:\Users\Giuseppe\.vscode\extensions\redhat.java-1.26.0-win32-x64\jre\17.0.9-win32-x86_64\bin\nio.dll
Event: 0.266 Loaded shared library C:\Users\Giuseppe\.vscode\extensions\redhat.java-1.26.0-win32-x64\jre\17.0.9-win32-x86_64\bin\zip.dll
Event: 0.279 Loaded shared library C:\Users\Giuseppe\.vscode\extensions\redhat.java-1.26.0-win32-x64\jre\17.0.9-win32-x86_64\bin\jimage.dll
Event: 0.329 Loaded shared library c:\Users\Giuseppe\.vscode\extensions\redhat.java-1.26.0-win32-x64\jre\17.0.9-win32-x86_64\bin\verify.dll
Event: 1.152 Loaded shared library C:\Users\Giuseppe\AppData\Roaming\Code\User\globalStorage\redhat.java\1.26.0\config_win\org.eclipse.equinox.launcher\org.eclipse.equinox.launcher.win32.win32.x86_64_1.2.800.v20231003-1442\eclipse_11802.dll
Event: 3.226 Loaded shared library C:\Users\Giuseppe\AppData\Local\Temp\jna-1343023872\jna1872960189091050031.dll
Event: 8.603 Loaded shared library C:\Users\Giuseppe\.vscode\extensions\redhat.java-1.26.0-win32-x64\jre\17.0.9-win32-x86_64\bin\sunmscapi.dll

Deoptimization events (20 events):
Event: 2003.266 Thread 0x0000029985b0b640 DEOPT PACKING pc=0x00000299f7722d90 sp=0x000000e70d4fe0a0
Event: 2003.266 Thread 0x0000029985b0b640 DEOPT UNPACKING pc=0x00000299f54e66a3 sp=0x000000e70d4fdf88 mode 2
Event: 2003.803 Thread 0x0000029992761100 Uncommon trap: trap_request=0xffffffbe fr.pc=0x00000299f7722d90 relative=0x00000000000012d0
Event: 2003.803 Thread 0x0000029992761100 Uncommon trap: reason=profile_predicate action=maybe_recompile pc=0x00000299f7722d90 method=org.eclipse.jdt.internal.compiler.lookup.InferenceSubstitution.substitute(Lorg/eclipse/jdt/internal/compiler/lookup/Substitution;Lorg/eclipse/jdt/internal/compiler
Event: 2003.803 Thread 0x0000029992761100 DEOPT PACKING pc=0x00000299f7722d90 sp=0x000000e70d8fd980
Event: 2003.803 Thread 0x0000029992761100 DEOPT UNPACKING pc=0x00000299f54e66a3 sp=0x000000e70d8fd868 mode 2
Event: 2003.809 Thread 0x0000029992761100 Uncommon trap: trap_request=0xffffffbe fr.pc=0x00000299f7722d90 relative=0x00000000000012d0
Event: 2003.809 Thread 0x0000029992761100 Uncommon trap: reason=profile_predicate action=maybe_recompile pc=0x00000299f7722d90 method=org.eclipse.jdt.internal.compiler.lookup.InferenceSubstitution.substitute(Lorg/eclipse/jdt/internal/compiler/lookup/Substitution;Lorg/eclipse/jdt/internal/compiler
Event: 2003.809 Thread 0x0000029992761100 DEOPT PACKING pc=0x00000299f7722d90 sp=0x000000e70d8fd980
Event: 2003.809 Thread 0x0000029992761100 DEOPT UNPACKING pc=0x00000299f54e66a3 sp=0x000000e70d8fd868 mode 2
Event: 2030.639 Thread 0x00000299867d8f90 Uncommon trap: trap_request=0xffffffbe fr.pc=0x00000299f7722d90 relative=0x00000000000012d0
Event: 2030.639 Thread 0x00000299867d8f90 Uncommon trap: reason=profile_predicate action=maybe_recompile pc=0x00000299f7722d90 method=org.eclipse.jdt.internal.compiler.lookup.InferenceSubstitution.substitute(Lorg/eclipse/jdt/internal/compiler/lookup/Substitution;Lorg/eclipse/jdt/internal/compiler
Event: 2030.639 Thread 0x00000299867d8f90 DEOPT PACKING pc=0x00000299f7722d90 sp=0x000000e70dbfd7d0
Event: 2030.639 Thread 0x00000299867d8f90 DEOPT UNPACKING pc=0x00000299f54e66a3 sp=0x000000e70dbfd6b8 mode 2
Event: 2048.801 Thread 0x00000299867d8f90 Uncommon trap: trap_request=0xffffff45 fr.pc=0x00000299f69d6538 relative=0x0000000000001898
Event: 2048.801 Thread 0x00000299867d8f90 Uncommon trap: reason=unstable_if action=reinterpret pc=0x00000299f69d6538 method=java.lang.StringLatin1.replace([BI[BI[BI)Ljava/lang/String; @ 22 c2
Event: 2048.801 Thread 0x00000299867d8f90 DEOPT PACKING pc=0x00000299f69d6538 sp=0x000000e70dbfea00
Event: 2048.801 Thread 0x00000299867d8f90 DEOPT UNPACKING pc=0x00000299f54e66a3 sp=0x000000e70dbfe8b8 mode 2
Event: 2048.805 Thread 0x00000299867d8f90 DEOPT PACKING pc=0x00000299ef46e15f sp=0x000000e70dbfdd50
Event: 2048.805 Thread 0x00000299867d8f90 DEOPT UNPACKING pc=0x00000299f54e6e43 sp=0x000000e70dbfd1a0 mode 0

Classes unloaded (20 events):
Event: 1426.704 Thread 0x00000299ff12e990 Unloading class 0x00000001009f8000 'java/lang/invoke/LambdaForm$MH+0x00000001009f8000'
Event: 1426.704 Thread 0x00000299ff12e990 Unloading class 0x00000001009f3c00 'java/lang/invoke/LambdaForm$MH+0x00000001009f3c00'
Event: 1426.704 Thread 0x00000299ff12e990 Unloading class 0x00000001009f3800 'java/lang/invoke/LambdaForm$MH+0x00000001009f3800'
Event: 1426.704 Thread 0x00000299ff12e990 Unloading class 0x00000001009f3400 'java/lang/invoke/LambdaForm$MH+0x00000001009f3400'
Event: 1426.704 Thread 0x00000299ff12e990 Unloading class 0x00000001009f3000 'java/lang/invoke/LambdaForm$MH+0x00000001009f3000'
Event: 1426.704 Thread 0x00000299ff12e990 Unloading class 0x00000001009f2c00 'java/lang/invoke/LambdaForm$MH+0x00000001009f2c00'
Event: 1426.704 Thread 0x00000299ff12e990 Unloading class 0x00000001009f2800 'java/lang/invoke/LambdaForm$MH+0x00000001009f2800'
Event: 1426.704 Thread 0x00000299ff12e990 Unloading class 0x00000001005bd400 'java/lang/invoke/LambdaForm$MH+0x00000001005bd400'
Event: 1426.704 Thread 0x00000299ff12e990 Unloading class 0x00000001005bd000 'java/lang/invoke/LambdaForm$MH+0x00000001005bd000'
Event: 1762.277 Thread 0x00000299ff12e990 Unloading class 0x000000010027d800 'java/lang/invoke/LambdaForm$MH+0x000000010027d800'
Event: 1762.277 Thread 0x00000299ff12e990 Unloading class 0x000000010027d400 'java/lang/invoke/LambdaForm$MH+0x000000010027d400'
Event: 1762.277 Thread 0x00000299ff12e990 Unloading class 0x000000010027d000 'java/lang/invoke/LambdaForm$MH+0x000000010027d000'
Event: 1762.277 Thread 0x00000299ff12e990 Unloading class 0x00000001001b5c00 'java/lang/invoke/LambdaForm$MH+0x00000001001b5c00'
Event: 1762.277 Thread 0x00000299ff12e990 Unloading class 0x00000001001b5800 'java/lang/invoke/LambdaForm$MH+0x00000001001b5800'
Event: 1762.277 Thread 0x00000299ff12e990 Unloading class 0x00000001001b5400 'java/lang/invoke/LambdaForm$MH+0x00000001001b5400'
Event: 1762.277 Thread 0x00000299ff12e990 Unloading class 0x00000001001b5000 'java/lang/invoke/LambdaForm$MH+0x00000001001b5000'
Event: 1762.277 Thread 0x00000299ff12e990 Unloading class 0x00000001001b4c00 'java/lang/invoke/LambdaForm$MH+0x00000001001b4c00'
Event: 1762.277 Thread 0x00000299ff12e990 Unloading class 0x00000001001b4800 'java/lang/invoke/LambdaForm$MH+0x00000001001b4800'
Event: 1762.277 Thread 0x00000299ff12e990 Unloading class 0x00000001001b4400 'java/lang/invoke/LambdaForm$MH+0x00000001001b4400'
Event: 1762.277 Thread 0x00000299ff12e990 Unloading class 0x00000001001b4000 'java/lang/invoke/LambdaForm$MH+0x00000001001b4000'

Classes redefined (0 events):
No events

Internal exceptions (20 events):
Event: 1981.367 Thread 0x0000029985b0a200 Exception <a 'java/lang/InterruptedException'{0x00000000eabfc7e8}> (0x00000000eabfc7e8) 
thrown [s\src\hotspot\share\runtime\objectMonitor.cpp, line 1658]
Event: 1987.542 Thread 0x00000299854c9620 Exception <a 'sun/nio/fs/WindowsException'{0x00000000eabcd8d8}> (0x00000000eabcd8d8) 
thrown [s\src\hotspot\share\prims\jni.cpp, line 516]
Event: 1987.681 Thread 0x00000299854c9620 Exception <a 'sun/nio/fs/WindowsException'{0x00000000ead80378}> (0x00000000ead80378) 
thrown [s\src\hotspot\share\prims\jni.cpp, line 516]
Event: 1996.526 Thread 0x00000299854c9620 Exception <a 'sun/nio/fs/WindowsException'{0x00000000ead0a498}> (0x00000000ead0a498) 
thrown [s\src\hotspot\share\prims\jni.cpp, line 516]
Event: 1996.581 Thread 0x00000299854c9620 Exception <a 'sun/nio/fs/WindowsException'{0x00000000eab852d8}> (0x00000000eab852d8) 
thrown [s\src\hotspot\share\prims\jni.cpp, line 516]
Event: 1997.688 Thread 0x00000299867da3d0 Exception <a 'java/lang/ClassNotFoundException'{0x00000000eadf5668}: sun/net/www/protocol/jdt/Handler> (0x00000000eadf5668) 
thrown [s\src\hotspot\share\classfile\systemDictionary.cpp, line 256]
Event: 1997.688 Thread 0x00000299867da3d0 Exception <a 'java/lang/ClassNotFoundException'{0x00000000eadf8200}: sun/net/www/protocol/jdt/Handler> (0x00000000eadf8200) 
thrown [s\src\hotspot\share\classfile\systemDictionary.cpp, line 256]
Event: 2000.539 Thread 0x00000299854c9620 Exception <a 'sun/nio/fs/WindowsException'{0x00000000eab7b7e8}> (0x00000000eab7b7e8) 
thrown [s\src\hotspot\share\prims\jni.cpp, line 516]
Event: 2000.590 Thread 0x00000299854c9620 Exception <a 'sun/nio/fs/WindowsException'{0x00000000eab07978}> (0x00000000eab07978) 
thrown [s\src\hotspot\share\prims\jni.cpp, line 516]
Event: 2031.427 Thread 0x00000299854c9620 Exception <a 'sun/nio/fs/WindowsException'{0x00000000eab84b78}> (0x00000000eab84b78) 
thrown [s\src\hotspot\share\prims\jni.cpp, line 516]
Event: 2031.565 Thread 0x00000299854c9620 Exception <a 'sun/nio/fs/WindowsException'{0x00000000eac1c3b8}> (0x00000000eac1c3b8) 
thrown [s\src\hotspot\share\prims\jni.cpp, line 516]
Event: 2051.620 Thread 0x00000299854c9620 Exception <a 'sun/nio/fs/WindowsException'{0x00000000eab17208}> (0x00000000eab17208) 
thrown [s\src\hotspot\share\prims\jni.cpp, line 516]
Event: 2051.770 Thread 0x00000299854c9620 Exception <a 'sun/nio/fs/WindowsException'{0x00000000eab85c18}> (0x00000000eab85c18) 
thrown [s\src\hotspot\share\prims\jni.cpp, line 516]
Event: 2069.761 Thread 0x00000299854c9620 Exception <a 'sun/nio/fs/WindowsException'{0x00000000eac3e9c8}> (0x00000000eac3e9c8) 
thrown [s\src\hotspot\share\prims\jni.cpp, line 516]
Event: 2069.903 Thread 0x00000299854c9620 Exception <a 'sun/nio/fs/WindowsException'{0x00000000eac72840}> (0x00000000eac72840) 
thrown [s\src\hotspot\share\prims\jni.cpp, line 516]
Event: 2077.089 Thread 0x00000299854c9620 Exception <a 'sun/nio/fs/WindowsException'{0x00000000eac50bc8}> (0x00000000eac50bc8) 
thrown [s\src\hotspot\share\prims\jni.cpp, line 516]
Event: 2077.244 Thread 0x00000299854c9620 Exception <a 'sun/nio/fs/WindowsException'{0x00000000ead77c70}> (0x00000000ead77c70) 
thrown [s\src\hotspot\share\prims\jni.cpp, line 516]
Event: 2079.081 Thread 0x00000299854c9620 Exception <a 'sun/nio/fs/WindowsException'{0x00000000eab3fde0}> (0x00000000eab3fde0) 
thrown [s\src\hotspot\share\prims\jni.cpp, line 516]
Event: 2079.136 Thread 0x00000299854c9620 Exception <a 'sun/nio/fs/WindowsException'{0x00000000eac3aa08}> (0x00000000eac3aa08) 
thrown [s\src\hotspot\share\prims\jni.cpp, line 516]
Event: 2083.690 Thread 0x00000299854c9620 Exception <a 'sun/nio/fs/WindowsException'{0x00000000eab90630}> (0x00000000eab90630) 
thrown [s\src\hotspot\share\prims\jni.cpp, line 516]

VM Operations (20 events):
Event: 2083.020 Executing VM operation: ParallelGCFailedAllocation done
Event: 2083.024 Executing VM operation: ParallelGCFailedAllocation
Event: 2083.026 Executing VM operation: ParallelGCFailedAllocation done
Event: 2083.029 Executing VM operation: ParallelGCFailedAllocation
Event: 2083.030 Executing VM operation: ParallelGCFailedAllocation done
Event: 2083.125 Executing VM operation: ParallelGCFailedAllocation
Event: 2083.125 Executing VM operation: ParallelGCFailedAllocation done
Event: 2083.132 Executing VM operation: ParallelGCFailedAllocation
Event: 2083.133 Executing VM operation: ParallelGCFailedAllocation done
Event: 2083.139 Executing VM operation: ParallelGCFailedAllocation
Event: 2083.140 Executing VM operation: ParallelGCFailedAllocation done
Event: 2083.410 Executing VM operation: ParallelGCFailedAllocation
Event: 2083.412 Executing VM operation: ParallelGCFailedAllocation done
Event: 2083.418 Executing VM operation: ParallelGCFailedAllocation
Event: 2083.418 Executing VM operation: ParallelGCFailedAllocation done
Event: 2083.686 Executing VM operation: ParallelGCFailedAllocation
Event: 2083.687 Executing VM operation: ParallelGCFailedAllocation done
Event: 2083.693 Executing VM operation: ParallelGCFailedAllocation
Event: 2083.770 Executing VM operation: ParallelGCFailedAllocation done
Event: 2083.773 Executing VM operation: ParallelGCFailedAllocation

Events (20 events):
Event: 1987.653 Thread 0x0000029985b0c570 Thread exited: 0x0000029985b0c570
Event: 1996.683 Thread 0x0000029985b0a710 Thread added: 0x0000029985b0a710
Event: 1996.778 Thread 0x0000029985b0a710 Thread exited: 0x0000029985b0a710
Event: 2000.696 Thread 0x0000029985b0dec0 Thread added: 0x0000029985b0dec0
Event: 2000.709 Thread 0x0000029985b0dec0 Thread exited: 0x0000029985b0dec0
Event: 2001.816 Thread 0x0000029985b0b130 Thread added: 0x0000029985b0b130
Event: 2001.833 Thread 0x0000029985b0b130 Thread exited: 0x0000029985b0b130
Event: 2003.257 Thread 0x0000029985b0b640 Thread added: 0x0000029985b0b640
Event: 2003.266 Thread 0x0000029985b0b640 Thread exited: 0x0000029985b0b640
Event: 2011.390 Thread 0x000002999275ed90 Thread exited: 0x000002999275ed90
Event: 2031.517 Thread 0x0000029985b097e0 Thread added: 0x0000029985b097e0
Event: 2031.531 Thread 0x0000029985b097e0 Thread exited: 0x0000029985b097e0
Event: 2051.728 Thread 0x0000029985b0dec0 Thread added: 0x0000029985b0dec0
Event: 2051.740 Thread 0x0000029985b0dec0 Thread exited: 0x0000029985b0dec0
Event: 2069.861 Thread 0x0000029985b0c570 Thread added: 0x0000029985b0c570
Event: 2069.873 Thread 0x0000029985b0c570 Thread exited: 0x0000029985b0c570
Event: 2077.205 Thread 0x0000029985b0f810 Thread added: 0x0000029985b0f810
Event: 2077.216 Thread 0x0000029985b0f810 Thread exited: 0x0000029985b0f810
Event: 2079.178 Thread 0x0000029985b097e0 Thread added: 0x0000029985b097e0
Event: 2079.189 Thread 0x0000029985b097e0 Thread exited: 0x0000029985b097e0


Dynamic libraries:
0x00007ff7ce8d0000 - 0x00007ff7ce8de000 	c:\Users\Giuseppe\.vscode\extensions\redhat.java-1.26.0-win32-x64\jre\17.0.9-win32-x86_64\bin\java.exe
0x00007ff943f00000 - 0x00007ff944109000 	C:\WINDOWS\SYSTEM32\ntdll.dll
0x00007ff943070000 - 0x00007ff94312d000 	C:\WINDOWS\System32\KERNEL32.DLL
0x00007ff941440000 - 0x00007ff9417c4000 	C:\WINDOWS\System32\KERNELBASE.dll
0x00007ff941960000 - 0x00007ff941a71000 	C:\WINDOWS\System32\ucrtbase.dll
0x00007ff925830000 - 0x00007ff925847000 	c:\Users\Giuseppe\.vscode\extensions\redhat.java-1.26.0-win32-x64\jre\17.0.9-win32-x86_64\bin\jli.dll
0x00007ff943650000 - 0x00007ff9437fd000 	C:\WINDOWS\System32\USER32.dll
0x00007ff941390000 - 0x00007ff9413b6000 	C:\WINDOWS\System32\win32u.dll
0x00007ff942040000 - 0x00007ff94206a000 	C:\WINDOWS\System32\GDI32.dll
0x00007ff9417d0000 - 0x00007ff9418ee000 	C:\WINDOWS\System32\gdi32full.dll
0x00007ff941cb0000 - 0x00007ff941d4d000 	C:\WINDOWS\System32\msvcp_win.dll
0x00007ff9235d0000 - 0x00007ff9235eb000 	c:\Users\Giuseppe\.vscode\extensions\redhat.java-1.26.0-win32-x64\jre\17.0.9-win32-x86_64\bin\VCRUNTIME140.dll
0x00007ff929970000 - 0x00007ff929c15000 	C:\WINDOWS\WinSxS\amd64_microsoft.windows.common-controls_6595b64144ccf1df_6.0.22000.120_none_9d947278b86cc467\COMCTL32.dll
0x00007ff942460000 - 0x00007ff942503000 	C:\WINDOWS\System32\msvcrt.dll
0x00007ff942070000 - 0x00007ff9420a1000 	C:\WINDOWS\System32\IMM32.DLL
0x00007ff92f950000 - 0x00007ff92f95c000 	c:\Users\Giuseppe\.vscode\extensions\redhat.java-1.26.0-win32-x64\jre\17.0.9-win32-x86_64\bin\vcruntime140_1.dll
0x00007ff8fd100000 - 0x00007ff8fd18d000 	c:\Users\Giuseppe\.vscode\extensions\redhat.java-1.26.0-win32-x64\jre\17.0.9-win32-x86_64\bin\msvcp140.dll
0x00007ff8dbf50000 - 0x00007ff8dcbb1000 	c:\Users\Giuseppe\.vscode\extensions\redhat.java-1.26.0-win32-x64\jre\17.0.9-win32-x86_64\bin\server\jvm.dll
0x00007ff942510000 - 0x00007ff9425be000 	C:\WINDOWS\System32\ADVAPI32.dll
0x00007ff9435b0000 - 0x00007ff94364e000 	C:\WINDOWS\System32\sechost.dll
0x00007ff9426a0000 - 0x00007ff9427c1000 	C:\WINDOWS\System32\RPCRT4.dll
0x00007ff9405e0000 - 0x00007ff94062d000 	C:\WINDOWS\SYSTEM32\POWRPROF.dll
0x00007ff929940000 - 0x00007ff929949000 	C:\WINDOWS\SYSTEM32\WSOCK32.dll
0x00007ff942fa0000 - 0x00007ff94300f000 	C:\WINDOWS\System32\WS2_32.dll
0x00007ff93a580000 - 0x00007ff93a5b3000 	C:\WINDOWS\SYSTEM32\WINMM.dll
0x00007ff939e40000 - 0x00007ff939e4a000 	C:\WINDOWS\SYSTEM32\VERSION.dll
0x00007ff940460000 - 0x00007ff940473000 	C:\WINDOWS\SYSTEM32\UMPDC.dll
0x00007ff940440000 - 0x00007ff940458000 	C:\WINDOWS\SYSTEM32\kernel.appcore.dll
0x00007ff924230000 - 0x00007ff92423a000 	c:\Users\Giuseppe\.vscode\extensions\redhat.java-1.26.0-win32-x64\jre\17.0.9-win32-x86_64\bin\jimage.dll
0x00007ff935fd0000 - 0x00007ff9361f1000 	C:\WINDOWS\SYSTEM32\DBGHELP.DLL
0x00007ff9043f0000 - 0x00007ff904421000 	C:\WINDOWS\SYSTEM32\dbgcore.DLL
0x00007ff9413c0000 - 0x00007ff94143f000 	C:\WINDOWS\System32\bcryptPrimitives.dll
0x00007ff922650000 - 0x00007ff92265e000 	c:\Users\Giuseppe\.vscode\extensions\redhat.java-1.26.0-win32-x64\jre\17.0.9-win32-x86_64\bin\instrument.dll
0x00007ff91b930000 - 0x00007ff91b955000 	c:\Users\Giuseppe\.vscode\extensions\redhat.java-1.26.0-win32-x64\jre\17.0.9-win32-x86_64\bin\java.dll
0x00007ff91b8c0000 - 0x00007ff91b8d8000 	c:\Users\Giuseppe\.vscode\extensions\redhat.java-1.26.0-win32-x64\jre\17.0.9-win32-x86_64\bin\zip.dll
0x00007ff9427d0000 - 0x00007ff942f95000 	C:\WINDOWS\System32\SHELL32.dll
0x00007ff93f420000 - 0x00007ff93fc82000 	C:\WINDOWS\SYSTEM32\windows.storage.dll
0x00007ff943b20000 - 0x00007ff943e96000 	C:\WINDOWS\System32\combase.dll
0x00007ff93f2b0000 - 0x00007ff93f417000 	C:\WINDOWS\SYSTEM32\wintypes.dll
0x00007ff942120000 - 0x00007ff94220a000 	C:\WINDOWS\System32\SHCORE.dll
0x00007ff943010000 - 0x00007ff94306d000 	C:\WINDOWS\System32\shlwapi.dll
0x00007ff9412c0000 - 0x00007ff9412e5000 	C:\WINDOWS\SYSTEM32\profapi.dll
0x00007ff91b8a0000 - 0x00007ff91b8b9000 	C:\Users\Giuseppe\.vscode\extensions\redhat.java-1.26.0-win32-x64\jre\17.0.9-win32-x86_64\bin\net.dll
0x00007ff93b450000 - 0x00007ff93b564000 	C:\WINDOWS\SYSTEM32\WINHTTP.dll
0x00007ff940950000 - 0x00007ff9409b7000 	C:\WINDOWS\system32\mswsock.dll
0x00007ff91b880000 - 0x00007ff91b896000 	C:\Users\Giuseppe\.vscode\extensions\redhat.java-1.26.0-win32-x64\jre\17.0.9-win32-x86_64\bin\nio.dll
0x00007ff920ba0000 - 0x00007ff920bb0000 	c:\Users\Giuseppe\.vscode\extensions\redhat.java-1.26.0-win32-x64\jre\17.0.9-win32-x86_64\bin\verify.dll
0x00007ff8d88d0000 - 0x00007ff8d890e000 	C:\Users\Giuseppe\AppData\Roaming\Code\User\globalStorage\redhat.java\1.26.0\config_win\org.eclipse.equinox.launcher\org.eclipse.equinox.launcher.win32.win32.x86_64_1.2.800.v20231003-1442\eclipse_11802.dll
0x00007ff943810000 - 0x00007ff9439aa000 	C:\WINDOWS\System32\ole32.dll
0x00007ff940c20000 - 0x00007ff940c38000 	C:\WINDOWS\SYSTEM32\CRYPTSP.dll
0x00007ff940390000 - 0x00007ff9403c5000 	C:\WINDOWS\system32\rsaenh.dll
0x00007ff9409f0000 - 0x00007ff940a1c000 	C:\WINDOWS\SYSTEM32\USERENV.dll
0x00007ff940d60000 - 0x00007ff940d87000 	C:\WINDOWS\SYSTEM32\bcrypt.dll
0x00007ff940b40000 - 0x00007ff940b4c000 	C:\WINDOWS\SYSTEM32\CRYPTBASE.dll
0x00007ff93fee0000 - 0x00007ff93ff0d000 	C:\WINDOWS\SYSTEM32\IPHLPAPI.DLL
0x00007ff942010000 - 0x00007ff942019000 	C:\WINDOWS\System32\NSI.dll
0x00007ff93ad80000 - 0x00007ff93ad99000 	C:\WINDOWS\SYSTEM32\dhcpcsvc6.DLL
0x00007ff93c2c0000 - 0x00007ff93c2de000 	C:\WINDOWS\SYSTEM32\dhcpcsvc.DLL
0x00007ff93ff50000 - 0x00007ff940037000 	C:\WINDOWS\SYSTEM32\DNSAPI.dll
0x00007ff8d7570000 - 0x00007ff8d75b5000 	C:\Users\Giuseppe\AppData\Local\Temp\jna-1343023872\jna1872960189091050031.dll
0x00007ff943800000 - 0x00007ff943808000 	C:\WINDOWS\System32\PSAPI.DLL
0x00007ff906290000 - 0x00007ff90629e000 	C:\Users\Giuseppe\.vscode\extensions\redhat.java-1.26.0-win32-x64\jre\17.0.9-win32-x86_64\bin\sunmscapi.dll
0x00007ff941a80000 - 0x00007ff941be2000 	C:\WINDOWS\System32\CRYPT32.dll
0x00007ff940d30000 - 0x00007ff940d58000 	C:\WINDOWS\SYSTEM32\ncrypt.dll
0x00007ff940cf0000 - 0x00007ff940d27000 	C:\WINDOWS\SYSTEM32\NTASN1.dll
0x00007ff930040000 - 0x00007ff93004a000 	C:\Windows\System32\rasadhlp.dll
0x00007ff939400000 - 0x00007ff939481000 	C:\WINDOWS\System32\fwpuclnt.dll

dbghelp: loaded successfully - version: 4.0.5 - missing functions: none
symbol engine: initialized successfully - sym options: 0x614 - pdb path: .;c:\Users\Giuseppe\.vscode\extensions\redhat.java-1.26.0-win32-x64\jre\17.0.9-win32-x86_64\bin;C:\WINDOWS\SYSTEM32;C:\WINDOWS\WinSxS\amd64_microsoft.windows.common-controls_6595b64144ccf1df_6.0.22000.120_none_9d947278b86cc467;c:\Users\Giuseppe\.vscode\extensions\redhat.java-1.26.0-win32-x64\jre\17.0.9-win32-x86_64\bin\server;C:\Users\Giuseppe\AppData\Roaming\Code\User\globalStorage\redhat.java\1.26.0\config_win\org.eclipse.equinox.launcher\org.eclipse.equinox.launcher.win32.win32.x86_64_1.2.800.v20231003-1442;C:\Users\Giuseppe\AppData\Local\Temp\jna-1343023872

VM Arguments:
jvm_args: --add-modules=ALL-SYSTEM --add-opens=java.base/java.util=ALL-UNNAMED --add-opens=java.base/java.lang=ALL-UNNAMED --add-opens=java.base/sun.nio.fs=ALL-UNNAMED -Declipse.application=org.eclipse.jdt.ls.core.id1 -Dosgi.bundles.defaultStartLevel=4 -Declipse.product=org.eclipse.jdt.ls.core.product -Djava.import.generatesMetadataFilesAtProjectRoot=false -DDetectVMInstallationsJob.disabled=true -Dfile.encoding=utf8 -XX:+UseParallelGC -XX:GCTimeRatio=4 -XX:AdaptiveSizePolicyWeight=90 -Dsun.zip.disableMemoryMapping=true -Xmx1G -Xms100m -Xlog:disable -javaagent:c:\Users\Giuseppe\.vscode\extensions\redhat.java-1.26.0-win32-x64\lombok\lombok-1.18.31-3454.jar -XX:+HeapDumpOnOutOfMemoryError -XX:HeapDumpPath=c:\Users\Giuseppe\AppData\Roaming\Code\User\workspaceStorage\4cbeea3b465922f3fd27fee5a920d1b6\redhat.java -Daether.dependencyCollector.impl=bf 
java_command: c:\Users\Giuseppe\.vscode\extensions\redhat.java-1.26.0-win32-x64\server\plugins\org.eclipse.equinox.launcher_1.6.700.v20231214-2017.jar -configuration c:\Users\Giuseppe\AppData\Roaming\Code\User\globalStorage\redhat.java\1.26.0\config_win -data c:\Users\Giuseppe\AppData\Roaming\Code\User\workspaceStorage\4cbeea3b465922f3fd27fee5a920d1b6\redhat.java\jdt_ws --stdio
java_class_path (initial): c:\Users\Giuseppe\.vscode\extensions\redhat.java-1.26.0-win32-x64\server\plugins\org.eclipse.equinox.launcher_1.6.700.v20231214-2017.jar
Launcher Type: SUN_STANDARD

[Global flags]
    uintx AdaptiveSizePolicyWeight                 = 90                                        {product} {command line}
     intx CICompilerCount                          = 3                                         {product} {ergonomic}
    uintx GCTimeRatio                              = 4                                         {product} {command line}
     bool HeapDumpOnOutOfMemoryError               = true                                   {manageable} {command line}
    ccstr HeapDumpPath                             = c:\Users\Giuseppe\AppData\Roaming\Code\User\workspaceStorage\4cbeea3b465922f3fd27fee5a920d1b6\redhat.java         {manageable} {command line}
   size_t InitialHeapSize                          = 104857600                                 {product} {command line}
   size_t MaxHeapSize                              = 1073741824                                {product} {command line}
   size_t MaxNewSize                               = 357564416                                 {product} {ergonomic}
   size_t MinHeapDeltaBytes                        = 524288                                    {product} {ergonomic}
   size_t MinHeapSize                              = 104857600                                 {product} {command line}
   size_t NewSize                                  = 34603008                                  {product} {ergonomic}
    uintx NonNMethodCodeHeapSize                   = 5832780                                {pd product} {ergonomic}
    uintx NonProfiledCodeHeapSize                  = 122912730                              {pd product} {ergonomic}
   size_t OldSize                                  = 70254592                                  {product} {ergonomic}
    uintx ProfiledCodeHeapSize                     = 122912730                              {pd product} {ergonomic}
    uintx ReservedCodeCacheSize                    = 251658240                              {pd product} {ergonomic}
     bool SegmentedCodeCache                       = true                                      {product} {ergonomic}
   size_t SoftMaxHeapSize                          = 1073741824                             {manageable} {ergonomic}
     bool UseCompressedClassPointers               = true                           {product lp64_product} {ergonomic}
     bool UseCompressedOops                        = true                           {product lp64_product} {ergonomic}
     bool UseLargePagesIndividualAllocation        = false                                  {pd product} {ergonomic}
     bool UseParallelGC                            = true                                      {product} {command line}

Logging:
Log output configuration:
 #0: stdout all=off uptime,level,tags
 #1: stderr all=off uptime,level,tags

Environment Variables:
PATH=c:\program files\eclipse adoptium\jdk-17.0.6.10-hotspot\bin;c:\program files\common files\oracle\java\javapath;c:\program files (x86)\common files\oracle\java\javapath;c:\program files (x86)\razer chroma sdk\bin;c:\program files\razer chroma sdk\bin;c:\program files (x86)\razer\chromabroadcast\bin;c:\program files\razer\chromabroadcast\bin;c:\windows\system32;c:\windows;c:\windows\system32\wbem;c:\windows\system32\windowspowershell\v1.0\;c:\windows\system32\openssh\;c:\program files\nvidia corporation\nvidia nvdlisr;c:\program files\dotnet\;c:\users\giuseppe\appdata\local\microsoft\windowsapps;c:\users\giuseppe\appdata\local\programs\microsoft vs code\bin;c:\users\giuseppe\appdata\roaming\npm;c:\windows\system32\config\systemprofile\appdata\local\microsoft\windowsapps;c:\program files\calibre2\;c:\program files\git\cmd;c:\program files (x86)\windows kits\10\windows performance toolkit\;c:\program files\nodejs\;c:\program files\cmake\bin;c:\program files\go\bin;c:\programdata\chocolatey\bin;c:\program files\powershell\7\;C:\Program Files (x86)\NVIDIA Corporation\PhysX\Common;C:\Users\Giuseppe\AppData\Local\Microsoft\WindowsApps;C:\Users\Giuseppe\AppData\Local\Programs\Microsoft VS Code\bin;C:\Users\Giuseppe\AppData\Local\spicetify;C:\Users\Giuseppe\AppData\Local\GitHubDesktop\bin;C:\Users\Giuseppe\.dotnet\tools;C:\MinGW\bin;C:\Users\Giuseppe\AppData\Local\Programs\Python\Python311;C:\Users\Giuseppe\AppData\Roaming\npm;C:\Users\Giuseppe\AppData\Local\Programs\Neovim\bin;C:\Users\Giuseppe\AppData\Local\JetBrains\Toolbox\scripts;C:\Users\Giuseppe\go\bin;C:\Users\Giuseppe\AppData\Local\Microsoft\WinGet\Packages\Genymobile.scrcpy_Microsoft.Winget.Source_8wekyb3d8bbwe\scrcpy-win64-v2.1.1;;C:\Users\Giuseppe\AppData\Local\Programs\oh-my-posh\bin
USERNAME=Giuseppe
OS=Windows_NT
PROCESSOR_IDENTIFIER=Intel64 Family 6 Model 158 Stepping 12, GenuineIntel
TMP=C:\Users\Giuseppe\AppData\Local\Temp
TEMP=C:\Users\Giuseppe\AppData\Local\Temp



Periodic native trim disabled


---------------  S Y S T E M  ---------------

OS:
 Windows 11 , 64 bit Build 22000 (10.0.22000.2538)
OS uptime: 0 days 8:35 hours
Hyper-V role detected

CPU: total 6 (initial active 6) (6 cores per cpu, 1 threads per core) family 6 model 158 stepping 12 microcode 0xde, cx8, cmov, fxsr, mmx, 3dnowpref, sse, sse2, sse3, ssse3, sse4.1, sse4.2, popcnt, lzcnt, tsc, tscinvbit, avx, avx2, aes, erms, clmul, bmi1, bmi2, rtm, adx, fma, vzeroupper, clflush, clflushopt, hv
Processor Information for all 6 processors :
  Max Mhz: 3701, Current Mhz: 3701, Mhz Limit: 3701

Memory: 4k page, system-wide physical 16055M (5174M free)
TotalPageFile size 24759M (AvailPageFile size 9966M)
current process WorkingSet (physical memory assigned to process): 497M, peak: 516M
current process commit charge ("private bytes"): 491M, peak: 521M

vm_info: OpenJDK 64-Bit Server VM (17.0.9+9) for windows-amd64 JRE (17.0.9+9), built on Oct 26 2023 14:01:42 by "admin" with MS VC++ 16.10 / 16.11 (VS2019)

END.
